BnaC06g40070D3	CN
BnaC09g16830D3	CN
BnaC08g31000D3	CN
BnaA10g21730D3	CN
BnaU01g00680D3	CN
BnaA06g09590D3	CN
BnaC02g72800D3	CN
BnaC09g57980D3	CN
BnaC07g50860D3	CN
BnaC08g39900D3	CN
BnaU01g00700D3	CN
BnaA06g37600D3	CN
BnaC04g59570D3	CN
BnaC01g25030D3	CN
BnaC03g34340D3	CN
BnaC08g31090D3	CN
BnaC08g40030D3	CN
BnaA10g06160D3	CN
BnaC06g07730D3	CN
BnaA06g37630D3	CN
BnaC07g50900D3	CN
BnaC08g33590D3	CN
BnaA02g33740D3	CN
BnaA08g36520D3	CN
BnaC06g28480D3	CN
BnaC01g14580D3	CN
BnaA06g39920D3	CN
BnaA09g02630D3	CN
BnaC06g05420D3	CN
BnaC09g16810D3	CN
BnaA09g42030D3	CNL
BnaC08g69370D3	CNL
BnaA02g45060D3	CNL
BnaC07g39190D3	CNL
BnaA06g09570D3	CNL
BnaC06g02050D3	CNL
BnaC01g44010D3	CNL
BnaA09g42100D3	CNL
BnaC09g09040D3	CNL
BnaC08g41260D3	CNL
BnaP1g47450D3	CNL
BnaA06g03550D3	CNL
BnaC04g12580D3	CNL
BnaA01g29910D3	CNL
BnaA05g09030D3	CNL
BnaA06g02480D3	CNL
BnaA02g35700D3	CNL
BnaC09g27020D3	CNL
BnaP1g53840D3	CNL
BnaA06g03570D3	CNL
BnaA09g16330D3	CNL
BnaA09g66820D3	CNL
BnaA06g03280D3	CNL
BnaA05g08970D3	CNL
BnaA02g35660D3	CNL
BnaA03g59980D3	CNL
BnaC09g13130D3	CNL
BnaC06g07720D3	CNL
BnaA09g13190D3	CNL
BnaA09g66850D3	CNL
BnaC01g42840D3	CNL
BnaC07g76620D3	CNL
BnaC08g31050D3	CNL
BnaC05g14730D3	CNL
BnaA09g25670D3	CNL
BnaA09g21340D3	CNL
BnaC04g20290D3	CNL
BnaC08g69450D3	CNL
BnaC05g61330D3	CNL
BnaA08g03290D3	CNL
BnaA01g24750D3	CNL
BnaA01g30630D3	CNL
BnaC08g69390D3	CNL
BnaC03g95140D3	CNL
BnaP1g09850D3	CNL
BnaC05g10890D3	CNL
BnaA09g66930D3	CNL
BnaA07g24550D3	CNL
BnaC03g54500D3	CNL
BnaA09g13200D3	CNL
BnaC06g05320D3	CNL
BnaA08g36540D3	CNL
BnaC09g58880D3	CNL
BnaA09g20160D3	CNL
BnaC09g13100D3	CNL
BnaC06g05620D3	CNL
BnaA10g22340D3	CNL
BnaC03g98590D3	CNL
BnaA09g42960D3	CNL
BnaC03g58290D3	CNL
BnaA01g16670D3	CNL
BnaC07g50960D3	CNL
BnaA01g25820D3	CNL
BnaA03g43290D3	CNL
BnaC07g42020D3	CNL
BnaC06g06270D3	CNL
BnaA05g33740D3	CNL
BnaC07g53970D3	CNL
BnaC04g35220D3	CNL
BnaC09g26140D3	NBS
BnaP1g38120D3	NBS
BnaA09g02640D3	NBS
BnaC09g64200D3	NBS
BnaC06g06310D3	NBS
BnaP1g02230D3	NBS
BnaP1g47970D3	NBS
BnaP1g04050D3	NBS
BnaA09g66830D3	NBS
BnaC04g35170D3	NBS
BnaA06g01910D3	NBS
BnaC07g41370D3	NBS
BnaC05g14260D3	NBS
BnaA01g39720D3	NBS
BnaC06g08940D3	NBS
BnaC06g05590D3	NBS
BnaC05g28780D3	NBS
BnaC01g44710D3	NBS
BnaC06g06210D3	NBS
BnaA01g10210D3	NBS
BnaC08g34120D3	NBS
BnaA10g30670D3	NBS
BnaC02g12250D3	NBS
BnaC07g41530D3	NBS
BnaC06g53350D3	NBS
BnaC02g72330D3	NBS
BnaC05g10850D3	NBS
BnaC05g10880D3	NBS
BnaC02g72780D3	NBS
BnaP1g04860D3	NBS
BnaC03g74550D3	NBS
BnaC08g69340D3	NBS
BnaA01g16690D3	NBS
BnaP1g55800D3	NBS
BnaA05g42540D3	NBS
BnaC08g31130D3	NBS
BnaC08g58600D3	NBS
BnaC08g58640D3	NBS
BnaP1g04040D3	NBS
BnaC06g05410D3	NBS
BnaC02g44440D3	NBS
BnaC09g35360D3	NBS
BnaC08g61400D3	NBS
BnaA09g08230D3	NBS
BnaC01g61410D3	NBS
BnaA06g03890D3	NBS
BnaC02g72350D3	NBS
BnaC08g37080D3	NBS
BnaA09g25060D3	NBS
BnaP1g02900D3	NBS
BnaA06g37620D3	NBS
BnaA02g45030D3	NBS
BnaC01g31250D3	NBS
BnaC07g39630D3	NBS
BnaP1g31890D3	NBS
BnaC07g41440D3	NBS
BnaC01g05300D3	NBS
BnaC08g33600D3	NBS
BnaC05g14270D3	NBS
BnaC02g29410D3	NBS
BnaC01g41890D3	NL
BnaA09g66350D3	NL
BnaA03g29190D3	NL
BnaP1g44810D3	NL
BnaP1g00010D3	NL
BnaC09g08770D3	NL
BnaC05g10940D3	NL
BnaA03g55520D3	NL
BnaA06g37660D3	NL
BnaA09g30350D3	NL
BnaA07g18540D3	NL
BnaC07g41450D3	NL
BnaC09g16800D3	NL
BnaC03g92200D3	NL
BnaA10g35740D3	NL
BnaC03g34910D3	NL
BnaP1g39360D3	NL
BnaA02g45000D3	NL
BnaA10g06170D3	NL
BnaA01g16680D3	NL
BnaA01g45170D3	NL
BnaP1g43990D3	NL
BnaC07g36320D3	NL
BnaC07g67210D3	NL
BnaC06g40010D3	NL
BnaP1g39160D3	NL
BnaA05g33750D3	NL
BnaA09g21610D3	NL
BnaC09g34240D3	NL
BnaC07g41240D3	NL
BnaC05g61340D3	NL
BnaP1g09060D3	NL
BnaC09g64230D3	NL
BnaC01g23510D3	NL
BnaP1g21590D3	NL
BnaC06g40110D3	NL
BnaA03g44090D3	NL
BnaA02g35710D3	NL
BnaA07g45130D3	NL
BnaC03g17690D3	NL
BnaC08g31080D3	NL
BnaC08g61380D3	NL
BnaC08g41820D3	NL
BnaP1g42720D3	NL
BnaP1g07940D3	NL
BnaC07g50950D3	NL
BnaA09g05930D3	NL
BnaP1g22990D3	NL
BnaP1g00070D3	NL
BnaP1g53920D3	NL
BnaA09g13020D3	NL
BnaC08g58660D3	NL
BnaC01g31270D3	NL
BnaA07g18550D3	NL
BnaA08g19010D3	NL
BnaA01g45340D3	NL
BnaC04g13690D3	NL
BnaA09g08320D3	NL
BnaA09g21230D3	NL
BnaC07g72550D3	NL
BnaA02g43650D3	NL
BnaC09g19880D3	NL
BnaC05g10860D3	NL
BnaA09g66990D3	NL
BnaP1g54460D3	NL
BnaA09g66840D3	NL
BnaC07g41310D3	NL
BnaC01g14570D3	NL
BnaC06g40080D3	NL
BnaA06g09600D3	NL
BnaC02g87940D3	NL
BnaC08g69460D3	NL
BnaA03g50490D3	NL
BnaP1g55190D3	NL
BnaC03g55780D3	NL
BnaA05g19160D3	NL
BnaA06g35300D3	NL
BnaC09g76920D3	NL
BnaC09g19410D3	NL
BnaC01g14990D3	NL
BnaA09g49250D3	NL
BnaC09g02390D3	NL
BnaC02g11660D3	NL
BnaP1g12550D3	NL
BnaA01g03520D3	NL
BnaC06g05580D3	NL
BnaC06g06320D3	NL
BnaA08g36530D3	NL
BnaC08g33510D3	NL
BnaC02g72380D3	NL
BnaP1g56210D3	NL
BnaA01g10200D3	NL
BnaP1g26120D3	OTHER
BnaC04g49600D3	OTHER
BnaC03g84780D3	OTHER
BnaC07g47800D3	OTHER
BnaC08g41810D3	OTHER
BnaC03g09840D3	OTHER
BnaC07g41250D3	OTHER
BnaA09g43680D3	OTHER
BnaC07g02610D3	OTHER
BnaP1g33340D3	OTHER
BnaA03g50510D3	OTHER
BnaC03g34570D3	OTHER
BnaC06g53320D3	OTHER
BnaC07g69540D3	OTHER
BnaA06g45150D3	OTHER
BnaA09g64730D3	OTHER
BnaA09g30610D3	TN
BnaC06g53400D3	TN
BnaA02g19220D3	TN
BnaP1g16690D3	TN
BnaP1g16730D3	TN
BnaA07g40070D3	TN
BnaC02g35360D3	TN
BnaA07g31430D3	TN
BnaC06g53330D3	TN
BnaA09g64770D3	TN
BnaP1g24830D3	TN
BnaA02g33400D3	TN
BnaC02g72180D3	TN
BnaC08g58680D3	TN
BnaA07g40080D3	TN
BnaC06g40000D3	TN
BnaC06g53360D3	TN
BnaC06g39910D3	TN
BnaA03g52600D3	TN
BnaC08g58630D3	TN
BnaA02g33320D3	TN
BnaC07g41600D3	TN
BnaC04g57520D3	TN
BnaC06g40090D3	TN
BnaC06g40120D3	TN
BnaA07g40090D3	TN
BnaP1g34660D3	TN
BnaC06g39940D3	TN
BnaA07g40060D3	TN
BnaA10g18470D3	TN
BnaC07g69480D3	TN
BnaC06g53380D3	TN
BnaC09g51540D3	TN
BnaA05g19150D3	TNL
BnaC02g72250D3	TNL
BnaP1g34210D3	TNL
BnaA09g64430D3	TNL
BnaC08g37020D3	TNL
BnaA02g33300D3	TNL
BnaA07g45360D3	TNL
BnaC04g57560D3	TNL
BnaC02g72400D3	TNL
BnaA08g23440D3	TNL
BnaP1g35730D3	TNL
BnaP1g24910D3	TNL
BnaA01g01410D3	TNL
BnaC09g26280D3	TNL
BnaP1g45360D3	TNL
BnaP1g09080D3	TNL
BnaA09g30660D3	TNL
BnaA08g30170D3	TNL
BnaA09g64720D3	TNL
BnaC03g86530D3	TNL
BnaC03g84710D3	TNL
BnaA08g15900D3	TNL
BnaC07g41270D3	TNL
BnaC03g86610D3	TNL
BnaA09g43670D3	TNL
BnaC05g25000D3	TNL
BnaC09g26180D3	TNL
BnaC03g58360D3	TNL
BnaA08g23450D3	TNL
BnaA02g33380D3	TNL
BnaC08g58620D3	TNL
BnaC03g86590D3	TNL
BnaC09g26240D3	TNL
BnaC05g24920D3	TNL
BnaP1g25240D3	TNL
BnaC03g09830D3	TNL
BnaC09g70100D3	TNL
BnaA08g15880D3	TNL
BnaC09g26300D3	TNL
BnaA09g30600D3	TNL
BnaA09g30630D3	TNL
BnaC01g15030D3	TNL
BnaC09g26200D3	TNL
BnaC07g67220D3	TNL
BnaP1g45370D3	TNL
BnaC02g11650D3	TNL
BnaC07g67270D3	TNL
BnaA08g23430D3	TNL
BnaC03g21300D3	TNL
BnaC03g84670D3	TNL
BnaP1g09050D3	TNL
BnaA02g33310D3	TNL
BnaC02g72210D3	TNL
BnaP1g40120D3	TNL
BnaP1g14220D3	TNL
BnaA01g10600D3	TNL
BnaC03g84680D3	TNL
BnaC07g41550D3	TNL
BnaC07g41580D3	TNL
BnaA06g19420D3	TNL
BnaC03g21290D3	TNL
BnaA09g64440D3	TNL
BnaC06g59410D3	TNL
BnaC09g34260D3	TNL
BnaA02g33340D3	TNL
BnaC07g67250D3	TNL
BnaA02g39000D3	TX
BnaC08g66210D3	TX
BnaC03g84770D3	TX
BnaC06g40100D3	TX
BnaA01g13820D3	TX
BnaC02g72220D3	TX
BnaA09g24900D3	TX
BnaA02g33140D3	TX
BnaA01g10050D3	TX
BnaC07g41210D3	TX
BnaC07g47820D3	TX
BnaC01g41420D3	TX
BnaA01g13720D3	TX
BnaP1g49690D3	TX
BnaC01g20110D3	TX
BnaA06g06670D3	TX
BnaC01g19830D3	TX
BnaP1g06250D3	TX
BnaC01g20090D3	TX
BnaC05g07550D3	TX
BnaC01g20200D3	TX
BnaC02g80320D3	TX
BnaA02g38430D3	TX
BnaC02g72370D3	TX
BnaC09g26130D3	TX
BnaP1g52840D3	TX
BnaA02g33290D3	TX
BnaA06g01680D3	TX
BnaA10g26910D3	TX
BnaC08g37070D3	TX
BnaC04g66190D3	TX
BnaP1g12690D3	TX
BnaC07g41520D3	TX
BnaC02g80250D3	TX
BnaC02g71700D3	TX
BnaC09g66110D3	TX
BnaC07g41460D3	TX
BnaC03g58320D3	TX
BnaA08g01940D3	TX
BnaC01g20060D3	TX
BnaC09g35370D3	TX
BnaA09g64420D3	TX
BnaC03g86800D3	TX
BnaC07g42310D3	TX
BnaP1g28420D3	TX
BnaA09g20230D3	TX
BnaA06g12480D3	TX
BnaA01g31100D3	TX
BnaC07g41420D3	TX
BnaA09g24920D3	TX
BnaC07g09020D3	TX
BnaA01g29010D3	TX
BnaP1g51810D3	TX
BnaC01g20000D3	TX
BnaC02g71690D3	TX
BnaC06g17130D3	TX
BnaC01g20070D3	TX
BnaC07g41360D3	TX
BnaA02g33370D3	TX
BnaA09g27760D3	TX
BnaA02g38420D3	TX
BnaC09g25950D3	TX
BnaA08g30120D3	TX
BnaC05g07540D3	TX
BnaA09g24860D3	TX
BnaC07g69550D3	TX
BnaC03g96710D3	TX
BnaC02g72310D3	TX
BnaC01g20100D3	TX
BnaC09g26190D3	TX
BnaC09g25850D3	TX
BnaC01g20010D3	TX
BnaC02g72360D3	TX
BnaA09g08450D3	TX
BnaA02g38390D3	TX
BnaA07g40110D3	TX
BnaC02g72160D3	TX
BnaA06g44760D3	TX
BnaA09g25050D3	TX
BnaA01g22100D3	RLK
BnaA01g19850D3	RLK
BnaA01g19780D3	RLK
BnaA01g18850D3	RLK
BnaA01g00630D3	RLK
BnaA01g16220D3	RLK
BnaA01g16200D3	RLK
BnaA01g30520D3	RLK
BnaA01g30720D3	RLK
BnaA01g01390D3	RLK
BnaC05g41950D3	RLK
BnaC05g41540D3	RLK
BnaA01g05420D3	RLK
BnaA01g36130D3	RLK
BnaA01g36490D3	RLK
BnaA01g37800D3	RLK
BnaA01g38020D3	RLK
BnaA01g38300D3	RLK
BnaA01g38340D3	RLK
BnaA01g38380D3	RLK
BnaA01g38420D3	RLK
BnaA01g40730D3	RLK
BnaA01g41850D3	RLK
BnaA01g02650D3	RLK
BnaC01g63840D3	RLK
BnaA01g02910D3	RLK
BnaA01g52500D3	RLK
BnaA01g47020D3	RLK
BnaA01g03440D3	RLK
BnaA01g05580D3	RLK
BnaA01g04210D3	RLK
BnaA01g04580D3	RLK
BnaA01g04600D3	RLK
BnaA01g04660D3	RLK
BnaA01g04830D3	RLK
BnaA01g06110D3	RLK
BnaA01g06120D3	RLK
BnaA01g06220D3	RLK
BnaA01g06260D3	RLK
BnaA01g06270D3	RLK
BnaA01g06400D3	RLK
BnaA01g12670D3	RLK
BnaA01g13100D3	RLK
BnaA01g25370D3	RLK
BnaA02g03400D3	RLK
BnaA02g14730D3	RLK
BnaA02g14760D3	RLK
BnaA02g14770D3	RLK
BnaA02g14780D3	RLK
BnaA02g14790D3	RLK
BnaA02g14810D3	RLK
BnaA02g15650D3	RLK
BnaA02g15870D3	RLK
BnaA02g16670D3	RLK
BnaA02g17390D3	RLK
BnaA02g17510D3	RLK
BnaA02g23050D3	RLK
BnaA02g25110D3	RLK
BnaA02g25290D3	RLK
BnaA02g26040D3	RLK
BnaA02g27490D3	RLK
BnaA02g30580D3	RLK
BnaA02g30960D3	RLK
BnaA02g31910D3	RLK
BnaA02g33060D3	RLK
BnaA02g33170D3	RLK
BnaA02g33850D3	RLK
BnaA02g34440D3	RLK
BnaA02g34870D3	RLK
BnaA02g37050D3	RLK
BnaA02g37290D3	RLK
BnaA02g37760D3	RLK
BnaA02g04520D3	RLK
BnaA02g39800D3	RLK
BnaA02g40900D3	RLK
BnaA02g41400D3	RLK
BnaA02g42280D3	RLK
BnaA02g43240D3	RLK
BnaA02g44190D3	RLK
BnaA02g45280D3	RLK
BnaA02g07990D3	RLK
BnaA02g08180D3	RLK
BnaA02g08190D3	RLK
BnaA02g08200D3	RLK
BnaA02g08210D3	RLK
BnaA02g08220D3	RLK
BnaA02g08950D3	RLK
BnaA02g09040D3	RLK
BnaA02g10080D3	RLK
BnaA02g11780D3	RLK
BnaA02g11810D3	RLK
BnaA03g11830D3	RLK
BnaA03g11970D3	RLK
BnaA03g12550D3	RLK
BnaA03g12640D3	RLK
BnaA03g13350D3	RLK
BnaA03g14600D3	RLK
BnaA03g16430D3	RLK
BnaA03g17300D3	RLK
BnaA03g18060D3	RLK
BnaA03g01580D3	RLK
BnaA03g19830D3	RLK
BnaA03g20220D3	RLK
BnaA03g20340D3	RLK
BnaA03g21010D3	RLK
BnaA03g21950D3	RLK
BnaA03g22060D3	RLK
BnaA03g25430D3	RLK
BnaA03g00250D3	RLK
BnaA03g26020D3	RLK
BnaA03g26830D3	RLK
BnaA03g27000D3	RLK
BnaA03g27210D3	RLK
BnaA03g27220D3	RLK
BnaA03g27980D3	RLK
BnaA03g28350D3	RLK
BnaC03g31730D3	RLK
BnaA03g32010D3	RLK
BnaA03g32100D3	RLK
BnaA03g32760D3	RLK
BnaA03g00040D3	RLK
BnaA03g40760D3	RLK
BnaA03g40880D3	RLK
BnaA03g42710D3	RLK
BnaA03g42920D3	RLK
BnaA03g44600D3	RLK
BnaA03g45460D3	RLK
BnaA03g45920D3	RLK
BnaA03g46210D3	RLK
BnaA03g47030D3	RLK
BnaA03g50000D3	RLK
BnaA03g51030D3	RLK
BnaA03g51100D3	RLK
BnaA03g52980D3	RLK
BnaA03g53080D3	RLK
BnaA03g54300D3	RLK
BnaA03g55440D3	RLK
BnaA03g56710D3	RLK
BnaC02g04930D3	RLK
BnaA03g02390D3	RLK
BnaA02g00470D3	RLK
BnaA02g00580D3	RLK
BnaA02g01380D3	RLK
BnaA02g01760D3	RLK
BnaA03g58480D3	RLK
BnaA03g59240D3	RLK
BnaA03g03470D3	RLK
BnaA03g03480D3	RLK
BnaA03g04520D3	RLK
BnaA03g04910D3	RLK
BnaA03g05420D3	RLK
BnaA03g00700D3	RLK
BnaA03g06350D3	RLK
BnaA04g01110D3	RLK
BnaA04g11390D3	RLK
BnaA04g11570D3	RLK
BnaA04g12000D3	RLK
BnaA04g12010D3	RLK
BnaA04g14390D3	RLK
BnaA04g15110D3	RLK
BnaA04g15690D3	RLK
BnaA04g16480D3	RLK
BnaA04g18110D3	RLK
BnaA04g18160D3	RLK
BnaA04g18210D3	RLK
BnaA04g18460D3	RLK
BnaA04g18610D3	RLK
BnaA04g18660D3	RLK
BnaA04g18790D3	RLK
BnaA04g19730D3	RLK
BnaA04g19790D3	RLK
BnaA04g20550D3	RLK
BnaA04g02250D3	RLK
BnaA04g21740D3	RLK
BnaA04g22140D3	RLK
BnaA04g22150D3	RLK
BnaA04g23060D3	RLK
BnaA04g24490D3	RLK
BnaA04g24500D3	RLK
BnaA04g25480D3	RLK
BnaA04g25820D3	RLK
BnaA04g26220D3	RLK
BnaA04g27010D3	RLK
BnaA04g30300D3	RLK
BnaA04g31580D3	RLK
BnaA04g32060D3	RLK
BnaA04g32160D3	RLK
BnaA04g32380D3	RLK
BnaA04g33220D3	RLK
BnaA04g34110D3	RLK
BnaA04g34270D3	RLK
BnaA04g34590D3	RLK
BnaA04g34600D3	RLK
BnaA04g04050D3	RLK
BnaA04g04090D3	RLK
BnaA04g06200D3	RLK
BnaA05g08420D3	RLK
BnaA05g11010D3	RLK
BnaA05g11040D3	RLK
BnaA03g11100D3	RLK
BnaA03g11090D3	RLK
BnaA03g09870D3	RLK
BnaA01g14080D3	RLK
BnaA05g20150D3	RLK
BnaA05g19400D3	RLK
BnaA05g19260D3	RLK
BnaA05g19070D3	RLK
BnaA05g17330D3	RLK
BnaA05g14980D3	RLK
BnaA05g14970D3	RLK
BnaA05g14960D3	RLK
BnaA05g14950D3	RLK
BnaA05g14940D3	RLK
BnaA05g14910D3	RLK
BnaA05g14140D3	RLK
BnaA05g29110D3	RLK
BnaA05g29220D3	RLK
BnaA05g30830D3	RLK
BnaA05g31220D3	RLK
BnaA05g02580D3	RLK
BnaA05g33580D3	RLK
BnaA05g33870D3	RLK
BnaA05g34730D3	RLK
BnaA05g35040D3	RLK
BnaA05g37670D3	RLK
BnaA05g38480D3	RLK
BnaA05g44240D3	RLK
BnaA05g43630D3	RLK
BnaA05g42990D3	RLK
BnaA05g42500D3	RLK
BnaA05g05170D3	RLK
BnaA06g10840D3	RLK
BnaA06g01110D3	RLK
BnaA01g07590D3	RLK
BnaA01g08380D3	RLK
BnaA01g08530D3	RLK
BnaA01g09400D3	RLK
BnaA01g09870D3	RLK
BnaA01g09920D3	RLK
BnaA01g11030D3	RLK
BnaA01g11110D3	RLK
BnaA01g11340D3	RLK
BnaA01g11490D3	RLK
BnaA01g12490D3	RLK
BnaA06g13490D3	RLK
BnaA06g13730D3	RLK
BnaA06g13870D3	RLK
BnaA06g13880D3	RLK
BnaA06g14460D3	RLK
BnaA06g14710D3	RLK
BnaA06g02400D3	RLK
BnaA06g15840D3	RLK
BnaA06g02410D3	RLK
BnaA06g02430D3	RLK
BnaA06g02560D3	RLK
BnaA06g17690D3	RLK
BnaA06g17700D3	RLK
BnaA06g17710D3	RLK
BnaA06g17740D3	RLK
BnaA06g20390D3	RLK
BnaA06g20420D3	RLK
BnaA06g20790D3	RLK
BnaA06g20800D3	RLK
BnaA06g21260D3	RLK
BnaA06g21280D3	RLK
BnaA06g23300D3	RLK
BnaA06g24090D3	RLK
BnaA06g04020D3	RLK
BnaA06g27360D3	RLK
BnaA06g27840D3	RLK
BnaA06g28190D3	RLK
BnaA06g29240D3	RLK
BnaA10g00460D3	RLK
BnaA06g37650D3	RLK
BnaA06g37790D3	RLK
BnaA06g38070D3	RLK
BnaA06g39510D3	RLK
BnaA06g39700D3	RLK
BnaA06g39960D3	RLK
BnaA06g40290D3	RLK
BnaA06g40580D3	RLK
BnaA06g41380D3	RLK
BnaA06g42070D3	RLK
BnaA06g42380D3	RLK
BnaA06g42560D3	RLK
BnaA06g42680D3	RLK
BnaA06g43160D3	RLK
BnaA06g44600D3	RLK
BnaA06g44680D3	RLK
BnaA06g44730D3	RLK
BnaA06g45330D3	RLK
BnaA06g46180D3	RLK
BnaA06g06490D3	RLK
BnaA06g46330D3	RLK
BnaA06g46750D3	RLK
BnaA06g46810D3	RLK
BnaA06g46900D3	RLK
BnaA06g07000D3	RLK
BnaA06g09420D3	RLK
BnaC07g34860D3	RLK
BnaA07g38030D3	RLK
BnaA07g38010D3	RLK
BnaA07g38000D3	RLK
BnaA07g37650D3	RLK
BnaA07g35620D3	RLK
BnaA07g35460D3	RLK
BnaA07g35380D3	RLK
BnaA07g35090D3	RLK
BnaA07g35080D3	RLK
BnaA07g35060D3	RLK
BnaA07g35040D3	RLK
BnaA07g35020D3	RLK
BnaA07g34970D3	RLK
BnaA07g34530D3	RLK
BnaA07g32710D3	RLK
BnaA07g31980D3	RLK
BnaA07g17200D3	RLK
BnaA07g17210D3	RLK
BnaA07g04320D3	RLK
BnaA07g17550D3	RLK
BnaA07g18050D3	RLK
BnaA07g18070D3	RLK
BnaA07g18170D3	RLK
BnaA07g18260D3	RLK
BnaC07g41090D3	RLK
BnaA07g19550D3	RLK
BnaA07g19690D3	RLK
BnaA07g20420D3	RLK
BnaA07g21390D3	RLK
BnaA07g21420D3	RLK
BnaA07g21660D3	RLK
BnaA07g22430D3	RLK
BnaA07g24180D3	RLK
BnaA07g24900D3	RLK
BnaC07g66350D3	RLK
BnaC07g67620D3	RLK
BnaC07g67710D3	RLK
BnaC07g68270D3	RLK
BnaC07g69690D3	RLK
BnaC07g69760D3	RLK
BnaC07g71010D3	RLK
BnaC07g72220D3	RLK
BnaC07g73950D3	RLK
BnaC07g75280D3	RLK
BnaC07g76060D3	RLK
BnaC07g76490D3	RLK
BnaC07g79990D3	RLK
BnaC07g80040D3	RLK
BnaC07g80140D3	RLK
BnaC07g80630D3	RLK
BnaA07g25360D3	RLK
BnaA07g25600D3	RLK
BnaA07g25800D3	RLK
BnaA07g28350D3	RLK
BnaA06g07720D3	RLK
BnaA06g07900D3	RLK
BnaA07g31380D3	RLK
BnaA07g31590D3	RLK
BnaA07g07790D3	RLK
BnaA07g05920D3	RLK
BnaA07g13300D3	RLK
BnaA07g13350D3	RLK
BnaA07g14010D3	RLK
BnaA08g11110D3	RLK
BnaA08g11160D3	RLK
BnaA08g12730D3	RLK
BnaA08g15260D3	RLK
BnaA08g15560D3	RLK
BnaA08g16260D3	RLK
BnaA08g17100D3	RLK
BnaA08g02250D3	RLK
BnaA08g02270D3	RLK
BnaA08g18930D3	RLK
BnaA08g19480D3	RLK
BnaA07g38090D3	RLK
BnaA08g02380D3	RLK
BnaA07g39130D3	RLK
BnaA07g39600D3	RLK
BnaA08g02570D3	RLK
BnaA07g40620D3	RLK
BnaA07g41270D3	RLK
BnaA07g42150D3	RLK
BnaA07g42310D3	RLK
BnaA07g44920D3	RLK
BnaA08g03060D3	RLK
BnaA07g45440D3	RLK
BnaA07g45450D3	RLK
BnaA07g45770D3	RLK
BnaA08g20220D3	RLK
BnaA08g21470D3	RLK
BnaA08g23320D3	RLK
BnaA08g24800D3	RLK
BnaA08g24990D3	RLK
BnaA07g08610D3	RLK
BnaA08g26030D3	RLK
BnaA08g26300D3	RLK
BnaA08g26590D3	RLK
BnaA08g30430D3	RLK
BnaA08g30700D3	RLK
BnaA08g31360D3	RLK
BnaA08g31380D3	RLK
BnaA08g31400D3	RLK
BnaA08g33530D3	RLK
BnaA08g00510D3	RLK
BnaA08g35790D3	RLK
BnaA08g36200D3	RLK
BnaA08g36870D3	RLK
BnaA08g38130D3	RLK
BnaA08g38410D3	RLK
BnaA08g38420D3	RLK
BnaA07g11360D3	RLK
BnaA07g13220D3	RLK
BnaA07g13270D3	RLK
BnaA08g04570D3	RLK
BnaA09g15100D3	RLK
BnaA09g15480D3	RLK
BnaA09g16020D3	RLK
BnaA09g16840D3	RLK
BnaA09g18020D3	RLK
BnaA09g19490D3	RLK
BnaA09g22210D3	RLK
BnaA09g22440D3	RLK
BnaA09g22920D3	RLK
BnaA09g23670D3	RLK
BnaA09g04070D3	RLK
BnaA09g24730D3	RLK
BnaA09g25600D3	RLK
BnaA09g25760D3	RLK
BnaA09g00230D3	RLK
BnaA09g28620D3	RLK
BnaA09g29570D3	RLK
BnaA09g31120D3	RLK
BnaA09g31470D3	RLK
BnaA09g04970D3	RLK
BnaA09g05370D3	RLK
BnaA09g36200D3	RLK
BnaA09g36660D3	RLK
BnaA09g06410D3	RLK
BnaA09g40140D3	RLK
BnaA09g43640D3	RLK
BnaA09g43830D3	RLK
BnaA09g43860D3	RLK
BnaA09g45130D3	RLK
BnaA09g45640D3	RLK
BnaA09g47520D3	RLK
BnaA09g47650D3	RLK
BnaA09g47800D3	RLK
BnaA09g48030D3	RLK
BnaA09g00540D3	RLK
BnaA09g49310D3	RLK
BnaA09g49810D3	RLK
BnaA09g50140D3	RLK
BnaA09g50280D3	RLK
BnaA09g09770D3	RLK
BnaA09g50350D3	RLK
BnaA09g52430D3	RLK
BnaA09g10040D3	RLK
BnaA09g10090D3	RLK
BnaA09g53890D3	RLK
BnaA09g55100D3	RLK
BnaA09g55430D3	RLK
BnaA09g55560D3	RLK
BnaA09g10340D3	RLK
BnaA09g57430D3	RLK
BnaA09g57780D3	RLK
BnaA09g57790D3	RLK
BnaA09g57800D3	RLK
BnaA09g60490D3	RLK
BnaA09g60510D3	RLK
BnaA09g60520D3	RLK
BnaA09g61480D3	RLK
BnaA09g63030D3	RLK
BnaA09g63100D3	RLK
BnaA09g64450D3	RLK
BnaA06g30740D3	RLK
BnaA09g11270D3	RLK
BnaA06g31090D3	RLK
BnaA06g31230D3	RLK
BnaA06g32580D3	RLK
BnaA06g33200D3	RLK
BnaA06g33460D3	RLK
BnaA06g33560D3	RLK
BnaA06g33840D3	RLK
BnaA06g34650D3	RLK
BnaA09g11680D3	RLK
BnaA06g35210D3	RLK
BnaA06g35400D3	RLK
BnaA06g36870D3	RLK
BnaC08g61780D3	RLK
BnaC08g61790D3	RLK
BnaC08g61800D3	RLK
BnaA09g67470D3	RLK
BnaA09g67730D3	RLK
BnaC08g62730D3	RLK
BnaA09g12640D3	RLK
BnaA10g23500D3	RLK
BnaA10g23660D3	RLK
BnaA10g24340D3	RLK
BnaA10g24470D3	RLK
BnaA10g25140D3	RLK
BnaA10g26760D3	RLK
BnaA10g27210D3	RLK
BnaA10g27450D3	RLK
BnaA10g27510D3	RLK
BnaA10g28420D3	RLK
BnaA10g29080D3	RLK
BnaA10g29870D3	RLK
BnaA10g30860D3	RLK
BnaA10g31780D3	RLK
BnaA10g33200D3	RLK
BnaA10g33210D3	RLK
BnaA10g33270D3	RLK
BnaA10g33290D3	RLK
BnaA10g33390D3	RLK
BnaA10g33650D3	RLK
BnaA10g33760D3	RLK
BnaA10g33830D3	RLK
BnaA10g33920D3	RLK
BnaA10g35330D3	RLK
BnaA10g37760D3	RLK
BnaA10g04470D3	RLK
BnaA10g08910D3	RLK
BnaA10g09000D3	RLK
BnaC01g11140D3	RLK
BnaC01g12110D3	RLK
BnaC01g12270D3	RLK
BnaC01g13530D3	RLK
BnaC01g13550D3	RLK
BnaC01g14130D3	RLK
BnaC01g14230D3	RLK
BnaC01g15600D3	RLK
BnaC01g15730D3	RLK
BnaC01g16010D3	RLK
BnaC03g75640D3	RLK
BnaC03g75620D3	RLK
BnaC03g75200D3	RLK
BnaC03g75150D3	RLK
BnaC03g74450D3	RLK
BnaC03g74200D3	RLK
BnaC03g74170D3	RLK
BnaC01g01940D3	RLK
BnaC01g16500D3	RLK
BnaC01g17850D3	RLK
BnaC01g18120D3	RLK
BnaC01g18740D3	RLK
BnaC01g20650D3	RLK
BnaC01g21930D3	RLK
BnaC01g24050D3	RLK
BnaC01g02830D3	RLK
BnaC01g28210D3	RLK
BnaC04g36690D3	RLK
BnaC04g38890D3	RLK
BnaC01g03630D3	RLK
BnaC04g41050D3	RLK
BnaC04g41120D3	RLK
BnaC04g44460D3	RLK
BnaC04g44810D3	RLK
BnaC04g44840D3	RLK
BnaC01g30770D3	RLK
BnaC01g00440D3	RLK
BnaC01g04610D3	RLK
BnaC01g35540D3	RLK
BnaC01g36820D3	RLK
BnaC01g36880D3	RLK
BnaC01g00550D3	RLK
BnaC01g43770D3	RLK
BnaC01g44060D3	RLK
BnaC01g51300D3	RLK
BnaC01g51900D3	RLK
BnaC01g52450D3	RLK
BnaC01g54600D3	RLK
BnaC01g55070D3	RLK
BnaC01g55140D3	RLK
BnaC01g55150D3	RLK
BnaC01g60170D3	RLK
BnaC01g59820D3	RLK
BnaC01g07270D3	RLK
BnaC01g58360D3	RLK
BnaC01g58100D3	RLK
BnaC01g64150D3	RLK
BnaA01g47030D3	RLK
BnaC01g07730D3	RLK
BnaC01g07740D3	RLK
BnaC01g07810D3	RLK
BnaC01g07990D3	RLK
BnaC01g08800D3	RLK
BnaC01g08810D3	RLK
BnaC01g08900D3	RLK
BnaC01g09050D3	RLK
BnaA02g04990D3	RLK
BnaC02g15160D3	RLK
BnaC02g15200D3	RLK
BnaC02g16410D3	RLK
BnaC02g16420D3	RLK
BnaC02g16470D3	RLK
BnaC02g17430D3	RLK
BnaC02g18810D3	RLK
BnaC02g20930D3	RLK
BnaC02g21040D3	RLK
BnaC02g21110D3	RLK
BnaC02g21160D3	RLK
BnaC02g22300D3	RLK
BnaC02g01740D3	RLK
BnaC02g26000D3	RLK
BnaC02g26580D3	RLK
BnaC02g26600D3	RLK
BnaC02g26660D3	RLK
BnaC02g26670D3	RLK
BnaC02g26690D3	RLK
BnaC02g26730D3	RLK
BnaC06g43950D3	RLK
BnaC06g45790D3	RLK
BnaC02g32480D3	RLK
BnaC02g34750D3	RLK
BnaC02g34980D3	RLK
BnaC02g00380D3	RLK
BnaA02g18790D3	RLK
BnaA02g18910D3	RLK
BnaC02g00270D3	RLK
BnaC02g39630D3	RLK
BnaC02g38780D3	RLK
BnaC02g42110D3	RLK
BnaC02g42170D3	RLK
BnaA02g21590D3	RLK
BnaC02g47480D3	RLK
BnaC02g45210D3	RLK
BnaC02g08070D3	RLK
BnaC02g44010D3	RLK
BnaC02g08400D3	RLK
BnaC02g69250D3	RLK
BnaC02g71280D3	RLK
BnaC02g71430D3	RLK
BnaC02g71970D3	RLK
BnaC02g73100D3	RLK
BnaC02g76730D3	RLK
BnaC02g77320D3	RLK
BnaC02g80540D3	RLK
BnaC02g82170D3	RLK
BnaC02g82300D3	RLK
BnaC02g84070D3	RLK
BnaC02g85300D3	RLK
BnaC02g86890D3	RLK
BnaC02g10680D3	RLK
BnaC02g10930D3	RLK
BnaA05g24740D3	RLK
BnaA05g24230D3	RLK
BnaC02g90100D3	RLK
BnaC02g11250D3	RLK
BnaC02g91190D3	RLK
BnaC03g93850D3	RLK
BnaC03g95350D3	RLK
BnaC03g96070D3	RLK
BnaC03g96080D3	RLK
BnaC03g96350D3	RLK
BnaC03g97640D3	RLK
BnaC03g97660D3	RLK
BnaC03g98980D3	RLK
BnaC03g99400D3	RLK
BnaC03g11190D3	RLK
BnaC03g01500D3	RLK
BnaC03g13210D3	RLK
BnaC03g13220D3	RLK
BnaC03g13250D3	RLK
BnaC03g13300D3	RLK
BnaC03g13500D3	RLK
BnaC03g13530D3	RLK
BnaC03g13540D3	RLK
BnaC03g14180D3	RLK
BnaC03g14250D3	RLK
BnaC03g16300D3	RLK
BnaC03g16410D3	RLK
BnaC03g18010D3	RLK
BnaC03g19130D3	RLK
BnaC03g19980D3	RLK
BnaC03g21800D3	RLK
BnaC03g22040D3	RLK
BnaC03g22330D3	RLK
BnaC03g22480D3	RLK
BnaC03g23250D3	RLK
BnaC03g23610D3	RLK
BnaC03g24510D3	RLK
BnaC03g24680D3	RLK
BnaC03g29120D3	RLK
BnaC03g29950D3	RLK
BnaC03g31070D3	RLK
BnaC07g40460D3	RLK
BnaC03g03380D3	RLK
BnaC07g38730D3	RLK
BnaC07g38590D3	RLK
BnaC07g38240D3	RLK
BnaC07g38210D3	RLK
BnaC07g38200D3	RLK
BnaC07g36440D3	RLK
BnaC07g36420D3	RLK
BnaC03g03810D3	RLK
BnaC07g13330D3	RLK
BnaC03g00630D3	RLK
BnaC03g36130D3	RLK
BnaC03g36330D3	RLK
BnaC03g37280D3	RLK
BnaC03g37400D3	RLK
BnaC03g39070D3	RLK
BnaC03g39190D3	RLK
BnaC03g39880D3	RLK
BnaC03g04810D3	RLK
BnaC03g05340D3	RLK
BnaC03g50710D3	RLK
BnaC03g50820D3	RLK
BnaC03g51330D3	RLK
BnaC03g54050D3	RLK
BnaC08g05960D3	RLK
BnaC03g06210D3	RLK
BnaC03g55350D3	RLK
BnaC03g55760D3	RLK
BnaC03g56820D3	RLK
BnaC03g32040D3	RLK
BnaC03g06670D3	RLK
BnaC03g32380D3	RLK
BnaC03g33280D3	RLK
BnaC03g33710D3	RLK
BnaC03g58940D3	RLK
BnaC03g59100D3	RLK
BnaC03g60410D3	RLK
BnaC03g60640D3	RLK
BnaC03g07310D3	RLK
BnaC03g61430D3	RLK
BnaC03g63380D3	RLK
BnaC03g65390D3	RLK
BnaC03g66780D3	RLK
BnaC03g77040D3	RLK
BnaC03g08570D3	RLK
BnaC03g79570D3	RLK
BnaC03g79940D3	RLK
BnaC03g80440D3	RLK
BnaC03g80450D3	RLK
BnaC03g80460D3	RLK
BnaC03g81380D3	RLK
BnaC03g81980D3	RLK
BnaC03g82180D3	RLK
BnaC03g85930D3	RLK
BnaC03g87670D3	RLK
BnaC03g87760D3	RLK
BnaC03g88500D3	RLK
BnaC03g88990D3	RLK
BnaC03g92050D3	RLK
BnaC03g10200D3	RLK
BnaC03g92800D3	RLK
BnaC03g92850D3	RLK
BnaC04g11720D3	RLK
BnaC04g14420D3	RLK
BnaC04g14630D3	RLK
BnaC04g15840D3	RLK
BnaC04g15860D3	RLK
BnaC04g18150D3	RLK
BnaC04g19550D3	RLK
BnaC04g21040D3	RLK
BnaC04g21380D3	RLK
BnaC04g21950D3	RLK
BnaC04g22470D3	RLK
BnaC04g24050D3	RLK
BnaC04g24100D3	RLK
BnaC04g48490D3	RLK
BnaC04g03140D3	RLK
BnaC04g55690D3	RLK
BnaC04g55940D3	RLK
BnaC04g56210D3	RLK
BnaC04g58580D3	RLK
BnaC04g74280D3	RLK
BnaC04g73760D3	RLK
BnaC04g73330D3	RLK
BnaC04g04290D3	RLK
BnaC04g72060D3	RLK
BnaC04g72050D3	RLK
BnaC04g70020D3	RLK
BnaC04g68880D3	RLK
BnaC04g68870D3	RLK
BnaC04g68390D3	RLK
BnaC04g66920D3	RLK
BnaC04g65830D3	RLK
BnaC04g64490D3	RLK
BnaC04g64280D3	RLK
BnaC04g64190D3	RLK
BnaC04g63850D3	RLK
BnaC04g63520D3	RLK
BnaC04g63430D3	RLK
BnaC04g63420D3	RLK
BnaC04g63260D3	RLK
BnaC04g61240D3	RLK
BnaC04g60170D3	RLK
BnaC04g60160D3	RLK
BnaC04g59180D3	RLK
BnaC04g75240D3	RLK
BnaC04g77930D3	RLK
BnaC04g78600D3	RLK
BnaC04g78980D3	RLK
BnaC04g79080D3	RLK
BnaC04g79340D3	RLK
BnaC04g80280D3	RLK
BnaA04g35420D3	RLK
BnaC04g81410D3	RLK
BnaC04g81880D3	RLK
BnaC04g06690D3	RLK
BnaC05g10710D3	RLK
BnaC05g12520D3	RLK
BnaC05g13150D3	RLK
BnaC05g14950D3	RLK
BnaC05g14960D3	RLK
BnaC05g16280D3	RLK
BnaC05g16600D3	RLK
BnaC05g16750D3	RLK
BnaC05g16990D3	RLK
BnaC05g17210D3	RLK
BnaC05g01680D3	RLK
BnaC05g18460D3	RLK
BnaC05g18480D3	RLK
BnaC05g21070D3	RLK
BnaC05g21080D3	RLK
BnaC05g21140D3	RLK
BnaC05g21160D3	RLK
BnaC05g21170D3	RLK
BnaC05g02010D3	RLK
BnaC05g24090D3	RLK
BnaC05g24910D3	RLK
BnaC05g26800D3	RLK
BnaC05g26830D3	RLK
BnaC05g26900D3	RLK
BnaC05g26960D3	RLK
BnaC05g29540D3	RLK
BnaC05g30790D3	RLK
BnaC05g32210D3	RLK
BnaC05g34840D3	RLK
BnaC05g36330D3	RLK
BnaC05g03890D3	RLK
BnaC05g42660D3	RLK
BnaC02g07080D3	RLK
BnaC02g07010D3	RLK
BnaC05g00460D3	RLK
BnaC05g04710D3	RLK
BnaC05g48220D3	RLK
BnaC05g05420D3	RLK
BnaC05g52570D3	RLK
BnaC05g52870D3	RLK
BnaC05g55740D3	RLK
BnaC05g56190D3	RLK
BnaC04g26190D3	RLK
BnaC04g27550D3	RLK
BnaC04g27850D3	RLK
BnaC04g28430D3	RLK
BnaC04g28690D3	RLK
BnaC05g57880D3	RLK
BnaC05g61480D3	RLK
BnaC05g62380D3	RLK
BnaC05g62730D3	RLK
BnaC05g66170D3	RLK
BnaC05g07230D3	RLK
BnaC05g66790D3	RLK
BnaC05g70900D3	RLK
BnaA05g42170D3	RLK
BnaC05g72060D3	RLK
BnaA10g40180D3	RLK
BnaA10g39900D3	RLK
BnaC05g07940D3	RLK
BnaA10g39640D3	RLK
BnaC05g08880D3	RLK
BnaC05g09160D3	RLK
BnaC06g10350D3	RLK
BnaC06g12320D3	RLK
BnaC06g18400D3	RLK
BnaC06g18340D3	RLK
BnaC06g18330D3	RLK
BnaC06g18270D3	RLK
BnaC06g18180D3	RLK
BnaC06g18080D3	RLK
BnaC06g13200D3	RLK
BnaC06g12670D3	RLK
BnaC06g24130D3	RLK
BnaC06g27870D3	RLK
BnaC06g30140D3	RLK
BnaC06g30480D3	RLK
BnaC06g30810D3	RLK
BnaC06g31260D3	RLK
BnaC06g34880D3	RLK
BnaC06g34900D3	RLK
BnaC06g39830D3	RLK
BnaC06g40530D3	RLK
BnaC06g41020D3	RLK
BnaC06g42280D3	RLK
BnaC06g42320D3	RLK
BnaC06g46010D3	RLK
BnaC06g48260D3	RLK
BnaC06g48300D3	RLK
BnaC06g48330D3	RLK
BnaC06g49240D3	RLK
BnaC06g49570D3	RLK
BnaC06g49580D3	RLK
BnaC06g49640D3	RLK
BnaC06g50250D3	RLK
BnaC06g04590D3	RLK
BnaC06g50810D3	RLK
BnaC06g50830D3	RLK
BnaC06g52110D3	RLK
BnaC06g52510D3	RLK
BnaC06g52870D3	RLK
BnaC06g53210D3	RLK
BnaC06g53260D3	RLK
BnaC06g53970D3	RLK
BnaC06g54850D3	RLK
BnaC06g55850D3	RLK
BnaC02g30600D3	RLK
BnaC02g28660D3	RLK
BnaC06g56080D3	RLK
BnaA03g15190D3	RLK
BnaC06g58890D3	RLK
BnaC06g59490D3	RLK
BnaC06g59870D3	RLK
BnaC06g07570D3	RLK
BnaC06g07900D3	RLK
BnaC06g07920D3	RLK
BnaC06g07930D3	RLK
BnaC06g07940D3	RLK
BnaC06g07960D3	RLK
BnaC06g07970D3	RLK
BnaC07g01150D3	RLK
BnaC07g15500D3	RLK
BnaC07g10220D3	RLK
BnaC07g25110D3	RLK
BnaC07g25460D3	RLK
BnaC07g26910D3	RLK
BnaC07g28270D3	RLK
BnaC07g28450D3	RLK
BnaC07g29640D3	RLK
BnaC07g31080D3	RLK
BnaC07g31320D3	RLK
BnaC07g03120D3	RLK
BnaC07g42350D3	RLK
BnaC07g42380D3	RLK
BnaC07g42390D3	RLK
BnaC07g42430D3	RLK
BnaC07g42560D3	RLK
BnaC07g45400D3	RLK
BnaC07g46320D3	RLK
BnaC07g46460D3	RLK
BnaC07g46690D3	RLK
BnaC07g47060D3	RLK
BnaC07g47300D3	RLK
BnaC07g48500D3	RLK
BnaC07g49840D3	RLK
BnaC07g50320D3	RLK
BnaC07g51370D3	RLK
BnaC07g51680D3	RLK
BnaC07g53560D3	RLK
BnaC07g53850D3	RLK
BnaC07g54660D3	RLK
BnaC07g56760D3	RLK
BnaC07g57360D3	RLK
BnaC07g58010D3	RLK
BnaC07g58400D3	RLK
BnaC07g58670D3	RLK
BnaC07g59310D3	RLK
BnaC07g59320D3	RLK
BnaC07g59930D3	RLK
BnaC07g60000D3	RLK
BnaC07g60260D3	RLK
BnaC07g61190D3	RLK
BnaC07g19750D3	RLK
BnaC07g17290D3	RLK
BnaC08g17950D3	RLK
BnaC08g01800D3	RLK
BnaC08g26060D3	RLK
BnaC08g28870D3	RLK
BnaC08g29800D3	RLK
BnaC08g35050D3	RLK
BnaC08g02460D3	RLK
BnaC08g35870D3	RLK
BnaC08g36090D3	RLK
BnaA05g25420D3	RLK
BnaA05g25610D3	RLK
BnaC08g12740D3	RLK
BnaC08g12780D3	RLK
BnaC08g12830D3	RLK
BnaC08g14260D3	RLK
BnaC08g41800D3	RLK
BnaC08g43970D3	RLK
BnaC08g46080D3	RLK
BnaC08g46200D3	RLK
BnaC08g46320D3	RLK
BnaC08g46580D3	RLK
BnaC08g46820D3	RLK
BnaC08g48290D3	RLK
BnaC08g48930D3	RLK
BnaC08g49240D3	RLK
BnaC08g49420D3	RLK
BnaC08g51530D3	RLK
BnaC08g51540D3	RLK
BnaC08g53110D3	RLK
BnaC08g53430D3	RLK
BnaC08g54480D3	RLK
BnaC08g54990D3	RLK
BnaC08g57090D3	RLK
BnaC08g58310D3	RLK
BnaC08g59460D3	RLK
BnaC08g59520D3	RLK
BnaC08g59530D3	RLK
BnaC08g59540D3	RLK
BnaC08g31620D3	RLK
BnaC08g32160D3	RLK
BnaC08g68610D3	RLK
BnaC08g68570D3	RLK
BnaC08g68510D3	RLK
BnaC08g67670D3	RLK
BnaC08g15480D3	RLK
BnaC08g15710D3	RLK
BnaC08g16060D3	RLK
BnaC09g08150D3	RLK
BnaC09g08800D3	RLK
BnaC09g10400D3	RLK
BnaC09g10890D3	RLK
BnaC09g11740D3	RLK
BnaC09g11920D3	RLK
BnaC09g12080D3	RLK
BnaC09g12710D3	RLK
BnaC09g13810D3	RLK
BnaC09g15430D3	RLK
BnaC09g17230D3	RLK
BnaC09g00080D3	RLK
BnaC09g21140D3	RLK
BnaA09g34910D3	RLK
BnaC09g23380D3	RLK
BnaC09g24210D3	RLK
BnaC09g24460D3	RLK
BnaA10g12560D3	RLK
BnaA10g12440D3	RLK
BnaA10g12430D3	RLK
BnaA10g12390D3	RLK
BnaA10g11840D3	RLK
BnaA10g15420D3	RLK
BnaC09g00730D3	RLK
BnaA10g16190D3	RLK
BnaA10g16550D3	RLK
BnaA10g18110D3	RLK
BnaA10g18240D3	RLK
BnaA10g19160D3	RLK
BnaA10g20280D3	RLK
BnaA10g20440D3	RLK
BnaA10g21170D3	RLK
BnaA10g21180D3	RLK
BnaA10g21200D3	RLK
BnaA10g21230D3	RLK
BnaC09g01390D3	RLK
BnaC09g25720D3	RLK
BnaC09g26830D3	RLK
BnaC09g26930D3	RLK
BnaC09g27230D3	RLK
BnaA09g01460D3	RLK
BnaC09g01870D3	RLK
BnaC09g39360D3	RLK
BnaC09g40250D3	RLK
BnaC09g02590D3	RLK
BnaC09g42550D3	RLK
BnaC09g43250D3	RLK
BnaC09g03050D3	RLK
BnaC09g47070D3	RLK
BnaC09g47890D3	RLK
BnaC09g48160D3	RLK
BnaC09g51090D3	RLK
BnaC09g53100D3	RLK
BnaC09g55160D3	RLK
BnaC09g55360D3	RLK
BnaC09g55460D3	RLK
BnaC09g57140D3	RLK
BnaC09g57220D3	RLK
BnaC09g59670D3	RLK
BnaC09g60670D3	RLK
BnaC09g60930D3	RLK
BnaC09g62040D3	RLK
BnaC09g62200D3	RLK
BnaC09g62710D3	RLK
BnaC09g63230D3	RLK
BnaC09g66450D3	RLK
BnaC09g66740D3	RLK
BnaC09g66890D3	RLK
BnaA09g01800D3	RLK
BnaC09g05390D3	RLK
BnaC09g68300D3	RLK
BnaC09g68310D3	RLK
BnaC09g69100D3	RLK
BnaC09g05590D3	RLK
BnaC09g70090D3	RLK
BnaC09g71190D3	RLK
BnaC09g72560D3	RLK
BnaC09g05970D3	RLK
BnaC09g74140D3	RLK
BnaC09g74150D3	RLK
BnaC09g74210D3	RLK
BnaC09g74230D3	RLK
BnaC09g74350D3	RLK
BnaC09g74600D3	RLK
BnaC09g74770D3	RLK
BnaC09g74850D3	RLK
BnaC09g74940D3	RLK
BnaC09g06120D3	RLK
BnaC09g76420D3	RLK
BnaC09g06730D3	RLK
BnaP1g09190D3	RLK
BnaP1g10130D3	RLK
BnaP1g11960D3	RLK
BnaP1g13110D3	RLK
BnaP1g13450D3	RLK
BnaP1g16080D3	RLK
BnaP1g16500D3	RLK
BnaP1g17050D3	RLK
BnaP1g18680D3	RLK
BnaP1g23300D3	RLK
BnaP1g25470D3	RLK
BnaP1g25510D3	RLK
BnaP1g27380D3	RLK
BnaP1g34250D3	RLK
BnaP1g38340D3	RLK
BnaP1g43150D3	RLK
BnaP1g44410D3	RLK
BnaP1g47410D3	RLK
BnaP1g48200D3	RLK
BnaP1g53610D3	RLK
BnaP1g55410D3	RLK
BnaA01g42640D3	RLK
BnaA01g20070D3	RLP
BnaA01g20040D3	RLP
BnaA01g18510D3	RLP
BnaA01g43020D3	RLP
BnaC01g64460D3	RLP
BnaA01g49220D3	RLP
BnaA01g49670D3	RLP
BnaA01g44900D3	RLP
BnaA01g04340D3	RLP
BnaA02g03470D3	RLP
BnaA02g13600D3	RLP
BnaA02g13970D3	RLP
BnaA02g38920D3	RLP
BnaA02g42270D3	RLP
BnaA02g05560D3	RLP
BnaA02g45040D3	RLP
BnaA03g06740D3	RLP
BnaA03g18430D3	RLP
BnaA03g20560D3	RLP
BnaA03g27530D3	RLP
BnaA03g32820D3	RLP
BnaA03g34640D3	RLP
BnaA03g34650D3	RLP
BnaA03g36070D3	RLP
BnaA03g42550D3	RLP
BnaA03g44260D3	RLP
BnaA03g44340D3	RLP
BnaC07g71560D3	RLP
BnaC07g71580D3	RLP
BnaA03g00570D3	RLP
BnaA03g00640D3	RLP
BnaA04g19520D3	RLP
BnaA04g19530D3	RLP
BnaA04g19900D3	RLP
BnaA04g20190D3	RLP
BnaA04g21520D3	RLP
BnaA04g24440D3	RLP
BnaA04g24970D3	RLP
BnaA04g25020D3	RLP
BnaA04g25070D3	RLP
BnaA04g25390D3	RLP
BnaA04g25600D3	RLP
BnaA04g33870D3	RLP
BnaA04g06050D3	RLP
BnaA04g08240D3	RLP
BnaA04g08250D3	RLP
BnaA04g08300D3	RLP
BnaA04g08310D3	RLP
BnaA05g10860D3	RLP
BnaA05g12100D3	RLP
BnaA05g19830D3	RLP
BnaA05g30480D3	RLP
BnaA05g33420D3	RLP
BnaA05g33500D3	RLP
BnaA05g03330D3	RLP
BnaA05g05920D3	RLP
BnaA06g13090D3	RLP
BnaA01g08430D3	RLP
BnaA01g09970D3	RLP
BnaA06g13500D3	RLP
BnaA06g14220D3	RLP
BnaA06g14280D3	RLP
BnaA06g14300D3	RLP
BnaA06g14330D3	RLP
BnaA06g15000D3	RLP
BnaA06g15010D3	RLP
BnaA06g18380D3	RLP
BnaA06g05120D3	RLP
BnaA07g05250D3	RLP
BnaA07g32140D3	RLP
BnaA07g32130D3	RLP
BnaA07g23190D3	RLP
BnaA07g24190D3	RLP
BnaC07g66700D3	RLP
BnaA07g03220D3	RLP
BnaA07g25820D3	RLP
BnaA07g27910D3	RLP
BnaA06g07610D3	RLP
BnaA07g30870D3	RLP
BnaA07g30880D3	RLP
BnaA07g06770D3	RLP
BnaA08g15530D3	RLP
BnaA08g15580D3	RLP
BnaA08g15750D3	RLP
BnaA07g38800D3	RLP
BnaA07g38810D3	RLP
BnaA07g41110D3	RLP
BnaA07g41130D3	RLP
BnaA08g23460D3	RLP
BnaA08g26010D3	RLP
BnaA08g27710D3	RLP
BnaA08g30870D3	RLP
BnaA08g31080D3	RLP
BnaA08g33210D3	RLP
BnaA08g00140D3	RLP
BnaA09g14240D3	RLP
BnaA09g14720D3	RLP
BnaA09g22270D3	RLP
BnaA09g22290D3	RLP
BnaA09g25440D3	RLP
BnaA09g05530D3	RLP
BnaA09g47450D3	RLP
BnaA09g50410D3	RLP
BnaA09g61620D3	RLP
BnaA09g64030D3	RLP
BnaC08g62480D3	RLP
BnaA09g66020D3	RLP
BnaA09g69370D3	RLP
BnaA09g69380D3	RLP
BnaA09g70280D3	RLP
BnaA09g70300D3	RLP
BnaA09g12700D3	RLP
BnaA10g22390D3	RLP
BnaA10g02120D3	RLP
BnaA10g30130D3	RLP
BnaA10g03550D3	RLP
BnaA10g03560D3	RLP
BnaA10g03570D3	RLP
BnaC01g12180D3	RLP
BnaC01g13850D3	RLP
BnaC01g14280D3	RLP
BnaC04g41680D3	RLP
BnaC01g30810D3	RLP
BnaC01g30860D3	RLP
BnaC01g34620D3	RLP
BnaC01g37090D3	RLP
BnaC01g37150D3	RLP
BnaC01g37190D3	RLP
BnaC01g05370D3	RLP
BnaC01g60420D3	RLP
BnaC01g07380D3	RLP
BnaA01g49680D3	RLP
BnaA01g49230D3	RLP
BnaC02g14160D3	RLP
BnaC02g15190D3	RLP
BnaC02g15250D3	RLP
BnaC02g19170D3	RLP
BnaC09g35640D3	RLP
BnaC02g24590D3	RLP
BnaC02g25190D3	RLP
BnaC06g44720D3	RLP
BnaC06g44730D3	RLP
BnaC02g32210D3	RLP
BnaC02g33640D3	RLP
BnaC02g33650D3	RLP
BnaC02g36980D3	RLP
BnaC02g37030D3	RLP
BnaC02g37050D3	RLP
BnaC02g37090D3	RLP
BnaC02g37100D3	RLP
BnaC02g37110D3	RLP
BnaC02g37120D3	RLP
BnaA02g18210D3	RLP
BnaA02g20010D3	RLP
BnaA02g20030D3	RLP
BnaA02g20040D3	RLP
BnaA02g20050D3	RLP
BnaC02g79230D3	RLP
BnaC02g84050D3	RLP
BnaC02g84060D3	RLP
BnaC02g10770D3	RLP
BnaC02g10790D3	RLP
BnaC02g10810D3	RLP
BnaC03g95080D3	RLP
BnaC03g12310D3	RLP
BnaC03g20680D3	RLP
BnaC07g13860D3	RLP
BnaC03g37490D3	RLP
BnaC03g39940D3	RLP
BnaC03g42220D3	RLP
BnaC03g44060D3	RLP
BnaC03g46820D3	RLP
BnaC03g46840D3	RLP
BnaC03g46870D3	RLP
BnaC03g51940D3	RLP
BnaC03g53360D3	RLP
BnaC08g24700D3	RLP
BnaC03g54220D3	RLP
BnaC03g56060D3	RLP
BnaC03g64370D3	RLP
BnaA08g28670D3	RLP
BnaC03g80500D3	RLP
BnaC03g09010D3	RLP
BnaC03g85900D3	RLP
BnaC03g85960D3	RLP
BnaC04g17550D3	RLP
BnaC04g17560D3	RLP
BnaC04g17730D3	RLP
BnaC04g18230D3	RLP
BnaC04g18260D3	RLP
BnaC04g48240D3	RLP
BnaC04g51580D3	RLP
BnaC04g52290D3	RLP
BnaC04g52310D3	RLP
BnaC04g57870D3	RLP
BnaC04g04070D3	RLP
BnaC04g73230D3	RLP
BnaC04g72980D3	RLP
BnaC04g72930D3	RLP
BnaC04g72860D3	RLP
BnaC04g72820D3	RLP
BnaC04g66540D3	RLP
BnaC04g66060D3	RLP
BnaC04g65850D3	RLP
BnaC04g65620D3	RLP
BnaC04g81060D3	RLP
BnaC05g11790D3	RLP
BnaC05g16290D3	RLP
BnaC05g16890D3	RLP
BnaC05g17450D3	RLP
BnaC05g21820D3	RLP
BnaC05g26600D3	RLP
BnaC05g29250D3	RLP
BnaC05g03050D3	RLP
BnaC05g55060D3	RLP
BnaC05g55110D3	RLP
BnaC05g60820D3	RLP
BnaC05g61090D3	RLP
BnaC05g08570D3	RLP
BnaC06g18150D3	RLP
BnaC06g25870D3	RLP
BnaC06g28930D3	RLP
BnaC06g34240D3	RLP
BnaC06g37660D3	RLP
BnaC06g39050D3	RLP
BnaC06g39080D3	RLP
BnaC06g39100D3	RLP
BnaC06g39110D3	RLP
BnaC06g39120D3	RLP
BnaC06g40460D3	RLP
BnaC06g41270D3	RLP
BnaC06g41360D3	RLP
BnaC06g48310D3	RLP
BnaC06g51640D3	RLP
BnaC06g51660D3	RLP
BnaC06g51740D3	RLP
BnaC06g51750D3	RLP
BnaC06g54530D3	RLP
BnaC06g54540D3	RLP
BnaC06g54600D3	RLP
BnaC06g54620D3	RLP
BnaC06g54630D3	RLP
BnaC06g54670D3	RLP
BnaC02g30360D3	RLP
BnaC07g28340D3	RLP
BnaC07g58910D3	RLP
BnaC07g20050D3	RLP
BnaC07g18120D3	RLP
BnaC08g25860D3	RLP
BnaC08g25870D3	RLP
BnaC08g35400D3	RLP
BnaC08g35890D3	RLP
BnaC08g13300D3	RLP
BnaC08g39520D3	RLP
BnaC08g46000D3	RLP
BnaC08g49480D3	RLP
BnaC08g49890D3	RLP
BnaC08g58690D3	RLP
BnaC08g58900D3	RLP
BnaC08g60570D3	RLP
BnaC08g32070D3	RLP
BnaC08g66390D3	RLP
BnaC08g66380D3	RLP
BnaC08g65030D3	RLP
BnaC08g65020D3	RLP
BnaC09g08240D3	RLP
BnaC09g26750D3	RLP
BnaC09g33260D3	RLP
BnaC09g49870D3	RLP
BnaC09g65500D3	RLP
BnaC09g70360D3	RLP
BnaP1g01670D3	RLP
BnaP1g06900D3	RLP
BnaP1g10030D3	RLP
BnaP1g11600D3	RLP
BnaP1g14400D3	RLP
BnaP1g14500D3	RLP
BnaP1g16380D3	RLP
BnaP1g18520D3	RLP
BnaP1g19480D3	RLP
BnaP1g20340D3	RLP
BnaP1g24060D3	RLP
BnaP1g24190D3	RLP
BnaP1g24670D3	RLP
BnaP1g27430D3	RLP
BnaP1g38350D3	RLP
BnaP1g41630D3	RLP
BnaP1g51550D3	RLP
BnaP1g52040D3	RLP
BnaC06g36350D3	RLP
BnaA01g23770D3	TM-CC
BnaA01g22310D3	TM-CC
BnaA01g22120D3	TM-CC
BnaA01g21820D3	TM-CC
BnaA01g19500D3	TM-CC
BnaA01g18360D3	TM-CC
BnaA01g00940D3	TM-CC
BnaA01g28750D3	TM-CC
BnaA01g28880D3	TM-CC
BnaA01g29730D3	TM-CC
BnaA01g29780D3	TM-CC
BnaA01g31320D3	TM-CC
BnaA01g33550D3	TM-CC
BnaA01g38030D3	TM-CC
BnaA01g50140D3	TM-CC
BnaA01g25000D3	TM-CC
BnaA02g12160D3	TM-CC
BnaA02g12170D3	TM-CC
BnaA02g13820D3	TM-CC
BnaA02g03870D3	TM-CC
BnaA02g22050D3	TM-CC
BnaA02g23080D3	TM-CC
BnaA02g04170D3	TM-CC
BnaA02g26240D3	TM-CC
BnaA02g34160D3	TM-CC
BnaA02g35420D3	TM-CC
BnaA02g35720D3	TM-CC
BnaA02g39050D3	TM-CC
BnaA02g40580D3	TM-CC
BnaA02g40960D3	TM-CC
BnaA02g42530D3	TM-CC
BnaA02g45180D3	TM-CC
BnaA02g47420D3	TM-CC
BnaA02g47670D3	TM-CC
BnaA02g09120D3	TM-CC
BnaA02g03220D3	TM-CC
BnaA02g11380D3	TM-CC
BnaA03g13670D3	TM-CC
BnaA03g01520D3	TM-CC
BnaA03g01600D3	TM-CC
BnaA03g22130D3	TM-CC
BnaA03g23840D3	TM-CC
BnaA03g24650D3	TM-CC
BnaA03g24720D3	TM-CC
BnaA03g02010D3	TM-CC
BnaA03g26480D3	TM-CC
BnaA03g27110D3	TM-CC
BnaA03g29580D3	TM-CC
BnaA03g29590D3	TM-CC
BnaA03g31540D3	TM-CC
BnaA03g34920D3	TM-CC
BnaA03g37600D3	TM-CC
BnaA03g37640D3	TM-CC
BnaA03g40700D3	TM-CC
BnaA03g43240D3	TM-CC
BnaA03g44850D3	TM-CC
BnaA03g46120D3	TM-CC
BnaA03g46400D3	TM-CC
BnaA03g46420D3	TM-CC
BnaA03g48610D3	TM-CC
BnaA03g53450D3	TM-CC
BnaA03g54430D3	TM-CC
BnaC02g05710D3	TM-CC
BnaA03g02430D3	TM-CC
BnaA03g58560D3	TM-CC
BnaA03g60750D3	TM-CC
BnaA03g03400D3	TM-CC
BnaA04g10960D3	TM-CC
BnaA04g13460D3	TM-CC
BnaA04g01490D3	TM-CC
BnaA04g01740D3	TM-CC
BnaA04g01790D3	TM-CC
BnaA04g18030D3	TM-CC
BnaA04g18820D3	TM-CC
BnaA04g20070D3	TM-CC
BnaA04g02160D3	TM-CC
BnaA04g02420D3	TM-CC
BnaA04g27150D3	TM-CC
BnaA04g03330D3	TM-CC
BnaA04g33050D3	TM-CC
BnaA04g34020D3	TM-CC
BnaA04g04730D3	TM-CC
BnaA04g06920D3	TM-CC
BnaA05g08470D3	TM-CC
BnaA05g08650D3	TM-CC
BnaA05g10930D3	TM-CC
BnaA03g10750D3	TM-CC
BnaA03g10620D3	TM-CC
BnaA03g10080D3	TM-CC
BnaA03g09060D3	TM-CC
BnaA01g14910D3	TM-CC
BnaU01g38060D3	TM-CC
BnaC02g60150D3	TM-CC
BnaU01g28930D3	TM-CC
BnaA05g32080D3	TM-CC
BnaA05g34330D3	TM-CC
BnaC05g61630D3	TM-CC
BnaA05g35070D3	TM-CC
BnaA05g36200D3	TM-CC
BnaA05g36640D3	TM-CC
BnaA05g38620D3	TM-CC
BnaA05g39020D3	TM-CC
BnaA05g39090D3	TM-CC
BnaA05g40660D3	TM-CC
BnaA05g41660D3	TM-CC
BnaA05g44280D3	TM-CC
BnaA05g43480D3	TM-CC
BnaA05g43270D3	TM-CC
BnaA05g03730D3	TM-CC
BnaA05g04040D3	TM-CC
BnaA05g06680D3	TM-CC
BnaA06g00130D3	TM-CC
BnaA01g08120D3	TM-CC
BnaA01g10880D3	TM-CC
BnaA06g15860D3	TM-CC
BnaA06g19480D3	TM-CC
BnaA06g20580D3	TM-CC
BnaA06g21230D3	TM-CC
BnaA06g22500D3	TM-CC
BnaA06g24050D3	TM-CC
BnaA06g00440D3	TM-CC
BnaA06g26430D3	TM-CC
BnaA06g26680D3	TM-CC
BnaA06g27860D3	TM-CC
BnaA06g28030D3	TM-CC
BnaA06g28140D3	TM-CC
BnaA06g28410D3	TM-CC
BnaA06g30140D3	TM-CC
BnaA06g38510D3	TM-CC
BnaA06g39220D3	TM-CC
BnaA06g39450D3	TM-CC
BnaA06g39600D3	TM-CC
BnaA06g41310D3	TM-CC
BnaA06g06100D3	TM-CC
BnaA06g43640D3	TM-CC
BnaA06g45100D3	TM-CC
BnaC07g35050D3	TM-CC
BnaA07g05230D3	TM-CC
BnaC07g34740D3	TM-CC
BnaA07g15460D3	TM-CC
BnaA07g37790D3	TM-CC
BnaA07g35910D3	TM-CC
BnaA07g34250D3	TM-CC
BnaA07g16290D3	TM-CC
BnaA07g19040D3	TM-CC
BnaA07g19830D3	TM-CC
BnaA07g20260D3	TM-CC
BnaA07g22790D3	TM-CC
BnaA07g23810D3	TM-CC
BnaC07g74310D3	TM-CC
BnaC07g75350D3	TM-CC
BnaA07g25140D3	TM-CC
BnaA07g26360D3	TM-CC
BnaA07g26460D3	TM-CC
BnaA07g26570D3	TM-CC
BnaA07g27190D3	TM-CC
BnaA07g29000D3	TM-CC
BnaA07g31420D3	TM-CC
BnaA06g07990D3	TM-CC
BnaA07g08120D3	TM-CC
BnaA07g07740D3	TM-CC
BnaA07g07720D3	TM-CC
BnaA07g07710D3	TM-CC
BnaA07g07690D3	TM-CC
BnaA07g00790D3	TM-CC
BnaA08g07750D3	TM-CC
BnaA08g12420D3	TM-CC
BnaA08g13470D3	TM-CC
BnaA08g01690D3	TM-CC
BnaA08g10240D3	TM-CC
BnaA08g17620D3	TM-CC
BnaA07g40120D3	TM-CC
BnaA07g41360D3	TM-CC
BnaA08g20860D3	TM-CC
BnaA08g21620D3	TM-CC
BnaA08g26650D3	TM-CC
BnaA08g34020D3	TM-CC
BnaA08g34470D3	TM-CC
BnaA08g35510D3	TM-CC
BnaA08g36760D3	TM-CC
BnaA08g39070D3	TM-CC
BnaA09g15130D3	TM-CC
BnaA09g15740D3	TM-CC
BnaA09g17260D3	TM-CC
BnaA09g18640D3	TM-CC
BnaA09g20090D3	TM-CC
BnaA09g26330D3	TM-CC
BnaA09g26500D3	TM-CC
BnaA09g31320D3	TM-CC
BnaA09g05520D3	TM-CC
BnaA09g38100D3	TM-CC
BnaA09g38210D3	TM-CC
BnaA09g42000D3	TM-CC
BnaA09g42120D3	TM-CC
BnaA09g42390D3	TM-CC
BnaA09g43080D3	TM-CC
BnaA09g45020D3	TM-CC
BnaA09g50710D3	TM-CC
BnaA09g51480D3	TM-CC
BnaA09g59260D3	TM-CC
BnaA09g60680D3	TM-CC
BnaA09g64560D3	TM-CC
BnaA09g67550D3	TM-CC
BnaA09g68600D3	TM-CC
BnaA09g71020D3	TM-CC
BnaA09g13430D3	TM-CC
BnaA10g02210D3	TM-CC
BnaA10g26970D3	TM-CC
BnaA10g02710D3	TM-CC
BnaA10g27960D3	TM-CC
BnaA10g30780D3	TM-CC
BnaA10g31210D3	TM-CC
BnaA10g32220D3	TM-CC
BnaA10g33090D3	TM-CC
BnaA10g35540D3	TM-CC
BnaA10g36570D3	TM-CC
BnaA10g36950D3	TM-CC
BnaA10g05220D3	TM-CC
BnaC01g12810D3	TM-CC
BnaC03g75430D3	TM-CC
BnaC03g72270D3	TM-CC
BnaC01g16980D3	TM-CC
BnaC01g02300D3	TM-CC
BnaC01g21430D3	TM-CC
BnaC01g21740D3	TM-CC
BnaC01g22210D3	TM-CC
BnaC01g26120D3	TM-CC
BnaC01g27810D3	TM-CC
BnaC01g28190D3	TM-CC
BnaC01g28950D3	TM-CC
BnaC01g03500D3	TM-CC
BnaC04g39530D3	TM-CC
BnaC04g40010D3	TM-CC
BnaC04g40870D3	TM-CC
BnaC04g41650D3	TM-CC
BnaC01g03980D3	TM-CC
BnaC01g31290D3	TM-CC
BnaC01g32340D3	TM-CC
BnaC01g36240D3	TM-CC
BnaC01g36390D3	TM-CC
BnaC01g56660D3	TM-CC
BnaC01g44810D3	TM-CC
BnaC01g48140D3	TM-CC
BnaC03g35440D3	TM-CC
BnaC03g35450D3	TM-CC
BnaC01g62330D3	TM-CC
BnaC01g61610D3	TM-CC
BnaA01g50130D3	TM-CC
BnaC01g08980D3	TM-CC
BnaC02g16550D3	TM-CC
BnaC02g02580D3	TM-CC
BnaC02g19130D3	TM-CC
BnaC02g02490D3	TM-CC
BnaC02g20280D3	TM-CC
BnaC09g38770D3	TM-CC
BnaC09g36860D3	TM-CC
BnaC02g22220D3	TM-CC
BnaC02g22900D3	TM-CC
BnaC06g45490D3	TM-CC
BnaC02g00730D3	TM-CC
BnaC02g35460D3	TM-CC
BnaC02g39810D3	TM-CC
BnaC02g41600D3	TM-CC
BnaA02g29400D3	TM-CC
BnaC02g69360D3	TM-CC
BnaC02g08860D3	TM-CC
BnaC02g73170D3	TM-CC
BnaC02g75080D3	TM-CC
BnaC02g76530D3	TM-CC
BnaC02g77280D3	TM-CC
BnaC02g79350D3	TM-CC
BnaC02g81660D3	TM-CC
BnaC02g82030D3	TM-CC
BnaC02g82150D3	TM-CC
BnaC02g82220D3	TM-CC
BnaC02g84500D3	TM-CC
BnaC02g87450D3	TM-CC
BnaA05g22720D3	TM-CC
BnaC02g92740D3	TM-CC
BnaC02g26480D3	TM-CC
BnaA02g47930D3	TM-CC
BnaC02g11680D3	TM-CC
BnaC03g97250D3	TM-CC
BnaC03g11610D3	TM-CC
BnaC03g12140D3	TM-CC
BnaC03g02390D3	TM-CC
BnaC03g24750D3	TM-CC
BnaC03g28310D3	TM-CC
BnaC03g03130D3	TM-CC
BnaC03g30530D3	TM-CC
BnaC07g39640D3	TM-CC
BnaC07g38160D3	TM-CC
BnaC03g03840D3	TM-CC
BnaC03g31770D3	TM-CC
BnaC03g38490D3	TM-CC
BnaC03g38560D3	TM-CC
BnaC03g42540D3	TM-CC
BnaC03g04740D3	TM-CC
BnaC03g04750D3	TM-CC
BnaC03g45530D3	TM-CC
BnaC03g46130D3	TM-CC
BnaC03g49020D3	TM-CC
BnaC08g07920D3	TM-CC
BnaC03g54410D3	TM-CC
BnaC03g32200D3	TM-CC
BnaC03g57810D3	TM-CC
BnaC03g62060D3	TM-CC
BnaC03g62290D3	TM-CC
BnaC03g07700D3	TM-CC
BnaC03g65210D3	TM-CC
BnaC03g65370D3	TM-CC
BnaC03g07950D3	TM-CC
BnaC03g68230D3	TM-CC
BnaC03g81870D3	TM-CC
BnaC03g82030D3	TM-CC
BnaC03g83880D3	TM-CC
BnaC03g89830D3	TM-CC
BnaC03g90450D3	TM-CC
BnaC03g91980D3	TM-CC
BnaC04g11760D3	TM-CC
BnaC04g15630D3	TM-CC
BnaC04g01670D3	TM-CC
BnaC04g21360D3	TM-CC
BnaC04g30050D3	TM-CC
BnaC04g49400D3	TM-CC
BnaC04g50670D3	TM-CC
BnaC04g50750D3	TM-CC
BnaC04g52510D3	TM-CC
BnaC04g53460D3	TM-CC
BnaC04g03610D3	TM-CC
BnaC04g55650D3	TM-CC
BnaC04g57810D3	TM-CC
BnaC04g74690D3	TM-CC
BnaC04g04630D3	TM-CC
BnaC04g68970D3	TM-CC
BnaC04g67670D3	TM-CC
BnaC04g66370D3	TM-CC
BnaC04g64510D3	TM-CC
BnaC04g75410D3	TM-CC
BnaC04g80090D3	TM-CC
BnaC04g81200D3	TM-CC
BnaC04g07040D3	TM-CC
BnaC04g08670D3	TM-CC
BnaC05g11380D3	TM-CC
BnaC05g14740D3	TM-CC
BnaC05g18510D3	TM-CC
BnaC05g18910D3	TM-CC
BnaC05g20290D3	TM-CC
BnaC05g01920D3	TM-CC
BnaC05g20850D3	TM-CC
BnaC05g24680D3	TM-CC
BnaC05g25320D3	TM-CC
BnaC05g25830D3	TM-CC
BnaC05g28930D3	TM-CC
BnaC05g30530D3	TM-CC
BnaC05g31900D3	TM-CC
BnaC05g32540D3	TM-CC
BnaC05g04610D3	TM-CC
BnaC05g45090D3	TM-CC
BnaC05g45700D3	TM-CC
BnaC05g46730D3	TM-CC
BnaC05g50870D3	TM-CC
BnaC05g50880D3	TM-CC
BnaC05g51110D3	TM-CC
BnaC05g57550D3	TM-CC
BnaC04g27350D3	TM-CC
BnaC05g61050D3	TM-CC
BnaC05g06680D3	TM-CC
BnaA05g28390D3	TM-CC
BnaC05g64260D3	TM-CC
BnaC05g64840D3	TM-CC
BnaC05g67470D3	TM-CC
BnaC05g69380D3	TM-CC
BnaC05g70460D3	TM-CC
BnaA05g42020D3	TM-CC
BnaC05g71840D3	TM-CC
BnaA10g40100D3	TM-CC
BnaC06g03710D3	TM-CC
BnaC06g11750D3	TM-CC
BnaC01g41320D3	TM-CC
BnaC06g26610D3	TM-CC
BnaC06g01600D3	TM-CC
BnaC06g29770D3	TM-CC
BnaC06g31630D3	TM-CC
BnaC06g32010D3	TM-CC
BnaC06g35610D3	TM-CC
BnaC06g38260D3	TM-CC
BnaC06g38460D3	TM-CC
BnaC06g39900D3	TM-CC
BnaC06g41770D3	TM-CC
BnaC06g49980D3	TM-CC
BnaC06g50380D3	TM-CC
BnaC06g52880D3	TM-CC
BnaC06g53410D3	TM-CC
BnaC06g54980D3	TM-CC
BnaC02g30220D3	TM-CC
BnaC02g30210D3	TM-CC
BnaC06g58720D3	TM-CC
BnaC06g59050D3	TM-CC
BnaC07g01120D3	TM-CC
BnaC07g15350D3	TM-CC
BnaC07g15320D3	TM-CC
BnaC07g00280D3	TM-CC
BnaC07g01780D3	TM-CC
BnaC07g32630D3	TM-CC
BnaC07g34010D3	TM-CC
BnaC07g02660D3	TM-CC
BnaC07g41710D3	TM-CC
BnaC07g44410D3	TM-CC
BnaC07g47330D3	TM-CC
BnaC07g51490D3	TM-CC
BnaC07g51740D3	TM-CC
BnaC07g53030D3	TM-CC
BnaC07g54130D3	TM-CC
BnaC07g60490D3	TM-CC
BnaC07g62890D3	TM-CC
BnaC07g19560D3	TM-CC
BnaC07g16390D3	TM-CC
BnaC08g17560D3	TM-CC
BnaC03g76530D3	TM-CC
BnaC08g34720D3	TM-CC
BnaC08g36710D3	TM-CC
BnaA05g26870D3	TM-CC
BnaA05g26890D3	TM-CC
BnaA05g27080D3	TM-CC
BnaC08g38260D3	TM-CC
BnaC08g40080D3	TM-CC
BnaC08g41410D3	TM-CC
BnaC08g46740D3	TM-CC
BnaC08g49770D3	TM-CC
BnaC08g50610D3	TM-CC
BnaC08g30590D3	TM-CC
BnaC08g32190D3	TM-CC
BnaC08g67130D3	TM-CC
BnaC08g64300D3	TM-CC
BnaC08g00780D3	TM-CC
BnaC09g09320D3	TM-CC
BnaC09g11210D3	TM-CC
BnaA09g06750D3	TM-CC
BnaA09g06810D3	TM-CC
BnaC09g14300D3	TM-CC
BnaA09g07590D3	TM-CC
BnaA09g08200D3	TM-CC
BnaC09g19620D3	TM-CC
BnaA10g15490D3	TM-CC
BnaA10g18680D3	TM-CC
BnaC09g52130D3	TM-CC
BnaC09g27570D3	TM-CC
BnaC09g28440D3	TM-CC
BnaC09g28640D3	TM-CC
BnaC09g30400D3	TM-CC
BnaC09g02010D3	TM-CC
BnaC09g02210D3	TM-CC
BnaC09g32950D3	TM-CC
BnaC09g35210D3	TM-CC
BnaC09g41160D3	TM-CC
BnaC09g45780D3	TM-CC
BnaC09g46900D3	TM-CC
BnaC09g54090D3	TM-CC
BnaC09g54880D3	TM-CC
BnaC09g60680D3	TM-CC
BnaC09g61060D3	TM-CC
BnaC09g67570D3	TM-CC
BnaC09g71300D3	TM-CC
BnaC09g71830D3	TM-CC
BnaC09g74000D3	TM-CC
BnaC09g76660D3	TM-CC
BnaC09g76930D3	TM-CC
BnaC09g07370D3	TM-CC
BnaP1g06230D3	TM-CC
BnaP1g33980D3	TM-CC
BnaP1g38370D3	TM-CC
BnaC02g50440D3	TM-CC
BnaU01g65600D3	TM-CC
BnaC07g34510D3	TM-CC
