BnaC06g40070D3	CN
BnaC09g16830D3	CN
BnaC08g31000D3	CN
BnaA10g21730D3	CN
BnaU01g00680D3	CN
BnaA06g09590D3	CN
BnaC02g72800D3	CN
BnaC09g57980D3	CN
BnaC07g50860D3	CN
BnaC08g39900D3	CN
BnaU01g00700D3	CN
BnaA06g37600D3	CN
BnaC04g59570D3	CN
BnaC01g25030D3	CN
BnaC03g34340D3	CN
BnaC08g31090D3	CN
BnaC08g40030D3	CN
BnaA10g06160D3	CN
BnaC06g07730D3	CN
BnaA06g37630D3	CN
BnaC07g50900D3	CN
BnaC08g33590D3	CN
BnaA02g33740D3	CN
BnaA08g36520D3	CN
BnaC06g28480D3	CN
BnaC01g14580D3	CN
BnaA06g39920D3	CN
BnaA09g02630D3	CN
BnaC06g05420D3	CN
BnaC09g16810D3	CN
BnaA09g42030D3	CNL
BnaC08g69370D3	CNL
BnaA02g45060D3	CNL
BnaC07g39190D3	CNL
BnaA06g09570D3	CNL
BnaC06g02050D3	CNL
BnaC01g44010D3	CNL
BnaA09g42100D3	CNL
BnaC09g09040D3	CNL
BnaC08g41260D3	CNL
BnaP1g47450D3	CNL
BnaA06g03550D3	CNL
BnaC04g12580D3	CNL
BnaA01g29910D3	CNL
BnaA05g09030D3	CNL
BnaA06g02480D3	CNL
BnaA02g35700D3	CNL
BnaC09g27020D3	CNL
BnaP1g53840D3	CNL
BnaA06g03570D3	CNL
BnaA09g16330D3	CNL
BnaA09g66820D3	CNL
BnaA06g03280D3	CNL
BnaA05g08970D3	CNL
BnaA02g35660D3	CNL
BnaA03g59980D3	CNL
BnaC09g13130D3	CNL
BnaC06g07720D3	CNL
BnaA09g13190D3	CNL
BnaA09g66850D3	CNL
BnaC01g42840D3	CNL
BnaC07g76620D3	CNL
BnaC08g31050D3	CNL
BnaC05g14730D3	CNL
BnaA09g25670D3	CNL
BnaA09g21340D3	CNL
BnaC04g20290D3	CNL
BnaC08g69450D3	CNL
BnaC05g61330D3	CNL
BnaA08g03290D3	CNL
BnaA01g24750D3	CNL
BnaA01g30630D3	CNL
BnaC08g69390D3	CNL
BnaC03g95140D3	CNL
BnaP1g09850D3	CNL
BnaC05g10890D3	CNL
BnaA09g66930D3	CNL
BnaA07g24550D3	CNL
BnaC03g54500D3	CNL
BnaA09g13200D3	CNL
BnaC06g05320D3	CNL
BnaA08g36540D3	CNL
BnaC09g58880D3	CNL
BnaA09g20160D3	CNL
BnaC09g13100D3	CNL
BnaC06g05620D3	CNL
BnaA10g22340D3	CNL
BnaC03g98590D3	CNL
BnaA09g42960D3	CNL
BnaC03g58290D3	CNL
BnaA01g16670D3	CNL
BnaC07g50960D3	CNL
BnaA01g25820D3	CNL
BnaA03g43290D3	CNL
BnaC07g42020D3	CNL
BnaC06g06270D3	CNL
BnaA05g33740D3	CNL
BnaC07g53970D3	CNL
BnaC04g35220D3	CNL
BnaC09g26140D3	NBS
BnaP1g38120D3	NBS
BnaA09g02640D3	NBS
BnaC09g64200D3	NBS
BnaC06g06310D3	NBS
BnaP1g02230D3	NBS
BnaP1g47970D3	NBS
BnaP1g04050D3	NBS
BnaA09g66830D3	NBS
BnaC04g35170D3	NBS
BnaA06g01910D3	NBS
BnaC07g41370D3	NBS
BnaC05g14260D3	NBS
BnaA01g39720D3	NBS
BnaC06g08940D3	NBS
BnaC06g05590D3	NBS
BnaC05g28780D3	NBS
BnaC01g44710D3	NBS
BnaC06g06210D3	NBS
BnaA01g10210D3	NBS
BnaC08g34120D3	NBS
BnaA10g30670D3	NBS
BnaC02g12250D3	NBS
BnaC07g41530D3	NBS
BnaC06g53350D3	NBS
BnaC02g72330D3	NBS
BnaC05g10850D3	NBS
BnaC05g10880D3	NBS
BnaC02g72780D3	NBS
BnaP1g04860D3	NBS
BnaC03g74550D3	NBS
BnaC08g69340D3	NBS
BnaA01g16690D3	NBS
BnaP1g55800D3	NBS
BnaA05g42540D3	NBS
BnaC08g31130D3	NBS
BnaC08g58600D3	NBS
BnaC08g58640D3	NBS
BnaP1g04040D3	NBS
BnaC06g05410D3	NBS
BnaC02g44440D3	NBS
BnaC09g35360D3	NBS
BnaC08g61400D3	NBS
BnaA09g08230D3	NBS
BnaC01g61410D3	NBS
BnaA06g03890D3	NBS
BnaC02g72350D3	NBS
BnaC08g37080D3	NBS
BnaA09g25060D3	NBS
BnaP1g02900D3	NBS
BnaA06g37620D3	NBS
BnaA02g45030D3	NBS
BnaC01g31250D3	NBS
BnaC07g39630D3	NBS
BnaP1g31890D3	NBS
BnaC07g41440D3	NBS
BnaC01g05300D3	NBS
BnaC08g33600D3	NBS
BnaC05g14270D3	NBS
BnaC02g29410D3	NBS
BnaC01g41890D3	NL
BnaA09g66350D3	NL
BnaA03g29190D3	NL
BnaP1g44810D3	NL
BnaP1g00010D3	NL
BnaC09g08770D3	NL
BnaC05g10940D3	NL
BnaA03g55520D3	NL
BnaA06g37660D3	NL
BnaA09g30350D3	NL
BnaA07g18540D3	NL
BnaC07g41450D3	NL
BnaC09g16800D3	NL
BnaC03g92200D3	NL
BnaA10g35740D3	NL
BnaC03g34910D3	NL
BnaP1g39360D3	NL
BnaA02g45000D3	NL
BnaA10g06170D3	NL
BnaA01g16680D3	NL
BnaA01g45170D3	NL
BnaP1g43990D3	NL
BnaC07g36320D3	NL
BnaC07g67210D3	NL
BnaC06g40010D3	NL
BnaP1g39160D3	NL
BnaA05g33750D3	NL
BnaA09g21610D3	NL
BnaC09g34240D3	NL
BnaC07g41240D3	NL
BnaC05g61340D3	NL
BnaP1g09060D3	NL
BnaC09g64230D3	NL
BnaC01g23510D3	NL
BnaP1g21590D3	NL
BnaC06g40110D3	NL
BnaA03g44090D3	NL
BnaA02g35710D3	NL
BnaA07g45130D3	NL
BnaC03g17690D3	NL
BnaC08g31080D3	NL
BnaC08g61380D3	NL
BnaC08g41820D3	NL
BnaP1g42720D3	NL
BnaP1g07940D3	NL
BnaC07g50950D3	NL
BnaA09g05930D3	NL
BnaP1g22990D3	NL
BnaP1g00070D3	NL
BnaP1g53920D3	NL
BnaA09g13020D3	NL
BnaC08g58660D3	NL
BnaC01g31270D3	NL
BnaA07g18550D3	NL
BnaA08g19010D3	NL
BnaA01g45340D3	NL
BnaC04g13690D3	NL
BnaA09g08320D3	NL
BnaA09g21230D3	NL
BnaC07g72550D3	NL
BnaA02g43650D3	NL
BnaC09g19880D3	NL
BnaC05g10860D3	NL
BnaA09g66990D3	NL
BnaP1g54460D3	NL
BnaA09g66840D3	NL
BnaC07g41310D3	NL
BnaC01g14570D3	NL
BnaC06g40080D3	NL
BnaA06g09600D3	NL
BnaC02g87940D3	NL
BnaC08g69460D3	NL
BnaA03g50490D3	NL
BnaP1g55190D3	NL
BnaC03g55780D3	NL
BnaA05g19160D3	NL
BnaA06g35300D3	NL
BnaC09g76920D3	NL
BnaC09g19410D3	NL
BnaC01g14990D3	NL
BnaA09g49250D3	NL
BnaC09g02390D3	NL
BnaC02g11660D3	NL
BnaP1g12550D3	NL
BnaA01g03520D3	NL
BnaC06g05580D3	NL
BnaC06g06320D3	NL
BnaA08g36530D3	NL
BnaC08g33510D3	NL
BnaC02g72380D3	NL
BnaP1g56210D3	NL
BnaA01g10200D3	NL
BnaP1g26120D3	OTHER
BnaC04g49600D3	OTHER
BnaC03g84780D3	OTHER
BnaC07g47800D3	OTHER
BnaC08g41810D3	OTHER
BnaC03g09840D3	OTHER
BnaC07g41250D3	OTHER
BnaA09g43680D3	OTHER
BnaC07g02610D3	OTHER
BnaP1g33340D3	OTHER
BnaA03g50510D3	OTHER
BnaC03g34570D3	OTHER
BnaC06g53320D3	OTHER
BnaC07g69540D3	OTHER
BnaA06g45150D3	OTHER
BnaA09g64730D3	OTHER
BnaA09g30610D3	TN
BnaC06g53400D3	TN
BnaA02g19220D3	TN
BnaP1g16690D3	TN
BnaP1g16730D3	TN
BnaA07g40070D3	TN
BnaC02g35360D3	TN
BnaA07g31430D3	TN
BnaC06g53330D3	TN
BnaA09g64770D3	TN
BnaP1g24830D3	TN
BnaA02g33400D3	TN
BnaC02g72180D3	TN
BnaC08g58680D3	TN
BnaA07g40080D3	TN
BnaC06g40000D3	TN
BnaC06g53360D3	TN
BnaC06g39910D3	TN
BnaA03g52600D3	TN
BnaC08g58630D3	TN
BnaA02g33320D3	TN
BnaC07g41600D3	TN
BnaC04g57520D3	TN
BnaC06g40090D3	TN
BnaC06g40120D3	TN
BnaA07g40090D3	TN
BnaP1g34660D3	TN
BnaC06g39940D3	TN
BnaA07g40060D3	TN
BnaA10g18470D3	TN
BnaC07g69480D3	TN
BnaC06g53380D3	TN
BnaC09g51540D3	TN
BnaA05g19150D3	TNL
BnaC02g72250D3	TNL
BnaP1g34210D3	TNL
BnaA09g64430D3	TNL
BnaC08g37020D3	TNL
BnaA02g33300D3	TNL
BnaA07g45360D3	TNL
BnaC04g57560D3	TNL
BnaC02g72400D3	TNL
BnaA08g23440D3	TNL
BnaP1g35730D3	TNL
BnaP1g24910D3	TNL
BnaA01g01410D3	TNL
BnaC09g26280D3	TNL
BnaP1g45360D3	TNL
BnaP1g09080D3	TNL
BnaA09g30660D3	TNL
BnaA08g30170D3	TNL
BnaA09g64720D3	TNL
BnaC03g86530D3	TNL
BnaC03g84710D3	TNL
BnaA08g15900D3	TNL
BnaC07g41270D3	TNL
BnaC03g86610D3	TNL
BnaA09g43670D3	TNL
BnaC05g25000D3	TNL
BnaC09g26180D3	TNL
BnaC03g58360D3	TNL
BnaA08g23450D3	TNL
BnaA02g33380D3	TNL
BnaC08g58620D3	TNL
BnaC03g86590D3	TNL
BnaC09g26240D3	TNL
BnaC05g24920D3	TNL
BnaP1g25240D3	TNL
BnaC03g09830D3	TNL
BnaC09g70100D3	TNL
BnaA08g15880D3	TNL
BnaC09g26300D3	TNL
BnaA09g30600D3	TNL
BnaA09g30630D3	TNL
BnaC01g15030D3	TNL
BnaC09g26200D3	TNL
BnaC07g67220D3	TNL
BnaP1g45370D3	TNL
BnaC02g11650D3	TNL
BnaC07g67270D3	TNL
BnaA08g23430D3	TNL
BnaC03g21300D3	TNL
BnaC03g84670D3	TNL
BnaP1g09050D3	TNL
BnaA02g33310D3	TNL
BnaC02g72210D3	TNL
BnaP1g40120D3	TNL
BnaP1g14220D3	TNL
BnaA01g10600D3	TNL
BnaC03g84680D3	TNL
BnaC07g41550D3	TNL
BnaC07g41580D3	TNL
BnaA06g19420D3	TNL
BnaC03g21290D3	TNL
BnaA09g64440D3	TNL
BnaC06g59410D3	TNL
BnaC09g34260D3	TNL
BnaA02g33340D3	TNL
BnaC07g67250D3	TNL
BnaA02g39000D3	TX
BnaC08g66210D3	TX
BnaC03g84770D3	TX
BnaC06g40100D3	TX
BnaA01g13820D3	TX
BnaC02g72220D3	TX
BnaA09g24900D3	TX
BnaA02g33140D3	TX
BnaA01g10050D3	TX
BnaC07g41210D3	TX
BnaC07g47820D3	TX
BnaC01g41420D3	TX
BnaA01g13720D3	TX
BnaP1g49690D3	TX
BnaC01g20110D3	TX
BnaA06g06670D3	TX
BnaC01g19830D3	TX
BnaP1g06250D3	TX
BnaC01g20090D3	TX
BnaC05g07550D3	TX
BnaC01g20200D3	TX
BnaC02g80320D3	TX
BnaA02g38430D3	TX
BnaC02g72370D3	TX
BnaC09g26130D3	TX
BnaP1g52840D3	TX
BnaA02g33290D3	TX
BnaA06g01680D3	TX
BnaA10g26910D3	TX
BnaC08g37070D3	TX
BnaC04g66190D3	TX
BnaP1g12690D3	TX
BnaC07g41520D3	TX
BnaC02g80250D3	TX
BnaC02g71700D3	TX
BnaC09g66110D3	TX
BnaC07g41460D3	TX
BnaC03g58320D3	TX
BnaA08g01940D3	TX
BnaC01g20060D3	TX
BnaC09g35370D3	TX
BnaA09g64420D3	TX
BnaC03g86800D3	TX
BnaC07g42310D3	TX
BnaP1g28420D3	TX
BnaA09g20230D3	TX
BnaA06g12480D3	TX
BnaA01g31100D3	TX
BnaC07g41420D3	TX
BnaA09g24920D3	TX
BnaC07g09020D3	TX
BnaA01g29010D3	TX
BnaP1g51810D3	TX
BnaC01g20000D3	TX
BnaC02g71690D3	TX
BnaC06g17130D3	TX
BnaC01g20070D3	TX
BnaC07g41360D3	TX
BnaA02g33370D3	TX
BnaA09g27760D3	TX
BnaA02g38420D3	TX
BnaC09g25950D3	TX
BnaA08g30120D3	TX
BnaC05g07540D3	TX
BnaA09g24860D3	TX
BnaC07g69550D3	TX
BnaC03g96710D3	TX
BnaC02g72310D3	TX
BnaC01g20100D3	TX
BnaC09g26190D3	TX
BnaC09g25850D3	TX
BnaC01g20010D3	TX
BnaC02g72360D3	TX
BnaA09g08450D3	TX
BnaA02g38390D3	TX
BnaA07g40110D3	TX
BnaC02g72160D3	TX
BnaA06g44760D3	TX
BnaA09g25050D3	TX
