BnaA01g20070D3	RLP	lrr
BnaA01g20040D3	RLP	lrr
BnaA01g18510D3	RLP	lrr
BnaA01g43020D3	RLP	lrr
BnaC01g64460D3	RLP	lrr
BnaA01g49220D3	RLP	lrr
BnaA01g49670D3	RLP	lrr
BnaA01g44900D3	RLP	lrr
BnaA01g04340D3	RLP	lrr
BnaA02g03470D3	RLP	lrr
BnaA02g13600D3	RLP	lrr
BnaA02g13970D3	RLP	lrr
BnaA02g38920D3	RLP	lrr
BnaA02g42270D3	RLP	lrr
BnaA02g05560D3	RLP	lrr
BnaA02g45040D3	RLP	lrr
BnaA03g06740D3	RLP	lrr
BnaA03g18430D3	RLP	lrr
BnaA03g20560D3	RLP	lrr
BnaA03g27530D3	RLP	lrr
BnaA03g32820D3	RLP	lrr
BnaA03g34640D3	RLP	lrr
BnaA03g34650D3	RLP	lrr
BnaA03g36070D3	RLP	lrr
BnaA03g42550D3	RLP	lrr
BnaA03g44260D3	RLP	lrr
BnaA03g44340D3	RLP	lrr
BnaC07g71560D3	RLP	lrr
BnaC07g71580D3	RLP	lrr
BnaA03g00570D3	RLP	lrr
BnaA03g00640D3	RLP	lrr
BnaA04g19520D3	RLP	lrr
BnaA04g19530D3	RLP	lrr
BnaA04g19900D3	RLP	lrr
BnaA04g20190D3	RLP	lrr
BnaA04g21520D3	RLP	lrr
BnaA04g24440D3	RLP	lrr
BnaA04g24970D3	RLP	lrr
BnaA04g25020D3	RLP	lrr
BnaA04g25070D3	RLP	lrr
BnaA04g25390D3	RLP	lrr
BnaA04g25600D3	RLP	lrr
BnaA04g33870D3	RLP	lrr
BnaA04g06050D3	RLP	lrr
BnaA04g08240D3	RLP	lrr
BnaA04g08250D3	RLP	lrr
BnaA04g08300D3	RLP	lrr
BnaA04g08310D3	RLP	lrr
BnaA05g10860D3	RLP	lrr
BnaA05g12100D3	RLP	lrr
BnaA05g19830D3	RLP	lrr
BnaA05g30480D3	RLP	lrr
BnaA05g33420D3	RLP	lrr
BnaA05g33500D3	RLP	lrr
BnaA05g03330D3	RLP	lrr
BnaA05g05920D3	RLP	lrr
BnaA06g13090D3	RLP	lrr
BnaA01g08430D3	RLP	lrr
BnaA01g09970D3	RLP	lrr
BnaA06g13500D3	RLP	lrr
BnaA06g14220D3	RLP	lrr
BnaA06g14280D3	RLP	lrr
BnaA06g14300D3	RLP	lrr
BnaA06g14330D3	RLP	lrr
BnaA06g15000D3	RLP	lrr
BnaA06g15010D3	RLP	lrr
BnaA06g18380D3	RLP	lysm
BnaA06g05120D3	RLP	lrr
BnaA07g05250D3	RLP	lrr
BnaA07g32140D3	RLP	lrr
BnaA07g32130D3	RLP	lrr
BnaA07g23190D3	RLP	lrr
BnaA07g24190D3	RLP	lrr
BnaC07g66700D3	RLP	lrr
BnaA07g03220D3	RLP	lrr
BnaA07g25820D3	RLP	lrr
BnaA07g27910D3	RLP	lrr
BnaA06g07610D3	RLP	lrr
BnaA07g30870D3	RLP	lrr
BnaA07g30880D3	RLP	lrr
BnaA07g06770D3	RLP	lrr
BnaA08g15530D3	RLP	lrr
BnaA08g15580D3	RLP	lrr
BnaA08g15750D3	RLP	lrr
BnaA07g38800D3	RLP	lrr
BnaA07g38810D3	RLP	lrr
BnaA07g41110D3	RLP	lrr
BnaA07g41130D3	RLP	lrr
BnaA08g23460D3	RLP	lrr
BnaA08g26010D3	RLP	lrr
BnaA08g27710D3	RLP	lrr
BnaA08g30870D3	RLP	lrr
BnaA08g31080D3	RLP	lysm
BnaA08g33210D3	RLP	lrr
BnaA08g00140D3	RLP	lrr
BnaA09g14240D3	RLP	lrr
BnaA09g14720D3	RLP	lrr
BnaA09g22270D3	RLP	lrr
BnaA09g22290D3	RLP	lrr
BnaA09g25440D3	RLP	lrr
BnaA09g05530D3	RLP	lrr
BnaA09g47450D3	RLP	lrr
BnaA09g50410D3	RLP	lrr
BnaA09g61620D3	RLP	lrr
BnaA09g64030D3	RLP	lrr
BnaC08g62480D3	RLP	lrr
BnaA09g66020D3	RLP	lrr
BnaA09g69370D3	RLP	lrr
BnaA09g69380D3	RLP	lrr
BnaA09g70280D3	RLP	lrr
BnaA09g70300D3	RLP	lrr
BnaA09g12700D3	RLP	lrr
BnaA10g22390D3	RLP	lrr
BnaA10g02120D3	RLP	lrr
BnaA10g30130D3	RLP	lrr
BnaA10g03550D3	RLP	lrr
BnaA10g03560D3	RLP	lrr
BnaA10g03570D3	RLP	lrr
BnaC01g12180D3	RLP	lrr
BnaC01g13850D3	RLP	lrr
BnaC01g14280D3	RLP	lrr
BnaC04g41680D3	RLP	lrr
BnaC01g30810D3	RLP	lrr
BnaC01g30860D3	RLP	lrr
BnaC01g34620D3	RLP	lrr
BnaC01g37090D3	RLP	lrr
BnaC01g37150D3	RLP	lrr
BnaC01g37190D3	RLP	lrr
BnaC01g05370D3	RLP	lrr
BnaC01g60420D3	RLP	lrr
BnaC01g07380D3	RLP	lrr
BnaA01g49680D3	RLP	lrr
BnaA01g49230D3	RLP	lrr
BnaC02g14160D3	RLP	lrr
BnaC02g15190D3	RLP	lrr
BnaC02g15250D3	RLP	lrr
BnaC02g19170D3	RLP	lrr
BnaC09g35640D3	RLP	lrr
BnaC02g24590D3	RLP	lrr
BnaC02g25190D3	RLP	lrr
BnaC06g44720D3	RLP	lrr
BnaC06g44730D3	RLP	lrr
BnaC02g32210D3	RLP	lrr
BnaC02g33640D3	RLP	lrr
BnaC02g33650D3	RLP	lrr
BnaC02g36980D3	RLP	lrr
BnaC02g37030D3	RLP	lrr
BnaC02g37050D3	RLP	lrr
BnaC02g37090D3	RLP	lrr
BnaC02g37100D3	RLP	lrr
BnaC02g37110D3	RLP	lrr
BnaC02g37120D3	RLP	lrr
BnaA02g18210D3	RLP	lrr
BnaA02g20010D3	RLP	lrr
BnaA02g20030D3	RLP	lrr
BnaA02g20040D3	RLP	lrr
BnaA02g20050D3	RLP	lrr
BnaC02g79230D3	RLP	lrr
BnaC02g84050D3	RLP	lrr
BnaC02g84060D3	RLP	lrr
BnaC02g10770D3	RLP	lrr
BnaC02g10790D3	RLP	lrr
BnaC02g10810D3	RLP	lrr
BnaC03g95080D3	RLP	lrr
BnaC03g12310D3	RLP	lrr
BnaC03g20680D3	RLP	lrr
BnaC07g13860D3	RLP	lrr
BnaC03g37490D3	RLP	lrr
BnaC03g39940D3	RLP	lrr
BnaC03g42220D3	RLP	lrr
BnaC03g44060D3	RLP	lrr
BnaC03g46820D3	RLP	lrr
BnaC03g46840D3	RLP	lrr
BnaC03g46870D3	RLP	lrr
BnaC03g51940D3	RLP	lrr
BnaC03g53360D3	RLP	lrr
BnaC08g24700D3	RLP	lrr
BnaC03g54220D3	RLP	lrr
BnaC03g56060D3	RLP	lrr
BnaC03g64370D3	RLP	lrr
BnaA08g28670D3	RLP	lrr
BnaC03g80500D3	RLP	lrr
BnaC03g09010D3	RLP	lrr
BnaC03g85900D3	RLP	lrr
BnaC03g85960D3	RLP	lrr
BnaC04g17550D3	RLP	lrr
BnaC04g17560D3	RLP	lrr
BnaC04g17730D3	RLP	lrr
BnaC04g18230D3	RLP	lrr
BnaC04g18260D3	RLP	lrr
BnaC04g48240D3	RLP	lrr
BnaC04g51580D3	RLP	lrr
BnaC04g52290D3	RLP	lrr
BnaC04g52310D3	RLP	lrr
BnaC04g57870D3	RLP	lrr
BnaC04g04070D3	RLP	lrr
BnaC04g73230D3	RLP	lrr
BnaC04g72980D3	RLP	lrr
BnaC04g72930D3	RLP	lrr
BnaC04g72860D3	RLP	lrr
BnaC04g72820D3	RLP	lrr
BnaC04g66540D3	RLP	lrr
BnaC04g66060D3	RLP	lrr
BnaC04g65850D3	RLP	lrr
BnaC04g65620D3	RLP	lrr
BnaC04g81060D3	RLP	lrr
BnaC05g11790D3	RLP	lrr
BnaC05g16290D3	RLP	lrr
BnaC05g16890D3	RLP	lrr
BnaC05g17450D3	RLP	lrr
BnaC05g21820D3	RLP	lysm
BnaC05g26600D3	RLP	lrr
BnaC05g29250D3	RLP	lrr
BnaC05g03050D3	RLP	lrr
BnaC05g55060D3	RLP	lrr
BnaC05g55110D3	RLP	lrr
BnaC05g60820D3	RLP	lrr
BnaC05g61090D3	RLP	lrr
BnaC05g08570D3	RLP	lrr
BnaC06g18150D3	RLP	lrr
BnaC06g25870D3	RLP	lrr
BnaC06g28930D3	RLP	lrr
BnaC06g34240D3	RLP	lrr
BnaC06g37660D3	RLP	lrr
BnaC06g39050D3	RLP	lrr
BnaC06g39080D3	RLP	lrr
BnaC06g39100D3	RLP	lrr
BnaC06g39110D3	RLP	lrr
BnaC06g39120D3	RLP	lrr
BnaC06g40460D3	RLP	lrr
BnaC06g41270D3	RLP	lrr
BnaC06g41360D3	RLP	lrr
BnaC06g48310D3	RLP	lrr
BnaC06g51640D3	RLP	lrr
BnaC06g51660D3	RLP	lrr
BnaC06g51740D3	RLP	lrr
BnaC06g51750D3	RLP	lrr
BnaC06g54530D3	RLP	lrr
BnaC06g54540D3	RLP	lrr
BnaC06g54600D3	RLP	lrr
BnaC06g54620D3	RLP	lrr
BnaC06g54630D3	RLP	lrr
BnaC06g54670D3	RLP	lrr
BnaC02g30360D3	RLP	lrr
BnaC07g28340D3	RLP	lrr
BnaC07g58910D3	RLP	lrr
BnaC07g20050D3	RLP	lrr
BnaC07g18120D3	RLP	lrr
BnaC08g25860D3	RLP	lrr
BnaC08g25870D3	RLP	lrr
BnaC08g35400D3	RLP	lrr
BnaC08g35890D3	RLP	lrr
BnaC08g13300D3	RLP	lysm
BnaC08g39520D3	RLP	lrr
BnaC08g46000D3	RLP	lrr
BnaC08g49480D3	RLP	lrr
BnaC08g49890D3	RLP	lrr
BnaC08g58690D3	RLP	lrr
BnaC08g58900D3	RLP	lrr
BnaC08g60570D3	RLP	lrr
BnaC08g32070D3	RLP	lrr
BnaC08g66390D3	RLP	lrr
BnaC08g66380D3	RLP	lrr
BnaC08g65030D3	RLP	lrr
BnaC08g65020D3	RLP	lrr
BnaC09g08240D3	RLP	lrr
BnaC09g26750D3	RLP	lrr
BnaC09g33260D3	RLP	lrr
BnaC09g49870D3	RLP	lrr
BnaC09g65500D3	RLP	lrr
BnaC09g70360D3	RLP	lrr
BnaP1g01670D3	RLP	lrr
BnaP1g06900D3	RLP	lrr
BnaP1g10030D3	RLP	lrr
BnaP1g11600D3	RLP	lrr
BnaP1g14400D3	RLP	lrr
BnaP1g14500D3	RLP	lrr
BnaP1g16380D3	RLP	lrr
BnaP1g18520D3	RLP	lrr
BnaP1g19480D3	RLP	lrr
BnaP1g20340D3	RLP	lrr
BnaP1g24060D3	RLP	lrr
BnaP1g24190D3	RLP	lrr
BnaP1g24670D3	RLP	lrr
BnaP1g27430D3	RLP	lrr
BnaP1g38350D3	RLP	lrr
BnaP1g41630D3	RLP	lrr
BnaP1g51550D3	RLP	lrr
BnaP1g52040D3	RLP	lrr
BnaC06g36350D3	RLP	lrr
