BnaA01g22100D3	RLK	other_receptor
BnaA01g19850D3	RLK	lrr
BnaA01g19780D3	RLK	other_receptor
BnaA01g18850D3	RLK	lrr
BnaA01g00630D3	RLK	lrr
BnaA01g16220D3	RLK	other_receptor
BnaA01g16200D3	RLK	other_receptor
BnaA01g30520D3	RLK	lrr
BnaA01g30720D3	RLK	lrr
BnaA01g01390D3	RLK	lrr
BnaC05g41950D3	RLK	lrr
BnaC05g41540D3	RLK	lrr
BnaA01g05420D3	RLK	other_receptor
BnaA01g36130D3	RLK	lrr
BnaA01g36490D3	RLK	lrr
BnaA01g37800D3	RLK	lrr
BnaA01g38020D3	RLK	lrr
BnaA01g38300D3	RLK	lrr
BnaA01g38340D3	RLK	lrr
BnaA01g38380D3	RLK	lrr
BnaA01g38420D3	RLK	other_receptor
BnaA01g40730D3	RLK	lrr
BnaA01g41850D3	RLK	lrr
BnaA01g02650D3	RLK	other_receptor
BnaC01g63840D3	RLK	other_receptor
BnaA01g02910D3	RLK	lrr
BnaA01g52500D3	RLK	lrr
BnaA01g47020D3	RLK	lrr
BnaA01g03440D3	RLK	lrr
BnaA01g05580D3	RLK	lrr
BnaA01g04210D3	RLK	other_receptor
BnaA01g04580D3	RLK	other_receptor
BnaA01g04600D3	RLK	other_receptor
BnaA01g04660D3	RLK	other_receptor
BnaA01g04830D3	RLK	other_receptor
BnaA01g06110D3	RLK	lrr
BnaA01g06120D3	RLK	lrr
BnaA01g06220D3	RLK	other_receptor
BnaA01g06260D3	RLK	other_receptor
BnaA01g06270D3	RLK	other_receptor
BnaA01g06400D3	RLK	other_receptor
BnaA01g12670D3	RLK	lrr
BnaA01g13100D3	RLK	lrr
BnaA01g25370D3	RLK	lrr
BnaA02g03400D3	RLK	lrr
BnaA02g14730D3	RLK	other_receptor
BnaA02g14760D3	RLK	other_receptor
BnaA02g14770D3	RLK	other_receptor
BnaA02g14780D3	RLK	other_receptor
BnaA02g14790D3	RLK	other_receptor
BnaA02g14810D3	RLK	other_receptor
BnaA02g15650D3	RLK	lrr
BnaA02g15870D3	RLK	lrr
BnaA02g16670D3	RLK	lrr
BnaA02g17390D3	RLK	lrr
BnaA02g17510D3	RLK	other_receptor
BnaA02g23050D3	RLK	other_receptor
BnaA02g25110D3	RLK	other_receptor
BnaA02g25290D3	RLK	other_receptor
BnaA02g26040D3	RLK	lrr
BnaA02g27490D3	RLK	other_receptor
BnaA02g30580D3	RLK	other_receptor
BnaA02g30960D3	RLK	lrr
BnaA02g31910D3	RLK	lrr
BnaA02g33060D3	RLK	lrr
BnaA02g33170D3	RLK	lrr
BnaA02g33850D3	RLK	lrr
BnaA02g34440D3	RLK	lrr
BnaA02g34870D3	RLK	lrr
BnaA02g37050D3	RLK	lrr
BnaA02g37290D3	RLK	lrr
BnaA02g37760D3	RLK	lrr
BnaA02g04520D3	RLK	other_receptor
BnaA02g39800D3	RLK	other_receptor
BnaA02g40900D3	RLK	lrr
BnaA02g41400D3	RLK	other_receptor
BnaA02g42280D3	RLK	lrr
BnaA02g43240D3	RLK	other_receptor
BnaA02g44190D3	RLK	lrr
BnaA02g45280D3	RLK	other_receptor
BnaA02g07990D3	RLK	other_receptor
BnaA02g08180D3	RLK	lrr
BnaA02g08190D3	RLK	lrr
BnaA02g08200D3	RLK	lrr
BnaA02g08210D3	RLK	lrr
BnaA02g08220D3	RLK	lrr
BnaA02g08950D3	RLK	other_receptor
BnaA02g09040D3	RLK	lrr
BnaA02g10080D3	RLK	other_receptor
BnaA02g11780D3	RLK	other_receptor
BnaA02g11810D3	RLK	lrr
BnaA03g11830D3	RLK	lrr
BnaA03g11970D3	RLK	lrr
BnaA03g12550D3	RLK	lrr
BnaA03g12640D3	RLK	lrr
BnaA03g13350D3	RLK	other_receptor
BnaA03g14600D3	RLK	other_receptor
BnaA03g16430D3	RLK	other_receptor
BnaA03g17300D3	RLK	other_receptor
BnaA03g18060D3	RLK	lrr
BnaA03g01580D3	RLK	other_receptor
BnaA03g19830D3	RLK	lrr
BnaA03g20220D3	RLK	other_receptor
BnaA03g20340D3	RLK	lrr
BnaA03g21010D3	RLK	other_receptor
BnaA03g21950D3	RLK	other_receptor
BnaA03g22060D3	RLK	other_receptor
BnaA03g25430D3	RLK	other_receptor
BnaA03g00250D3	RLK	other_receptor
BnaA03g26020D3	RLK	other_receptor
BnaA03g26830D3	RLK	lrr
BnaA03g27000D3	RLK	other_receptor
BnaA03g27210D3	RLK	lrr
BnaA03g27220D3	RLK	lrr
BnaA03g27980D3	RLK	lrr
BnaA03g28350D3	RLK	other_receptor
BnaC03g31730D3	RLK	lrr
BnaA03g32010D3	RLK	other_receptor
BnaA03g32100D3	RLK	other_receptor
BnaA03g32760D3	RLK	lrr
BnaA03g00040D3	RLK	lrr
BnaA03g40760D3	RLK	lrr
BnaA03g40880D3	RLK	other_receptor
BnaA03g42710D3	RLK	other_receptor
BnaA03g42920D3	RLK	lrr
BnaA03g44600D3	RLK	lrr
BnaA03g45460D3	RLK	other_receptor
BnaA03g45920D3	RLK	lrr
BnaA03g46210D3	RLK	lrr
BnaA03g47030D3	RLK	other_receptor
BnaA03g50000D3	RLK	other_receptor
BnaA03g51030D3	RLK	lrr
BnaA03g51100D3	RLK	lrr
BnaA03g52980D3	RLK	other_receptor
BnaA03g53080D3	RLK	lrr
BnaA03g54300D3	RLK	other_receptor
BnaA03g55440D3	RLK	other_receptor
BnaA03g56710D3	RLK	lrr
BnaC02g04930D3	RLK	other_receptor
BnaA03g02390D3	RLK	other_receptor
BnaA02g00470D3	RLK	lrr
BnaA02g00580D3	RLK	other_receptor
BnaA02g01380D3	RLK	other_receptor
BnaA02g01760D3	RLK	other_receptor
BnaA03g58480D3	RLK	other_receptor
BnaA03g59240D3	RLK	other_receptor
BnaA03g03470D3	RLK	lrr
BnaA03g03480D3	RLK	other_receptor
BnaA03g04520D3	RLK	other_receptor
BnaA03g04910D3	RLK	other_receptor
BnaA03g05420D3	RLK	lrr
BnaA03g00700D3	RLK	other_receptor
BnaA03g06350D3	RLK	lrr
BnaA04g01110D3	RLK	other_receptor
BnaA04g11390D3	RLK	other_receptor
BnaA04g11570D3	RLK	other_receptor
BnaA04g12000D3	RLK	other_receptor
BnaA04g12010D3	RLK	other_receptor
BnaA04g14390D3	RLK	other_receptor
BnaA04g15110D3	RLK	other_receptor
BnaA04g15690D3	RLK	other_receptor
BnaA04g16480D3	RLK	other_receptor
BnaA04g18110D3	RLK	lrr
BnaA04g18160D3	RLK	other_receptor
BnaA04g18210D3	RLK	other_receptor
BnaA04g18460D3	RLK	lysm
BnaA04g18610D3	RLK	lrr
BnaA04g18660D3	RLK	lrr
BnaA04g18790D3	RLK	lrr
BnaA04g19730D3	RLK	other_receptor
BnaA04g19790D3	RLK	other_receptor
BnaA04g20550D3	RLK	lrr
BnaA04g02250D3	RLK	other_receptor
BnaA04g21740D3	RLK	lrr
BnaA04g22140D3	RLK	lrr
BnaA04g22150D3	RLK	lrr
BnaA04g23060D3	RLK	other_receptor
BnaA04g24490D3	RLK	lrr
BnaA04g24500D3	RLK	lrr
BnaA04g25480D3	RLK	lrr
BnaA04g25820D3	RLK	lysm
BnaA04g26220D3	RLK	other_receptor
BnaA04g27010D3	RLK	lrr
BnaA04g30300D3	RLK	other_receptor
BnaA04g31580D3	RLK	other_receptor
BnaA04g32060D3	RLK	lrr
BnaA04g32160D3	RLK	other_receptor
BnaA04g32380D3	RLK	lrr
BnaA04g33220D3	RLK	other_receptor
BnaA04g34110D3	RLK	lrr
BnaA04g34270D3	RLK	other_receptor
BnaA04g34590D3	RLK	other_receptor
BnaA04g34600D3	RLK	other_receptor
BnaA04g04050D3	RLK	lrr
BnaA04g04090D3	RLK	other_receptor
BnaA04g06200D3	RLK	other_receptor
BnaA05g08420D3	RLK	lrr
BnaA05g11010D3	RLK	other_receptor
BnaA05g11040D3	RLK	other_receptor
BnaA03g11100D3	RLK	lrr
BnaA03g11090D3	RLK	lrr
BnaA03g09870D3	RLK	other_receptor
BnaA01g14080D3	RLK	lrr
BnaA05g20150D3	RLK	other_receptor
BnaA05g19400D3	RLK	other_receptor
BnaA05g19260D3	RLK	other_receptor
BnaA05g19070D3	RLK	other_receptor
BnaA05g17330D3	RLK	lrr
BnaA05g14980D3	RLK	lrr
BnaA05g14970D3	RLK	lrr
BnaA05g14960D3	RLK	lrr
BnaA05g14950D3	RLK	lrr
BnaA05g14940D3	RLK	lrr
BnaA05g14910D3	RLK	lrr
BnaA05g14140D3	RLK	lrr
BnaA05g29110D3	RLK	lrr
BnaA05g29220D3	RLK	other_receptor
BnaA05g30830D3	RLK	lrr
BnaA05g31220D3	RLK	other_receptor
BnaA05g02580D3	RLK	lrr
BnaA05g33580D3	RLK	other_receptor
BnaA05g33870D3	RLK	lrr
BnaA05g34730D3	RLK	lrr
BnaA05g35040D3	RLK	lrr
BnaA05g37670D3	RLK	other_receptor
BnaA05g38480D3	RLK	lrr
BnaA05g44240D3	RLK	lrr
BnaA05g43630D3	RLK	lrr
BnaA05g42990D3	RLK	other_receptor
BnaA05g42500D3	RLK	other_receptor
BnaA05g05170D3	RLK	lrr
BnaA06g10840D3	RLK	lrr
BnaA06g01110D3	RLK	lrr
BnaA01g07590D3	RLK	lrr
BnaA01g08380D3	RLK	lrr
BnaA01g08530D3	RLK	lrr
BnaA01g09400D3	RLK	other_receptor
BnaA01g09870D3	RLK	lrr
BnaA01g09920D3	RLK	other_receptor
BnaA01g11030D3	RLK	lrr
BnaA01g11110D3	RLK	lrr
BnaA01g11340D3	RLK	lrr
BnaA01g11490D3	RLK	lrr
BnaA01g12490D3	RLK	other_receptor
BnaA06g13490D3	RLK	lrr
BnaA06g13730D3	RLK	other_receptor
BnaA06g13870D3	RLK	lrr
BnaA06g13880D3	RLK	lrr
BnaA06g14460D3	RLK	other_receptor
BnaA06g14710D3	RLK	other_receptor
BnaA06g02400D3	RLK	lysm
BnaA06g15840D3	RLK	other_receptor
BnaA06g02410D3	RLK	lrr
BnaA06g02430D3	RLK	lrr
BnaA06g02560D3	RLK	other_receptor
BnaA06g17690D3	RLK	other_receptor
BnaA06g17700D3	RLK	other_receptor
BnaA06g17710D3	RLK	other_receptor
BnaA06g17740D3	RLK	other_receptor
BnaA06g20390D3	RLK	lrr
BnaA06g20420D3	RLK	other_receptor
BnaA06g20790D3	RLK	lrr
BnaA06g20800D3	RLK	lrr
BnaA06g21260D3	RLK	lrr
BnaA06g21280D3	RLK	other_receptor
BnaA06g23300D3	RLK	lrr
BnaA06g24090D3	RLK	lrr
BnaA06g04020D3	RLK	other_receptor
BnaA06g27360D3	RLK	lrr
BnaA06g27840D3	RLK	lrr
BnaA06g28190D3	RLK	other_receptor
BnaA06g29240D3	RLK	lrr
BnaA10g00460D3	RLK	other_receptor
BnaA06g37650D3	RLK	other_receptor
BnaA06g37790D3	RLK	lrr
BnaA06g38070D3	RLK	lrr
BnaA06g39510D3	RLK	lrr
BnaA06g39700D3	RLK	lrr
BnaA06g39960D3	RLK	other_receptor
BnaA06g40290D3	RLK	other_receptor
BnaA06g40580D3	RLK	other_receptor
BnaA06g41380D3	RLK	lrr
BnaA06g42070D3	RLK	lrr
BnaA06g42380D3	RLK	lrr
BnaA06g42560D3	RLK	lrr
BnaA06g42680D3	RLK	lrr
BnaA06g43160D3	RLK	lrr
BnaA06g44600D3	RLK	other_receptor
BnaA06g44680D3	RLK	lrr
BnaA06g44730D3	RLK	lrr
BnaA06g45330D3	RLK	lrr
BnaA06g46180D3	RLK	lrr
BnaA06g06490D3	RLK	other_receptor
BnaA06g46330D3	RLK	lrr
BnaA06g46750D3	RLK	lrr
BnaA06g46810D3	RLK	lrr
BnaA06g46900D3	RLK	other_receptor
BnaA06g07000D3	RLK	lrr
BnaA06g09420D3	RLK	lrr
BnaC07g34860D3	RLK	other_receptor
BnaA07g38030D3	RLK	other_receptor
BnaA07g38010D3	RLK	other_receptor
BnaA07g38000D3	RLK	other_receptor
BnaA07g37650D3	RLK	lrr
BnaA07g35620D3	RLK	lrr
BnaA07g35460D3	RLK	other_receptor
BnaA07g35380D3	RLK	lrr
BnaA07g35090D3	RLK	other_receptor
BnaA07g35080D3	RLK	other_receptor
BnaA07g35060D3	RLK	other_receptor
BnaA07g35040D3	RLK	other_receptor
BnaA07g35020D3	RLK	other_receptor
BnaA07g34970D3	RLK	lrr
BnaA07g34530D3	RLK	lrr
BnaA07g32710D3	RLK	other_receptor
BnaA07g31980D3	RLK	lrr
BnaA07g17200D3	RLK	other_receptor
BnaA07g17210D3	RLK	other_receptor
BnaA07g04320D3	RLK	other_receptor
BnaA07g17550D3	RLK	other_receptor
BnaA07g18050D3	RLK	lrr
BnaA07g18070D3	RLK	lrr
BnaA07g18170D3	RLK	lrr
BnaA07g18260D3	RLK	lrr
BnaC07g41090D3	RLK	other_receptor
BnaA07g19550D3	RLK	lrr
BnaA07g19690D3	RLK	lrr
BnaA07g20420D3	RLK	other_receptor
BnaA07g21390D3	RLK	other_receptor
BnaA07g21420D3	RLK	other_receptor
BnaA07g21660D3	RLK	other_receptor
BnaA07g22430D3	RLK	lrr
BnaA07g24180D3	RLK	lrr
BnaA07g24900D3	RLK	other_receptor
BnaC07g66350D3	RLK	other_receptor
BnaC07g67620D3	RLK	lrr
BnaC07g67710D3	RLK	lrr
BnaC07g68270D3	RLK	other_receptor
BnaC07g69690D3	RLK	other_receptor
BnaC07g69760D3	RLK	lrr
BnaC07g71010D3	RLK	other_receptor
BnaC07g72220D3	RLK	other_receptor
BnaC07g73950D3	RLK	lrr
BnaC07g75280D3	RLK	other_receptor
BnaC07g76060D3	RLK	other_receptor
BnaC07g76490D3	RLK	lrr
BnaC07g79990D3	RLK	lrr
BnaC07g80040D3	RLK	lrr
BnaC07g80140D3	RLK	other_receptor
BnaC07g80630D3	RLK	other_receptor
BnaA07g25360D3	RLK	lrr
BnaA07g25600D3	RLK	other_receptor
BnaA07g25800D3	RLK	other_receptor
BnaA07g28350D3	RLK	other_receptor
BnaA06g07720D3	RLK	other_receptor
BnaA06g07900D3	RLK	lrr
BnaA07g31380D3	RLK	lrr
BnaA07g31590D3	RLK	lrr
BnaA07g07790D3	RLK	lrr
BnaA07g05920D3	RLK	lrr
BnaA07g13300D3	RLK	lrr
BnaA07g13350D3	RLK	lrr
BnaA07g14010D3	RLK	lrr
BnaA08g11110D3	RLK	lrr
BnaA08g11160D3	RLK	other_receptor
BnaA08g12730D3	RLK	lrr
BnaA08g15260D3	RLK	other_receptor
BnaA08g15560D3	RLK	other_receptor
BnaA08g16260D3	RLK	lrr
BnaA08g17100D3	RLK	lrr
BnaA08g02250D3	RLK	other_receptor
BnaA08g02270D3	RLK	other_receptor
BnaA08g18930D3	RLK	lrr
BnaA08g19480D3	RLK	other_receptor
BnaA07g38090D3	RLK	other_receptor
BnaA08g02380D3	RLK	lrr
BnaA07g39130D3	RLK	lrr
BnaA07g39600D3	RLK	lrr
BnaA08g02570D3	RLK	lysm
BnaA07g40620D3	RLK	other_receptor
BnaA07g41270D3	RLK	lrr
BnaA07g42150D3	RLK	lrr
BnaA07g42310D3	RLK	lrr
BnaA07g44920D3	RLK	lrr
BnaA08g03060D3	RLK	lrr
BnaA07g45440D3	RLK	other_receptor
BnaA07g45450D3	RLK	other_receptor
BnaA07g45770D3	RLK	other_receptor
BnaA08g20220D3	RLK	other_receptor
BnaA08g21470D3	RLK	other_receptor
BnaA08g23320D3	RLK	lrr
BnaA08g24800D3	RLK	lrr
BnaA08g24990D3	RLK	other_receptor
BnaA07g08610D3	RLK	lrr
BnaA08g26030D3	RLK	lrr
BnaA08g26300D3	RLK	other_receptor
BnaA08g26590D3	RLK	lrr
BnaA08g30430D3	RLK	other_receptor
BnaA08g30700D3	RLK	other_receptor
BnaA08g31360D3	RLK	other_receptor
BnaA08g31380D3	RLK	other_receptor
BnaA08g31400D3	RLK	other_receptor
BnaA08g33530D3	RLK	other_receptor
BnaA08g00510D3	RLK	lrr
BnaA08g35790D3	RLK	other_receptor
BnaA08g36200D3	RLK	lrr
BnaA08g36870D3	RLK	lrr
BnaA08g38130D3	RLK	lrr
BnaA08g38410D3	RLK	other_receptor
BnaA08g38420D3	RLK	other_receptor
BnaA07g11360D3	RLK	lrr
BnaA07g13220D3	RLK	other_receptor
BnaA07g13270D3	RLK	lrr
BnaA08g04570D3	RLK	lrr
BnaA09g15100D3	RLK	other_receptor
BnaA09g15480D3	RLK	other_receptor
BnaA09g16020D3	RLK	other_receptor
BnaA09g16840D3	RLK	lrr
BnaA09g18020D3	RLK	lrr
BnaA09g19490D3	RLK	lrr
BnaA09g22210D3	RLK	other_receptor
BnaA09g22440D3	RLK	lrr
BnaA09g22920D3	RLK	other_receptor
BnaA09g23670D3	RLK	other_receptor
BnaA09g04070D3	RLK	other_receptor
BnaA09g24730D3	RLK	lrr
BnaA09g25600D3	RLK	other_receptor
BnaA09g25760D3	RLK	lrr
BnaA09g00230D3	RLK	other_receptor
BnaA09g28620D3	RLK	other_receptor
BnaA09g29570D3	RLK	other_receptor
BnaA09g31120D3	RLK	other_receptor
BnaA09g31470D3	RLK	other_receptor
BnaA09g04970D3	RLK	other_receptor
BnaA09g05370D3	RLK	lrr
BnaA09g36200D3	RLK	other_receptor
BnaA09g36660D3	RLK	other_receptor
BnaA09g06410D3	RLK	lrr
BnaA09g40140D3	RLK	other_receptor
BnaA09g43640D3	RLK	other_receptor
BnaA09g43830D3	RLK	lrr
BnaA09g43860D3	RLK	other_receptor
BnaA09g45130D3	RLK	other_receptor
BnaA09g45640D3	RLK	other_receptor
BnaA09g47520D3	RLK	other_receptor
BnaA09g47650D3	RLK	other_receptor
BnaA09g47800D3	RLK	lrr
BnaA09g48030D3	RLK	lrr
BnaA09g00540D3	RLK	other_receptor
BnaA09g49310D3	RLK	lrr
BnaA09g49810D3	RLK	other_receptor
BnaA09g50140D3	RLK	other_receptor
BnaA09g50280D3	RLK	other_receptor
BnaA09g09770D3	RLK	other_receptor
BnaA09g50350D3	RLK	other_receptor
BnaA09g52430D3	RLK	other_receptor
BnaA09g10040D3	RLK	lrr
BnaA09g10090D3	RLK	lrr
BnaA09g53890D3	RLK	lrr
BnaA09g55100D3	RLK	lrr
BnaA09g55430D3	RLK	other_receptor
BnaA09g55560D3	RLK	other_receptor
BnaA09g10340D3	RLK	other_receptor
BnaA09g57430D3	RLK	other_receptor
BnaA09g57780D3	RLK	other_receptor
BnaA09g57790D3	RLK	other_receptor
BnaA09g57800D3	RLK	other_receptor
BnaA09g60490D3	RLK	lrr
BnaA09g60510D3	RLK	lrr
BnaA09g60520D3	RLK	lrr
BnaA09g61480D3	RLK	lrr
BnaA09g63030D3	RLK	lrr
BnaA09g63100D3	RLK	other_receptor
BnaA09g64450D3	RLK	lrr
BnaA06g30740D3	RLK	lrr
BnaA09g11270D3	RLK	lrr
BnaA06g31090D3	RLK	other_receptor
BnaA06g31230D3	RLK	lrr
BnaA06g32580D3	RLK	other_receptor
BnaA06g33200D3	RLK	other_receptor
BnaA06g33460D3	RLK	other_receptor
BnaA06g33560D3	RLK	other_receptor
BnaA06g33840D3	RLK	other_receptor
BnaA06g34650D3	RLK	other_receptor
BnaA09g11680D3	RLK	lrr
BnaA06g35210D3	RLK	lrr
BnaA06g35400D3	RLK	other_receptor
BnaA06g36870D3	RLK	other_receptor
BnaC08g61780D3	RLK	other_receptor
BnaC08g61790D3	RLK	other_receptor
BnaC08g61800D3	RLK	other_receptor
BnaA09g67470D3	RLK	lrr
BnaA09g67730D3	RLK	other_receptor
BnaC08g62730D3	RLK	lrr
BnaA09g12640D3	RLK	lrr
BnaA10g23500D3	RLK	lrr
BnaA10g23660D3	RLK	lrr
BnaA10g24340D3	RLK	other_receptor
BnaA10g24470D3	RLK	other_receptor
BnaA10g25140D3	RLK	other_receptor
BnaA10g26760D3	RLK	lrr
BnaA10g27210D3	RLK	lrr
BnaA10g27450D3	RLK	other_receptor
BnaA10g27510D3	RLK	other_receptor
BnaA10g28420D3	RLK	lrr
BnaA10g29080D3	RLK	other_receptor
BnaA10g29870D3	RLK	other_receptor
BnaA10g30860D3	RLK	other_receptor
BnaA10g31780D3	RLK	lrr
BnaA10g33200D3	RLK	other_receptor
BnaA10g33210D3	RLK	other_receptor
BnaA10g33270D3	RLK	lrr
BnaA10g33290D3	RLK	lrr
BnaA10g33390D3	RLK	lrr
BnaA10g33650D3	RLK	other_receptor
BnaA10g33760D3	RLK	lrr
BnaA10g33830D3	RLK	lrr
BnaA10g33920D3	RLK	other_receptor
BnaA10g35330D3	RLK	lrr
BnaA10g37760D3	RLK	other_receptor
BnaA10g04470D3	RLK	lrr
BnaA10g08910D3	RLK	lrr
BnaA10g09000D3	RLK	lrr
BnaC01g11140D3	RLK	lrr
BnaC01g12110D3	RLK	lrr
BnaC01g12270D3	RLK	lrr
BnaC01g13530D3	RLK	other_receptor
BnaC01g13550D3	RLK	other_receptor
BnaC01g14130D3	RLK	lrr
BnaC01g14230D3	RLK	other_receptor
BnaC01g15600D3	RLK	lrr
BnaC01g15730D3	RLK	lrr
BnaC01g16010D3	RLK	lrr
BnaC03g75640D3	RLK	lrr
BnaC03g75620D3	RLK	other_receptor
BnaC03g75200D3	RLK	lrr
BnaC03g75150D3	RLK	lrr
BnaC03g74450D3	RLK	lrr
BnaC03g74200D3	RLK	lrr
BnaC03g74170D3	RLK	other_receptor
BnaC01g01940D3	RLK	lrr
BnaC01g16500D3	RLK	lrr
BnaC01g17850D3	RLK	other_receptor
BnaC01g18120D3	RLK	lrr
BnaC01g18740D3	RLK	lrr
BnaC01g20650D3	RLK	lrr
BnaC01g21930D3	RLK	other_receptor
BnaC01g24050D3	RLK	lrr
BnaC01g02830D3	RLK	lrr
BnaC01g28210D3	RLK	other_receptor
BnaC04g36690D3	RLK	lrr
BnaC04g38890D3	RLK	other_receptor
BnaC01g03630D3	RLK	other_receptor
BnaC04g41050D3	RLK	other_receptor
BnaC04g41120D3	RLK	other_receptor
BnaC04g44460D3	RLK	other_receptor
BnaC04g44810D3	RLK	lrr
BnaC04g44840D3	RLK	other_receptor
BnaC01g30770D3	RLK	other_receptor
BnaC01g00440D3	RLK	other_receptor
BnaC01g04610D3	RLK	lrr
BnaC01g35540D3	RLK	lrr
BnaC01g36820D3	RLK	other_receptor
BnaC01g36880D3	RLK	lrr
BnaC01g00550D3	RLK	lrr
BnaC01g43770D3	RLK	lrr
BnaC01g44060D3	RLK	lrr
BnaC01g51300D3	RLK	other_receptor
BnaC01g51900D3	RLK	lrr
BnaC01g52450D3	RLK	lrr
BnaC01g54600D3	RLK	lrr
BnaC01g55070D3	RLK	lrr
BnaC01g55140D3	RLK	other_receptor
BnaC01g55150D3	RLK	other_receptor
BnaC01g60170D3	RLK	lrr
BnaC01g59820D3	RLK	lrr
BnaC01g07270D3	RLK	other_receptor
BnaC01g58360D3	RLK	lrr
BnaC01g58100D3	RLK	lrr
BnaC01g64150D3	RLK	other_receptor
BnaA01g47030D3	RLK	lrr
BnaC01g07730D3	RLK	other_receptor
BnaC01g07740D3	RLK	other_receptor
BnaC01g07810D3	RLK	other_receptor
BnaC01g07990D3	RLK	other_receptor
BnaC01g08800D3	RLK	lrr
BnaC01g08810D3	RLK	lrr
BnaC01g08900D3	RLK	other_receptor
BnaC01g09050D3	RLK	other_receptor
BnaA02g04990D3	RLK	other_receptor
BnaC02g15160D3	RLK	lrr
BnaC02g15200D3	RLK	lrr
BnaC02g16410D3	RLK	other_receptor
BnaC02g16420D3	RLK	other_receptor
BnaC02g16470D3	RLK	lrr
BnaC02g17430D3	RLK	other_receptor
BnaC02g18810D3	RLK	lrr
BnaC02g20930D3	RLK	other_receptor
BnaC02g21040D3	RLK	other_receptor
BnaC02g21110D3	RLK	other_receptor
BnaC02g21160D3	RLK	lrr
BnaC02g22300D3	RLK	other_receptor
BnaC02g01740D3	RLK	other_receptor
BnaC02g26000D3	RLK	other_receptor
BnaC02g26580D3	RLK	other_receptor
BnaC02g26600D3	RLK	other_receptor
BnaC02g26660D3	RLK	other_receptor
BnaC02g26670D3	RLK	other_receptor
BnaC02g26690D3	RLK	other_receptor
BnaC02g26730D3	RLK	other_receptor
BnaC06g43950D3	RLK	other_receptor
BnaC06g45790D3	RLK	lrr
BnaC02g32480D3	RLK	other_receptor
BnaC02g34750D3	RLK	lrr
BnaC02g34980D3	RLK	lrr
BnaC02g00380D3	RLK	lrr
BnaA02g18790D3	RLK	lrr
BnaA02g18910D3	RLK	lrr
BnaC02g00270D3	RLK	other_receptor
BnaC02g39630D3	RLK	other_receptor
BnaC02g38780D3	RLK	other_receptor
BnaC02g42110D3	RLK	other_receptor
BnaC02g42170D3	RLK	other_receptor
BnaA02g21590D3	RLK	other_receptor
BnaC02g47480D3	RLK	lrr
BnaC02g45210D3	RLK	other_receptor
BnaC02g08070D3	RLK	other_receptor
BnaC02g44010D3	RLK	other_receptor
BnaC02g08400D3	RLK	other_receptor
BnaC02g69250D3	RLK	lrr
BnaC02g71280D3	RLK	lrr
BnaC02g71430D3	RLK	lrr
BnaC02g71970D3	RLK	lrr
BnaC02g73100D3	RLK	lrr
BnaC02g76730D3	RLK	lrr
BnaC02g77320D3	RLK	lrr
BnaC02g80540D3	RLK	other_receptor
BnaC02g82170D3	RLK	lrr
BnaC02g82300D3	RLK	lrr
BnaC02g84070D3	RLK	lrr
BnaC02g85300D3	RLK	other_receptor
BnaC02g86890D3	RLK	lrr
BnaC02g10680D3	RLK	lrr
BnaC02g10930D3	RLK	lrr
BnaA05g24740D3	RLK	lrr
BnaA05g24230D3	RLK	lrr
BnaC02g90100D3	RLK	lrr
BnaC02g11250D3	RLK	lrr
BnaC02g91190D3	RLK	other_receptor
BnaC03g93850D3	RLK	other_receptor
BnaC03g95350D3	RLK	lrr
BnaC03g96070D3	RLK	other_receptor
BnaC03g96080D3	RLK	lysm
BnaC03g96350D3	RLK	other_receptor
BnaC03g97640D3	RLK	lrr
BnaC03g97660D3	RLK	other_receptor
BnaC03g98980D3	RLK	lrr
BnaC03g99400D3	RLK	lrr
BnaC03g11190D3	RLK	other_receptor
BnaC03g01500D3	RLK	other_receptor
BnaC03g13210D3	RLK	lrr
BnaC03g13220D3	RLK	lrr
BnaC03g13250D3	RLK	lrr
BnaC03g13300D3	RLK	lrr
BnaC03g13500D3	RLK	lrr
BnaC03g13530D3	RLK	lrr
BnaC03g13540D3	RLK	lrr
BnaC03g14180D3	RLK	lrr
BnaC03g14250D3	RLK	lrr
BnaC03g16300D3	RLK	other_receptor
BnaC03g16410D3	RLK	other_receptor
BnaC03g18010D3	RLK	other_receptor
BnaC03g19130D3	RLK	other_receptor
BnaC03g19980D3	RLK	lrr
BnaC03g21800D3	RLK	lrr
BnaC03g22040D3	RLK	other_receptor
BnaC03g22330D3	RLK	other_receptor
BnaC03g22480D3	RLK	lrr
BnaC03g23250D3	RLK	other_receptor
BnaC03g23610D3	RLK	other_receptor
BnaC03g24510D3	RLK	other_receptor
BnaC03g24680D3	RLK	other_receptor
BnaC03g29120D3	RLK	other_receptor
BnaC03g29950D3	RLK	other_receptor
BnaC03g31070D3	RLK	lrr
BnaC07g40460D3	RLK	lrr
BnaC03g03380D3	RLK	lrr
BnaC07g38730D3	RLK	lrr
BnaC07g38590D3	RLK	lrr
BnaC07g38240D3	RLK	lrr
BnaC07g38210D3	RLK	lrr
BnaC07g38200D3	RLK	lrr
BnaC07g36440D3	RLK	other_receptor
BnaC07g36420D3	RLK	other_receptor
BnaC03g03810D3	RLK	other_receptor
BnaC07g13330D3	RLK	lrr
BnaC03g00630D3	RLK	other_receptor
BnaC03g36130D3	RLK	lrr
BnaC03g36330D3	RLK	other_receptor
BnaC03g37280D3	RLK	lrr
BnaC03g37400D3	RLK	other_receptor
BnaC03g39070D3	RLK	other_receptor
BnaC03g39190D3	RLK	other_receptor
BnaC03g39880D3	RLK	lrr
BnaC03g04810D3	RLK	lrr
BnaC03g05340D3	RLK	other_receptor
BnaC03g50710D3	RLK	lrr
BnaC03g50820D3	RLK	other_receptor
BnaC03g51330D3	RLK	lrr
BnaC03g54050D3	RLK	lrr
BnaC08g05960D3	RLK	lrr
BnaC03g06210D3	RLK	other_receptor
BnaC03g55350D3	RLK	other_receptor
BnaC03g55760D3	RLK	lrr
BnaC03g56820D3	RLK	lrr
BnaC03g32040D3	RLK	other_receptor
BnaC03g06670D3	RLK	other_receptor
BnaC03g32380D3	RLK	lrr
BnaC03g33280D3	RLK	lrr
BnaC03g33710D3	RLK	other_receptor
BnaC03g58940D3	RLK	other_receptor
BnaC03g59100D3	RLK	other_receptor
BnaC03g60410D3	RLK	lrr
BnaC03g60640D3	RLK	other_receptor
BnaC03g07310D3	RLK	lrr
BnaC03g61430D3	RLK	lrr
BnaC03g63380D3	RLK	lrr
BnaC03g65390D3	RLK	lrr
BnaC03g66780D3	RLK	other_receptor
BnaC03g77040D3	RLK	other_receptor
BnaC03g08570D3	RLK	lrr
BnaC03g79570D3	RLK	lrr
BnaC03g79940D3	RLK	other_receptor
BnaC03g80440D3	RLK	lrr
BnaC03g80450D3	RLK	lrr
BnaC03g80460D3	RLK	lrr
BnaC03g81380D3	RLK	lrr
BnaC03g81980D3	RLK	other_receptor
BnaC03g82180D3	RLK	lrr
BnaC03g85930D3	RLK	other_receptor
BnaC03g87670D3	RLK	lrr
BnaC03g87760D3	RLK	lrr
BnaC03g88500D3	RLK	lrr
BnaC03g88990D3	RLK	lrr
BnaC03g92050D3	RLK	lrr
BnaC03g10200D3	RLK	other_receptor
BnaC03g92800D3	RLK	other_receptor
BnaC03g92850D3	RLK	other_receptor
BnaC04g11720D3	RLK	lrr
BnaC04g14420D3	RLK	lrr
BnaC04g14630D3	RLK	other_receptor
BnaC04g15840D3	RLK	other_receptor
BnaC04g15860D3	RLK	other_receptor
BnaC04g18150D3	RLK	lrr
BnaC04g19550D3	RLK	other_receptor
BnaC04g21040D3	RLK	other_receptor
BnaC04g21380D3	RLK	other_receptor
BnaC04g21950D3	RLK	other_receptor
BnaC04g22470D3	RLK	other_receptor
BnaC04g24050D3	RLK	lrr
BnaC04g24100D3	RLK	other_receptor
BnaC04g48490D3	RLK	other_receptor
BnaC04g03140D3	RLK	lrr
BnaC04g55690D3	RLK	other_receptor
BnaC04g55940D3	RLK	other_receptor
BnaC04g56210D3	RLK	other_receptor
BnaC04g58580D3	RLK	other_receptor
BnaC04g74280D3	RLK	other_receptor
BnaC04g73760D3	RLK	lysm
BnaC04g73330D3	RLK	lrr
BnaC04g04290D3	RLK	other_receptor
BnaC04g72060D3	RLK	lrr
BnaC04g72050D3	RLK	lrr
BnaC04g70020D3	RLK	other_receptor
BnaC04g68880D3	RLK	lrr
BnaC04g68870D3	RLK	lrr
BnaC04g68390D3	RLK	lrr
BnaC04g66920D3	RLK	lrr
BnaC04g65830D3	RLK	other_receptor
BnaC04g64490D3	RLK	lrr
BnaC04g64280D3	RLK	lrr
BnaC04g64190D3	RLK	other_receptor
BnaC04g63850D3	RLK	lysm
BnaC04g63520D3	RLK	other_receptor
BnaC04g63430D3	RLK	other_receptor
BnaC04g63420D3	RLK	other_receptor
BnaC04g63260D3	RLK	lrr
BnaC04g61240D3	RLK	other_receptor
BnaC04g60170D3	RLK	other_receptor
BnaC04g60160D3	RLK	other_receptor
BnaC04g59180D3	RLK	other_receptor
BnaC04g75240D3	RLK	lrr
BnaC04g77930D3	RLK	other_receptor
BnaC04g78600D3	RLK	other_receptor
BnaC04g78980D3	RLK	lrr
BnaC04g79080D3	RLK	other_receptor
BnaC04g79340D3	RLK	lrr
BnaC04g80280D3	RLK	other_receptor
BnaA04g35420D3	RLK	lrr
BnaC04g81410D3	RLK	other_receptor
BnaC04g81880D3	RLK	other_receptor
BnaC04g06690D3	RLK	lrr
BnaC05g10710D3	RLK	lrr
BnaC05g12520D3	RLK	lrr
BnaC05g13150D3	RLK	other_receptor
BnaC05g14950D3	RLK	other_receptor
BnaC05g14960D3	RLK	other_receptor
BnaC05g16280D3	RLK	lrr
BnaC05g16600D3	RLK	other_receptor
BnaC05g16750D3	RLK	lrr
BnaC05g16990D3	RLK	other_receptor
BnaC05g17210D3	RLK	other_receptor
BnaC05g01680D3	RLK	other_receptor
BnaC05g18460D3	RLK	other_receptor
BnaC05g18480D3	RLK	other_receptor
BnaC05g21070D3	RLK	other_receptor
BnaC05g21080D3	RLK	other_receptor
BnaC05g21140D3	RLK	other_receptor
BnaC05g21160D3	RLK	other_receptor
BnaC05g21170D3	RLK	other_receptor
BnaC05g02010D3	RLK	other_receptor
BnaC05g24090D3	RLK	other_receptor
BnaC05g24910D3	RLK	lrr
BnaC05g26800D3	RLK	other_receptor
BnaC05g26830D3	RLK	other_receptor
BnaC05g26900D3	RLK	other_receptor
BnaC05g26960D3	RLK	lrr
BnaC05g29540D3	RLK	lrr
BnaC05g30790D3	RLK	lrr
BnaC05g32210D3	RLK	other_receptor
BnaC05g34840D3	RLK	other_receptor
BnaC05g36330D3	RLK	lrr
BnaC05g03890D3	RLK	lrr
BnaC05g42660D3	RLK	lrr
BnaC02g07080D3	RLK	lrr
BnaC02g07010D3	RLK	other_receptor
BnaC05g00460D3	RLK	other_receptor
BnaC05g04710D3	RLK	other_receptor
BnaC05g48220D3	RLK	other_receptor
BnaC05g05420D3	RLK	other_receptor
BnaC05g52570D3	RLK	lrr
BnaC05g52870D3	RLK	other_receptor
BnaC05g55740D3	RLK	lrr
BnaC05g56190D3	RLK	other_receptor
BnaC04g26190D3	RLK	other_receptor
BnaC04g27550D3	RLK	lrr
BnaC04g27850D3	RLK	lrr
BnaC04g28430D3	RLK	other_receptor
BnaC04g28690D3	RLK	lrr
BnaC05g57880D3	RLK	other_receptor
BnaC05g61480D3	RLK	lrr
BnaC05g62380D3	RLK	lrr
BnaC05g62730D3	RLK	lrr
BnaC05g66170D3	RLK	other_receptor
BnaC05g07230D3	RLK	other_receptor
BnaC05g66790D3	RLK	lrr
BnaC05g70900D3	RLK	lrr
BnaA05g42170D3	RLK	lrr
BnaC05g72060D3	RLK	other_receptor
BnaA10g40180D3	RLK	lysm
BnaA10g39900D3	RLK	other_receptor
BnaC05g07940D3	RLK	lrr
BnaA10g39640D3	RLK	other_receptor
BnaC05g08880D3	RLK	lrr
BnaC05g09160D3	RLK	lrr
BnaC06g10350D3	RLK	lrr
BnaC06g12320D3	RLK	lrr
BnaC06g18400D3	RLK	lrr
BnaC06g18340D3	RLK	lrr
BnaC06g18330D3	RLK	lrr
BnaC06g18270D3	RLK	lrr
BnaC06g18180D3	RLK	lrr
BnaC06g18080D3	RLK	lrr
BnaC06g13200D3	RLK	other_receptor
BnaC06g12670D3	RLK	other_receptor
BnaC06g24130D3	RLK	lrr
BnaC06g27870D3	RLK	lrr
BnaC06g30140D3	RLK	lrr
BnaC06g30480D3	RLK	other_receptor
BnaC06g30810D3	RLK	other_receptor
BnaC06g31260D3	RLK	other_receptor
BnaC06g34880D3	RLK	other_receptor
BnaC06g34900D3	RLK	other_receptor
BnaC06g39830D3	RLK	lrr
BnaC06g40530D3	RLK	lrr
BnaC06g41020D3	RLK	lrr
BnaC06g42280D3	RLK	other_receptor
BnaC06g42320D3	RLK	other_receptor
BnaC06g46010D3	RLK	lrr
BnaC06g48260D3	RLK	other_receptor
BnaC06g48300D3	RLK	other_receptor
BnaC06g48330D3	RLK	lrr
BnaC06g49240D3	RLK	lrr
BnaC06g49570D3	RLK	other_receptor
BnaC06g49580D3	RLK	other_receptor
BnaC06g49640D3	RLK	other_receptor
BnaC06g50250D3	RLK	lrr
BnaC06g04590D3	RLK	other_receptor
BnaC06g50810D3	RLK	other_receptor
BnaC06g50830D3	RLK	other_receptor
BnaC06g52110D3	RLK	lrr
BnaC06g52510D3	RLK	other_receptor
BnaC06g52870D3	RLK	lrr
BnaC06g53210D3	RLK	other_receptor
BnaC06g53260D3	RLK	other_receptor
BnaC06g53970D3	RLK	other_receptor
BnaC06g54850D3	RLK	lrr
BnaC06g55850D3	RLK	lrr
BnaC02g30600D3	RLK	lrr
BnaC02g28660D3	RLK	lrr
BnaC06g56080D3	RLK	lrr
BnaA03g15190D3	RLK	lrr
BnaC06g58890D3	RLK	lrr
BnaC06g59490D3	RLK	other_receptor
BnaC06g59870D3	RLK	other_receptor
BnaC06g07570D3	RLK	other_receptor
BnaC06g07900D3	RLK	lrr
BnaC06g07920D3	RLK	lrr
BnaC06g07930D3	RLK	lrr
BnaC06g07940D3	RLK	lrr
BnaC06g07960D3	RLK	lrr
BnaC06g07970D3	RLK	lysm
BnaC07g01150D3	RLK	other_receptor
BnaC07g15500D3	RLK	lrr
BnaC07g10220D3	RLK	lrr
BnaC07g25110D3	RLK	lrr
BnaC07g25460D3	RLK	lrr
BnaC07g26910D3	RLK	other_receptor
BnaC07g28270D3	RLK	other_receptor
BnaC07g28450D3	RLK	lrr
BnaC07g29640D3	RLK	lrr
BnaC07g31080D3	RLK	lrr
BnaC07g31320D3	RLK	other_receptor
BnaC07g03120D3	RLK	lrr
BnaC07g42350D3	RLK	lrr
BnaC07g42380D3	RLK	lrr
BnaC07g42390D3	RLK	other_receptor
BnaC07g42430D3	RLK	lrr
BnaC07g42560D3	RLK	other_receptor
BnaC07g45400D3	RLK	lrr
BnaC07g46320D3	RLK	lrr
BnaC07g46460D3	RLK	lrr
BnaC07g46690D3	RLK	lrr
BnaC07g47060D3	RLK	lrr
BnaC07g47300D3	RLK	lrr
BnaC07g48500D3	RLK	lrr
BnaC07g49840D3	RLK	other_receptor
BnaC07g50320D3	RLK	other_receptor
BnaC07g51370D3	RLK	lrr
BnaC07g51680D3	RLK	other_receptor
BnaC07g53560D3	RLK	lrr
BnaC07g53850D3	RLK	lrr
BnaC07g54660D3	RLK	other_receptor
BnaC07g56760D3	RLK	lrr
BnaC07g57360D3	RLK	other_receptor
BnaC07g58010D3	RLK	other_receptor
BnaC07g58400D3	RLK	other_receptor
BnaC07g58670D3	RLK	other_receptor
BnaC07g59310D3	RLK	other_receptor
BnaC07g59320D3	RLK	other_receptor
BnaC07g59930D3	RLK	lrr
BnaC07g60000D3	RLK	other_receptor
BnaC07g60260D3	RLK	lrr
BnaC07g61190D3	RLK	other_receptor
BnaC07g19750D3	RLK	other_receptor
BnaC07g17290D3	RLK	lrr
BnaC08g17950D3	RLK	lrr
BnaC08g01800D3	RLK	other_receptor
BnaC08g26060D3	RLK	other_receptor
BnaC08g28870D3	RLK	other_receptor
BnaC08g29800D3	RLK	lrr
BnaC08g35050D3	RLK	other_receptor
BnaC08g02460D3	RLK	lrr
BnaC08g35870D3	RLK	other_receptor
BnaC08g36090D3	RLK	other_receptor
BnaA05g25420D3	RLK	other_receptor
BnaA05g25610D3	RLK	lrr
BnaC08g12740D3	RLK	other_receptor
BnaC08g12780D3	RLK	other_receptor
BnaC08g12830D3	RLK	other_receptor
BnaC08g14260D3	RLK	other_receptor
BnaC08g41800D3	RLK	lrr
BnaC08g43970D3	RLK	other_receptor
BnaC08g46080D3	RLK	other_receptor
BnaC08g46200D3	RLK	other_receptor
BnaC08g46320D3	RLK	lrr
BnaC08g46580D3	RLK	lrr
BnaC08g46820D3	RLK	lrr
BnaC08g48290D3	RLK	lrr
BnaC08g48930D3	RLK	other_receptor
BnaC08g49240D3	RLK	other_receptor
BnaC08g49420D3	RLK	other_receptor
BnaC08g51530D3	RLK	other_receptor
BnaC08g51540D3	RLK	other_receptor
BnaC08g53110D3	RLK	lrr
BnaC08g53430D3	RLK	other_receptor
BnaC08g54480D3	RLK	lrr
BnaC08g54990D3	RLK	other_receptor
BnaC08g57090D3	RLK	other_receptor
BnaC08g58310D3	RLK	other_receptor
BnaC08g59460D3	RLK	other_receptor
BnaC08g59520D3	RLK	other_receptor
BnaC08g59530D3	RLK	other_receptor
BnaC08g59540D3	RLK	other_receptor
BnaC08g31620D3	RLK	lrr
BnaC08g32160D3	RLK	other_receptor
BnaC08g68610D3	RLK	lrr
BnaC08g68570D3	RLK	other_receptor
BnaC08g68510D3	RLK	other_receptor
BnaC08g67670D3	RLK	lrr
BnaC08g15480D3	RLK	lrr
BnaC08g15710D3	RLK	other_receptor
BnaC08g16060D3	RLK	lrr
BnaC09g08150D3	RLK	lrr
BnaC09g08800D3	RLK	lrr
BnaC09g10400D3	RLK	lrr
BnaC09g10890D3	RLK	other_receptor
BnaC09g11740D3	RLK	other_receptor
BnaC09g11920D3	RLK	other_receptor
BnaC09g12080D3	RLK	other_receptor
BnaC09g12710D3	RLK	other_receptor
BnaC09g13810D3	RLK	lrr
BnaC09g15430D3	RLK	lrr
BnaC09g17230D3	RLK	lrr
BnaC09g00080D3	RLK	other_receptor
BnaC09g21140D3	RLK	other_receptor
BnaA09g34910D3	RLK	lrr
BnaC09g23380D3	RLK	other_receptor
BnaC09g24210D3	RLK	other_receptor
BnaC09g24460D3	RLK	other_receptor
BnaA10g12560D3	RLK	lrr
BnaA10g12440D3	RLK	other_receptor
BnaA10g12430D3	RLK	other_receptor
BnaA10g12390D3	RLK	other_receptor
BnaA10g11840D3	RLK	lrr
BnaA10g15420D3	RLK	other_receptor
BnaC09g00730D3	RLK	lrr
BnaA10g16190D3	RLK	lrr
BnaA10g16550D3	RLK	other_receptor
BnaA10g18110D3	RLK	other_receptor
BnaA10g18240D3	RLK	lrr
BnaA10g19160D3	RLK	other_receptor
BnaA10g20280D3	RLK	other_receptor
BnaA10g20440D3	RLK	other_receptor
BnaA10g21170D3	RLK	lrr
BnaA10g21180D3	RLK	lrr
BnaA10g21200D3	RLK	other_receptor
BnaA10g21230D3	RLK	other_receptor
BnaC09g01390D3	RLK	other_receptor
BnaC09g25720D3	RLK	lrr
BnaC09g26830D3	RLK	other_receptor
BnaC09g26930D3	RLK	other_receptor
BnaC09g27230D3	RLK	lrr
BnaA09g01460D3	RLK	other_receptor
BnaC09g01870D3	RLK	lrr
BnaC09g39360D3	RLK	other_receptor
BnaC09g40250D3	RLK	lrr
BnaC09g02590D3	RLK	other_receptor
BnaC09g42550D3	RLK	other_receptor
BnaC09g43250D3	RLK	lrr
BnaC09g03050D3	RLK	lrr
BnaC09g47070D3	RLK	lrr
BnaC09g47890D3	RLK	other_receptor
BnaC09g48160D3	RLK	other_receptor
BnaC09g51090D3	RLK	lrr
BnaC09g53100D3	RLK	other_receptor
BnaC09g55160D3	RLK	other_receptor
BnaC09g55360D3	RLK	other_receptor
BnaC09g55460D3	RLK	other_receptor
BnaC09g57140D3	RLK	lrr
BnaC09g57220D3	RLK	other_receptor
BnaC09g59670D3	RLK	other_receptor
BnaC09g60670D3	RLK	lrr
BnaC09g60930D3	RLK	lrr
BnaC09g62040D3	RLK	other_receptor
BnaC09g62200D3	RLK	other_receptor
BnaC09g62710D3	RLK	other_receptor
BnaC09g63230D3	RLK	other_receptor
BnaC09g66450D3	RLK	lrr
BnaC09g66740D3	RLK	other_receptor
BnaC09g66890D3	RLK	other_receptor
BnaA09g01800D3	RLK	other_receptor
BnaC09g05390D3	RLK	lrr
BnaC09g68300D3	RLK	lrr
BnaC09g68310D3	RLK	other_receptor
BnaC09g69100D3	RLK	other_receptor
BnaC09g05590D3	RLK	other_receptor
BnaC09g70090D3	RLK	other_receptor
BnaC09g71190D3	RLK	other_receptor
BnaC09g72560D3	RLK	lrr
BnaC09g05970D3	RLK	other_receptor
BnaC09g74140D3	RLK	other_receptor
BnaC09g74150D3	RLK	other_receptor
BnaC09g74210D3	RLK	lrr
BnaC09g74230D3	RLK	lrr
BnaC09g74350D3	RLK	lrr
BnaC09g74600D3	RLK	other_receptor
BnaC09g74770D3	RLK	lrr
BnaC09g74850D3	RLK	lrr
BnaC09g74940D3	RLK	other_receptor
BnaC09g06120D3	RLK	other_receptor
BnaC09g76420D3	RLK	lrr
BnaC09g06730D3	RLK	lrr
BnaP1g09190D3	RLK	other_receptor
BnaP1g10130D3	RLK	other_receptor
BnaP1g11960D3	RLK	other_receptor
BnaP1g13110D3	RLK	other_receptor
BnaP1g13450D3	RLK	other_receptor
BnaP1g16080D3	RLK	lrr
BnaP1g16500D3	RLK	other_receptor
BnaP1g17050D3	RLK	other_receptor
BnaP1g18680D3	RLK	other_receptor
BnaP1g23300D3	RLK	other_receptor
BnaP1g25470D3	RLK	other_receptor
BnaP1g25510D3	RLK	other_receptor
BnaP1g27380D3	RLK	other_receptor
BnaP1g34250D3	RLK	lrr
BnaP1g38340D3	RLK	other_receptor
BnaP1g43150D3	RLK	other_receptor
BnaP1g44410D3	RLK	other_receptor
BnaP1g47410D3	RLK	lrr
BnaP1g48200D3	RLK	other_receptor
BnaP1g53610D3	RLK	other_receptor
BnaP1g55410D3	RLK	lrr
BnaA01g42640D3	RLK	lrr
