evm.model.chrC06.4282	CN
evm.model.chrC09.2021	CN
evm.model.chrC08.5838	CN
evm.model.chrA10.1070	CN
evm.model.chrA03.7106	CN
evm.model.chrA06.896	CN
evm.model.chrC02.5881	CN
evm.model.chrC09.6635	CN
evm.model.chrC07.4189	CN
evm.model.chrC08.3568	CN
evm.model.chrA03.7104	CN
evm.model.chrA06.5608	CN
evm.model.chrC04.5581	CN
evm.model.chrC01.2923	CN
evm.model.chrC03.6628	CN
evm.model.chrC08.5847	CN
evm.model.chrC08.3581	CN
evm.model.chrA10.521	CN
evm.model.chrC06.822	CN
evm.model.chrA06.5611	CN
evm.model.chrC07.4193	CN
evm.model.chrC08.6097	CN
evm.model.chrA02.2789	CN
evm.model.chrA08.4683	CN
evm.model.chrC06.3134	CN
evm.model.chrC01.1470	CN
evm.model.chrA06.5840	CN
evm.model.chrC09.158	CN
evm.model.chrC06.591	CN
evm.model.chrC09.2019	CN
evm.model.chrA09.4768	CNL
evm.model.chrC08.6202	CNL
evm.model.chrA02.4086	CNL
evm.model.chrC03.3244	CNL
evm.model.chrA06.894	CNL
evm.model.chrC06.278	CNL
evm.model.chrC01.5822	CNL
evm.model.chrA09.4775	CNL
evm.model.chrC09.1144	CNL
evm.model.chrC08.3704	CNL
evm.model.jcf7180002548715.1	CNL
evm.model.chrA06.355	CNL
evm.model.chrC04.1258	CNL
evm.model.chrA01.2174	CNL
evm.model.chrA05.1149	CNL
evm.model.chrA06.248	CNL
evm.model.chrA02.2985	CNL
evm.model.chrC09.3877	CNL
evm.model.jcf7180002560645.1	CNL
evm.model.chrA06.357	CNL
evm.model.chrA09.1215	CNL
evm.model.chrA09.8056	CNL
evm.model.chrA06.328	CNL
evm.model.chrA05.1143	CNL
evm.model.chrA02.2981	CNL
evm.model.chrA03.6470	CNL
evm.model.chrC09.1592	CNL
evm.model.chrC06.821	CNL
evm.model.chrA09.902	CNL
evm.model.chrA09.8059	CNL
evm.model.chrC01.5705	CNL
evm.model.chrA07.3885	CNL
evm.model.chrC08.5843	CNL
evm.model.chrC05.1464	CNL
evm.model.chrA09.2149	CNL
evm.model.chrA09.1716	CNL
evm.model.chrC04.2029	CNL
evm.model.chrC08.6194	CNL
evm.model.chrC05.6702	CNL
evm.model.chrA08.323	CNL
evm.model.chrA01.1000	CNL
evm.model.chrA01.2246	CNL
evm.model.chrC08.6200	CNL
evm.model.chrC03.10201	CNL
evm.model.jcf7180001503720_firstRound.1	CNL
evm.model.chrC05.1089	CNL
evm.model.chrA09.8067	CNL
evm.model.chrA07.2731	CNL
evm.model.chrC03.6091	CNL
evm.model.chrA09.903	CNL
evm.model.chrC06.581	CNL
evm.model.chrA08.4685	CNL
evm.model.chrC09.6725	CNL
evm.model.chrA09.1598	CNL
evm.model.chrC09.1589	CNL
evm.model.chrC06.611	CNL
evm.model.chrA10.1131	CNL
evm.model.chrC03.10546	CNL
evm.model.chrA09.4861	CNL
evm.model.chrC03.6765	CNL
evm.model.chrA01.1807	CNL
evm.model.chrC07.4199	CNL
evm.model.chrA01.892	CNL
evm.model.chrA03.4275	CNL
evm.model.chrC07.3305	CNL
evm.model.chrC06.676	CNL
evm.model.chrA05.5198	CNL
evm.model.chrC07.4500	CNL
evm.model.chrC01.5281	CNL
evm.model.chrC09.3789	NBS
evm.model.jcf7180002507771.1	NBS
evm.model.chrC09.159	NBS
evm.model.chrC09.7256	NBS
evm.model.chrC06.680	NBS
evm.model.harsh7180000785821.1	NBS
evm.model.jcf7180002549558.1	NBS
evm.model.harsh7180000794391.1	NBS
evm.model.chrA09.8057	NBS
evm.model.chrC01.5286	NBS
evm.model.chrA06.191	NBS
evm.model.chrC07.3240	NBS
evm.model.chrC05.1417	NBS
evm.model.chrA01.3566	NBS
evm.model.chrC06.943	NBS
evm.model.chrC06.608	NBS
evm.model.chrC05.2759	NBS
evm.model.chrC01.5892	NBS
evm.model.chrC06.670	NBS
evm.model.chrA06.1916	NBS
evm.model.chrC08.2302	NBS
evm.model.chrA10.2038	NBS
evm.model.chrC02.910	NBS
evm.model.chrC07.3256	NBS
evm.model.chrC06.5338	NBS
evm.model.chrC02.5834	NBS
evm.model.chrC05.1085	NBS
evm.model.chrC05.1088	NBS
evm.model.chrC02.5879	NBS
evm.model.harsh7180000796317.1	NBS
evm.model.chrC01.1765	NBS
evm.model.chrC08.6205	NBS
evm.model.chrA01.1805	NBS
evm.model.jcf7180002562645.1	NBS
evm.model.chrA05.6202	NBS
evm.model.chrC08.5851	NBS
evm.model.chrC08.5431	NBS
evm.model.chrC08.5435	NBS
evm.model.harsh7180000794375.1	NBS
evm.model.chrC06.590	NBS
evm.model.chrC02.4887	NBS
evm.model.chrC09.4745	NBS
evm.model.chrC08.5711	NBS
evm.model.chrC09.2154	NBS
evm.model.chrC01.7138	NBS
evm.model.chrA06.389	NBS
evm.model.chrC02.5836	NBS
evm.model.chrC08.3286	NBS
evm.model.chrA09.2088	NBS
evm.model.harsh7180000786408.1	NBS
evm.model.chrA06.5610	NBS
evm.model.chrA02.4083	NBS
evm.model.chrC01.4436	NBS
evm.model.chrC03.3200	NBS
evm.model.jcf7180002461520.1	NBS
evm.model.chrC07.3247	NBS
evm.model.chrC01.530	NBS
evm.model.chrC08.6098	NBS
evm.model.chrC05.1418	NBS
evm.model.chrC06.5719	NBS
evm.model.chrC06.2544	NL
evm.model.chrA09.8009	NL
evm.model.chrA03.2865	NL
evm.model.jcf7180002531134.1	NL
evm.model.harsh7180000781976.1	NL
evm.model.chrC09.1117	NL
evm.model.chrC05.1094	NL
evm.model.chrA03.5528	NL
evm.model.chrA06.5614	NL
evm.model.chrA09.2617	NL
evm.model.chrA07.2146	NL
evm.model.chrC07.3248	NL
evm.model.chrC09.2018	NL
evm.model.chrC03.9907	NL
evm.model.chrA10.2545	NL
evm.model.chrC01.602	NL
evm.model.jcf7180002520727.1	NL
evm.model.chrA02.4080	NL
evm.model.chrA10.522	NL
evm.model.chrA01.1806	NL
evm.model.unplaced_contigs.699	NL
evm.model.jcf7180002529701.1	NL
evm.model.chrC03.3531	NL
evm.model.chrA07.2996	NL
evm.model.chrC06.4276	NL
evm.model.jcf7180002520422.1	NL
evm.model.chrA05.5199	NL
evm.model.chrA09.1743	NL
evm.model.chrC09.4599	NL
evm.model.chrC07.3227	NL
evm.model.chrC05.6703	NL
evm.model.jcf7180001503213_firstRound.2	NL
evm.model.chrC09.7259	NL
evm.model.chrC01.2771	NL
evm.model.jcf7180001530749_firstRound.1	NL
evm.model.chrC06.4286	NL
evm.model.chrA03.4355	NL
evm.model.chrA02.2986	NL
evm.model.chrA08.2996	NL
evm.model.chrC03.1744	NL
evm.model.chrC08.5846	NL
evm.model.chrC08.5709	NL
evm.model.chrC08.3760	NL
evm.model.jcf7180002527250.1	NL
evm.model.jcf7180001502085_firstRound.1	NL
evm.model.chrC07.4198	NL
evm.model.chrA09.383	NL
evm.model.jcf7180001533045_firstRound.1	NL
evm.model.harsh7180000781994.2	NL
evm.model.jcf7180002560754.1	NL
evm.model.chrA09.885	NL
evm.model.chrC08.5437	NL
evm.model.chrC01.4438	NL
evm.model.chrA07.2147	NL
evm.model.chrA08.2240	NL
evm.model.chrA01.4134	NL
evm.model.chrC04.1369	NL
evm.model.chrC09.2163	NL
evm.model.chrA09.1705	NL
evm.model.chrA07.3478	NL
evm.model.chrA02.3945	NL
evm.model.chrC09.2405	NL
evm.model.chrC05.1086	NL
evm.model.chrA09.8073	NL
evm.model.jcf7180002561322.1	NL
evm.model.chrA09.8058	NL
evm.model.chrC07.3234	NL
evm.model.chrC01.1469	NL
evm.model.chrC06.4283	NL
evm.model.chrA06.897	NL
evm.model.chrC02.7395	NL
evm.model.chrC08.6193	NL
evm.model.chrA03.5015	NL
evm.model.jcf7180002562063.1	NL
evm.model.chrC03.6219	NL
evm.model.chrA05.3286	NL
evm.model.chrA09.7543	NL
evm.model.chrC09.8570	NL
evm.model.chrC09.2358	NL
evm.model.chrC01.1511	NL
evm.model.chrA09.5490	NL
evm.model.chrC09.465	NL
evm.model.chrC02.851	NL
evm.model.jcf7180001508509_firstRound.1	NL
evm.model.chrA01.476	NL
evm.model.chrC06.607	NL
evm.model.chrC06.681	NL
evm.model.chrA08.4684	NL
evm.model.chrC08.6089	NL
evm.model.chrC02.5839	NL
evm.model.jcf7180002563121.2	NL
evm.model.chrA06.1915	NL
evm.model.jcf7180002437882.1	OTHER
evm.model.chrC04.3161	OTHER
evm.model.chrC03.9168	OTHER
evm.model.chrC07.3883	OTHER
evm.model.chrC08.3759	OTHER
evm.model.chrC03.959	OTHER
evm.model.chrC07.3228	OTHER
evm.model.chrA09.4933	OTHER
evm.model.chrC07.3222	OTHER
evm.model.jcf7180002473048.1	OTHER
evm.model.chrA03.5017	OTHER
evm.model.chrC03.6651	OTHER
evm.model.chrC06.5335	OTHER
evm.model.chrA07.3229	OTHER
evm.model.chrA06.6377	OTHER
evm.model.chrA09.7733	OTHER
evm.model.chrA09.2643	TN
evm.model.chrC06.5343	TN
evm.model.chrC02.3840	TN
evm.model.jcf7180001522194_firstRound.1	TN
evm.model.jcf7180001522208_firstRound.1	TN
evm.model.chrA08.2490	TN
evm.model.chrC02.3463	TN
evm.model.chrA07.4923	TN
evm.model.chrC06.5336	TN
evm.model.chrA09.7737	TN
evm.model.jcf7180002435019.2	TN
evm.model.chrA02.2755	TN
evm.model.chrC02.5819	TN
evm.model.chrC08.5439	TN
evm.model.chrA08.2491	TN
evm.model.chrC06.4275	TN
evm.model.chrC06.5339	TN
evm.model.chrC06.4266	TN
evm.model.chrA03.5236	TN
evm.model.chrC08.5434	TN
evm.model.chrA02.2747	TN
evm.model.chrC07.3263	TN
evm.model.chrC04.3953	TN
evm.model.chrC06.4284	TN
evm.model.chrC06.4287	TN
evm.model.chrA08.2492	TN
evm.model.jcf7180002484891.1	TN
evm.model.chrC06.4269	TN
evm.model.chrA08.2489	TN
evm.model.chrC09.3268	TN
evm.model.chrA07.3223	TN
evm.model.chrC06.5341	TN
evm.model.chrC09.6001	TN
evm.model.chrA05.3287	TNL
evm.model.chrC02.5826	TNL
evm.model.jcf7180002483935.1	TNL
evm.model.chrA09.7008	TNL
evm.model.chrC08.3280	TNL
evm.model.chrA02.2745	TNL
evm.model.chrA08.3019	TNL
evm.model.chrC04.3957	TNL
evm.model.chrC02.5841	TNL
evm.model.chrA08.3503	TNL
evm.model.jcf7180002489142.1	TNL
evm.model.jcf7180002435116.1	TNL
evm.model.chrA01.245	TNL
evm.model.chrC09.3803	TNL
evm.model.jcf7180002532817.1	TNL
evm.model.jcf7180001503215_firstRound.1	TNL
evm.model.chrA09.2648	TNL
evm.model.chrA08.4048	TNL
evm.model.chrA09.7732	TNL
evm.model.chrC03.9342	TNL
evm.model.chrC03.9161	TNL
evm.model.chrA08.1929	TNL
evm.model.chrC07.3230	TNL
evm.model.chrC03.9350	TNL
evm.model.chrA09.4932	TNL
evm.model.chrC05.2381	TNL
evm.model.chrC09.3793	TNL
evm.model.chrC03.6772	TNL
evm.model.chrA08.3504	TNL
evm.model.chrA02.2753	TNL
evm.model.chrC08.5433	TNL
evm.model.chrC03.9348	TNL
evm.model.chrC09.3799	TNL
evm.model.chrC05.2373	TNL
evm.model.jcf7180002435698.1	TNL
evm.model.chrC03.958	TNL
evm.model.chrC09.7903	TNL
evm.model.chrA08.1927	TNL
evm.model.chrC09.3805	TNL
evm.model.chrA09.2642	TNL
evm.model.chrA09.2645	TNL
evm.model.chrC01.1515	TNL
evm.model.chrC09.3795	TNL
evm.model.chrA07.2997	TNL
evm.model.jcf7180002532817.2	TNL
evm.model.chrC02.850	TNL
evm.model.chrA07.3002	TNL
evm.model.chrA08.3502	TNL
evm.model.chrC03.2105	TNL
evm.model.chrC03.9157	TNL
evm.model.jcf7180001503213_firstRound.1	TNL
evm.model.chrA02.2746	TNL
evm.model.chrC02.5822	TNL
evm.model.jcf7180002522872.2	TNL
evm.model.jcf7180001511392_firstRound.1	TNL
evm.model.chrA06.1955	TNL
evm.model.chrC03.9158	TNL
evm.model.chrC07.3258	TNL
evm.model.chrC07.3261	TNL
evm.model.chrA06.2761	TNL
evm.model.chrC03.2104	TNL
evm.model.chrA09.7009	TNL
evm.model.chrC06.6248	TNL
evm.model.chrC09.4601	TNL
evm.model.chrA02.2749	TNL
evm.model.chrA07.3000	TNL
evm.model.chrA02.3453	TX
evm.model.chrC08.6518	TX
evm.model.chrC03.9167	TX
evm.model.chrC06.4285	TX
evm.model.chrA05.153	TX
evm.model.chrC02.5823	TX
evm.model.chrA09.2072	TX
evm.model.chrA02.2729	TX
evm.model.chrA06.1900	TX
evm.model.chrC07.3224	TX
evm.model.chrC07.3885	TX
evm.model.chrC06.2497	TX
evm.model.chrA05.143	TX
evm.model.jcf7180002554662.1	TX
evm.model.chrC01.2431	TX
evm.model.chrA06.667	TX
evm.model.chrC01.2403	TX
evm.model.harsh7180000815951.2	TX
evm.model.chrC01.2429	TX
evm.model.chrC05.755	TX
evm.model.chrC01.2440	TX
evm.model.chrC02.6633	TX
evm.model.chrA02.3396	TX
evm.model.chrC02.5838	TX
evm.model.chrC09.3788	TX
evm.model.jcf7180002559755.1	TX
evm.model.chrA02.2744	TX
evm.model.chrA06.168	TX
evm.model.chrA10.1662	TX
evm.model.chrC08.3285	TX
evm.model.chrC04.4919	TX
evm.model.jcf7180001508644_firstRound.1	TX
evm.model.chrC07.3255	TX
evm.model.chrC02.6626	TX
evm.model.chrC02.5771	TX
evm.model.chrC09.7418	TX
evm.model.chrC07.3249	TX
evm.model.chrC03.6768	TX
evm.model.chrA08.188	TX
evm.model.chrC01.2426	TX
evm.model.chrC09.4746	TX
evm.model.chrA09.7007	TX
evm.model.chrC03.9369	TX
evm.model.chrC07.3334	TX
evm.model.jcf7180002445792.1	TX
evm.model.chrA09.1605	TX
evm.model.chrA06.1185	TX
evm.model.chrA01.2293	TX
evm.model.chrC07.3245	TX
evm.model.chrA09.2074	TX
evm.model.chrC07.1567	TX
evm.model.chrA01.2084	TX
evm.model.jcf7180002558863.1	TX
evm.model.chrC01.2420	TX
evm.model.chrC02.5770	TX
evm.model.chrC06.1775	TX
evm.model.chrC01.2427	TX
evm.model.chrC07.3239	TX
evm.model.chrA02.2752	TX
evm.model.chrA09.2358	TX
evm.model.chrA02.3395	TX
evm.model.chrC09.3770	TX
evm.model.chrA08.4043	TX
evm.model.chrC05.754	TX
evm.model.chrA09.2068	TX
evm.model.chrA07.3230	TX
evm.model.chrC03.10358	TX
evm.model.chrC02.5832	TX
evm.model.chrC01.2430	TX
evm.model.chrC09.3794	TX
evm.model.chrC09.3760	TX
evm.model.chrC01.2421	TX
evm.model.chrC02.5837	TX
evm.model.chrC09.2176	TX
evm.model.chrA02.3392	TX
evm.model.chrA08.2494	TX
evm.model.chrC02.5817	TX
evm.model.chrA06.6338	TX
evm.model.chrA09.2087	TX
evm.model.chrA01.1265	RLK
evm.model.chrA01.1489	RLK
evm.model.chrA01.1496	RLK
evm.model.chrA01.1589	RLK
evm.model.chrA01.167	RLK
evm.model.chrA01.1852	RLK
evm.model.chrA01.1854	RLK
evm.model.chrA01.2235	RLK
evm.model.chrA01.2255	RLK
evm.model.chrA01.243	RLK
evm.model.chrA01.2612	RLK
evm.model.chrA01.2653	RLK
evm.model.chrA01.32	RLK
evm.model.chrA01.3207	RLK
evm.model.chrA01.3243	RLK
evm.model.chrA01.3374	RLK
evm.model.chrA01.3396	RLK
evm.model.chrA01.3424	RLK
evm.model.chrA01.3428	RLK
evm.model.chrA01.3432	RLK
evm.model.chrA01.3436	RLK
evm.model.chrA01.3667	RLK
evm.model.chrA01.3779	RLK
evm.model.chrA01.389	RLK
evm.model.chrA01.4039	RLK
evm.model.chrA01.415	RLK
evm.model.chrA01.4552	RLK
evm.model.chrA01.4599	RLK
evm.model.chrA01.468	RLK
evm.model.chrA01.48	RLK
evm.model.chrA01.545	RLK
evm.model.chrA01.582	RLK
evm.model.chrA01.584	RLK
evm.model.chrA01.590	RLK
evm.model.chrA01.607	RLK
evm.model.chrA01.668	RLK
evm.model.chrA01.669	RLK
evm.model.chrA01.679	RLK
evm.model.chrA01.683	RLK
evm.model.chrA01.684	RLK
evm.model.chrA01.697	RLK
evm.model.chrA01.774	RLK
evm.model.chrA01.817	RLK
evm.model.chrA01.938	RLK
evm.model.chrA02.109	RLK
evm.model.chrA02.1286	RLK
evm.model.chrA02.1289	RLK
evm.model.chrA02.1290	RLK
evm.model.chrA02.1291	RLK
evm.model.chrA02.1292	RLK
evm.model.chrA02.1294	RLK
evm.model.chrA02.1378	RLK
evm.model.chrA02.1400	RLK
evm.model.chrA02.1480	RLK
evm.model.chrA02.1552	RLK
evm.model.chrA02.1564	RLK
evm.model.chrA02.1738	RLK
evm.model.chrA02.1939	RLK
evm.model.chrA02.1957	RLK
evm.model.chrA02.2031	RLK
evm.model.chrA02.2176	RLK
evm.model.chrA02.2561	RLK
evm.model.chrA02.2599	RLK
evm.model.chrA02.2694	RLK
evm.model.chrA02.2721	RLK
evm.model.chrA02.2732	RLK
evm.model.chrA02.2800	RLK
evm.model.chrA02.2859	RLK
evm.model.chrA02.2902	RLK
evm.model.chrA02.3120	RLK
evm.model.chrA02.3144	RLK
evm.model.chrA02.3329	RLK
evm.model.chrA02.333	RLK
evm.model.chrA02.3529	RLK
evm.model.chrA02.3639	RLK
evm.model.chrA02.3689	RLK
evm.model.chrA02.3793	RLK
evm.model.chrA02.3889	RLK
evm.model.chrA02.3999	RLK
evm.model.chrA02.4108	RLK
evm.model.chrA02.614	RLK
evm.model.chrA02.628	RLK
evm.model.chrA02.629	RLK
evm.model.chrA02.630	RLK
evm.model.chrA02.631	RLK
evm.model.chrA02.632	RLK
evm.model.chrA02.705	RLK
evm.model.chrA02.714	RLK
evm.model.chrA02.818	RLK
evm.model.chrA02.988	RLK
evm.model.chrA02.991	RLK
evm.model.chrA03.1213	RLK
evm.model.chrA03.1227	RLK
evm.model.chrA03.1285	RLK
evm.model.chrA03.1294	RLK
evm.model.chrA03.1365	RLK
evm.model.chrA03.1490	RLK
evm.model.chrA03.1589	RLK
evm.model.chrA03.1676	RLK
evm.model.chrA03.1752	RLK
evm.model.chrA03.183	RLK
evm.model.chrA03.1929	RLK
evm.model.chrA03.1968	RLK
evm.model.chrA03.1980	RLK
evm.model.chrA03.2047	RLK
evm.model.chrA03.2141	RLK
evm.model.chrA03.2152	RLK
evm.model.chrA03.2489	RLK
evm.model.chrA03.25	RLK
evm.model.chrA03.2548	RLK
evm.model.chrA03.2629	RLK
evm.model.chrA03.2646	RLK
evm.model.chrA03.2667	RLK
evm.model.chrA03.2668	RLK
evm.model.chrA03.2744	RLK
evm.model.chrA03.2781	RLK
evm.model.chrA03.287	RLK
evm.model.chrA03.3147	RLK
evm.model.chrA03.3156	RLK
evm.model.chrA03.3222	RLK
evm.model.chrA03.4	RLK
evm.model.chrA03.4022	RLK
evm.model.chrA03.4034	RLK
evm.model.chrA03.4217	RLK
evm.model.chrA03.4238	RLK
evm.model.chrA03.4406	RLK
evm.model.chrA03.4492	RLK
evm.model.chrA03.4538	RLK
evm.model.chrA03.4565	RLK
evm.model.chrA03.4647	RLK
evm.model.chrA03.4943	RLK
evm.model.chrA03.5069	RLK
evm.model.chrA03.5076	RLK
evm.model.chrA03.5274	RLK
evm.model.chrA03.5284	RLK
evm.model.chrA03.5406	RLK
evm.model.chrA03.5520	RLK
evm.model.chrA03.5688	RLK
evm.model.chrA03.5908	RLK
evm.model.chrA03.592	RLK
evm.model.chrA03.6034	RLK
evm.model.chrA03.6045	RLK
evm.model.chrA03.6132	RLK
evm.model.chrA03.6170	RLK
evm.model.chrA03.6320	RLK
evm.model.chrA03.6396	RLK
evm.model.chrA03.700	RLK
evm.model.chrA03.701	RLK
evm.model.chrA03.805	RLK
evm.model.chrA03.844	RLK
evm.model.chrA03.895	RLK
evm.model.chrA03.95	RLK
evm.model.chrA03.988	RLK
evm.model.chrA04.111	RLK
evm.model.chrA04.1245	RLK
evm.model.chrA04.1263	RLK
evm.model.chrA04.1306	RLK
evm.model.chrA04.1307	RLK
evm.model.chrA04.1545	RLK
evm.model.chrA04.1617	RLK
evm.model.chrA04.1675	RLK
evm.model.chrA04.1754	RLK
evm.model.chrA04.1917	RLK
evm.model.chrA04.1922	RLK
evm.model.chrA04.1927	RLK
evm.model.chrA04.1952	RLK
evm.model.chrA04.1967	RLK
evm.model.chrA04.1972	RLK
evm.model.chrA04.1985	RLK
evm.model.chrA04.2079	RLK
evm.model.chrA04.2085	RLK
evm.model.chrA04.2161	RLK
evm.model.chrA04.225	RLK
evm.model.chrA04.2280	RLK
evm.model.chrA04.2320	RLK
evm.model.chrA04.2321	RLK
evm.model.chrA04.2412	RLK
evm.model.chrA04.2555	RLK
evm.model.chrA04.2556	RLK
evm.model.chrA04.2654	RLK
evm.model.chrA04.2688	RLK
evm.model.chrA04.2728	RLK
evm.model.chrA04.2987	RLK
evm.model.chrA04.3277	RLK
evm.model.chrA04.3405	RLK
evm.model.chrA04.3453	RLK
evm.model.chrA04.3463	RLK
evm.model.chrA04.3485	RLK
evm.model.chrA04.3569	RLK
evm.model.chrA04.3658	RLK
evm.model.chrA04.3674	RLK
evm.model.chrA04.3706	RLK
evm.model.chrA04.3707	RLK
evm.model.chrA04.405	RLK
evm.model.chrA04.409	RLK
evm.model.chrA04.705	RLK
evm.model.chrA05.1088	RLK
evm.model.chrA05.1347	RLK
evm.model.chrA05.1350	RLK
evm.model.chrA05.1488	RLK
evm.model.chrA05.1489	RLK
evm.model.chrA05.1611	RLK
evm.model.chrA05.179	RLK
evm.model.chrA05.3187	RLK
evm.model.chrA05.3262	RLK
evm.model.chrA05.3276	RLK
evm.model.chrA05.3295	RLK
evm.model.chrA05.3469	RLK
evm.model.chrA05.3704	RLK
evm.model.chrA05.3705	RLK
evm.model.chrA05.3706	RLK
evm.model.chrA05.3707	RLK
evm.model.chrA05.3708	RLK
evm.model.chrA05.3711	RLK
evm.model.chrA05.3788	RLK
evm.model.chrA05.4735	RLK
evm.model.chrA05.4746	RLK
evm.model.chrA05.4907	RLK
evm.model.chrA05.4946	RLK
evm.model.chrA05.504	RLK
evm.model.chrA05.5182	RLK
evm.model.chrA05.5211	RLK
evm.model.chrA05.5307	RLK
evm.model.chrA05.5338	RLK
evm.model.chrA05.5601	RLK
evm.model.chrA05.5682	RLK
evm.model.chrA05.6032	RLK
evm.model.chrA05.6093	RLK
evm.model.chrA05.6157	RLK
evm.model.chrA05.6206	RLK
evm.model.chrA05.763	RLK
evm.model.chrA06.1021	RLK
evm.model.chrA06.111	RLK
evm.model.chrA06.1654	RLK
evm.model.chrA06.1733	RLK
evm.model.chrA06.1748	RLK
evm.model.chrA06.1835	RLK
evm.model.chrA06.1882	RLK
evm.model.chrA06.1887	RLK
evm.model.chrA06.1998	RLK
evm.model.chrA06.2006	RLK
evm.model.chrA06.2029	RLK
evm.model.chrA06.2044	RLK
evm.model.chrA06.2144	RLK
evm.model.chrA06.2168	RLK
evm.model.chrA06.2192	RLK
evm.model.chrA06.2206	RLK
evm.model.chrA06.2207	RLK
evm.model.chrA06.2265	RLK
evm.model.chrA06.2290	RLK
evm.model.chrA06.240	RLK
evm.model.chrA06.2403	RLK
evm.model.chrA06.241	RLK
evm.model.chrA06.243	RLK
evm.model.chrA06.256	RLK
evm.model.chrA06.2588	RLK
evm.model.chrA06.2589	RLK
evm.model.chrA06.2590	RLK
evm.model.chrA06.2593	RLK
evm.model.chrA06.2858	RLK
evm.model.chrA06.2861	RLK
evm.model.chrA06.2898	RLK
evm.model.chrA06.2899	RLK
evm.model.chrA06.2945	RLK
evm.model.chrA06.2947	RLK
evm.model.chrA06.3149	RLK
evm.model.chrA06.3228	RLK
evm.model.chrA06.402	RLK
evm.model.chrA06.4958	RLK
evm.model.chrA06.5006	RLK
evm.model.chrA06.5041	RLK
evm.model.chrA06.5146	RLK
evm.model.chrA06.5520	RLK
evm.model.chrA06.5613	RLK
evm.model.chrA06.5627	RLK
evm.model.chrA06.5655	RLK
evm.model.chrA06.5799	RLK
evm.model.chrA06.5818	RLK
evm.model.chrA06.5844	RLK
evm.model.chrA06.5877	RLK
evm.model.chrA06.5906	RLK
evm.model.chrA06.5986	RLK
evm.model.chrA06.6055	RLK
evm.model.chrA06.6086	RLK
evm.model.chrA06.6104	RLK
evm.model.chrA06.6116	RLK
evm.model.chrA06.6164	RLK
evm.model.chrA06.6322	RLK
evm.model.chrA06.6330	RLK
evm.model.chrA06.6335	RLK
evm.model.chrA06.6395	RLK
evm.model.chrA06.6480	RLK
evm.model.chrA06.649	RLK
evm.model.chrA06.6495	RLK
evm.model.chrA06.6537	RLK
evm.model.chrA06.6543	RLK
evm.model.chrA06.6552	RLK
evm.model.chrA06.700	RLK
evm.model.chrA06.879	RLK
evm.model.chrA07.1066	RLK
evm.model.chrA07.1190	RLK
evm.model.chrA07.1192	RLK
evm.model.chrA07.1193	RLK
evm.model.chrA07.1228	RLK
evm.model.chrA07.1431	RLK
evm.model.chrA07.1447	RLK
evm.model.chrA07.1455	RLK
evm.model.chrA07.1484	RLK
evm.model.chrA07.1485	RLK
evm.model.chrA07.1487	RLK
evm.model.chrA07.1489	RLK
evm.model.chrA07.1491	RLK
evm.model.chrA07.1496	RLK
evm.model.chrA07.1540	RLK
evm.model.chrA07.1722	RLK
evm.model.chrA07.1795	RLK
evm.model.chrA07.1983	RLK
evm.model.chrA07.1984	RLK
evm.model.chrA07.199	RLK
evm.model.chrA07.2018	RLK
evm.model.chrA07.2082	RLK
evm.model.chrA07.2084	RLK
evm.model.chrA07.2109	RLK
evm.model.chrA07.2118	RLK
evm.model.chrA07.2160	RLK
evm.model.chrA07.2231	RLK
evm.model.chrA07.2245	RLK
evm.model.chrA07.2318	RLK
evm.model.chrA07.2415	RLK
evm.model.chrA07.2418	RLK
evm.model.chrA07.2442	RLK
evm.model.chrA07.2519	RLK
evm.model.chrA07.2694	RLK
evm.model.chrA07.2766	RLK
evm.model.chrA07.2910	RLK
evm.model.chrA07.3037	RLK
evm.model.chrA07.3046	RLK
evm.model.chrA07.3102	RLK
evm.model.chrA07.3244	RLK
evm.model.chrA07.3251	RLK
evm.model.chrA07.3376	RLK
evm.model.chrA07.3445	RLK
evm.model.chrA07.3618	RLK
evm.model.chrA07.3751	RLK
evm.model.chrA07.3829	RLK
evm.model.chrA07.3872	RLK
evm.model.chrA07.4222	RLK
evm.model.chrA07.4227	RLK
evm.model.chrA07.4237	RLK
evm.model.chrA07.4286	RLK
evm.model.chrA07.4316	RLK
evm.model.chrA07.4340	RLK
evm.model.chrA07.4360	RLK
evm.model.chrA07.4615	RLK
evm.model.chrA07.473	RLK
evm.model.chrA07.491	RLK
evm.model.chrA07.4918	RLK
evm.model.chrA07.4939	RLK
evm.model.chrA07.583	RLK
evm.model.chrA07.770	RLK
evm.model.chrA07.870	RLK
evm.model.chrA07.875	RLK
evm.model.chrA07.941	RLK
evm.model.chrA08.1315	RLK
evm.model.chrA08.1320	RLK
evm.model.chrA08.1477	RLK
evm.model.chrA08.1865	RLK
evm.model.chrA08.1895	RLK
evm.model.chrA08.1965	RLK
evm.model.chrA08.2049	RLK
evm.model.chrA08.219	RLK
evm.model.chrA08.221	RLK
evm.model.chrA08.2232	RLK
evm.model.chrA08.2287	RLK
evm.model.chrA08.2292	RLK
evm.model.chrA08.232	RLK
evm.model.chrA08.2396	RLK
evm.model.chrA08.2443	RLK
evm.model.chrA08.251	RLK
evm.model.chrA08.2545	RLK
evm.model.chrA08.2610	RLK
evm.model.chrA08.2698	RLK
evm.model.chrA08.2714	RLK
evm.model.chrA08.2975	RLK
evm.model.chrA08.300	RLK
evm.model.chrA08.3027	RLK
evm.model.chrA08.3028	RLK
evm.model.chrA08.3060	RLK
evm.model.chrA08.3181	RLK
evm.model.chrA08.3306	RLK
evm.model.chrA08.3491	RLK
evm.model.chrA08.3639	RLK
evm.model.chrA08.3658	RLK
evm.model.chrA08.370	RLK
evm.model.chrA08.3762	RLK
evm.model.chrA08.3789	RLK
evm.model.chrA08.3818	RLK
evm.model.chrA08.4074	RLK
evm.model.chrA08.4101	RLK
evm.model.chrA08.4167	RLK
evm.model.chrA08.4169	RLK
evm.model.chrA08.4171	RLK
evm.model.chrA08.4384	RLK
evm.model.chrA08.45	RLK
evm.model.chrA08.4610	RLK
evm.model.chrA08.4651	RLK
evm.model.chrA08.4718	RLK
evm.model.chrA08.4844	RLK
evm.model.chrA08.4872	RLK
evm.model.chrA08.4873	RLK
evm.model.chrA08.644	RLK
evm.model.chrA08.830	RLK
evm.model.chrA08.835	RLK
evm.model.chrA08.867	RLK
evm.model.chrA09.1092	RLK
evm.model.chrA09.1130	RLK
evm.model.chrA09.1184	RLK
evm.model.chrA09.1266	RLK
evm.model.chrA09.1384	RLK
evm.model.chrA09.1531	RLK
evm.model.chrA09.1803	RLK
evm.model.chrA09.1826	RLK
evm.model.chrA09.1874	RLK
evm.model.chrA09.1949	RLK
evm.model.chrA09.197	RLK
evm.model.chrA09.2055	RLK
evm.model.chrA09.2142	RLK
evm.model.chrA09.2158	RLK
evm.model.chrA09.23	RLK
evm.model.chrA09.2444	RLK
evm.model.chrA09.2539	RLK
evm.model.chrA09.2694	RLK
evm.model.chrA09.2729	RLK
evm.model.chrA09.287	RLK
evm.model.chrA09.327	RLK
evm.model.chrA09.3344	RLK
evm.model.chrA09.3390	RLK
evm.model.chrA09.431	RLK
evm.model.chrA09.4579	RLK
evm.model.chrA09.4929	RLK
evm.model.chrA09.4948	RLK
evm.model.chrA09.4951	RLK
evm.model.chrA09.5078	RLK
evm.model.chrA09.5129	RLK
evm.model.chrA09.5317	RLK
evm.model.chrA09.5330	RLK
evm.model.chrA09.5345	RLK
evm.model.chrA09.5368	RLK
evm.model.chrA09.54	RLK
evm.model.chrA09.5496	RLK
evm.model.chrA09.5546	RLK
evm.model.chrA09.5579	RLK
evm.model.chrA09.5593	RLK
evm.model.chrA09.560	RLK
evm.model.chrA09.5600	RLK
evm.model.chrA09.5808	RLK
evm.model.chrA09.587	RLK
evm.model.chrA09.592	RLK
evm.model.chrA09.5954	RLK
evm.model.chrA09.6075	RLK
evm.model.chrA09.6108	RLK
evm.model.chrA09.6121	RLK
evm.model.chrA09.617	RLK
evm.model.chrA09.6308	RLK
evm.model.chrA09.6343	RLK
evm.model.chrA09.6344	RLK
evm.model.chrA09.6345	RLK
evm.model.chrA09.6614	RLK
evm.model.chrA09.6616	RLK
evm.model.chrA09.6617	RLK
evm.model.chrA09.6713	RLK
evm.model.chrA09.6868	RLK
evm.model.chrA09.6875	RLK
evm.model.chrA09.7010	RLK
evm.model.chrA09.7087	RLK
evm.model.chrA09.710	RLK
evm.model.chrA09.7122	RLK
evm.model.chrA09.7136	RLK
evm.model.chrA09.7271	RLK
evm.model.chrA09.7333	RLK
evm.model.chrA09.7359	RLK
evm.model.chrA09.7369	RLK
evm.model.chrA09.7397	RLK
evm.model.chrA09.7478	RLK
evm.model.chrA09.751	RLK
evm.model.chrA09.7534	RLK
evm.model.chrA09.7553	RLK
evm.model.chrA09.7700	RLK
evm.model.chrA09.7802	RLK
evm.model.chrA09.7803	RLK
evm.model.chrA09.7804	RLK
evm.model.chrA09.8124	RLK
evm.model.chrA09.8150	RLK
evm.model.chrA09.8200	RLK
evm.model.chrA09.847	RLK
evm.model.chrA10.1247	RLK
evm.model.chrA10.1263	RLK
evm.model.chrA10.1405	RLK
evm.model.chrA10.1418	RLK
evm.model.chrA10.1485	RLK
evm.model.chrA10.1647	RLK
evm.model.chrA10.1692	RLK
evm.model.chrA10.1716	RLK
evm.model.chrA10.1722	RLK
evm.model.chrA10.1813	RLK
evm.model.chrA10.1879	RLK
evm.model.chrA10.1958	RLK
evm.model.chrA10.2057	RLK
evm.model.chrA10.2149	RLK
evm.model.chrA10.2291	RLK
evm.model.chrA10.2292	RLK
evm.model.chrA10.2298	RLK
evm.model.chrA10.2300	RLK
evm.model.chrA10.2310	RLK
evm.model.chrA10.2336	RLK
evm.model.chrA10.2347	RLK
evm.model.chrA10.2354	RLK
evm.model.chrA10.2363	RLK
evm.model.chrA10.2504	RLK
evm.model.chrA10.2747	RLK
evm.model.chrA10.352	RLK
evm.model.chrA10.828	RLK
evm.model.chrA10.837	RLK
evm.model.chrC01.1126	RLK
evm.model.chrC01.1223	RLK
evm.model.chrC01.1239	RLK
evm.model.chrC01.1365	RLK
evm.model.chrC01.1367	RLK
evm.model.chrC01.1425	RLK
evm.model.chrC01.1435	RLK
evm.model.chrC01.1572	RLK
evm.model.chrC01.1585	RLK
evm.model.chrC01.1613	RLK
evm.model.chrC01.1656	RLK
evm.model.chrC01.1658	RLK
evm.model.chrC01.1700	RLK
evm.model.chrC01.1705	RLK
evm.model.chrC01.1775	RLK
evm.model.chrC01.1800	RLK
evm.model.chrC01.1803	RLK
evm.model.chrC01.194	RLK
evm.model.chrC01.2070	RLK
evm.model.chrC01.2205	RLK
evm.model.chrC01.2232	RLK
evm.model.chrC01.2294	RLK
evm.model.chrC01.2485	RLK
evm.model.chrC01.2613	RLK
evm.model.chrC01.2825	RLK
evm.model.chrC01.283	RLK
evm.model.chrC01.3241	RLK
evm.model.chrC01.3342	RLK
evm.model.chrC01.3561	RLK
evm.model.chrC01.363	RLK
evm.model.chrC01.3777	RLK
evm.model.chrC01.3784	RLK
evm.model.chrC01.4117	RLK
evm.model.chrC01.4152	RLK
evm.model.chrC01.4155	RLK
evm.model.chrC01.4388	RLK
evm.model.chrC01.44	RLK
evm.model.chrC01.461	RLK
evm.model.chrC01.4865	RLK
evm.model.chrC01.4993	RLK
evm.model.chrC01.4999	RLK
evm.model.chrC01.55	RLK
evm.model.chrC01.5798	RLK
evm.model.chrC01.5827	RLK
evm.model.chrC01.6551	RLK
evm.model.chrC01.6611	RLK
evm.model.chrC01.6666	RLK
evm.model.chrC01.6875	RLK
evm.model.chrC01.6922	RLK
evm.model.chrC01.6929	RLK
evm.model.chrC01.6930	RLK
evm.model.chrC01.7262	RLK
evm.model.chrC01.7297	RLK
evm.model.chrC01.739	RLK
evm.model.chrC01.7443	RLK
evm.model.chrC01.7469	RLK
evm.model.chrC01.7623	RLK
evm.model.chrC01.7692	RLK
evm.model.chrC01.785	RLK
evm.model.chrC01.786	RLK
evm.model.chrC01.793	RLK
evm.model.chrC01.811	RLK
evm.model.chrC01.892	RLK
evm.model.chrC01.893	RLK
evm.model.chrC01.902	RLK
evm.model.chrC01.917	RLK
evm.model.chrC02.1047	RLK
evm.model.chrC02.1214	RLK
evm.model.chrC02.1218	RLK
evm.model.chrC02.1339	RLK
evm.model.chrC02.1340	RLK
evm.model.chrC02.1345	RLK
evm.model.chrC02.1441	RLK
evm.model.chrC02.1579	RLK
evm.model.chrC02.1791	RLK
evm.model.chrC02.1802	RLK
evm.model.chrC02.1809	RLK
evm.model.chrC02.1814	RLK
evm.model.chrC02.2295	RLK
evm.model.chrC02.240	RLK
evm.model.chrC02.2665	RLK
evm.model.chrC02.2667	RLK
evm.model.chrC02.2669	RLK
evm.model.chrC02.2675	RLK
evm.model.chrC02.2676	RLK
evm.model.chrC02.2678	RLK
evm.model.chrC02.2682	RLK
evm.model.chrC02.2803	RLK
evm.model.chrC02.2989	RLK
evm.model.chrC02.3178	RLK
evm.model.chrC02.3402	RLK
evm.model.chrC02.3425	RLK
evm.model.chrC02.376	RLK
evm.model.chrC02.3797	RLK
evm.model.chrC02.3809	RLK
evm.model.chrC02.387	RLK
evm.model.chrC02.4035	RLK
evm.model.chrC02.4186	RLK
evm.model.chrC02.4474	RLK
evm.model.chrC02.4480	RLK
evm.model.chrC02.4496	RLK
evm.model.chrC02.4583	RLK
evm.model.chrC02.4810	RLK
evm.model.chrC02.492	RLK
evm.model.chrC02.4930	RLK
evm.model.chrC02.525	RLK
evm.model.chrC02.5526	RLK
evm.model.chrC02.5729	RLK
evm.model.chrC02.5744	RLK
evm.model.chrC02.5798	RLK
evm.model.chrC02.5911	RLK
evm.model.chrC02.6274	RLK
evm.model.chrC02.6333	RLK
evm.model.chrC02.6655	RLK
evm.model.chrC02.6818	RLK
evm.model.chrC02.6831	RLK
evm.model.chrC02.7008	RLK
evm.model.chrC02.7131	RLK
evm.model.chrC02.7290	RLK
evm.model.chrC02.753	RLK
evm.model.chrC02.778	RLK
evm.model.chrC02.7886	RLK
evm.model.chrC02.7937	RLK
evm.model.chrC02.7969	RLK
evm.model.chrC02.810	RLK
evm.model.chrC02.8112	RLK
evm.model.chrC03.10072	RLK
evm.model.chrC03.10222	RLK
evm.model.chrC03.10294	RLK
evm.model.chrC03.10295	RLK
evm.model.chrC03.10322	RLK
evm.model.chrC03.10451	RLK
evm.model.chrC03.10453	RLK
evm.model.chrC03.10585	RLK
evm.model.chrC03.10627	RLK
evm.model.chrC03.1094	RLK
evm.model.chrC03.125	RLK
evm.model.chrC03.1296	RLK
evm.model.chrC03.1297	RLK
evm.model.chrC03.1300	RLK
evm.model.chrC03.1305	RLK
evm.model.chrC03.1325	RLK
evm.model.chrC03.1328	RLK
evm.model.chrC03.1329	RLK
evm.model.chrC03.1393	RLK
evm.model.chrC03.1400	RLK
evm.model.chrC03.1605	RLK
evm.model.chrC03.1616	RLK
evm.model.chrC03.1776	RLK
evm.model.chrC03.1888	RLK
evm.model.chrC03.1973	RLK
evm.model.chrC03.2155	RLK
evm.model.chrC03.2179	RLK
evm.model.chrC03.2208	RLK
evm.model.chrC03.2223	RLK
evm.model.chrC03.2300	RLK
evm.model.chrC03.2336	RLK
evm.model.chrC03.2426	RLK
evm.model.chrC03.2443	RLK
evm.model.chrC03.2887	RLK
evm.model.chrC03.2970	RLK
evm.model.chrC03.3082	RLK
evm.model.chrC03.3117	RLK
evm.model.chrC03.313	RLK
evm.model.chrC03.3290	RLK
evm.model.chrC03.3304	RLK
evm.model.chrC03.3339	RLK
evm.model.chrC03.3342	RLK
evm.model.chrC03.3343	RLK
evm.model.chrC03.3519	RLK
evm.model.chrC03.3521	RLK
evm.model.chrC03.356	RLK
evm.model.chrC03.3713	RLK
evm.model.chrC03.38	RLK
evm.model.chrC03.3828	RLK
evm.model.chrC03.3848	RLK
evm.model.chrC03.3943	RLK
evm.model.chrC03.3955	RLK
evm.model.chrC03.4122	RLK
evm.model.chrC03.4134	RLK
evm.model.chrC03.4203	RLK
evm.model.chrC03.456	RLK
evm.model.chrC03.509	RLK
evm.model.chrC03.5286	RLK
evm.model.chrC03.5297	RLK
evm.model.chrC03.5348	RLK
evm.model.chrC03.5620	RLK
evm.model.chrC03.5666	RLK
evm.model.chrC03.596	RLK
evm.model.chrC03.6176	RLK
evm.model.chrC03.6217	RLK
evm.model.chrC03.6323	RLK
evm.model.chrC03.6398	RLK
evm.model.chrC03.642	RLK
evm.model.chrC03.6432	RLK
evm.model.chrC03.6522	RLK
evm.model.chrC03.6565	RLK
evm.model.chrC03.6830	RLK
evm.model.chrC03.6846	RLK
evm.model.chrC03.6977	RLK
evm.model.chrC03.7000	RLK
evm.model.chrC03.706	RLK
evm.model.chrC03.7079	RLK
evm.model.chrC03.7274	RLK
evm.model.chrC03.7475	RLK
evm.model.chrC03.7614	RLK
evm.model.chrC03.8173	RLK
evm.model.chrC03.832	RLK
evm.model.chrC03.8478	RLK
evm.model.chrC03.8515	RLK
evm.model.chrC03.8565	RLK
evm.model.chrC03.8566	RLK
evm.model.chrC03.8567	RLK
evm.model.chrC03.8659	RLK
evm.model.chrC03.8719	RLK
evm.model.chrC03.8739	RLK
evm.model.chrC03.9282	RLK
evm.model.chrC03.9454	RLK
evm.model.chrC03.9463	RLK
evm.model.chrC03.9537	RLK
evm.model.chrC03.9586	RLK
evm.model.chrC03.9892	RLK
evm.model.chrC03.995	RLK
evm.model.chrC03.9967	RLK
evm.model.chrC03.9972	RLK
evm.model.chrC04.1172	RLK
evm.model.chrC04.1442	RLK
evm.model.chrC04.1463	RLK
evm.model.chrC04.1584	RLK
evm.model.chrC04.1586	RLK
evm.model.chrC04.1815	RLK
evm.model.chrC04.1955	RLK
evm.model.chrC04.2104	RLK
evm.model.chrC04.2138	RLK
evm.model.chrC04.2173	RLK
evm.model.chrC04.2225	RLK
evm.model.chrC04.2383	RLK
evm.model.chrC04.2388	RLK
evm.model.chrC04.3118	RLK
evm.model.chrC04.314	RLK
evm.model.chrC04.3770	RLK
evm.model.chrC04.3795	RLK
evm.model.chrC04.3822	RLK
evm.model.chrC04.4059	RLK
evm.model.chrC04.4110	RLK
evm.model.chrC04.4162	RLK
evm.model.chrC04.4205	RLK
evm.model.chrC04.429	RLK
evm.model.chrC04.4332	RLK
evm.model.chrC04.4333	RLK
evm.model.chrC04.4536	RLK
evm.model.chrC04.4650	RLK
evm.model.chrC04.4651	RLK
evm.model.chrC04.4699	RLK
evm.model.chrC04.4846	RLK
evm.model.chrC04.4955	RLK
evm.model.chrC04.5089	RLK
evm.model.chrC04.5110	RLK
evm.model.chrC04.5119	RLK
evm.model.chrC04.5153	RLK
evm.model.chrC04.5186	RLK
evm.model.chrC04.5195	RLK
evm.model.chrC04.5196	RLK
evm.model.chrC04.5212	RLK
evm.model.chrC04.5414	RLK
evm.model.chrC04.5521	RLK
evm.model.chrC04.5522	RLK
evm.model.chrC04.5620	RLK
evm.model.chrC04.5723	RLK
evm.model.chrC04.6048	RLK
evm.model.chrC04.6115	RLK
evm.model.chrC04.6166	RLK
evm.model.chrC04.6176	RLK
evm.model.chrC04.6202	RLK
evm.model.chrC04.6296	RLK
evm.model.chrC04.6398	RLK
evm.model.chrC04.6420	RLK
evm.model.chrC04.6467	RLK
evm.model.chrC04.669	RLK
evm.model.chrC05.1071	RLK
evm.model.chrC05.1252	RLK
evm.model.chrC05.1315	RLK
evm.model.chrC05.1486	RLK
evm.model.chrC05.1487	RLK
evm.model.chrC05.1510	RLK
evm.model.chrC05.1542	RLK
evm.model.chrC05.1557	RLK
evm.model.chrC05.1581	RLK
evm.model.chrC05.1603	RLK
evm.model.chrC05.168	RLK
evm.model.chrC05.1728	RLK
evm.model.chrC05.1730	RLK
evm.model.chrC05.1989	RLK
evm.model.chrC05.1990	RLK
evm.model.chrC05.1996	RLK
evm.model.chrC05.1998	RLK
evm.model.chrC05.1999	RLK
evm.model.chrC05.201	RLK
evm.model.chrC05.2290	RLK
evm.model.chrC05.2372	RLK
evm.model.chrC05.2561	RLK
evm.model.chrC05.2564	RLK
evm.model.chrC05.2571	RLK
evm.model.chrC05.2577	RLK
evm.model.chrC05.2907	RLK
evm.model.chrC05.3032	RLK
evm.model.chrC05.3174	RLK
evm.model.chrC05.3544	RLK
evm.model.chrC05.3693	RLK
evm.model.chrC05.389	RLK
evm.model.chrC05.4371	RLK
evm.model.chrC05.4418	RLK
evm.model.chrC05.4425	RLK
evm.model.chrC05.46	RLK
evm.model.chrC05.471	RLK
evm.model.chrC05.5020	RLK
evm.model.chrC05.542	RLK
evm.model.chrC05.5451	RLK
evm.model.chrC05.5481	RLK
evm.model.chrC05.5768	RLK
evm.model.chrC05.5813	RLK
evm.model.chrC05.5974	RLK
evm.model.chrC05.6110	RLK
evm.model.chrC05.6140	RLK
evm.model.chrC05.6198	RLK
evm.model.chrC05.6224	RLK
evm.model.chrC05.6373	RLK
evm.model.chrC05.6717	RLK
evm.model.chrC05.6848	RLK
evm.model.chrC05.6883	RLK
evm.model.chrC05.7227	RLK
evm.model.chrC05.723	RLK
evm.model.chrC05.7313	RLK
evm.model.chrC05.7724	RLK
evm.model.chrC05.7792	RLK
evm.model.chrC05.7851	RLK
evm.model.chrC05.7903	RLK
evm.model.chrC05.7931	RLK
evm.model.chrC05.794	RLK
evm.model.chrC05.7957	RLK
evm.model.chrC05.888	RLK
evm.model.chrC05.916	RLK
evm.model.chrC06.1084	RLK
evm.model.chrC06.1281	RLK
evm.model.chrC06.1648	RLK
evm.model.chrC06.1654	RLK
evm.model.chrC06.1655	RLK
evm.model.chrC06.1661	RLK
evm.model.chrC06.1670	RLK
evm.model.chrC06.1680	RLK
evm.model.chrC06.2168	RLK
evm.model.chrC06.2220	RLK
evm.model.chrC06.2699	RLK
evm.model.chrC06.3073	RLK
evm.model.chrC06.3296	RLK
evm.model.chrC06.3330	RLK
evm.model.chrC06.3363	RLK
evm.model.chrC06.3408	RLK
evm.model.chrC06.3767	RLK
evm.model.chrC06.3769	RLK
evm.model.chrC06.4258	RLK
evm.model.chrC06.4328	RLK
evm.model.chrC06.4377	RLK
evm.model.chrC06.4503	RLK
evm.model.chrC06.4507	RLK
evm.model.chrC06.4604	RLK
evm.model.chrC06.4829	RLK
evm.model.chrC06.4833	RLK
evm.model.chrC06.4836	RLK
evm.model.chrC06.4927	RLK
evm.model.chrC06.4960	RLK
evm.model.chrC06.4961	RLK
evm.model.chrC06.4967	RLK
evm.model.chrC06.5028	RLK
evm.model.chrC06.508	RLK
evm.model.chrC06.5084	RLK
evm.model.chrC06.5086	RLK
evm.model.chrC06.5214	RLK
evm.model.chrC06.5254	RLK
evm.model.chrC06.5290	RLK
evm.model.chrC06.5324	RLK
evm.model.chrC06.5329	RLK
evm.model.chrC06.5400	RLK
evm.model.chrC06.5488	RLK
evm.model.chrC06.5588	RLK
evm.model.chrC06.5601	RLK
evm.model.chrC06.5793	RLK
evm.model.chrC06.5830	RLK
evm.model.chrC06.6002	RLK
evm.model.chrC06.6196	RLK
evm.model.chrC06.6256	RLK
evm.model.chrC06.6294	RLK
evm.model.chrC06.806	RLK
evm.model.chrC06.839	RLK
evm.model.chrC06.841	RLK
evm.model.chrC06.842	RLK
evm.model.chrC06.843	RLK
evm.model.chrC06.845	RLK
evm.model.chrC06.846	RLK
evm.model.chrC07.103	RLK
evm.model.chrC07.1044	RLK
evm.model.chrC07.1448	RLK
evm.model.chrC07.1992	RLK
evm.model.chrC07.2027	RLK
evm.model.chrC07.2172	RLK
evm.model.chrC07.2308	RLK
evm.model.chrC07.2326	RLK
evm.model.chrC07.2445	RLK
evm.model.chrC07.2589	RLK
evm.model.chrC07.2613	RLK
evm.model.chrC07.3171	RLK
evm.model.chrC07.3338	RLK
evm.model.chrC07.3341	RLK
evm.model.chrC07.3342	RLK
evm.model.chrC07.3346	RLK
evm.model.chrC07.3359	RLK
evm.model.chrC07.3643	RLK
evm.model.chrC07.3735	RLK
evm.model.chrC07.3749	RLK
evm.model.chrC07.3772	RLK
evm.model.chrC07.3809	RLK
evm.model.chrC07.3833	RLK
evm.model.chrC07.3953	RLK
evm.model.chrC07.4087	RLK
evm.model.chrC07.4135	RLK
evm.model.chrC07.4240	RLK
evm.model.chrC07.4271	RLK
evm.model.chrC07.4459	RLK
evm.model.chrC07.4488	RLK
evm.model.chrC07.4569	RLK
evm.model.chrC07.4779	RLK
evm.model.chrC07.4839	RLK
evm.model.chrC07.4904	RLK
evm.model.chrC07.4943	RLK
evm.model.chrC07.4970	RLK
evm.model.chrC07.5034	RLK
evm.model.chrC07.5035	RLK
evm.model.chrC07.5096	RLK
evm.model.chrC07.5103	RLK
evm.model.chrC07.5129	RLK
evm.model.chrC07.5222	RLK
evm.model.chrC07.618	RLK
evm.model.chrC07.865	RLK
evm.model.chrC08.1160	RLK
evm.model.chrC08.180	RLK
evm.model.chrC08.1894	RLK
evm.model.chrC08.2175	RLK
evm.model.chrC08.2268	RLK
evm.model.chrC08.2420	RLK
evm.model.chrC08.246	RLK
evm.model.chrC08.2502	RLK
evm.model.chrC08.2524	RLK
evm.model.chrC08.2670	RLK
evm.model.chrC08.2689	RLK
evm.model.chrC08.3073	RLK
evm.model.chrC08.3077	RLK
evm.model.chrC08.3082	RLK
evm.model.chrC08.3225	RLK
evm.model.chrC08.3758	RLK
evm.model.chrC08.3975	RLK
evm.model.chrC08.4186	RLK
evm.model.chrC08.4198	RLK
evm.model.chrC08.4210	RLK
evm.model.chrC08.4236	RLK
evm.model.chrC08.4260	RLK
evm.model.chrC08.4400	RLK
evm.model.chrC08.4464	RLK
evm.model.chrC08.4495	RLK
evm.model.chrC08.4513	RLK
evm.model.chrC08.4724	RLK
evm.model.chrC08.4725	RLK
evm.model.chrC08.4882	RLK
evm.model.chrC08.4914	RLK
evm.model.chrC08.5019	RLK
evm.model.chrC08.5070	RLK
evm.model.chrC08.5280	RLK
evm.model.chrC08.5402	RLK
evm.model.chrC08.5517	RLK
evm.model.chrC08.5523	RLK
evm.model.chrC08.5524	RLK
evm.model.chrC08.5525	RLK
evm.model.chrC08.5900	RLK
evm.model.chrC08.5954	RLK
evm.model.chrC08.6278	RLK
evm.model.chrC08.6282	RLK
evm.model.chrC08.6288	RLK
evm.model.chrC08.6372	RLK
evm.model.chrC08.913	RLK
evm.model.chrC08.936	RLK
evm.model.chrC08.971	RLK
evm.model.chrC09.1055	RLK
evm.model.chrC09.1120	RLK
evm.model.chrC09.1280	RLK
evm.model.chrC09.1329	RLK
evm.model.chrC09.1414	RLK
evm.model.chrC09.1432	RLK
evm.model.chrC09.1487	RLK
evm.model.chrC09.1550	RLK
evm.model.chrC09.1683	RLK
evm.model.chrC09.1852	RLK
evm.model.chrC09.2061	RLK
evm.model.chrC09.234	RLK
evm.model.chrC09.2531	RLK
evm.model.chrC09.2536	RLK
evm.model.chrC09.2604	RLK
evm.model.chrC09.2687	RLK
evm.model.chrC09.2712	RLK
evm.model.chrC09.2749	RLK
evm.model.chrC09.2761	RLK
evm.model.chrC09.2762	RLK
evm.model.chrC09.2766	RLK
evm.model.chrC09.2821	RLK
evm.model.chrC09.2963	RLK
evm.model.chrC09.299	RLK
evm.model.chrC09.3040	RLK
evm.model.chrC09.3076	RLK
evm.model.chrC09.3232	RLK
evm.model.chrC09.3245	RLK
evm.model.chrC09.3337	RLK
evm.model.chrC09.3476	RLK
evm.model.chrC09.3492	RLK
evm.model.chrC09.3590	RLK
evm.model.chrC09.3591	RLK
evm.model.chrC09.3593	RLK
evm.model.chrC09.3596	RLK
evm.model.chrC09.365	RLK
evm.model.chrC09.3747	RLK
evm.model.chrC09.3858	RLK
evm.model.chrC09.3868	RLK
evm.model.chrC09.3898	RLK
evm.model.chrC09.41	RLK
evm.model.chrC09.413	RLK
evm.model.chrC09.4712	RLK
evm.model.chrC09.4846	RLK
evm.model.chrC09.485	RLK
evm.model.chrC09.5080	RLK
evm.model.chrC09.5172	RLK
evm.model.chrC09.531	RLK
evm.model.chrC09.5554	RLK
evm.model.chrC09.5636	RLK
evm.model.chrC09.5663	RLK
evm.model.chrC09.5956	RLK
evm.model.chrC09.6106	RLK
evm.model.chrC09.6312	RLK
evm.model.chrC09.6332	RLK
evm.model.chrC09.6342	RLK
evm.model.chrC09.6551	RLK
evm.model.chrC09.6559	RLK
evm.model.chrC09.6804	RLK
evm.model.chrC09.6904	RLK
evm.model.chrC09.6930	RLK
evm.model.chrC09.7040	RLK
evm.model.chrC09.7056	RLK
evm.model.chrC09.7107	RLK
evm.model.chrC09.7159	RLK
evm.model.chrC09.7452	RLK
evm.model.chrC09.7481	RLK
evm.model.chrC09.7496	RLK
evm.model.chrC09.75	RLK
evm.model.chrC09.765	RLK
evm.model.chrC09.7723	RLK
evm.model.chrC09.7724	RLK
evm.model.chrC09.7803	RLK
evm.model.chrC09.785	RLK
evm.model.chrC09.7902	RLK
evm.model.chrC09.8012	RLK
evm.model.chrC09.8141	RLK
evm.model.chrC09.823	RLK
evm.model.chrC09.8292	RLK
evm.model.chrC09.8293	RLK
evm.model.chrC09.8299	RLK
evm.model.chrC09.8301	RLK
evm.model.chrC09.8313	RLK
evm.model.chrC09.8338	RLK
evm.model.chrC09.8355	RLK
evm.model.chrC09.8363	RLK
evm.model.chrC09.8372	RLK
evm.model.chrC09.838	RLK
evm.model.chrC09.8520	RLK
evm.model.chrC09.899	RLK
evm.model.jcf7180001503246_firstRound.1	RLK
evm.model.jcf7180001504006_firstRound.1	RLK
evm.model.jcf7180001507990_firstRound.1	RLK
evm.model.jcf7180001509222_firstRound.1	RLK
evm.model.jcf7180001509878_firstRound.1	RLK
evm.model.jcf7180001520130_firstRound.1	RLK
evm.model.jcf7180001522089_firstRound.1	RLK
evm.model.jcf7180001522455_firstRound.1	RLK
evm.model.jcf7180001523914_firstRound.1	RLK
evm.model.jcf7180001533152_firstRound.1	RLK
evm.model.jcf7180002436205.1	RLK
evm.model.jcf7180002436242.1	RLK
evm.model.jcf7180002441644.1	RLK
evm.model.jcf7180002484004.1	RLK
evm.model.jcf7180002510089.1	RLK
evm.model.jcf7180002527871.1	RLK
evm.model.jcf7180002530451.2	RLK
evm.model.jcf7180002548669.1	RLK
evm.model.jcf7180002550017.1	RLK
evm.model.jcf7180002560433.1	RLK
evm.model.jcf7180002562263.1	RLK
evm.model.unplaced_contigs.3261	RLK
evm.model.chrA01.1468	RLP
evm.model.chrA01.1471	RLP
evm.model.chrA01.1623	RLP
evm.model.chrA01.3892	RLP
evm.model.chrA01.4234	RLP
evm.model.chrA01.4386	RLP
evm.model.chrA01.4409	RLP
evm.model.chrA01.4688	RLP
evm.model.chrA01.558	RLP
evm.model.chrA02.116	RLP
evm.model.chrA02.1170	RLP
evm.model.chrA02.1207	RLP
evm.model.chrA02.3445	RLP
evm.model.chrA02.3792	RLP
evm.model.chrA02.408	RLP
evm.model.chrA02.4084	RLP
evm.model.chrA03.1027	RLP
evm.model.chrA03.1789	RLP
evm.model.chrA03.2002	RLP
evm.model.chrA03.2699	RLP
evm.model.chrA03.3228	RLP
evm.model.chrA03.3410	RLP
evm.model.chrA03.3411	RLP
evm.model.chrA03.3553	RLP
evm.model.chrA03.4201	RLP
evm.model.chrA03.4372	RLP
evm.model.chrA03.4380	RLP
evm.model.chrA03.5631	RLP
evm.model.chrA03.5633	RLP
evm.model.chrA03.82	RLP
evm.model.chrA03.89	RLP
evm.model.chrA04.2058	RLP
evm.model.chrA04.2059	RLP
evm.model.chrA04.2096	RLP
evm.model.chrA04.2125	RLP
evm.model.chrA04.2258	RLP
evm.model.chrA04.2550	RLP
evm.model.chrA04.2603	RLP
evm.model.chrA04.2608	RLP
evm.model.chrA04.2613	RLP
evm.model.chrA04.2645	RLP
evm.model.chrA04.2666	RLP
evm.model.chrA04.3634	RLP
evm.model.chrA04.690	RLP
evm.model.chrA04.909	RLP
evm.model.chrA04.910	RLP
evm.model.chrA04.915	RLP
evm.model.chrA04.916	RLP
evm.model.chrA05.1332	RLP
evm.model.chrA05.1456	RLP
evm.model.chrA05.3219	RLP
evm.model.chrA05.4872	RLP
evm.model.chrA05.5166	RLP
evm.model.chrA05.5174	RLP
evm.model.chrA05.579	RLP
evm.model.chrA05.838	RLP
evm.model.chrA06.1338	RLP
evm.model.chrA06.1738	RLP
evm.model.chrA06.1892	RLP
evm.model.chrA06.2169	RLP
evm.model.chrA06.2241	RLP
evm.model.chrA06.2247	RLP
evm.model.chrA06.2249	RLP
evm.model.chrA06.2252	RLP
evm.model.chrA06.2319	RLP
evm.model.chrA06.2320	RLP
evm.model.chrA06.2657	RLP
evm.model.chrA06.512	RLP
evm.model.chrA07.104	RLP
evm.model.chrA07.1779	RLP
evm.model.chrA07.1780	RLP
evm.model.chrA07.2595	RLP
evm.model.chrA07.2695	RLP
evm.model.chrA07.2945	RLP
evm.model.chrA07.309	RLP
evm.model.chrA07.4362	RLP
evm.model.chrA07.4571	RLP
evm.model.chrA07.462	RLP
evm.model.chrA07.4867	RLP
evm.model.chrA07.4868	RLP
evm.model.chrA07.685	RLP
evm.model.chrA08.1892	RLP
evm.model.chrA08.1897	RLP
evm.model.chrA08.1914	RLP
evm.model.chrA08.2363	RLP
evm.model.chrA08.2364	RLP
evm.model.chrA08.2594	RLP
evm.model.chrA08.2596	RLP
evm.model.chrA08.3505	RLP
evm.model.chrA08.3760	RLP
evm.model.chrA08.3930	RLP
evm.model.chrA08.4118	RLP
evm.model.chrA08.4139	RLP
evm.model.chrA08.4352	RLP
evm.model.chrA08.8	RLP
evm.model.chrA09.1007	RLP
evm.model.chrA09.1054	RLP
evm.model.chrA09.1809	RLP
evm.model.chrA09.1811	RLP
evm.model.chrA09.2126	RLP
evm.model.chrA09.343	RLP
evm.model.chrA09.5310	RLP
evm.model.chrA09.5606	RLP
evm.model.chrA09.6727	RLP
evm.model.chrA09.6968	RLP
evm.model.chrA09.7909	RLP
evm.model.chrA09.7976	RLP
evm.model.chrA09.8330	RLP
evm.model.chrA09.8331	RLP
evm.model.chrA09.8453	RLP
evm.model.chrA09.8455	RLP
evm.model.chrA09.853	RLP
evm.model.chrA10.1136	RLP
evm.model.chrA10.117	RLP
evm.model.chrA10.1984	RLP
evm.model.chrA10.260	RLP
evm.model.chrA10.261	RLP
evm.model.chrA10.262	RLP
evm.model.chrC01.1230	RLP
evm.model.chrC01.1397	RLP
evm.model.chrC01.1440	RLP
evm.model.chrC01.3840	RLP
evm.model.chrC01.4392	RLP
evm.model.chrC01.4397	RLP
evm.model.chrC01.4773	RLP
evm.model.chrC01.5020	RLP
evm.model.chrC01.5026	RLP
evm.model.chrC01.5030	RLP
evm.model.chrC01.537	RLP
evm.model.chrC01.7237	RLP
evm.model.chrC01.750	RLP
evm.model.chrC01.7880	RLP
evm.model.chrC01.7902	RLP
evm.model.chrC02.1175	RLP
evm.model.chrC02.1217	RLP
evm.model.chrC02.1223	RLP
evm.model.chrC02.1615	RLP
evm.model.chrC02.2182	RLP
evm.model.chrC02.2524	RLP
evm.model.chrC02.2584	RLP
evm.model.chrC02.2881	RLP
evm.model.chrC02.2882	RLP
evm.model.chrC02.3151	RLP
evm.model.chrC02.3291	RLP
evm.model.chrC02.3292	RLP
evm.model.chrC02.3625	RLP
evm.model.chrC02.3630	RLP
evm.model.chrC02.3632	RLP
evm.model.chrC02.3636	RLP
evm.model.chrC02.3637	RLP
evm.model.chrC02.3638	RLP
evm.model.chrC02.3639	RLP
evm.model.chrC02.3739	RLP
evm.model.chrC02.3919	RLP
evm.model.chrC02.3921	RLP
evm.model.chrC02.3922	RLP
evm.model.chrC02.3923	RLP
evm.model.chrC02.6524	RLP
evm.model.chrC02.7006	RLP
evm.model.chrC02.7007	RLP
evm.model.chrC02.762	RLP
evm.model.chrC02.764	RLP
evm.model.chrC02.766	RLP
evm.model.chrC03.10195	RLP
evm.model.chrC03.1206	RLP
evm.model.chrC03.2043	RLP
evm.model.chrC03.3660	RLP
evm.model.chrC03.3964	RLP
evm.model.chrC03.4209	RLP
evm.model.chrC03.4437	RLP
evm.model.chrC03.4621	RLP
evm.model.chrC03.4897	RLP
evm.model.chrC03.4899	RLP
evm.model.chrC03.4902	RLP
evm.model.chrC03.5409	RLP
evm.model.chrC03.5551	RLP
evm.model.chrC03.6007	RLP
evm.model.chrC03.6063	RLP
evm.model.chrC03.6247	RLP
evm.model.chrC03.7373	RLP
evm.model.chrC03.8299	RLP
evm.model.chrC03.8571	RLP
evm.model.chrC03.876	RLP
evm.model.chrC03.9279	RLP
evm.model.chrC03.9285	RLP
evm.model.chrC04.1755	RLP
evm.model.chrC04.1756	RLP
evm.model.chrC04.1773	RLP
evm.model.chrC04.1823	RLP
evm.model.chrC04.1826	RLP
evm.model.chrC04.3093	RLP
evm.model.chrC04.3359	RLP
evm.model.chrC04.3430	RLP
evm.model.chrC04.3432	RLP
evm.model.chrC04.3988	RLP
evm.model.chrC04.407	RLP
evm.model.chrC04.4215	RLP
evm.model.chrC04.4240	RLP
evm.model.chrC04.4245	RLP
evm.model.chrC04.4252	RLP
evm.model.chrC04.4256	RLP
evm.model.chrC04.4884	RLP
evm.model.chrC04.4932	RLP
evm.model.chrC04.4953	RLP
evm.model.chrC04.4976	RLP
evm.model.chrC04.6374	RLP
evm.model.chrC05.1179	RLP
evm.model.chrC05.1511	RLP
evm.model.chrC05.1571	RLP
evm.model.chrC05.1627	RLP
evm.model.chrC05.2064	RLP
evm.model.chrC05.2541	RLP
evm.model.chrC05.2878	RLP
evm.model.chrC05.305	RLP
evm.model.chrC05.5700	RLP
evm.model.chrC05.5705	RLP
evm.model.chrC05.6651	RLP
evm.model.chrC05.6678	RLP
evm.model.chrC05.857	RLP
evm.model.chrC06.1673	RLP
evm.model.chrC06.2873	RLP
evm.model.chrC06.3179	RLP
evm.model.chrC06.3703	RLP
evm.model.chrC06.4041	RLP
evm.model.chrC06.4180	RLP
evm.model.chrC06.4183	RLP
evm.model.chrC06.4185	RLP
evm.model.chrC06.4186	RLP
evm.model.chrC06.4187	RLP
evm.model.chrC06.4321	RLP
evm.model.chrC06.4402	RLP
evm.model.chrC06.4411	RLP
evm.model.chrC06.4834	RLP
evm.model.chrC06.5167	RLP
evm.model.chrC06.5169	RLP
evm.model.chrC06.5177	RLP
evm.model.chrC06.5178	RLP
evm.model.chrC06.5456	RLP
evm.model.chrC06.5457	RLP
evm.model.chrC06.5463	RLP
evm.model.chrC06.5465	RLP
evm.model.chrC06.5466	RLP
evm.model.chrC06.5470	RLP
evm.model.chrC06.5625	RLP
evm.model.chrC07.2315	RLP
evm.model.chrC07.4994	RLP
evm.model.chrC07.588	RLP
evm.model.chrC07.780	RLP
evm.model.chrC08.1874	RLP
evm.model.chrC08.1875	RLP
evm.model.chrC08.2455	RLP
evm.model.chrC08.2504	RLP
evm.model.chrC08.3129	RLP
evm.model.chrC08.3530	RLP
evm.model.chrC08.4178	RLP
evm.model.chrC08.4519	RLP
evm.model.chrC08.4560	RLP
evm.model.chrC08.5440	RLP
evm.model.chrC08.5461	RLP
evm.model.chrC08.5628	RLP
evm.model.chrC08.5945	RLP
evm.model.chrC08.6500	RLP
evm.model.chrC08.6501	RLP
evm.model.chrC08.6636	RLP
evm.model.chrC08.6637	RLP
evm.model.chrC09.1064	RLP
evm.model.chrC09.3850	RLP
evm.model.chrC09.4501	RLP
evm.model.chrC09.5834	RLP
evm.model.chrC09.7386	RLP
evm.model.chrC09.7929	RLP
evm.model.harsh7180000783655.2	RLP
evm.model.jcf7180001501241_firstRound.1	RLP
evm.model.jcf7180001503870_firstRound.1	RLP
evm.model.jcf7180001507729_firstRound.1	RLP
evm.model.jcf7180001511939_firstRound.2	RLP
evm.model.jcf7180001512181_firstRound.1	RLP
evm.model.jcf7180001522002_firstRound.1	RLP
evm.model.jcf7180001523805_firstRound.1	RLP
evm.model.jcf7180001524720_firstRound.1	RLP
evm.model.jcf7180001526309_firstRound.1	RLP
evm.model.jcf7180001533627_firstRound.1	RLP
evm.model.jcf7180001533695_firstRound.2	RLP
evm.model.jcf7180001534013_firstRound.2	RLP
evm.model.jcf7180002441859.1	RLP
evm.model.jcf7180002510089.2	RLP
evm.model.jcf7180002525210.1	RLP
evm.model.jcf7180002558009.1	RLP
evm.model.jcf7180002559281.1	RLP
evm.model.unplaced_contigs.1536	RLP
evm.model.chrA01.1098	TM-CC
evm.model.chrA01.1244	TM-CC
evm.model.chrA01.1263	TM-CC
evm.model.chrA01.1293	TM-CC
evm.model.chrA01.1524	TM-CC
evm.model.chrA01.1638	TM-CC
evm.model.chrA01.198	TM-CC
evm.model.chrA01.2058	TM-CC
evm.model.chrA01.2071	TM-CC
evm.model.chrA01.2156	TM-CC
evm.model.chrA01.2161	TM-CC
evm.model.chrA01.2315	TM-CC
evm.model.chrA01.2536	TM-CC
evm.model.chrA01.3397	TM-CC
evm.model.chrA01.4432	TM-CC
evm.model.chrA01.975	TM-CC
evm.model.chrA02.1026	TM-CC
evm.model.chrA02.1027	TM-CC
evm.model.chrA02.1192	TM-CC
evm.model.chrA02.156	TM-CC
evm.model.chrA02.1638	TM-CC
evm.model.chrA02.1741	TM-CC
evm.model.chrA02.186	TM-CC
evm.model.chrA02.2051	TM-CC
evm.model.chrA02.2831	TM-CC
evm.model.chrA02.2957	TM-CC
evm.model.chrA02.2987	TM-CC
evm.model.chrA02.3458	TM-CC
evm.model.chrA02.3607	TM-CC
evm.model.chrA02.3645	TM-CC
evm.model.chrA02.3818	TM-CC
evm.model.chrA02.4098	TM-CC
evm.model.chrA02.4304	TM-CC
evm.model.chrA02.4329	TM-CC
evm.model.chrA02.722	TM-CC
evm.model.chrA02.91	TM-CC
evm.model.chrA02.948	TM-CC
evm.model.chrA03.1397	TM-CC
evm.model.chrA03.177	TM-CC
evm.model.chrA03.185	TM-CC
evm.model.chrA03.2159	TM-CC
evm.model.chrA03.2330	TM-CC
evm.model.chrA03.2411	TM-CC
evm.model.chrA03.2418	TM-CC
evm.model.chrA03.255	TM-CC
evm.model.chrA03.2594	TM-CC
evm.model.chrA03.2657	TM-CC
evm.model.chrA03.2904	TM-CC
evm.model.chrA03.2905	TM-CC
evm.model.chrA03.3100	TM-CC
evm.model.chrA03.3438	TM-CC
evm.model.chrA03.3706	TM-CC
evm.model.chrA03.3710	TM-CC
evm.model.chrA03.4016	TM-CC
evm.model.chrA03.4270	TM-CC
evm.model.chrA03.4431	TM-CC
evm.model.chrA03.4558	TM-CC
evm.model.chrA03.4584	TM-CC
evm.model.chrA03.4586	TM-CC
evm.model.chrA03.4805	TM-CC
evm.model.chrA03.5321	TM-CC
evm.model.chrA03.5419	TM-CC
evm.model.chrA03.5830	TM-CC
evm.model.chrA03.596	TM-CC
evm.model.chrA03.6328	TM-CC
evm.model.chrA03.6547	TM-CC
evm.model.chrA03.693	TM-CC
evm.model.chrA04.1202	TM-CC
evm.model.chrA04.1452	TM-CC
evm.model.chrA04.149	TM-CC
evm.model.chrA04.174	TM-CC
evm.model.chrA04.179	TM-CC
evm.model.chrA04.1909	TM-CC
evm.model.chrA04.1988	TM-CC
evm.model.chrA04.2113	TM-CC
evm.model.chrA04.216	TM-CC
evm.model.chrA04.242	TM-CC
evm.model.chrA04.3001	TM-CC
evm.model.chrA04.333	TM-CC
evm.model.chrA04.3552	TM-CC
evm.model.chrA04.3649	TM-CC
evm.model.chrA04.558	TM-CC
evm.model.chrA04.777	TM-CC
evm.model.chrA05.1093	TM-CC
evm.model.chrA05.1111	TM-CC
evm.model.chrA05.1339	TM-CC
evm.model.chrA05.1523	TM-CC
evm.model.chrA05.1536	TM-CC
evm.model.chrA05.1590	TM-CC
evm.model.chrA05.1692	TM-CC
evm.model.chrA05.262	TM-CC
evm.model.chrA05.2872	TM-CC
evm.model.chrA05.4417	TM-CC
evm.model.chrA05.4649	TM-CC
evm.model.chrA05.5032	TM-CC
evm.model.chrA05.5257	TM-CC
evm.model.chrA05.5284	TM-CC
evm.model.chrA05.5341	TM-CC
evm.model.chrA05.5454	TM-CC
evm.model.chrA05.5498	TM-CC
evm.model.chrA05.5696	TM-CC
evm.model.chrA05.5736	TM-CC
evm.model.chrA05.5743	TM-CC
evm.model.chrA05.5900	TM-CC
evm.model.chrA05.5986	TM-CC
evm.model.chrA05.6028	TM-CC
evm.model.chrA05.6108	TM-CC
evm.model.chrA05.6129	TM-CC
evm.model.chrA05.619	TM-CC
evm.model.chrA05.650	TM-CC
evm.model.chrA05.914	TM-CC
evm.model.chrA06.13	TM-CC
evm.model.chrA06.1707	TM-CC
evm.model.chrA06.1983	TM-CC
evm.model.chrA06.2405	TM-CC
evm.model.chrA06.2767	TM-CC
evm.model.chrA06.2877	TM-CC
evm.model.chrA06.2942	TM-CC
evm.model.chrA06.3069	TM-CC
evm.model.chrA06.3224	TM-CC
evm.model.chrA06.44	TM-CC
evm.model.chrA06.4865	TM-CC
evm.model.chrA06.4890	TM-CC
evm.model.chrA06.5008	TM-CC
evm.model.chrA06.5025	TM-CC
evm.model.chrA06.5036	TM-CC
evm.model.chrA06.5063	TM-CC
evm.model.chrA06.5236	TM-CC
evm.model.chrA06.5699	TM-CC
evm.model.chrA06.5770	TM-CC
evm.model.chrA06.5793	TM-CC
evm.model.chrA06.5808	TM-CC
evm.model.chrA06.5979	TM-CC
evm.model.chrA06.610	TM-CC
evm.model.chrA06.6226	TM-CC
evm.model.chrA06.6372	TM-CC
evm.model.chrA07.1047	TM-CC
evm.model.chrA07.106	TM-CC
evm.model.chrA07.1078	TM-CC
evm.model.chrA07.1125	TM-CC
evm.model.chrA07.1214	TM-CC
evm.model.chrA07.1402	TM-CC
evm.model.chrA07.1568	TM-CC
evm.model.chrA07.1882	TM-CC
evm.model.chrA07.2181	TM-CC
evm.model.chrA07.2259	TM-CC
evm.model.chrA07.2302	TM-CC
evm.model.chrA07.2555	TM-CC
evm.model.chrA07.2657	TM-CC
evm.model.chrA07.3654	TM-CC
evm.model.chrA07.3758	TM-CC
evm.model.chrA07.4294	TM-CC
evm.model.chrA07.4416	TM-CC
evm.model.chrA07.4426	TM-CC
evm.model.chrA07.4437	TM-CC
evm.model.chrA07.4499	TM-CC
evm.model.chrA07.4680	TM-CC
evm.model.chrA07.4922	TM-CC
evm.model.chrA07.500	TM-CC
evm.model.chrA07.513	TM-CC
evm.model.chrA07.550	TM-CC
evm.model.chrA07.588	TM-CC
evm.model.chrA07.590	TM-CC
evm.model.chrA07.591	TM-CC
evm.model.chrA07.593	TM-CC
evm.model.chrA07.79	TM-CC
evm.model.chrA08.1167	TM-CC
evm.model.chrA08.1446	TM-CC
evm.model.chrA08.1551	TM-CC
evm.model.chrA08.163	TM-CC
evm.model.chrA08.1743	TM-CC
evm.model.chrA08.2101	TM-CC
evm.model.chrA08.2495	TM-CC
evm.model.chrA08.2619	TM-CC
evm.model.chrA08.3245	TM-CC
evm.model.chrA08.3321	TM-CC
evm.model.chrA08.3824	TM-CC
evm.model.chrA08.4433	TM-CC
evm.model.chrA08.4478	TM-CC
evm.model.chrA08.4582	TM-CC
evm.model.chrA08.4707	TM-CC
evm.model.chrA08.4938	TM-CC
evm.model.chrA09.1095	TM-CC
evm.model.chrA09.1156	TM-CC
evm.model.chrA09.1308	TM-CC
evm.model.chrA09.1446	TM-CC
evm.model.chrA09.1591	TM-CC
evm.model.chrA09.2215	TM-CC
evm.model.chrA09.2232	TM-CC
evm.model.chrA09.2714	TM-CC
evm.model.chrA09.342	TM-CC
evm.model.chrA09.3534	TM-CC
evm.model.chrA09.3545	TM-CC
evm.model.chrA09.4765	TM-CC
evm.model.chrA09.4777	TM-CC
evm.model.chrA09.4804	TM-CC
evm.model.chrA09.4873	TM-CC
evm.model.chrA09.5067	TM-CC
evm.model.chrA09.5636	TM-CC
evm.model.chrA09.5713	TM-CC
evm.model.chrA09.6491	TM-CC
evm.model.chrA09.6633	TM-CC
evm.model.chrA09.7021	TM-CC
evm.model.chrA09.8132	TM-CC
evm.model.chrA09.8253	TM-CC
evm.model.chrA09.8527	TM-CC
evm.model.chrA09.926	TM-CC
evm.model.chrA10.126	TM-CC
evm.model.chrA10.1668	TM-CC
evm.model.chrA10.176	TM-CC
evm.model.chrA10.1767	TM-CC
evm.model.chrA10.2049	TM-CC
evm.model.chrA10.2092	TM-CC
evm.model.chrA10.2193	TM-CC
evm.model.chrA10.2280	TM-CC
evm.model.chrA10.2525	TM-CC
evm.model.chrA10.2628	TM-CC
evm.model.chrA10.2666	TM-CC
evm.model.chrA10.427	TM-CC
evm.model.chrC01.1293	TM-CC
evm.model.chrC01.1677	TM-CC
evm.model.chrC01.1993	TM-CC
evm.model.chrC01.2118	TM-CC
evm.model.chrC01.230	TM-CC
evm.model.chrC01.2563	TM-CC
evm.model.chrC01.2594	TM-CC
evm.model.chrC01.2641	TM-CC
evm.model.chrC01.3032	TM-CC
evm.model.chrC01.3201	TM-CC
evm.model.chrC01.3239	TM-CC
evm.model.chrC01.3315	TM-CC
evm.model.chrC01.350	TM-CC
evm.model.chrC01.3625	TM-CC
evm.model.chrC01.3673	TM-CC
evm.model.chrC01.3759	TM-CC
evm.model.chrC01.3837	TM-CC
evm.model.chrC01.398	TM-CC
evm.model.chrC01.4440	TM-CC
evm.model.chrC01.4545	TM-CC
evm.model.chrC01.4935	TM-CC
evm.model.chrC01.4950	TM-CC
evm.model.chrC01.5561	TM-CC
evm.model.chrC01.5902	TM-CC
evm.model.chrC01.6235	TM-CC
evm.model.chrC01.655	TM-CC
evm.model.chrC01.656	TM-CC
evm.model.chrC01.7046	TM-CC
evm.model.chrC01.7118	TM-CC
evm.model.chrC01.7857	TM-CC
evm.model.chrC01.910	TM-CC
evm.model.chrC02.1353	TM-CC
evm.model.chrC02.156	TM-CC
evm.model.chrC02.1611	TM-CC
evm.model.chrC02.165	TM-CC
evm.model.chrC02.1726	TM-CC
evm.model.chrC02.1869	TM-CC
evm.model.chrC02.2060	TM-CC
evm.model.chrC02.2287	TM-CC
evm.model.chrC02.2355	TM-CC
evm.model.chrC02.2959	TM-CC
evm.model.chrC02.341	TM-CC
evm.model.chrC02.3473	TM-CC
evm.model.chrC02.4017	TM-CC
evm.model.chrC02.4423	TM-CC
evm.model.chrC02.5146	TM-CC
evm.model.chrC02.5537	TM-CC
evm.model.chrC02.571	TM-CC
evm.model.chrC02.5918	TM-CC
evm.model.chrC02.6109	TM-CC
evm.model.chrC02.6254	TM-CC
evm.model.chrC02.6329	TM-CC
evm.model.chrC02.6536	TM-CC
evm.model.chrC02.6767	TM-CC
evm.model.chrC02.6804	TM-CC
evm.model.chrC02.6816	TM-CC
evm.model.chrC02.6823	TM-CC
evm.model.chrC02.7051	TM-CC
evm.model.chrC02.7346	TM-CC
evm.model.chrC02.7711	TM-CC
evm.model.chrC02.8267	TM-CC
evm.model.chrC02.8295	TM-CC
evm.model.chrC02.8340	TM-CC
evm.model.chrC02.853	TM-CC
evm.model.chrC03.10412	TM-CC
evm.model.chrC03.1136	TM-CC
evm.model.chrC03.1189	TM-CC
evm.model.chrC03.214	TM-CC
evm.model.chrC03.2450	TM-CC
evm.model.chrC03.2806	TM-CC
evm.model.chrC03.288	TM-CC
evm.model.chrC03.3028	TM-CC
evm.model.chrC03.3199	TM-CC
evm.model.chrC03.3347	TM-CC
evm.model.chrC03.359	TM-CC
evm.model.chrC03.3800	TM-CC
evm.model.chrC03.4064	TM-CC
evm.model.chrC03.4071	TM-CC
evm.model.chrC03.4469	TM-CC
evm.model.chrC03.449	TM-CC
evm.model.chrC03.450	TM-CC
evm.model.chrC03.4768	TM-CC
evm.model.chrC03.4828	TM-CC
evm.model.chrC03.5117	TM-CC
evm.model.chrC03.5861	TM-CC
evm.model.chrC03.6082	TM-CC
evm.model.chrC03.6414	TM-CC
evm.model.chrC03.6717	TM-CC
evm.model.chrC03.7142	TM-CC
evm.model.chrC03.7165	TM-CC
evm.model.chrC03.745	TM-CC
evm.model.chrC03.7457	TM-CC
evm.model.chrC03.7473	TM-CC
evm.model.chrC03.770	TM-CC
evm.model.chrC03.7759	TM-CC
evm.model.chrC03.8708	TM-CC
evm.model.chrC03.8724	TM-CC
evm.model.chrC03.9078	TM-CC
evm.model.chrC03.9670	TM-CC
evm.model.chrC03.9732	TM-CC
evm.model.chrC03.9885	TM-CC
evm.model.chrC04.1176	TM-CC
evm.model.chrC04.1563	TM-CC
evm.model.chrC04.167	TM-CC
evm.model.chrC04.2136	TM-CC
evm.model.chrC04.2848	TM-CC
evm.model.chrC04.3141	TM-CC
evm.model.chrC04.3268	TM-CC
evm.model.chrC04.3276	TM-CC
evm.model.chrC04.3452	TM-CC
evm.model.chrC04.3547	TM-CC
evm.model.chrC04.361	TM-CC
evm.model.chrC04.3766	TM-CC
evm.model.chrC04.3982	TM-CC
evm.model.chrC04.4082	TM-CC
evm.model.chrC04.463	TM-CC
evm.model.chrC04.4641	TM-CC
evm.model.chrC04.4771	TM-CC
evm.model.chrC04.4901	TM-CC
evm.model.chrC04.5087	TM-CC
evm.model.chrC04.5740	TM-CC
evm.model.chrC04.6277	TM-CC
evm.model.chrC04.6388	TM-CC
evm.model.chrC04.704	TM-CC
evm.model.chrC04.867	TM-CC
evm.model.chrC05.1138	TM-CC
evm.model.chrC05.1465	TM-CC
evm.model.chrC05.1733	TM-CC
evm.model.chrC05.1773	TM-CC
evm.model.chrC05.1911	TM-CC
evm.model.chrC05.192	TM-CC
evm.model.chrC05.1967	TM-CC
evm.model.chrC05.2349	TM-CC
evm.model.chrC05.2413	TM-CC
evm.model.chrC05.2464	TM-CC
evm.model.chrC05.2774	TM-CC
evm.model.chrC05.3006	TM-CC
evm.model.chrC05.3143	TM-CC
evm.model.chrC05.3207	TM-CC
evm.model.chrC05.461	TM-CC
evm.model.chrC05.4707	TM-CC
evm.model.chrC05.4768	TM-CC
evm.model.chrC05.4871	TM-CC
evm.model.chrC05.5281	TM-CC
evm.model.chrC05.5282	TM-CC
evm.model.chrC05.5305	TM-CC
evm.model.chrC05.5949	TM-CC
evm.model.chrC05.6090	TM-CC
evm.model.chrC05.6674	TM-CC
evm.model.chrC05.668	TM-CC
evm.model.chrC05.6783	TM-CC
evm.model.chrC05.7036	TM-CC
evm.model.chrC05.7094	TM-CC
evm.model.chrC05.7381	TM-CC
evm.model.chrC05.7572	TM-CC
evm.model.chrC05.7680	TM-CC
evm.model.chrC05.7777	TM-CC
evm.model.chrC05.7829	TM-CC
evm.model.chrC05.7911	TM-CC
evm.model.chrC06.104	TM-CC
evm.model.chrC06.1224	TM-CC
evm.model.chrC06.2487	TM-CC
evm.model.chrC06.2947	TM-CC
evm.model.chrC06.323	TM-CC
evm.model.chrC06.3259	TM-CC
evm.model.chrC06.3445	TM-CC
evm.model.chrC06.3483	TM-CC
evm.model.chrC06.3840	TM-CC
evm.model.chrC06.4101	TM-CC
evm.model.chrC06.4121	TM-CC
evm.model.chrC06.4265	TM-CC
evm.model.chrC06.4452	TM-CC
evm.model.chrC06.5001	TM-CC
evm.model.chrC06.5041	TM-CC
evm.model.chrC06.5291	TM-CC
evm.model.chrC06.5344	TM-CC
evm.model.chrC06.5501	TM-CC
evm.model.chrC06.5639	TM-CC
evm.model.chrC06.5640	TM-CC
evm.model.chrC06.6179	TM-CC
evm.model.chrC06.6212	TM-CC
evm.model.chrC07.100	TM-CC
evm.model.chrC07.1059	TM-CC
evm.model.chrC07.1062	TM-CC
evm.model.chrC07.16	TM-CC
evm.model.chrC07.166	TM-CC
evm.model.chrC07.2744	TM-CC
evm.model.chrC07.2882	TM-CC
evm.model.chrC07.3217	TM-CC
evm.model.chrC07.3274	TM-CC
evm.model.chrC07.3544	TM-CC
evm.model.chrC07.3836	TM-CC
evm.model.chrC07.4252	TM-CC
evm.model.chrC07.4277	TM-CC
evm.model.chrC07.4406	TM-CC
evm.model.chrC07.4516	TM-CC
evm.model.chrC07.5152	TM-CC
evm.model.chrC07.5392	TM-CC
evm.model.chrC07.637	TM-CC
evm.model.chrC07.955	TM-CC
evm.model.chrC08.1121	TM-CC
evm.model.chrC08.2275	TM-CC
evm.model.chrC08.2387	TM-CC
evm.model.chrC08.2586	TM-CC
evm.model.chrC08.2815	TM-CC
evm.model.chrC08.2817	TM-CC
evm.model.chrC08.2836	TM-CC
evm.model.chrC08.3404	TM-CC
evm.model.chrC08.3586	TM-CC
evm.model.chrC08.3719	TM-CC
evm.model.chrC08.4252	TM-CC
evm.model.chrC08.4548	TM-CC
evm.model.chrC08.4632	TM-CC
evm.model.chrC08.5797	TM-CC
evm.model.chrC08.5957	TM-CC
evm.model.chrC08.6426	TM-CC
evm.model.chrC08.6709	TM-CC
evm.model.chrC08.78	TM-CC
evm.model.chrC09.1172	TM-CC
evm.model.chrC09.1361	TM-CC
evm.model.chrC09.1436	TM-CC
evm.model.chrC09.1442	TM-CC
evm.model.chrC09.1732	TM-CC
evm.model.chrC09.1933	TM-CC
evm.model.chrC09.2151	TM-CC
evm.model.chrC09.2379	TM-CC
evm.model.chrC09.2970	TM-CC
evm.model.chrC09.3289	TM-CC
evm.model.chrC09.3511	TM-CC
evm.model.chrC09.3932	TM-CC
evm.model.chrC09.4019	TM-CC
evm.model.chrC09.4039	TM-CC
evm.model.chrC09.4215	TM-CC
evm.model.chrC09.427	TM-CC
evm.model.chrC09.447	TM-CC
evm.model.chrC09.4470	TM-CC
evm.model.chrC09.4696	TM-CC
evm.model.chrC09.4937	TM-CC
evm.model.chrC09.5425	TM-CC
evm.model.chrC09.5537	TM-CC
evm.model.chrC09.6205	TM-CC
evm.model.chrC09.6284	TM-CC
evm.model.chrC09.6905	TM-CC
evm.model.chrC09.6943	TM-CC
evm.model.chrC09.7650	TM-CC
evm.model.chrC09.8023	TM-CC
evm.model.chrC09.8068	TM-CC
evm.model.chrC09.8278	TM-CC
evm.model.chrC09.8544	TM-CC
evm.model.chrC09.8571	TM-CC
evm.model.chrC09.977	TM-CC
evm.model.harsh7180000815546.1	TM-CC
evm.model.jcf7180002482974.2	TM-CC
evm.model.jcf7180002510089.4	TM-CC
evm.model.unplaced_contigs.2679	TM-CC
evm.model.unplaced_contigs.2836	TM-CC
evm.model.unplaced_contigs.493	TM-CC
