evm.model.chrC06.4282	CN
evm.model.chrC09.2021	CN
evm.model.chrC08.5838	CN
evm.model.chrA10.1070	CN
evm.model.chrA03.7106	CN
evm.model.chrA06.896	CN
evm.model.chrC02.5881	CN
evm.model.chrC09.6635	CN
evm.model.chrC07.4189	CN
evm.model.chrC08.3568	CN
evm.model.chrA03.7104	CN
evm.model.chrA06.5608	CN
evm.model.chrC04.5581	CN
evm.model.chrC01.2923	CN
evm.model.chrC03.6628	CN
evm.model.chrC08.5847	CN
evm.model.chrC08.3581	CN
evm.model.chrA10.521	CN
evm.model.chrC06.822	CN
evm.model.chrA06.5611	CN
evm.model.chrC07.4193	CN
evm.model.chrC08.6097	CN
evm.model.chrA02.2789	CN
evm.model.chrA08.4683	CN
evm.model.chrC06.3134	CN
evm.model.chrC01.1470	CN
evm.model.chrA06.5840	CN
evm.model.chrC09.158	CN
evm.model.chrC06.591	CN
evm.model.chrC09.2019	CN
evm.model.chrA09.4768	CNL
evm.model.chrC08.6202	CNL
evm.model.chrA02.4086	CNL
evm.model.chrC03.3244	CNL
evm.model.chrA06.894	CNL
evm.model.chrC06.278	CNL
evm.model.chrC01.5822	CNL
evm.model.chrA09.4775	CNL
evm.model.chrC09.1144	CNL
evm.model.chrC08.3704	CNL
evm.model.jcf7180002548715.1	CNL
evm.model.chrA06.355	CNL
evm.model.chrC04.1258	CNL
evm.model.chrA01.2174	CNL
evm.model.chrA05.1149	CNL
evm.model.chrA06.248	CNL
evm.model.chrA02.2985	CNL
evm.model.chrC09.3877	CNL
evm.model.jcf7180002560645.1	CNL
evm.model.chrA06.357	CNL
evm.model.chrA09.1215	CNL
evm.model.chrA09.8056	CNL
evm.model.chrA06.328	CNL
evm.model.chrA05.1143	CNL
evm.model.chrA02.2981	CNL
evm.model.chrA03.6470	CNL
evm.model.chrC09.1592	CNL
evm.model.chrC06.821	CNL
evm.model.chrA09.902	CNL
evm.model.chrA09.8059	CNL
evm.model.chrC01.5705	CNL
evm.model.chrA07.3885	CNL
evm.model.chrC08.5843	CNL
evm.model.chrC05.1464	CNL
evm.model.chrA09.2149	CNL
evm.model.chrA09.1716	CNL
evm.model.chrC04.2029	CNL
evm.model.chrC08.6194	CNL
evm.model.chrC05.6702	CNL
evm.model.chrA08.323	CNL
evm.model.chrA01.1000	CNL
evm.model.chrA01.2246	CNL
evm.model.chrC08.6200	CNL
evm.model.chrC03.10201	CNL
evm.model.jcf7180001503720_firstRound.1	CNL
evm.model.chrC05.1089	CNL
evm.model.chrA09.8067	CNL
evm.model.chrA07.2731	CNL
evm.model.chrC03.6091	CNL
evm.model.chrA09.903	CNL
evm.model.chrC06.581	CNL
evm.model.chrA08.4685	CNL
evm.model.chrC09.6725	CNL
evm.model.chrA09.1598	CNL
evm.model.chrC09.1589	CNL
evm.model.chrC06.611	CNL
evm.model.chrA10.1131	CNL
evm.model.chrC03.10546	CNL
evm.model.chrA09.4861	CNL
evm.model.chrC03.6765	CNL
evm.model.chrA01.1807	CNL
evm.model.chrC07.4199	CNL
evm.model.chrA01.892	CNL
evm.model.chrA03.4275	CNL
evm.model.chrC07.3305	CNL
evm.model.chrC06.676	CNL
evm.model.chrA05.5198	CNL
evm.model.chrC07.4500	CNL
evm.model.chrC01.5281	CNL
evm.model.chrC09.3789	NBS
evm.model.jcf7180002507771.1	NBS
evm.model.chrC09.159	NBS
evm.model.chrC09.7256	NBS
evm.model.chrC06.680	NBS
evm.model.harsh7180000785821.1	NBS
evm.model.jcf7180002549558.1	NBS
evm.model.harsh7180000794391.1	NBS
evm.model.chrA09.8057	NBS
evm.model.chrC01.5286	NBS
evm.model.chrA06.191	NBS
evm.model.chrC07.3240	NBS
evm.model.chrC05.1417	NBS
evm.model.chrA01.3566	NBS
evm.model.chrC06.943	NBS
evm.model.chrC06.608	NBS
evm.model.chrC05.2759	NBS
evm.model.chrC01.5892	NBS
evm.model.chrC06.670	NBS
evm.model.chrA06.1916	NBS
evm.model.chrC08.2302	NBS
evm.model.chrA10.2038	NBS
evm.model.chrC02.910	NBS
evm.model.chrC07.3256	NBS
evm.model.chrC06.5338	NBS
evm.model.chrC02.5834	NBS
evm.model.chrC05.1085	NBS
evm.model.chrC05.1088	NBS
evm.model.chrC02.5879	NBS
evm.model.harsh7180000796317.1	NBS
evm.model.chrC01.1765	NBS
evm.model.chrC08.6205	NBS
evm.model.chrA01.1805	NBS
evm.model.jcf7180002562645.1	NBS
evm.model.chrA05.6202	NBS
evm.model.chrC08.5851	NBS
evm.model.chrC08.5431	NBS
evm.model.chrC08.5435	NBS
evm.model.harsh7180000794375.1	NBS
evm.model.chrC06.590	NBS
evm.model.chrC02.4887	NBS
evm.model.chrC09.4745	NBS
evm.model.chrC08.5711	NBS
evm.model.chrC09.2154	NBS
evm.model.chrC01.7138	NBS
evm.model.chrA06.389	NBS
evm.model.chrC02.5836	NBS
evm.model.chrC08.3286	NBS
evm.model.chrA09.2088	NBS
evm.model.harsh7180000786408.1	NBS
evm.model.chrA06.5610	NBS
evm.model.chrA02.4083	NBS
evm.model.chrC01.4436	NBS
evm.model.chrC03.3200	NBS
evm.model.jcf7180002461520.1	NBS
evm.model.chrC07.3247	NBS
evm.model.chrC01.530	NBS
evm.model.chrC08.6098	NBS
evm.model.chrC05.1418	NBS
evm.model.chrC06.5719	NBS
evm.model.chrC06.2544	NL
evm.model.chrA09.8009	NL
evm.model.chrA03.2865	NL
evm.model.jcf7180002531134.1	NL
evm.model.harsh7180000781976.1	NL
evm.model.chrC09.1117	NL
evm.model.chrC05.1094	NL
evm.model.chrA03.5528	NL
evm.model.chrA06.5614	NL
evm.model.chrA09.2617	NL
evm.model.chrA07.2146	NL
evm.model.chrC07.3248	NL
evm.model.chrC09.2018	NL
evm.model.chrC03.9907	NL
evm.model.chrA10.2545	NL
evm.model.chrC01.602	NL
evm.model.jcf7180002520727.1	NL
evm.model.chrA02.4080	NL
evm.model.chrA10.522	NL
evm.model.chrA01.1806	NL
evm.model.unplaced_contigs.699	NL
evm.model.jcf7180002529701.1	NL
evm.model.chrC03.3531	NL
evm.model.chrA07.2996	NL
evm.model.chrC06.4276	NL
evm.model.jcf7180002520422.1	NL
evm.model.chrA05.5199	NL
evm.model.chrA09.1743	NL
evm.model.chrC09.4599	NL
evm.model.chrC07.3227	NL
evm.model.chrC05.6703	NL
evm.model.jcf7180001503213_firstRound.2	NL
evm.model.chrC09.7259	NL
evm.model.chrC01.2771	NL
evm.model.jcf7180001530749_firstRound.1	NL
evm.model.chrC06.4286	NL
evm.model.chrA03.4355	NL
evm.model.chrA02.2986	NL
evm.model.chrA08.2996	NL
evm.model.chrC03.1744	NL
evm.model.chrC08.5846	NL
evm.model.chrC08.5709	NL
evm.model.chrC08.3760	NL
evm.model.jcf7180002527250.1	NL
evm.model.jcf7180001502085_firstRound.1	NL
evm.model.chrC07.4198	NL
evm.model.chrA09.383	NL
evm.model.jcf7180001533045_firstRound.1	NL
evm.model.harsh7180000781994.2	NL
evm.model.jcf7180002560754.1	NL
evm.model.chrA09.885	NL
evm.model.chrC08.5437	NL
evm.model.chrC01.4438	NL
evm.model.chrA07.2147	NL
evm.model.chrA08.2240	NL
evm.model.chrA01.4134	NL
evm.model.chrC04.1369	NL
evm.model.chrC09.2163	NL
evm.model.chrA09.1705	NL
evm.model.chrA07.3478	NL
evm.model.chrA02.3945	NL
evm.model.chrC09.2405	NL
evm.model.chrC05.1086	NL
evm.model.chrA09.8073	NL
evm.model.jcf7180002561322.1	NL
evm.model.chrA09.8058	NL
evm.model.chrC07.3234	NL
evm.model.chrC01.1469	NL
evm.model.chrC06.4283	NL
evm.model.chrA06.897	NL
evm.model.chrC02.7395	NL
evm.model.chrC08.6193	NL
evm.model.chrA03.5015	NL
evm.model.jcf7180002562063.1	NL
evm.model.chrC03.6219	NL
evm.model.chrA05.3286	NL
evm.model.chrA09.7543	NL
evm.model.chrC09.8570	NL
evm.model.chrC09.2358	NL
evm.model.chrC01.1511	NL
evm.model.chrA09.5490	NL
evm.model.chrC09.465	NL
evm.model.chrC02.851	NL
evm.model.jcf7180001508509_firstRound.1	NL
evm.model.chrA01.476	NL
evm.model.chrC06.607	NL
evm.model.chrC06.681	NL
evm.model.chrA08.4684	NL
evm.model.chrC08.6089	NL
evm.model.chrC02.5839	NL
evm.model.jcf7180002563121.2	NL
evm.model.chrA06.1915	NL
evm.model.jcf7180002437882.1	OTHER
evm.model.chrC04.3161	OTHER
evm.model.chrC03.9168	OTHER
evm.model.chrC07.3883	OTHER
evm.model.chrC08.3759	OTHER
evm.model.chrC03.959	OTHER
evm.model.chrC07.3228	OTHER
evm.model.chrA09.4933	OTHER
evm.model.chrC07.3222	OTHER
evm.model.jcf7180002473048.1	OTHER
evm.model.chrA03.5017	OTHER
evm.model.chrC03.6651	OTHER
evm.model.chrC06.5335	OTHER
evm.model.chrA07.3229	OTHER
evm.model.chrA06.6377	OTHER
evm.model.chrA09.7733	OTHER
evm.model.chrA09.2643	TN
evm.model.chrC06.5343	TN
evm.model.chrC02.3840	TN
evm.model.jcf7180001522194_firstRound.1	TN
evm.model.jcf7180001522208_firstRound.1	TN
evm.model.chrA08.2490	TN
evm.model.chrC02.3463	TN
evm.model.chrA07.4923	TN
evm.model.chrC06.5336	TN
evm.model.chrA09.7737	TN
evm.model.jcf7180002435019.2	TN
evm.model.chrA02.2755	TN
evm.model.chrC02.5819	TN
evm.model.chrC08.5439	TN
evm.model.chrA08.2491	TN
evm.model.chrC06.4275	TN
evm.model.chrC06.5339	TN
evm.model.chrC06.4266	TN
evm.model.chrA03.5236	TN
evm.model.chrC08.5434	TN
evm.model.chrA02.2747	TN
evm.model.chrC07.3263	TN
evm.model.chrC04.3953	TN
evm.model.chrC06.4284	TN
evm.model.chrC06.4287	TN
evm.model.chrA08.2492	TN
evm.model.jcf7180002484891.1	TN
evm.model.chrC06.4269	TN
evm.model.chrA08.2489	TN
evm.model.chrC09.3268	TN
evm.model.chrA07.3223	TN
evm.model.chrC06.5341	TN
evm.model.chrC09.6001	TN
evm.model.chrA05.3287	TNL
evm.model.chrC02.5826	TNL
evm.model.jcf7180002483935.1	TNL
evm.model.chrA09.7008	TNL
evm.model.chrC08.3280	TNL
evm.model.chrA02.2745	TNL
evm.model.chrA08.3019	TNL
evm.model.chrC04.3957	TNL
evm.model.chrC02.5841	TNL
evm.model.chrA08.3503	TNL
evm.model.jcf7180002489142.1	TNL
evm.model.jcf7180002435116.1	TNL
evm.model.chrA01.245	TNL
evm.model.chrC09.3803	TNL
evm.model.jcf7180002532817.1	TNL
evm.model.jcf7180001503215_firstRound.1	TNL
evm.model.chrA09.2648	TNL
evm.model.chrA08.4048	TNL
evm.model.chrA09.7732	TNL
evm.model.chrC03.9342	TNL
evm.model.chrC03.9161	TNL
evm.model.chrA08.1929	TNL
evm.model.chrC07.3230	TNL
evm.model.chrC03.9350	TNL
evm.model.chrA09.4932	TNL
evm.model.chrC05.2381	TNL
evm.model.chrC09.3793	TNL
evm.model.chrC03.6772	TNL
evm.model.chrA08.3504	TNL
evm.model.chrA02.2753	TNL
evm.model.chrC08.5433	TNL
evm.model.chrC03.9348	TNL
evm.model.chrC09.3799	TNL
evm.model.chrC05.2373	TNL
evm.model.jcf7180002435698.1	TNL
evm.model.chrC03.958	TNL
evm.model.chrC09.7903	TNL
evm.model.chrA08.1927	TNL
evm.model.chrC09.3805	TNL
evm.model.chrA09.2642	TNL
evm.model.chrA09.2645	TNL
evm.model.chrC01.1515	TNL
evm.model.chrC09.3795	TNL
evm.model.chrA07.2997	TNL
evm.model.jcf7180002532817.2	TNL
evm.model.chrC02.850	TNL
evm.model.chrA07.3002	TNL
evm.model.chrA08.3502	TNL
evm.model.chrC03.2105	TNL
evm.model.chrC03.9157	TNL
evm.model.jcf7180001503213_firstRound.1	TNL
evm.model.chrA02.2746	TNL
evm.model.chrC02.5822	TNL
evm.model.jcf7180002522872.2	TNL
evm.model.jcf7180001511392_firstRound.1	TNL
evm.model.chrA06.1955	TNL
evm.model.chrC03.9158	TNL
evm.model.chrC07.3258	TNL
evm.model.chrC07.3261	TNL
evm.model.chrA06.2761	TNL
evm.model.chrC03.2104	TNL
evm.model.chrA09.7009	TNL
evm.model.chrC06.6248	TNL
evm.model.chrC09.4601	TNL
evm.model.chrA02.2749	TNL
evm.model.chrA07.3000	TNL
evm.model.chrA02.3453	TX
evm.model.chrC08.6518	TX
evm.model.chrC03.9167	TX
evm.model.chrC06.4285	TX
evm.model.chrA05.153	TX
evm.model.chrC02.5823	TX
evm.model.chrA09.2072	TX
evm.model.chrA02.2729	TX
evm.model.chrA06.1900	TX
evm.model.chrC07.3224	TX
evm.model.chrC07.3885	TX
evm.model.chrC06.2497	TX
evm.model.chrA05.143	TX
evm.model.jcf7180002554662.1	TX
evm.model.chrC01.2431	TX
evm.model.chrA06.667	TX
evm.model.chrC01.2403	TX
evm.model.harsh7180000815951.2	TX
evm.model.chrC01.2429	TX
evm.model.chrC05.755	TX
evm.model.chrC01.2440	TX
evm.model.chrC02.6633	TX
evm.model.chrA02.3396	TX
evm.model.chrC02.5838	TX
evm.model.chrC09.3788	TX
evm.model.jcf7180002559755.1	TX
evm.model.chrA02.2744	TX
evm.model.chrA06.168	TX
evm.model.chrA10.1662	TX
evm.model.chrC08.3285	TX
evm.model.chrC04.4919	TX
evm.model.jcf7180001508644_firstRound.1	TX
evm.model.chrC07.3255	TX
evm.model.chrC02.6626	TX
evm.model.chrC02.5771	TX
evm.model.chrC09.7418	TX
evm.model.chrC07.3249	TX
evm.model.chrC03.6768	TX
evm.model.chrA08.188	TX
evm.model.chrC01.2426	TX
evm.model.chrC09.4746	TX
evm.model.chrA09.7007	TX
evm.model.chrC03.9369	TX
evm.model.chrC07.3334	TX
evm.model.jcf7180002445792.1	TX
evm.model.chrA09.1605	TX
evm.model.chrA06.1185	TX
evm.model.chrA01.2293	TX
evm.model.chrC07.3245	TX
evm.model.chrA09.2074	TX
evm.model.chrC07.1567	TX
evm.model.chrA01.2084	TX
evm.model.jcf7180002558863.1	TX
evm.model.chrC01.2420	TX
evm.model.chrC02.5770	TX
evm.model.chrC06.1775	TX
evm.model.chrC01.2427	TX
evm.model.chrC07.3239	TX
evm.model.chrA02.2752	TX
evm.model.chrA09.2358	TX
evm.model.chrA02.3395	TX
evm.model.chrC09.3770	TX
evm.model.chrA08.4043	TX
evm.model.chrC05.754	TX
evm.model.chrA09.2068	TX
evm.model.chrA07.3230	TX
evm.model.chrC03.10358	TX
evm.model.chrC02.5832	TX
evm.model.chrC01.2430	TX
evm.model.chrC09.3794	TX
evm.model.chrC09.3760	TX
evm.model.chrC01.2421	TX
evm.model.chrC02.5837	TX
evm.model.chrC09.2176	TX
evm.model.chrA02.3392	TX
evm.model.chrA08.2494	TX
evm.model.chrC02.5817	TX
evm.model.chrA06.6338	TX
evm.model.chrA09.2087	TX
