BolP1g42300C3	CN
BolC7g35710C3	CN
BolP1g23840C3	CN
BolC7g35670C3	CN
BolC4g11080C3	CN
BolC2g45920C3	CN
BolC1g34530C3	CN
BolC3g31020C3	CN
BolC1g12500C3	CN
BolC1g35060C3	CNL
BolP1g29340C3	CNL
BolC2g62480C3	CNL
BolC8g31770C3	CNL
BolC3g83610C3	CNL
BolU01g19080C3	CNL
BolC5g52160C3	CNL
BolC9g50040C3	CNL
BolC7g28150C3	CNL
BolC7g37770C3	CNL
BolC7g35790C3	CNL
BolP1g44150C3	CNL
BolC4g11110C3	CNL
BolC7g35700C3	CNL
BolC3g49910C3	CNL
BolC7g24900C3	NBS
BolC2g45510C3	NBS
BolC7g27830C3	NBS
BolC1g29330C3	NBS
BolP1g02460C3	NBS
BolP1g05240C3	NBS
BolP1g19640C3	NBS
BolC1g05200C3	NBS
BolP1g36490C3	NBS
BolC6g44620C3	NBS
BolC4g24770C3	NBS
BolP1g30820C3	NBS
BolC8g48280C3	NBS
BolP1g14910C3	NBS
BolC3g77080C3	NBS
BolP1g53680C3	NBS
BolC1g21780C3	NBS
BolP1g15480C3	NBS
BolC2g45890C3	NBS
BolC6g44610C3	NBS
BolC2g38250C3	NBS
BolC1g29300C3	NBS
BolC6g33110C3	NBS
BolP1g54640C3	NBS
BolU01g01190C3	NBS
BolC6g33130C3	NBS
BolC6g33080C3	NBS
BolC2g62490C3	NBS
BolC9g20580C3	NBS
BolP1g39400C3	NBS
BolP1g57310C3	NBS
BolC9g05750C3	NBS
BolC4g12290C3	NL
BolC7g35770C3	NL
BolC9g10620C3	NL
BolC8g24540C3	NL
BolP1g00280C3	NL
BolC3g51050C3	NL
BolC2g01820C3	NL
BolC2g08260C3	NL
BolC3g31590C3	NL
BolC2g58880C3	NL
BolC5g52170C3	NL
BolC9g20850C3	NL
BolC2g58860C3	NL
BolC8g48260C3	NL
BolP1g55050C3	NL
BolC3g31030C3	NL
BolC1g34550C3	NL
BolP1g49000C3	NL
BolP1g21510C3	NL
BolC9g10820C3	NL
BolP1g23230C3	NL
BolP1g51510C3	NL
BolC9g34980C3	NL
BolC1g12490C3	NL
BolP1g24500C3	NL
BolP1g25390C3	NL
BolP1g43120C3	NL
BolP1g22020C3	NL
BolU01g01220C3	NL
BolC3g80890C3	NL
BolC1g29320C3	NL
BolC2g57050C3	NL
BolC6g44580C3	NL
BolC1g53230C3	NL
BolC9g04120C3	NL
BolC7g53850C3	NL
BolP1g53380C3	NL
BolP1g22760C3	NL
BolP1g50050C3	NL
BolC9g66300C3	NL
BolC6g33140C3	NL
BolC3g66710C3	NL
BolP1g00750C3	NL
BolP1g52050C3	OTHER
BolC7g51310C3	OTHER
BolC5g22330C3	OTHER
BolC7g33010C3	OTHER
BolP1g00720C3	OTHER
BolP1g11980C3	OTHER
BolC4g60300C3	OTHER
BolC8g48350C3	TN
BolC8g48310C3	TN
BolP1g14230C3	TN
BolP1g29750C3	TN
BolP1g15800C3	TN
BolC7g51260C3	TN
BolC3g19300C3	TN
BolC2g29060C3	TN
BolC9g44090C3	TN
BolC6g33180C3	TN
BolU01g08200C3	TN
BolC1g13000C3	TN
BolP1g43970C3	TN
BolC7g27660C3	TN
BolC6g33150C3	TN
BolP1g58350C3	TN
BolC3g52970C3	TN
BolC4g43610C3	TN
BolC8g48270C3	TN
BolC9g24360C3	TNL
BolC9g54610C3	TNL
BolP1g12920C3	TNL
BolC6g33120C3	TNL
BolP1g46120C3	TNL
BolC5g22270C3	TNL
BolC4g43640C3	TNL
BolC3g08610C3	TNL
BolC7g49190C3	TNL
BolP1g55140C3	TNL
BolP1g49940C3	TNL
BolC1g12960C3	TNL
BolC8g38300C3	TNL
BolC6g33190C3	TNL
BolC9g59740C3	TNL
BolC7g21530C3	TNL
BolC3g84870C3	TX
BolC1g02920C3	TX
BolC5g23930C3	TX
BolC1g34130C3	TX
BolU01g08040C3	TX
BolC9g24310C3	TX
BolC9g24370C3	TX
BolC7g27790C3	TX
BolU01g00860C3	TX
BolC1g36340C3	TX
BolC8g48240C3	TX
BolC1g16900C3	TX
BolC4g05570C3	TX
BolC7g27690C3	TX
BolC9g26220C3	TX
BolC6g11050C3	TX
BolC6g07990C3	TX
BolP1g02560C3	TX
BolP1g56060C3	TX
BolC2g45430C3	TX
BolC9g26320C3	TX
BolC3g19290C3	TX
BolP1g21810C3	TX
BolP1g01760C3	TX
BolC7g51320C3	TX
BolC5g23940C3	TX
BolP1g00730C3	TX
BolC7g27820C3	TX
BolC8g24570C3	TX
BolU01g00870C3	TX
BolC8g52800C3	TX
BolP1g22750C3	TX
BolC7g27760C3	TX
BolP1g12550C3	TX
BolU01g08610C3	TX
BolC3g74740C3	TX
BolP1g01900C3	TX
BolC9g54620C3	TX
BolU01g08590C3	TX
BolP1g04080C3	TX
BolC7g49200C3	TX
BolC7g51330C3	TX
BolC2g45540C3	TX
BolC9g56280C3	TX
BolU01g00100C3	TX
BolC7g28430C3	TX
BolP1g03840C3	TX
BolC2g45530C3	TX
BolC1g17090C3	TX
BolC1g17030C3	TX
BolC2g45460C3	TX
BolC6g44590C3	TX
BolC2g29040C3	TX
BolU01g11370C3	TX
BolC4g16450C3	TX
BolC2g45440C3	TX
BolC7g27650C3	TX
BolP1g52620C3	TX
BolC7g33030C3	TX
BolC2g45550C3	TX
BolU01g00090C3	TX
BolP1g31480C3	TX
BolC2g45420C3	TX
BolC8g32840C3	TX
BolC7g27530C3	TX
