evm.model.jcf7180001511480_firstRound.1	CN
evm.model.C7.3571	CN
evm.model.jcf7180001491566_firstRound.2	CN
evm.model.C7.3567	CN
evm.model.C4.1108	CN
evm.model.C2.4592	CN
evm.model.C1.3453	CN
evm.model.C3.3102	CN
evm.model.C1.1250	CN
evm.model.C1.3506	CNL
evm.model.jcf7180001495339_firstRound.1	CNL
evm.model.C2.6248	CNL
evm.model.C8.3177	CNL
evm.model.C3.8361	CNL
evm.model.Scaffold03416.1	CNL
evm.model.C5.5216	CNL
evm.model.C9.5004	CNL
evm.model.C7.2815	CNL
evm.model.C7.3777	CNL
evm.model.C7.3579	CNL
evm.model.jcf7180001512531_firstRound.1	CNL
evm.model.C4.1111	CNL
evm.model.C7.3570	CNL
evm.model.C3.4991	CNL
evm.model.C7.2490	NBS
evm.model.C2.4551	NBS
evm.model.C7.2783	NBS
evm.model.C1.2933	NBS
evm.model.jcf7180001449429_firstRound.1	NBS
evm.model.jcf7180001452254_firstRound.1	NBS
evm.model.jcf7180001482190_firstRound.1	NBS
evm.model.C1.520	NBS
evm.model.jcf7180001505879_firstRound.4	NBS
evm.model.C6.4462	NBS
evm.model.C4.2477	NBS
evm.model.jcf7180001496298_firstRound.2	NBS
evm.model.C8.4828	NBS
evm.model.jcf7180001471563_firstRound.2	NBS
evm.model.C3.7708	NBS
evm.model.jcf7180003254026.1	NBS
evm.model.C1.2178	NBS
evm.model.jcf7180001471921_firstRound.1	NBS
evm.model.C2.4589	NBS
evm.model.C6.4461	NBS
evm.model.C2.3825	NBS
evm.model.C1.2930	NBS
evm.model.C6.3311	NBS
evm.model.jcf7180003260247.1	NBS
evm.model.Scaffold00534.3	NBS
evm.model.C6.3313	NBS
evm.model.C6.3308	NBS
evm.model.C2.6249	NBS
evm.model.C9.2058	NBS
evm.model.jcf7180001508942_firstRound.3	NBS
evm.model.jcf7180003282384.2	NBS
evm.model.C9.575	NBS
evm.model.C4.1229	NL
evm.model.C7.3577	NL
evm.model.C9.1062	NL
evm.model.C8.2454	NL
evm.model.jcf7180001448344_firstRound.2	NL
evm.model.C3.5105	NL
evm.model.C2.182	NL
evm.model.C2.826	NL
evm.model.C3.3159	NL
evm.model.C2.5888	NL
evm.model.C5.5217	NL
evm.model.C9.2085	NL
evm.model.C2.5886	NL
evm.model.C8.4826	NL
evm.model.jcf7180003266893.1	NL
evm.model.C3.3103	NL
evm.model.C1.3455	NL
evm.model.jcf7180001515135_firstRound.1	NL
evm.model.jcf7180001490500_firstRound.1	NL
evm.model.C9.1082	NL
evm.model.jcf7180001491303_firstRound.1	NL
evm.model.jcf7180003239476.1	NL
evm.model.C9.3498	NL
evm.model.C1.1249	NL
evm.model.jcf7180001491980_firstRound.1	NL
evm.model.jcf7180001492587_firstRound.1	NL
evm.model.jcf7180001511878_firstRound.1	NL
evm.model.jcf7180001490829_firstRound.1	NL
evm.model.Scaffold00534.6	NL
evm.model.C3.8089	NL
evm.model.C1.2932	NL
evm.model.C2.5705	NL
evm.model.C6.4458	NL
evm.model.C1.5323	NL
evm.model.C9.412	NL
evm.model.C7.5385	NL
evm.model.jcf7180003252737.1	NL
evm.model.jcf7180001491101_firstRound.2	NL
evm.model.jcf7180003230883.1	NL
evm.model.C9.6630	NL
evm.model.C6.3314	NL
evm.model.C3.6671	NL
evm.model.jcf7180001448580_firstRound.2	NL
evm.model.jcf7180003241245.1	OTHER
evm.model.C7.5131	OTHER
evm.model.C5.2233	OTHER
evm.model.C7.3301	OTHER
evm.model.jcf7180001448577_firstRound.1	OTHER
evm.model.jcf7180001460776_firstRound.1	OTHER
evm.model.C4.6030	OTHER
evm.model.C8.4835	TN
evm.model.C8.4831	TN
evm.model.jcf7180001471194_firstRound.1	TN
evm.model.jcf7180001495595_firstRound.1	TN
evm.model.jcf7180001472063_firstRound.1	TN
evm.model.C7.5126	TN
evm.model.C3.1930	TN
evm.model.C2.2906	TN
evm.model.C9.4409	TN
evm.model.C6.3318	TN
evm.model.Scaffold00889.2	TN
evm.model.C1.1300	TN
evm.model.jcf7180001512470_firstRound.1	TN
evm.model.C7.2766	TN
evm.model.C6.3315	TN
evm.model.jcf7180003288281.1	TN
evm.model.C3.5297	TN
evm.model.C4.4361	TN
evm.model.C8.4827	TN
evm.model.C9.2436	TNL
evm.model.C9.5461	TNL
evm.model.jcf7180001465452_firstRound.1	TNL
evm.model.C6.3312	TNL
evm.model.jcf7180001513520_firstRound.1	TNL
evm.model.C5.2227	TNL
evm.model.C4.4364	TNL
evm.model.C3.861	TNL
evm.model.C7.4919	TNL
evm.model.jcf7180003268536.1	TNL
evm.model.jcf7180003230774.1	TNL
evm.model.C1.1296	TNL
evm.model.C8.3830	TNL
evm.model.C6.3319	TNL
evm.model.C9.5974	TNL
evm.model.C7.2153	TNL
evm.model.C3.8487	TX
evm.model.C1.292	TX
evm.model.C5.2393	TX
evm.model.C1.3413	TX
evm.model.Scaffold00883.9	TX
evm.model.C9.2431	TX
evm.model.C9.2437	TX
evm.model.C7.2779	TX
evm.model.Scaffold00418.29	TX
evm.model.C1.3634	TX
evm.model.C8.4824	TX
evm.model.C1.1690	TX
evm.model.C4.557	TX
evm.model.C7.2769	TX
evm.model.C9.2622	TX
evm.model.C6.1105	TX
evm.model.C6.799	TX
evm.model.jcf7180001449572_firstRound.1	TX
evm.model.jcf7180003278985.1	TX
evm.model.C2.4543	TX
evm.model.C9.2632	TX
evm.model.C3.1929	TX
evm.model.jcf7180001490755_firstRound.1	TX
evm.model.jcf7180001449049_firstRound.1	TX
evm.model.C7.5132	TX
evm.model.C5.2394	TX
evm.model.jcf7180001448577_firstRound.2	TX
evm.model.C7.2782	TX
evm.model.C8.2457	TX
evm.model.Scaffold00418.30	TX
evm.model.C8.5280	TX
evm.model.jcf7180001491101_firstRound.1	TX
evm.model.C7.2776	TX
evm.model.jcf7180001462774_firstRound.1	TX
evm.model.Scaffold00900.3	TX
evm.model.C3.7474	TX
evm.model.jcf7180001449179_firstRound.1	TX
evm.model.C9.5462	TX
evm.model.Scaffold00900.1	TX
evm.model.jcf7180001450634_firstRound.1	TX
evm.model.C7.4920	TX
evm.model.C7.5133	TX
evm.model.C2.4554	TX
evm.model.C9.5628	TX
evm.model.Scaffold00285.10	TX
evm.model.C7.2843	TX
evm.model.jcf7180001450540_firstRound.1	TX
evm.model.C2.4553	TX
evm.model.C1.1709	TX
evm.model.C1.1703	TX
evm.model.C2.4546	TX
evm.model.C6.4459	TX
evm.model.C2.2904	TX
evm.model.Scaffold01021.1	TX
evm.model.C4.1645	TX
evm.model.C2.4544	TX
evm.model.C7.2765	TX
evm.model.jcf7180003250398.1	TX
evm.model.C7.3303	TX
evm.model.C2.4555	TX
evm.model.Scaffold00285.9	TX
evm.model.jcf7180001496611_firstRound.1	TX
evm.model.C2.4542	TX
evm.model.C8.3284	TX
evm.model.C7.2753	TX
