BolP1g42300C3	CN
BolC7g35710C3	CN
BolP1g23840C3	CN
BolC7g35670C3	CN
BolC4g11080C3	CN
BolC2g45920C3	CN
BolC1g34530C3	CN
BolC3g31020C3	CN
BolC1g12500C3	CN
BolC1g35060C3	CNL
BolP1g29340C3	CNL
BolC2g62480C3	CNL
BolC8g31770C3	CNL
BolC3g83610C3	CNL
BolU01g19080C3	CNL
BolC5g52160C3	CNL
BolC9g50040C3	CNL
BolC7g28150C3	CNL
BolC7g37770C3	CNL
BolC7g35790C3	CNL
BolP1g44150C3	CNL
BolC4g11110C3	CNL
BolC7g35700C3	CNL
BolC3g49910C3	CNL
BolC7g24900C3	NBS
BolC2g45510C3	NBS
BolC7g27830C3	NBS
BolC1g29330C3	NBS
BolP1g02460C3	NBS
BolP1g05240C3	NBS
BolP1g19640C3	NBS
BolC1g05200C3	NBS
BolP1g36490C3	NBS
BolC6g44620C3	NBS
BolC4g24770C3	NBS
BolP1g30820C3	NBS
BolC8g48280C3	NBS
BolP1g14910C3	NBS
BolC3g77080C3	NBS
BolP1g53680C3	NBS
BolC1g21780C3	NBS
BolP1g15480C3	NBS
BolC2g45890C3	NBS
BolC6g44610C3	NBS
BolC2g38250C3	NBS
BolC1g29300C3	NBS
BolC6g33110C3	NBS
BolP1g54640C3	NBS
BolU01g01190C3	NBS
BolC6g33130C3	NBS
BolC6g33080C3	NBS
BolC2g62490C3	NBS
BolC9g20580C3	NBS
BolP1g39400C3	NBS
BolP1g57310C3	NBS
BolC9g05750C3	NBS
BolC4g12290C3	NL
BolC7g35770C3	NL
BolC9g10620C3	NL
BolC8g24540C3	NL
BolP1g00280C3	NL
BolC3g51050C3	NL
BolC2g01820C3	NL
BolC2g08260C3	NL
BolC3g31590C3	NL
BolC2g58880C3	NL
BolC5g52170C3	NL
BolC9g20850C3	NL
BolC2g58860C3	NL
BolC8g48260C3	NL
BolP1g55050C3	NL
BolC3g31030C3	NL
BolC1g34550C3	NL
BolP1g49000C3	NL
BolP1g21510C3	NL
BolC9g10820C3	NL
BolP1g23230C3	NL
BolP1g51510C3	NL
BolC9g34980C3	NL
BolC1g12490C3	NL
BolP1g24500C3	NL
BolP1g25390C3	NL
BolP1g43120C3	NL
BolP1g22020C3	NL
BolU01g01220C3	NL
BolC3g80890C3	NL
BolC1g29320C3	NL
BolC2g57050C3	NL
BolC6g44580C3	NL
BolC1g53230C3	NL
BolC9g04120C3	NL
BolC7g53850C3	NL
BolP1g53380C3	NL
BolP1g22760C3	NL
BolP1g50050C3	NL
BolC9g66300C3	NL
BolC6g33140C3	NL
BolC3g66710C3	NL
BolP1g00750C3	NL
BolP1g52050C3	OTHER
BolC7g51310C3	OTHER
BolC5g22330C3	OTHER
BolC7g33010C3	OTHER
BolP1g00720C3	OTHER
BolP1g11980C3	OTHER
BolC4g60300C3	OTHER
BolC8g48350C3	TN
BolC8g48310C3	TN
BolP1g14230C3	TN
BolP1g29750C3	TN
BolP1g15800C3	TN
BolC7g51260C3	TN
BolC3g19300C3	TN
BolC2g29060C3	TN
BolC9g44090C3	TN
BolC6g33180C3	TN
BolU01g08200C3	TN
BolC1g13000C3	TN
BolP1g43970C3	TN
BolC7g27660C3	TN
BolC6g33150C3	TN
BolP1g58350C3	TN
BolC3g52970C3	TN
BolC4g43610C3	TN
BolC8g48270C3	TN
BolC9g24360C3	TNL
BolC9g54610C3	TNL
BolP1g12920C3	TNL
BolC6g33120C3	TNL
BolP1g46120C3	TNL
BolC5g22270C3	TNL
BolC4g43640C3	TNL
BolC3g08610C3	TNL
BolC7g49190C3	TNL
BolP1g55140C3	TNL
BolP1g49940C3	TNL
BolC1g12960C3	TNL
BolC8g38300C3	TNL
BolC6g33190C3	TNL
BolC9g59740C3	TNL
BolC7g21530C3	TNL
BolC3g84870C3	TX
BolC1g02920C3	TX
BolC5g23930C3	TX
BolC1g34130C3	TX
BolU01g08040C3	TX
BolC9g24310C3	TX
BolC9g24370C3	TX
BolC7g27790C3	TX
BolU01g00860C3	TX
BolC1g36340C3	TX
BolC8g48240C3	TX
BolC1g16900C3	TX
BolC4g05570C3	TX
BolC7g27690C3	TX
BolC9g26220C3	TX
BolC6g11050C3	TX
BolC6g07990C3	TX
BolP1g02560C3	TX
BolP1g56060C3	TX
BolC2g45430C3	TX
BolC9g26320C3	TX
BolC3g19290C3	TX
BolP1g21810C3	TX
BolP1g01760C3	TX
BolC7g51320C3	TX
BolC5g23940C3	TX
BolP1g00730C3	TX
BolC7g27820C3	TX
BolC8g24570C3	TX
BolU01g00870C3	TX
BolC8g52800C3	TX
BolP1g22750C3	TX
BolC7g27760C3	TX
BolP1g12550C3	TX
BolU01g08610C3	TX
BolC3g74740C3	TX
BolP1g01900C3	TX
BolC9g54620C3	TX
BolU01g08590C3	TX
BolP1g04080C3	TX
BolC7g49200C3	TX
BolC7g51330C3	TX
BolC2g45540C3	TX
BolC9g56280C3	TX
BolU01g00100C3	TX
BolC7g28430C3	TX
BolP1g03840C3	TX
BolC2g45530C3	TX
BolC1g17090C3	TX
BolC1g17030C3	TX
BolC2g45460C3	TX
BolC6g44590C3	TX
BolC2g29040C3	TX
BolU01g11370C3	TX
BolC4g16450C3	TX
BolC2g45440C3	TX
BolC7g27650C3	TX
BolP1g52620C3	TX
BolC7g33030C3	TX
BolC2g45550C3	TX
BolU01g00090C3	TX
BolP1g31480C3	TX
BolC2g45420C3	TX
BolC8g32840C3	TX
BolC7g27530C3	TX
BolC1g10330C3	RLK
BolC1g10350C3	RLK
BolC1g10470C3	RLK
BolC1g11470C3	RLK
BolC1g11490C3	RLK
BolC1g12040C3	RLK
BolC1g12130C3	RLK
BolC1g13560C3	RLK
BolC1g13680C3	RLK
BolC1g14060C3	RLK
BolC1g14070C3	RLK
BolC1g14570C3	RLK
BolC1g14580C3	RLK
BolC1g15260C3	RLK
BolC1g15490C3	RLK
BolC1g16140C3	RLK
BolC1g16380C3	RLK
BolC1g16420C3	RLK
BolC1g16690C3	RLK
BolC1g16700C3	RLK
BolC1g16770C3	RLK
BolC1g16780C3	RLK
BolC1g16790C3	RLK
BolC1g16800C3	RLK
BolC1g17570C3	RLK
BolC1g01970C3	RLK
BolC1g21090C3	RLK
BolC1g21890C3	RLK
BolC1g24370C3	RLK
BolC1g26880C3	RLK
BolC1g26960C3	RLK
BolC1g02820C3	RLK
BolC1g28890C3	RLK
BolC1g32780C3	RLK
BolC1g35770C3	RLK
BolC1g35940C3	RLK
BolC1g36640C3	RLK
BolC1g36660C3	RLK
BolC1g38350C3	RLK
BolC1g00410C3	RLK
BolC1g42030C3	RLK
BolC1g42620C3	RLK
BolC1g43480C3	RLK
BolC1g44510C3	RLK
BolC1g46070C3	RLK
BolC1g04630C3	RLK
BolC1g47320C3	RLK
BolC1g47880C3	RLK
BolC1g04830C3	RLK
BolC1g49070C3	RLK
BolC1g00520C3	RLK
BolC1g52480C3	RLK
BolC1g52510C3	RLK
BolC1g55860C3	RLK
BolC1g56310C3	RLK
BolC1g05970C3	RLK
BolC1g06410C3	RLK
BolC1g06420C3	RLK
BolC1g06480C3	RLK
BolC1g06640C3	RLK
BolC1g07350C3	RLK
BolC1g07360C3	RLK
BolC1g07440C3	RLK
BolC1g07510C3	RLK
BolC1g07520C3	RLK
BolC1g07630C3	RLK
BolC1g09410C3	RLK
BolC2g10380C3	RLK
BolC2g11990C3	RLK
BolC2g00120C3	RLK
BolC2g12590C3	RLK
BolC2g13680C3	RLK
BolC2g13690C3	RLK
BolC2g13740C3	RLK
BolC2g15780C3	RLK
BolC2g17690C3	RLK
BolC2g17790C3	RLK
BolC2g18820C3	RLK
BolC2g19550C3	RLK
BolC2g21850C3	RLK
BolC2g21880C3	RLK
BolC2g21950C3	RLK
BolC2g22040C3	RLK
BolC2g22100C3	RLK
BolC2g23340C3	RLK
BolC2g23720C3	RLK
BolC2g00250C3	RLK
BolC2g25170C3	RLK
BolC2g02530C3	RLK
BolC2g26280C3	RLK
BolC2g26540C3	RLK
BolC2g26640C3	RLK
BolC2g28540C3	RLK
BolC2g28710C3	RLK
BolC2g00330C3	RLK
BolC2g34730C3	RLK
BolC2g34750C3	RLK
BolC2g34770C3	RLK
BolC2g34970C3	RLK
BolC2g35860C3	RLK
BolC2g36550C3	RLK
BolC2g37640C3	RLK
BolC2g03780C3	RLK
BolC2g37870C3	RLK
BolC2g38510C3	RLK
BolC2g38620C3	RLK
BolC2g38700C3	RLK
BolC2g03890C3	RLK
BolC2g41650C3	RLK
BolC2g42240C3	RLK
BolC2g43250C3	RLK
BolC2g43350C3	RLK
BolC2g45130C3	RLK
BolC2g45290C3	RLK
BolC2g46390C3	RLK
BolC2g46680C3	RLK
BolC2g47720C3	RLK
BolC2g04850C3	RLK
BolC2g49470C3	RLK
BolC2g50030C3	RLK
BolC2g50130C3	RLK
BolC2g05200C3	RLK
BolC2g53650C3	RLK
BolC2g54160C3	RLK
BolC2g56250C3	RLK
BolC2g57110C3	RLK
BolC2g62540C3	RLK
BolC2g07260C3	RLK
BolC2g07470C3	RLK
BolC2g07820C3	RLK
BolC2g09840C3	RLK
BolC3g11650C3	RLK
BolC3g12580C3	RLK
BolC3g12680C3	RLK
BolC3g01350C3	RLK
BolC3g14870C3	RLK
BolC3g17250C3	RLK
BolC3g18110C3	RLK
BolC3g19970C3	RLK
BolC3g20220C3	RLK
BolC3g20730C3	RLK
BolC3g20860C3	RLK
BolC3g21130C3	RLK
BolC3g22040C3	RLK
BolC3g22960C3	RLK
BolC3g00230C3	RLK
BolC3g23140C3	RLK
BolC3g24950C3	RLK
BolC3g00250C3	RLK
BolC3g27440C3	RLK
BolC3g29170C3	RLK
BolC3g29390C3	RLK
BolC3g29670C3	RLK
BolC3g29680C3	RLK
BolC3g29890C3	RLK
BolC3g30530C3	RLK
BolC3g03200C3	RLK
BolC3g32130C3	RLK
BolC3g32460C3	RLK
BolC3g34650C3	RLK
BolC3g35370C3	RLK
BolC3g35490C3	RLK
BolC3g36150C3	RLK
BolC3g42700C3	RLK
BolC3g42750C3	RLK
BolC3g42780C3	RLK
BolC3g45570C3	RLK
BolC3g04590C3	RLK
BolC3g46680C3	RLK
BolC3g46800C3	RLK
BolC3g00470C3	RLK
BolC3g47380C3	RLK
BolC3g48430C3	RLK
BolC3g49520C3	RLK
BolC3g51040C3	RLK
BolC3g52000C3	RLK
BolC3g53310C3	RLK
BolC3g54620C3	RLK
BolC3g54790C3	RLK
BolC3g55350C3	RLK
BolC3g57200C3	RLK
BolC3g05760C3	RLK
BolC3g59120C3	RLK
BolC3g63950C3	RLK
BolC3g64910C3	RLK
BolC3g66370C3	RLK
BolC3g66390C3	RLK
BolC3g06700C3	RLK
BolC3g67700C3	RLK
BolC3g68400C3	RLK
BolC3g70750C3	RLK
BolC3g71060C3	RLK
BolC3g71510C3	RLK
BolC3g71520C3	RLK
BolC3g72070C3	RLK
BolC3g72480C3	RLK
BolC3g73130C3	RLK
BolC3g73200C3	RLK
BolC3g75900C3	RLK
BolC3g07640C3	RLK
BolC3g76540C3	RLK
BolC3g77490C3	RLK
BolC3g78120C3	RLK
BolC3g78470C3	RLK
BolC3g78940C3	RLK
BolC3g79020C3	RLK
BolC3g79030C3	RLK
BolC3g81500C3	RLK
BolC3g82490C3	RLK
BolC3g83860C3	RLK
BolC3g84350C3	RLK
BolC3g84370C3	RLK
BolC3g84590C3	RLK
BolC3g85620C3	RLK
BolC3g86950C3	RLK
BolC3g87360C3	RLK
BolC3g87370C3	RLK
BolC3g09820C3	RLK
BolC4g10300C3	RLK
BolC4g13580C3	RLK
BolC4g13610C3	RLK
BolC4g16470C3	RLK
BolC4g17130C3	RLK
BolC4g17290C3	RLK
BolC4g17650C3	RLK
BolC4g18210C3	RLK
BolC4g18640C3	RLK
BolC4g19660C3	RLK
BolC4g19880C3	RLK
BolC4g19910C3	RLK
BolC4g22600C3	RLK
BolC4g23480C3	RLK
BolC4g26170C3	RLK
BolC4g26190C3	RLK
BolC4g26370C3	RLK
BolC4g02680C3	RLK
BolC4g28330C3	RLK
BolC4g30050C3	RLK
BolC4g34940C3	RLK
BolC4g34950C3	RLK
BolC4g35920C3	RLK
BolC4g03600C3	RLK
BolC4g38630C3	RLK
BolC4g39830C3	RLK
BolC4g42150C3	RLK
BolC4g42190C3	RLK
BolC4g42200C3	RLK
BolC4g44560C3	RLK
BolC4g45160C3	RLK
BolC4g45950C3	RLK
BolC4g46980C3	RLK
BolC4g48680C3	RLK
BolC4g48700C3	RLK
BolC4g48710C3	RLK
BolC4g48780C3	RLK
BolC4g49060C3	RLK
BolC4g49220C3	RLK
BolC4g49420C3	RLK
BolC4g50360C3	RLK
BolC4g50500C3	RLK
BolC4g50660C3	RLK
BolC4g50850C3	RLK
BolC4g51430C3	RLK
BolC4g53280C3	RLK
BolC4g53290C3	RLK
BolC4g54330C3	RLK
BolC4g55990C3	RLK
BolC4g56000C3	RLK
BolC4g56950C3	RLK
BolC4g57330C3	RLK
BolC4g05740C3	RLK
BolC4g57770C3	RLK
BolC4g58830C3	RLK
BolC4g62570C3	RLK
BolC4g62610C3	RLK
BolC4g63110C3	RLK
BolC4g63620C3	RLK
BolC4g63730C3	RLK
BolC4g63930C3	RLK
BolC4g64900C3	RLK
BolC4g65910C3	RLK
BolC4g66080C3	RLK
BolC4g66520C3	RLK
BolC5g10340C3	RLK
BolC5g11880C3	RLK
BolC5g13950C3	RLK
BolC5g13970C3	RLK
BolC5g15140C3	RLK
BolC5g15410C3	RLK
BolC5g15560C3	RLK
BolC5g15660C3	RLK
BolC5g15860C3	RLK
BolC5g16740C3	RLK
BolC5g18990C3	RLK
BolC5g19010C3	RLK
BolC5g19030C3	RLK
BolC5g02060C3	RLK
BolC5g20820C3	RLK
BolC5g21600C3	RLK
BolC5g22260C3	RLK
BolC5g23080C3	RLK
BolC5g23430C3	RLK
BolC5g23470C3	RLK
BolC5g23490C3	RLK
BolC5g23550C3	RLK
BolC5g27640C3	RLK
BolC5g28710C3	RLK
BolC5g29500C3	RLK
BolC5g29890C3	RLK
BolC5g30130C3	RLK
BolC5g35660C3	RLK
BolC5g36610C3	RLK
BolC5g36890C3	RLK
BolC5g37590C3	RLK
BolC5g41880C3	RLK
BolC5g45930C3	RLK
BolC5g46730C3	RLK
BolC5g48340C3	RLK
BolC5g04920C3	RLK
BolC5g50460C3	RLK
BolC5g53580C3	RLK
BolC5g05520C3	RLK
BolC5g05630C3	RLK
BolC5g57060C3	RLK
BolC5g57980C3	RLK
BolC5g59410C3	RLK
BolC5g61900C3	RLK
BolC5g62390C3	RLK
BolC5g63380C3	RLK
BolC5g07760C3	RLK
BolC5g08430C3	RLK
BolC5g08620C3	RLK
BolC5g08820C3	RLK
BolC5g08970C3	RLK
BolC5g08980C3	RLK
BolC5g09010C3	RLK
BolC5g09020C3	RLK
BolC5g09080C3	RLK
BolC5g09100C3	RLK
BolC6g11910C3	RLK
BolC6g12000C3	RLK
BolC6g12020C3	RLK
BolC6g12030C3	RLK
BolC6g12070C3	RLK
BolC6g13210C3	RLK
BolC6g14510C3	RLK
BolC6g17530C3	RLK
BolC6g17700C3	RLK
BolC6g18320C3	RLK
BolC6g18980C3	RLK
BolC6g22140C3	RLK
BolC6g22420C3	RLK
BolC6g24330C3	RLK
BolC6g24680C3	RLK
BolC6g24890C3	RLK
BolC6g28900C3	RLK
BolC6g28920C3	RLK
BolC6g30160C3	RLK
BolC6g33010C3	RLK
BolC6g33430C3	RLK
BolC6g33580C3	RLK
BolC6g33890C3	RLK
BolC6g34940C3	RLK
BolC6g03500C3	RLK
BolC6g35030C3	RLK
BolC6g35050C3	RLK
BolC6g35900C3	RLK
BolC6g37740C3	RLK
BolC6g38240C3	RLK
BolC6g38310C3	RLK
BolC6g38360C3	RLK
BolC6g38390C3	RLK
BolC6g38410C3	RLK
BolC6g38420C3	RLK
BolC6g38450C3	RLK
BolC6g38460C3	RLK
BolC6g38470C3	RLK
BolC6g38490C3	RLK
BolC6g38860C3	RLK
BolC6g39140C3	RLK
BolC6g03960C3	RLK
BolC6g40330C3	RLK
BolC6g41800C3	RLK
BolC6g41950C3	RLK
BolC6g41970C3	RLK
BolC6g42250C3	RLK
BolC6g44040C3	RLK
BolC6g44130C3	RLK
BolC6g45170C3	RLK
BolC6g45920C3	RLK
BolC6g46850C3	RLK
BolC6g47060C3	RLK
BolC6g47220C3	RLK
BolC6g49410C3	RLK
BolC6g49800C3	RLK
BolC6g50390C3	RLK
BolC6g50400C3	RLK
BolC6g50740C3	RLK
BolC6g06010C3	RLK
BolC6g06190C3	RLK
BolC6g06210C3	RLK
BolC6g06220C3	RLK
BolC6g06270C3	RLK
BolC6g08940C3	RLK
BolC7g13060C3	RLK
BolC7g13400C3	RLK
BolC7g14580C3	RLK
BolC7g15220C3	RLK
BolC7g15570C3	RLK
BolC7g15680C3	RLK
BolC7g15710C3	RLK
BolC7g16760C3	RLK
BolC7g18210C3	RLK
BolC7g18500C3	RLK
BolC7g21620C3	RLK
BolC7g21630C3	RLK
BolC7g23580C3	RLK
BolC7g23620C3	RLK
BolC7g23960C3	RLK
BolC7g24070C3	RLK
BolC7g24670C3	RLK
BolC7g25600C3	RLK
BolC7g28460C3	RLK
BolC7g28470C3	RLK
BolC7g28480C3	RLK
BolC7g28630C3	RLK
BolC7g30850C3	RLK
BolC7g31520C3	RLK
BolC7g31570C3	RLK
BolC7g32020C3	RLK
BolC7g32320C3	RLK
BolC7g32540C3	RLK
BolC7g33590C3	RLK
BolC7g34100C3	RLK
BolC7g35250C3	RLK
BolC7g03610C3	RLK
BolC7g37360C3	RLK
BolC7g38200C3	RLK
BolC7g38420C3	RLK
BolC7g39180C3	RLK
BolC7g39330C3	RLK
BolC7g39440C3	RLK
BolC7g41040C3	RLK
BolC7g41740C3	RLK
BolC7g42490C3	RLK
BolC7g42810C3	RLK
BolC7g42820C3	RLK
BolC7g42870C3	RLK
BolC7g43140C3	RLK
BolC7g43710C3	RLK
BolC7g43720C3	RLK
BolC7g44280C3	RLK
BolC7g44330C3	RLK
BolC7g44570C3	RLK
BolC7g45470C3	RLK
BolC7g47170C3	RLK
BolC7g48390C3	RLK
BolC7g49110C3	RLK
BolC7g49550C3	RLK
BolC7g49650C3	RLK
BolC7g50710C3	RLK
BolC7g51070C3	RLK
BolC7g51140C3	RLK
BolC7g51160C3	RLK
BolC7g51410C3	RLK
BolC7g51550C3	RLK
BolC7g52550C3	RLK
BolC7g52780C3	RLK
BolC7g53800C3	RLK
BolC7g56200C3	RLK
BolC7g56530C3	RLK
BolC7g56650C3	RLK
BolC7g57350C3	RLK
BolC7g57790C3	RLK
BolC7g60930C3	RLK
BolC7g60980C3	RLK
BolC7g61080C3	RLK
BolC7g61270C3	RLK
BolC7g61530C3	RLK
BolC7g06670C3	RLK
BolC7g06900C3	RLK
BolC7g00810C3	RLK
BolC7g08850C3	RLK
BolC7g09030C3	RLK
BolC8g10110C3	RLK
BolC8g01510C3	RLK
BolC8g01530C3	RLK
BolC8g18380C3	RLK
BolC8g19070C3	RLK
BolC8g01940C3	RLK
BolC8g20240C3	RLK
BolC8g20830C3	RLK
BolC8g21050C3	RLK
BolC8g21320C3	RLK
BolC8g21420C3	RLK
BolC8g23810C3	RLK
BolC8g25660C3	RLK
BolC8g26770C3	RLK
BolC8g26800C3	RLK
BolC8g26840C3	RLK
BolC8g26850C3	RLK
BolC8g26880C3	RLK
BolC8g27920C3	RLK
BolC8g28140C3	RLK
BolC8g32660C3	RLK
BolC8g32850C3	RLK
BolC8g34490C3	RLK
BolC8g36750C3	RLK
BolC8g36890C3	RLK
BolC8g36980C3	RLK
BolC8g37310C3	RLK
BolC8g38740C3	RLK
BolC8g39380C3	RLK
BolC8g39770C3	RLK
BolC8g41660C3	RLK
BolC8g41670C3	RLK
BolC8g04280C3	RLK
BolC8g43280C3	RLK
BolC8g43630C3	RLK
BolC8g44630C3	RLK
BolC8g44990C3	RLK
BolC8g45110C3	RLK
BolC8g45960C3	RLK
BolC8g47280C3	RLK
BolC8g47950C3	RLK
BolC8g48950C3	RLK
BolC8g49120C3	RLK
BolC8g49180C3	RLK
BolC8g49190C3	RLK
BolC8g49200C3	RLK
BolC8g49600C3	RLK
BolC8g52390C3	RLK
BolC8g52540C3	RLK
BolC8g53340C3	RLK
BolC8g54430C3	RLK
BolC8g08210C3	RLK
BolC8g08350C3	RLK
BolC8g08660C3	RLK
BolC9g10110C3	RLK
BolC9g10670C3	RLK
BolC9g11870C3	RLK
BolC9g13020C3	RLK
BolC9g13580C3	RLK
BolC9g15220C3	RLK
BolC9g15270C3	RLK
BolC9g16880C3	RLK
BolC9g18490C3	RLK
BolC9g18620C3	RLK
BolC9g19070C3	RLK
BolC9g19080C3	RLK
BolC9g19100C3	RLK
BolC9g19150C3	RLK
BolC9g02100C3	RLK
BolC9g21500C3	RLK
BolC9g22190C3	RLK
BolC9g22880C3	RLK
BolC9g25220C3	RLK
BolC9g02750C3	RLK
BolC9g29390C3	RLK
BolC9g03140C3	RLK
BolC9g00340C3	RLK
BolC9g34010C3	RLK
BolC9g34210C3	RLK
BolC9g34370C3	RLK
BolC9g34470C3	RLK
BolC9g34480C3	RLK
BolC9g35460C3	RLK
BolC9g35560C3	RLK
BolC9g03610C3	RLK
BolC9g37840C3	RLK
BolC9g39760C3	RLK
BolC9g40920C3	RLK
BolC9g40970C3	RLK
BolC9g41500C3	RLK
BolC9g04340C3	RLK
BolC9g43510C3	RLK
BolC9g43780C3	RLK
BolC9g44860C3	RLK
BolC9g46690C3	RLK
BolC9g46940C3	RLK
BolC9g04780C3	RLK
BolC9g48360C3	RLK
BolC9g48450C3	RLK
BolC9g48560C3	RLK
BolC9g51480C3	RLK
BolC9g52530C3	RLK
BolC9g52640C3	RLK
BolC9g56060C3	RLK
BolC9g56550C3	RLK
BolC9g56810C3	RLK
BolC9g56910C3	RLK
BolC9g58250C3	RLK
BolC9g58990C3	RLK
BolC9g59730C3	RLK
BolC9g61880C3	RLK
BolC9g63490C3	RLK
BolC9g63500C3	RLK
BolC9g63560C3	RLK
BolC9g63690C3	RLK
BolC9g64010C3	RLK
BolC9g64100C3	RLK
BolC9g64180C3	RLK
BolC9g64250C3	RLK
BolC9g65690C3	RLK
BolC9g00660C3	RLK
BolC9g68150C3	RLK
BolC9g07020C3	RLK
BolC9g07300C3	RLK
BolC9g07610C3	RLK
BolC9g07780C3	RLK
BolC9g08360C3	RLK
BolC9g08890C3	RLK
BolU01g00380C3	RLK
BolU01g02550C3	RLK
BolU01g03180C3	RLK
BolU01g03900C3	RLK
BolU01g04780C3	RLK
BolU01g07890C3	RLK
BolU01g08820C3	RLK
BolU01g09410C3	RLK
BolU01g09560C3	RLK
BolU01g09730C3	RLK
BolU01g11680C3	RLK
BolU01g12670C3	RLK
BolU01g13630C3	RLK
BolU01g14090C3	RLK
BolU01g14300C3	RLK
BolU01g14650C3	RLK
BolU01g15400C3	RLK
BolU01g15890C3	RLK
BolU01g16100C3	RLK
BolU01g16980C3	RLK
BolU01g17090C3	RLK
BolU01g17530C3	RLK
BolP1g00300C3	RLK
BolP1g00710C3	RLK
BolP1g01360C3	RLK
BolP1g01580C3	RLK
BolP1g02550C3	RLK
BolP1g03770C3	RLK
BolP1g06290C3	RLK
BolP1g07150C3	RLK
BolP1g09380C3	RLK
BolP1g10130C3	RLK
BolP1g12030C3	RLK
BolP1g12330C3	RLK
BolP1g12830C3	RLK
BolP1g13740C3	RLK
BolP1g16630C3	RLK
BolP1g21900C3	RLK
BolP1g22380C3	RLK
BolP1g23020C3	RLK
BolP1g23460C3	RLK
BolP1g23510C3	RLK
BolP1g23560C3	RLK
BolP1g24240C3	RLK
BolP1g25840C3	RLK
BolP1g27030C3	RLK
BolP1g28970C3	RLK
BolP1g29680C3	RLK
BolP1g31950C3	RLK
BolP1g33000C3	RLK
BolP1g33010C3	RLK
BolP1g34630C3	RLK
BolP1g36730C3	RLK
BolP1g39440C3	RLK
BolP1g41030C3	RLK
BolP1g41360C3	RLK
BolP1g42160C3	RLK
BolP1g42500C3	RLK
BolP1g42680C3	RLK
BolP1g43190C3	RLK
BolP1g45980C3	RLK
BolP1g46050C3	RLK
BolP1g46160C3	RLK
BolP1g47080C3	RLK
BolP1g48980C3	RLK
BolP1g51110C3	RLK
BolP1g51740C3	RLK
BolP1g53150C3	RLK
BolP1g56430C3	RLK
BolP1g56470C3	RLK
BolP1g57150C3	RLK
BolC1g10400C3	RLP
BolC1g11780C3	RLP
BolC1g12180C3	RLP
BolC1g26640C3	RLP
BolC1g26670C3	RLP
BolC1g26700C3	RLP
BolC1g32060C3	RLP
BolC1g34390C3	RLP
BolC1g50850C3	RLP
BolC1g50880C3	RLP
BolC1g54370C3	RLP
BolC1g06080C3	RLP
BolC2g11030C3	RLP
BolC2g12600C3	RLP
BolC2g15420C3	RLP
BolC2g20630C3	RLP
BolC2g21140C3	RLP
BolC2g22770C3	RLP
BolC2g27590C3	RLP
BolC2g30040C3	RLP
BolC2g30050C3	RLP
BolC2g30060C3	RLP
BolC2g30080C3	RLP
BolC2g32920C3	RLP
BolC2g51650C3	RLP
BolC2g55100C3	RLP
BolC2g55110C3	RLP
BolC2g55120C3	RLP
BolC2g05960C3	RLP
BolC2g07340C3	RLP
BolC2g09240C3	RLP
BolC2g09520C3	RLP
BolC3g13390C3	RLP
BolC3g13640C3	RLP
BolC3g18710C3	RLP
BolC3g33930C3	RLP
BolC3g36210C3	RLP
BolC3g37210C3	RLP
BolC3g38430C3	RLP
BolC3g48930C3	RLP
BolC3g49670C3	RLP
BolC3g71610C3	RLP
BolC3g76510C3	RLP
BolC3g76570C3	RLP
BolC3g07990C3	RLP
BolC3g83550C3	RLP
BolC4g13360C3	RLP
BolC4g13370C3	RLP
BolC4g14880C3	RLP
BolC4g14890C3	RLP
BolC4g15030C3	RLP
BolC4g15480C3	RLP
BolC4g21290C3	RLP
BolC4g03440C3	RLP
BolC4g39340C3	RLP
BolC4g39410C3	RLP
BolC4g39430C3	RLP
BolC4g43950C3	RLP
BolC4g48040C3	RLP
BolC4g48650C3	RLP
BolC4g50070C3	RLP
BolC4g50390C3	RLP
BolC4g50400C3	RLP
BolC4g50520C3	RLP
BolC4g50780C3	RLP
BolC4g51100C3	RLP
BolC4g51610C3	RLP
BolC4g56520C3	RLP
BolC4g56550C3	RLP
BolC4g56610C3	RLP
BolC4g57080C3	RLP
BolC4g57740C3	RLP
BolC4g57950C3	RLP
BolC4g65700C3	RLP
BolC5g10970C3	RLP
BolC5g15150C3	RLP
BolC5g15570C3	RLP
BolC5g16130C3	RLP
BolC5g19620C3	RLP
BolC5g25460C3	RLP
BolC5g27390C3	RLP
BolC5g28740C3	RLP
BolC5g31240C3	RLP
BolC5g51810C3	RLP
BolC5g52020C3	RLP
BolC5g08290C3	RLP
BolC6g11870C3	RLP
BolC6g20420C3	RLP
BolC6g28170C3	RLP
BolC6g31150C3	RLP
BolC6g32340C3	RLP
BolC6g32360C3	RLP
BolC6g32370C3	RLP
BolC6g33350C3	RLP
BolC6g34090C3	RLP
BolC6g36650C3	RLP
BolC6g36660C3	RLP
BolC6g36870C3	RLP
BolC6g43190C3	RLP
BolC6g43200C3	RLP
BolC6g43210C3	RLP
BolC6g43220C3	RLP
BolC6g45770C3	RLP
BolC6g45780C3	RLP
BolC6g45790C3	RLP
BolC6g45800C3	RLP
BolC7g15620C3	RLP
BolC7g39110C3	RLP
BolC7g04950C3	RLP
BolC8g19680C3	RLP
BolC8g19690C3	RLP
BolC8g20720C3	RLP
BolC8g22820C3	RLP
BolC8g24180C3	RLP
BolC8g24560C3	RLP
BolC8g27180C3	RLP
BolC8g27430C3	RLP
BolC8g30370C3	RLP
BolC8g36690C3	RLP
BolC8g39820C3	RLP
BolC8g48300C3	RLP
BolC8g48560C3	RLP
BolC8g50330C3	RLP
BolC8g54540C3	RLP
BolC8g55740C3	RLP
BolC8g55760C3	RLP
BolC8g55770C3	RLP
BolC8g06900C3	RLP
BolC9g12740C3	RLP
BolC9g24780C3	RLP
BolC9g25440C3	RLP
BolC9g30640C3	RLP
BolC9g03180C3	RLP
BolC9g03720C3	RLP
BolC9g53700C3	RLP
BolC9g54490C3	RLP
BolC9g64110C3	RLP
BolC9g07130C3	RLP
BolC9g07140C3	RLP
BolU01g01600C3	RLP
BolU01g06590C3	RLP
BolU01g06600C3	RLP
BolU01g19230C3	RLP
BolP1g09240C3	RLP
BolP1g10580C3	RLP
BolP1g11770C3	RLP
BolP1g14720C3	RLP
BolP1g15720C3	RLP
BolP1g15860C3	RLP
BolP1g28160C3	RLP
BolP1g36500C3	RLP
BolP1g37700C3	RLP
BolP1g38330C3	RLP
BolP1g40110C3	RLP
BolP1g41110C3	RLP
BolP1g42420C3	RLP
BolP1g43270C3	RLP
BolP1g43610C3	RLP
BolP1g49880C3	RLP
BolP1g57120C3	RLP
BolC1g10100C3	TM-CC
BolC1g18730C3	TM-CC
BolC1g21840C3	TM-CC
BolC1g22620C3	TM-CC
BolC1g24090C3	TM-CC
BolC1g24340C3	TM-CC
BolC1g27380C3	TM-CC
BolC1g30580C3	TM-CC
BolC1g31600C3	TM-CC
BolC1g33740C3	TM-CC
BolC1g34030C3	TM-CC
BolC1g35440C3	TM-CC
BolC1g35450C3	TM-CC
BolC1g36510C3	TM-CC
BolC1g39370C3	TM-CC
BolC1g04000C3	TM-CC
BolC1g46360C3	TM-CC
BolC1g55910C3	TM-CC
BolC1g06330C3	TM-CC
BolC1g07570C3	TM-CC
BolC2g11110C3	TM-CC
BolC2g13820C3	TM-CC
BolC2g18730C3	TM-CC
BolC2g01910C3	TM-CC
BolC2g19170C3	TM-CC
BolC2g02030C3	TM-CC
BolC2g02040C3	TM-CC
BolC2g30860C3	TM-CC
BolC2g03520C3	TM-CC
BolC2g40510C3	TM-CC
BolC2g46130C3	TM-CC
BolC2g48030C3	TM-CC
BolC2g51780C3	TM-CC
BolC2g53250C3	TM-CC
BolC2g53430C3	TM-CC
BolC2g53630C3	TM-CC
BolC2g53690C3	TM-CC
BolC2g54550C3	TM-CC
BolC2g59130C3	TM-CC
BolC2g60320C3	TM-CC
BolC2g61980C3	TM-CC
BolC2g62260C3	TM-CC
BolC2g62790C3	TM-CC
BolC2g07830C3	TM-CC
BolC2g08280C3	TM-CC
BolC3g10010C3	TM-CC
BolC3g10720C3	TM-CC
BolC3g11070C3	TM-CC
BolC3g13930C3	TM-CC
BolC3g20930C3	TM-CC
BolC3g02170C3	TM-CC
BolC3g23210C3	TM-CC
BolC3g25390C3	TM-CC
BolC3g26480C3	TM-CC
BolC3g02930C3	TM-CC
BolC3g29540C3	TM-CC
BolC3g32550C3	TM-CC
BolC3g32560C3	TM-CC
BolC3g34860C3	TM-CC
BolC3g39410C3	TM-CC
BolC3g39650C3	TM-CC
BolC3g41520C3	TM-CC
BolC3g42190C3	TM-CC
BolC3g44440C3	TM-CC
BolC3g45120C3	TM-CC
BolC3g04520C3	TM-CC
BolC3g46600C3	TM-CC
BolC3g46700C3	TM-CC
BolC3g49860C3	TM-CC
BolC3g51160C3	TM-CC
BolC3g51780C3	TM-CC
BolC3g52550C3	TM-CC
BolC3g55980C3	TM-CC
BolC3g56190C3	TM-CC
BolC3g56300C3	TM-CC
BolC3g58380C3	TM-CC
BolC3g58910C3	TM-CC
BolC3g59090C3	TM-CC
BolC3g60920C3	TM-CC
BolC3g61350C3	TM-CC
BolC3g67520C3	TM-CC
BolC3g68540C3	TM-CC
BolC3g70180C3	TM-CC
BolC3g71970C3	TM-CC
BolC3g73630C3	TM-CC
BolC3g80700C3	TM-CC
BolC3g08420C3	TM-CC
BolC3g85290C3	TM-CC
BolC4g10340C3	TM-CC
BolC4g10860C3	TM-CC
BolC4g01300C3	TM-CC
BolC4g13440C3	TM-CC
BolC4g17820C3	TM-CC
BolC4g22030C3	TM-CC
BolC4g26130C3	TM-CC
BolC4g30500C3	TM-CC
BolC4g03070C3	TM-CC
BolC4g31070C3	TM-CC
BolC4g31700C3	TM-CC
BolC4g32310C3	TM-CC
BolC4g38130C3	TM-CC
BolC4g39610C3	TM-CC
BolC4g40390C3	TM-CC
BolC4g42110C3	TM-CC
BolC4g43870C3	TM-CC
BolC4g49450C3	TM-CC
BolC4g50970C3	TM-CC
BolC4g53350C3	TM-CC
BolC4g59050C3	TM-CC
BolC4g06150C3	TM-CC
BolC4g64360C3	TM-CC
BolC4g64710C3	TM-CC
BolC4g07780C3	TM-CC
BolC4g00940C3	TM-CC
BolC5g13790C3	TM-CC
BolC5g17140C3	TM-CC
BolC5g01970C3	TM-CC
BolC5g22090C3	TM-CC
BolC5g02360C3	TM-CC
BolC5g24350C3	TM-CC
BolC5g29800C3	TM-CC
BolC5g30280C3	TM-CC
BolC5g30420C3	TM-CC
BolC5g30480C3	TM-CC
BolC5g39190C3	TM-CC
BolC5g39730C3	TM-CC
BolC5g44060C3	TM-CC
BolC5g44070C3	TM-CC
BolC5g44370C3	TM-CC
BolC5g44530C3	TM-CC
BolC5g50220C3	TM-CC
BolC5g52720C3	TM-CC
BolC5g52970C3	TM-CC
BolC5g53900C3	TM-CC
BolC5g55270C3	TM-CC
BolC5g55880C3	TM-CC
BolC5g58050C3	TM-CC
BolC5g58580C3	TM-CC
BolC5g60490C3	TM-CC
BolC5g61530C3	TM-CC
BolC5g62750C3	TM-CC
BolC5g62880C3	TM-CC
BolC5g06620C3	TM-CC
BolC5g08840C3	TM-CC
BolC6g10170C3	TM-CC
BolC6g23960C3	TM-CC
BolC6g25360C3	TM-CC
BolC6g25380C3	TM-CC
BolC6g26260C3	TM-CC
BolC6g29500C3	TM-CC
BolC6g33050C3	TM-CC
BolC6g37440C3	TM-CC
BolC6g41610C3	TM-CC
BolC6g41980C3	TM-CC
BolC6g44140C3	TM-CC
BolC6g44650C3	TM-CC
BolC6g46000C3	TM-CC
BolC6g49650C3	TM-CC
BolC7g19510C3	TM-CC
BolC7g20760C3	TM-CC
BolC7g23540C3	TM-CC
BolC7g24920C3	TM-CC
BolC7g27240C3	TM-CC
BolC7g27590C3	TM-CC
BolC7g30040C3	TM-CC
BolC7g36860C3	TM-CC
BolC7g38300C3	TM-CC
BolC7g38480C3	TM-CC
BolC7g38490C3	TM-CC
BolC7g43870C3	TM-CC
BolC7g44800C3	TM-CC
BolC7g44810C3	TM-CC
BolC7g47100C3	TM-CC
BolC7g55480C3	TM-CC
BolC7g56580C3	TM-CC
BolC7g57380C3	TM-CC
BolC7g58020C3	TM-CC
BolC7g06310C3	TM-CC
BolC7g07010C3	TM-CC
BolC7g07080C3	TM-CC
BolC8g01400C3	TM-CC
BolC8g16900C3	TM-CC
BolC8g18680C3	TM-CC
BolC8g18970C3	TM-CC
BolC8g19330C3	TM-CC
BolC8g23520C3	TM-CC
BolC8g29350C3	TM-CC
BolC8g30820C3	TM-CC
BolC8g31940C3	TM-CC
BolC8g33230C3	TM-CC
BolC8g33880C3	TM-CC
BolC8g37440C3	TM-CC
BolC8g40050C3	TM-CC
BolC8g40820C3	TM-CC
BolC8g41130C3	TM-CC
BolC8g45150C3	TM-CC
BolC8g47610C3	TM-CC
BolC8g53300C3	TM-CC
BolC8g53800C3	TM-CC
BolC8g56440C3	TM-CC
BolC8g57540C3	TM-CC
BolC8g00590C3	TM-CC
BolC8g09740C3	TM-CC
BolC9g10950C3	TM-CC
BolC9g12540C3	TM-CC
BolC9g12990C3	TM-CC
BolC9g13850C3	TM-CC
BolC9g15690C3	TM-CC
BolC9g19210C3	TM-CC
BolC9g23380C3	TM-CC
BolC9g26450C3	TM-CC
BolC9g26590C3	TM-CC
BolC9g28150C3	TM-CC
BolC9g30330C3	TM-CC
BolC9g34200C3	TM-CC
BolC9g03710C3	TM-CC
BolC9g03930C3	TM-CC
BolC9g39940C3	TM-CC
BolC9g46450C3	TM-CC
BolC9g51500C3	TM-CC
BolC9g56630C3	TM-CC
BolC9g57570C3	TM-CC
BolC9g57630C3	TM-CC
BolC9g60780C3	TM-CC
BolC9g60970C3	TM-CC
BolC9g61240C3	TM-CC
BolC9g63360C3	TM-CC
BolC9g64780C3	TM-CC
BolC9g65930C3	TM-CC
BolC9g66290C3	TM-CC
BolC9g67280C3	TM-CC
BolC9g68540C3	TM-CC
BolC9g09040C3	TM-CC
BolC9g09300C3	TM-CC
BolC9g09620C3	TM-CC
BolC9g09960C3	TM-CC
BolU01g06070C3	TM-CC
BolU01g08680C3	TM-CC
BolU01g10320C3	TM-CC
BolP1g17820C3	TM-CC
BolP1g24350C3	TM-CC
BolP1g32380C3	TM-CC
BolP1g40610C3	TM-CC
BolP1g40750C3	TM-CC
BolP1g57160C3	TM-CC
