evm.model.A01.1037	RLP	lrr
evm.model.A01.2221	RLP	lrr
evm.model.A01.2538	RLP	lrr
evm.model.A01.3692	RLP	lrr
evm.model.A01.4625	RLP	lrr
evm.model.A01.564	RLP	lrr
evm.model.A01.899	RLP	lrr
evm.model.A02.1457	RLP	lrr
evm.model.A02.1507	RLP	lrr
evm.model.A02.1877	RLP	lrr
evm.model.A02.2049	RLP	lrr
evm.model.A02.2123	RLP	lrr
evm.model.A02.2328	RLP	lrr
evm.model.A02.2329	RLP	lrr
evm.model.A02.2330	RLP	lrr
evm.model.A02.2331	RLP	lrr
evm.model.A02.2332	RLP	lrr
evm.model.A02.2333	RLP	lrr
evm.model.A02.3095	RLP	lrr
evm.model.A02.3896	RLP	lrr
evm.model.A02.676	RLP	lrr
evm.model.A03.2551	RLP	lrr
evm.model.A03.2554	RLP	lrr
evm.model.A03.3157	RLP	lrr
evm.model.A03.3346	RLP	lrr
evm.model.A03.3658	RLP	lrr
evm.model.A03.4017	RLP	lrr
evm.model.A03.4101	RLP	lrr
evm.model.A03.4270	RLP	lrr
evm.model.A04.1858	RLP	lrr
evm.model.A04.1900	RLP	lrr
evm.model.A04.3200	RLP	lrr
evm.model.A04.734	RLP	lrr
evm.model.A04.89	RLP	lrr
evm.model.A05.1820	RLP	lrr
evm.model.A05.3193	RLP	lrr
evm.model.A05.3545	RLP	lrr
evm.model.A05.4761	RLP	lrr
evm.model.A06.1434	RLP	lysm
evm.model.A06.2054	RLP	lrr
evm.model.A06.2055	RLP	lrr
evm.model.A06.2121	RLP	lrr
evm.model.A06.2188	RLP	lrr
evm.model.A06.2222	RLP	lrr
evm.model.A06.2674	RLP	lrr
evm.model.A06.3173	RLP	lrr
evm.model.A06.3683	RLP	lrr
evm.model.A06.4118	RLP	lrr
evm.model.A06.926	RLP	lrr
evm.model.A07.2222	RLP	lrr
evm.model.A07.2440	RLP	lrr
evm.model.A07.2688	RLP	lrr
evm.model.A07.2894	RLP	lrr
evm.model.A07.2979	RLP	lrr
evm.model.A07.2980	RLP	lrr
evm.model.A07.3095	RLP	lrr
evm.model.A07.3096	RLP	lrr
evm.model.A07.4079	RLP	lrr
evm.model.A07.4264	RLP	lrr
evm.model.A07.4267	RLP	lrr
evm.model.A07.4268	RLP	lrr
evm.model.A08.1270	RLP	lrr
evm.model.A08.1279	RLP	lrr
evm.model.A08.1297	RLP	lrr
evm.model.A08.3169	RLP	lysm
evm.model.A08.3386	RLP	lrr
evm.model.A08.3831	RLP	lrr
evm.model.A09.1585	RLP	lrr
evm.model.A09.2236	RLP	lrr
evm.model.A09.2838	RLP	lrr
evm.model.A09.327	RLP	lrr
evm.model.A09.328	RLP	lrr
evm.model.A09.4193	RLP	lrr
evm.model.A09.6204	RLP	lrr
evm.model.A09.6405	RLP	lrr
evm.model.A09.6523	RLP	lrr
evm.model.A09.731	RLP	lrr
evm.model.A09.7330	RLP	lrr
evm.model.A09.7580	RLP	lrr
evm.model.A09.899	RLP	lrr
evm.model.A10.2068	RLP	lrr
evm.model.Scaffold000594.1	RLP	lrr
evm.model.Scaffold000955.1	RLP	lrr
evm.model.Scaffold001722.1	RLP	lrr
evm.model.jcf7180001703443_firstRound.1	RLP	lrr
evm.model.jcf7180001716279_firstRound.1	RLP	lrr
evm.model.jcf7180001723740_firstRound.1	RLP	lrr
evm.model.jcf7180001729362_firstRound.1	RLP	lrr
evm.model.jcf7180001731212_firstRound.1	RLP	lrr
evm.model.jcf7180001737626_firstRound.1	RLP	lrr
evm.model.jcf7180001739917_firstRound.1	RLP	lrr
evm.model.jcf7180001740828_firstRound.1	RLP	lrr
evm.model.jcf7180001741936_firstRound.1	RLP	lrr
evm.model.jcf7180003227897.1	RLP	lrr
evm.model.jcf7180003230141.1	RLP	lrr
evm.model.jcf7180003237751.1	RLP	lrr
evm.model.jcf7180003357611.1	RLP	lrr
evm.model.jcf7180003383285.1	RLP	lrr
evm.model.jcf7180003417454.1	RLP	lrr
evm.model.jcf7180003423448.1	RLP	lrr
evm.model.jcf7180003424395.1	RLP	lrr
evm.model.jcf7180003447056.1	RLP	lrr
evm.model.jcf7180003452020.1	RLP	lrr
evm.model.jcf7180003453444.1	RLP	lrr
evm.model.jcf7180003455373.1	RLP	lrr
