BraA01g10270C2	RLK	lrr
BraA01g10330C2	RLK	other_receptor
BraA01g11410C2	RLK	lrr
BraA01g11670C2	RLK	lrr
BraA01g11800C2	RLK	lrr
BraA01g12490C2	RLK	lrr
BraA01g15280C2	RLK	lrr
BraA01g16720C2	RLK	lrr
BraA01g16880C2	RLK	other_receptor
BraA01g17470C2	RLK	other_receptor
BraA01g01800C2	RLK	lrr
BraA01g23640C2	RLK	lrr
BraA01g02640C2	RLK	lrr
BraA01g26690C2	RLK	lrr
BraA01g27160C2	RLK	other_receptor
BraA01g29090C2	RLK	lrr
BraA01g29410C2	RLK	lrr
BraA01g29880C2	RLK	other_receptor
BraA01g00340C2	RLK	other_receptor
BraA01g35560C2	RLK	lrr
BraA01g35640C2	RLK	other_receptor
BraA01g36680C2	RLK	lrr
BraA01g38090C2	RLK	other_receptor
BraA01g38830C2	RLK	lrr
BraA01g03950C2	RLK	other_receptor
BraA01g40620C2	RLK	lrr
BraA01g41410C2	RLK	lrr
BraA01g41840C2	RLK	other_receptor
BraA01g04200C2	RLK	lrr
BraA01g42430C2	RLK	lrr
BraA01g45150C2	RLK	other_receptor
BraA01g45240C2	RLK	lrr
BraA01g47880C2	RLK	other_receptor
BraA01g48020C2	RLK	lrr
BraA01g48520C2	RLK	lrr
BraA01g05810C2	RLK	other_receptor
BraA01g05830C2	RLK	other_receptor
BraA01g05920C2	RLK	other_receptor
BraA01g06130C2	RLK	other_receptor
BraA01g06810C2	RLK	lrr
BraA01g06910C2	RLK	other_receptor
BraA01g06950C2	RLK	other_receptor
BraA01g07050C2	RLK	other_receptor
BraA01g07300C2	RLK	other_receptor
BraA01g08510C2	RLK	other_receptor
BraA01g08940C2	RLK	lrr
BraA02g10230C2	RLK	lrr
BraA02g10320C2	RLK	other_receptor
BraA02g10730C2	RLK	other_receptor
BraA02g11470C2	RLK	other_receptor
BraA02g11550C2	RLK	other_receptor
BraA02g11560C2	RLK	other_receptor
BraA02g13120C2	RLK	lrr
BraA02g13870C2	RLK	other_receptor
BraA02g17160C2	RLK	lrr
BraA02g17860C2	RLK	other_receptor
BraA02g18420C2	RLK	other_receptor
BraA02g00190C2	RLK	other_receptor
BraA02g19020C2	RLK	lrr
BraA02g19780C2	RLK	lrr
BraA02g02050C2	RLK	other_receptor
BraA02g20550C2	RLK	other_receptor
BraA02g21800C2	RLK	lrr
BraA02g21810C2	RLK	lrr
BraA02g21940C2	RLK	lrr
BraA02g00240C2	RLK	other_receptor
BraA02g24520C2	RLK	other_receptor
BraA02g24530C2	RLK	other_receptor
BraA02g26870C2	RLK	other_receptor
BraA02g27050C2	RLK	other_receptor
BraA02g27780C2	RLK	lrr
BraA02g30740C2	RLK	other_receptor
BraA02g03280C2	RLK	lrr
BraA02g33200C2	RLK	lrr
BraA02g33350C2	RLK	lrr
BraA02g35870C2	RLK	lrr
BraA02g36640C2	RLK	other_receptor
BraA02g37730C2	RLK	lrr
BraA02g38160C2	RLK	other_receptor
BraA02g38970C2	RLK	lrr
BraA02g39850C2	RLK	other_receptor
BraA02g40740C2	RLK	lrr
BraA02g42000C2	RLK	other_receptor
BraA02g04320C2	RLK	other_receptor
BraA02g43690C2	RLK	other_receptor
BraA02g04650C2	RLK	other_receptor
BraA02g06680C2	RLK	lrr
BraA02g08420C2	RLK	other_receptor
BraA03g10500C2	RLK	other_receptor
BraA03g10510C2	RLK	other_receptor
BraA03g10520C2	RLK	other_receptor
BraA03g11460C2	RLK	lrr
BraA03g11540C2	RLK	lrr
BraA03g12300C2	RLK	other_receptor
BraA03g13340C2	RLK	other_receptor
BraA03g13460C2	RLK	other_receptor
BraA03g14090C2	RLK	lrr
BraA03g14890C2	RLK	other_receptor
BraA03g15750C2	RLK	other_receptor
BraA03g16570C2	RLK	lrr
BraA03g18640C2	RLK	other_receptor
BraA03g18760C2	RLK	lrr
BraA03g19460C2	RLK	other_receptor
BraA03g20500C2	RLK	other_receptor
BraA03g20510C2	RLK	other_receptor
BraA03g20620C2	RLK	other_receptor
BraA03g22830C2	RLK	other_receptor
BraA03g22840C2	RLK	other_receptor
BraA03g24110C2	RLK	other_receptor
BraA03g24770C2	RLK	other_receptor
BraA03g25550C2	RLK	lrr
BraA03g25990C2	RLK	lrr
BraA03g26010C2	RLK	lrr
BraA03g26640C2	RLK	lrr
BraA03g26900C2	RLK	other_receptor
BraA03g28390C2	RLK	lrr
BraA03g28930C2	RLK	other_receptor
BraA03g29190C2	RLK	other_receptor
BraA03g30790C2	RLK	other_receptor
BraA03g31500C2	RLK	lrr
BraA03g00320C2	RLK	other_receptor
BraA03g38590C2	RLK	other_receptor
BraA03g39360C2	RLK	lrr
BraA03g39450C2	RLK	other_receptor
BraA03g04100C2	RLK	lrr
BraA03g41390C2	RLK	lrr
BraA03g43020C2	RLK	lrr
BraA03g04330C2	RLK	other_receptor
BraA03g43940C2	RLK	other_receptor
BraA03g44560C2	RLK	lrr
BraA03g44850C2	RLK	lrr
BraA03g45760C2	RLK	other_receptor
BraA03g49640C2	RLK	lrr
BraA03g49710C2	RLK	lrr
BraA03g50290C2	RLK	other_receptor
BraA03g05160C2	RLK	other_receptor
BraA03g51630C2	RLK	other_receptor
BraA03g51760C2	RLK	lrr
BraA03g52840C2	RLK	other_receptor
BraA03g05620C2	RLK	other_receptor
BraA03g05630C2	RLK	other_receptor
BraA03g57140C2	RLK	other_receptor
BraA03g57220C2	RLK	other_receptor
BraA03g58130C2	RLK	other_receptor
BraA03g59180C2	RLK	lrr
BraA03g59490C2	RLK	lrr
BraA03g60630C2	RLK	other_receptor
BraA03g06070C2	RLK	lrr
BraA03g06990C2	RLK	lrr
BraA03g00080C2	RLK	lrr
BraA03g08280C2	RLK	other_receptor
BraA03g09160C2	RLK	other_receptor
BraA04g10410C2	RLK	other_receptor
BraA04g10650C2	RLK	other_receptor
BraA04g10980C2	RLK	other_receptor
BraA04g10990C2	RLK	other_receptor
BraA04g13590C2	RLK	other_receptor
BraA04g14330C2	RLK	other_receptor
BraA04g15600C2	RLK	other_receptor
BraA04g17260C2	RLK	lrr
BraA04g17330C2	RLK	other_receptor
BraA04g17390C2	RLK	other_receptor
BraA04g17540C2	RLK	lysm
BraA04g17720C2	RLK	other_receptor
BraA04g17750C2	RLK	lrr
BraA04g17930C2	RLK	lrr
BraA04g18780C2	RLK	other_receptor
BraA04g18800C2	RLK	other_receptor
BraA04g18890C2	RLK	other_receptor
BraA04g01940C2	RLK	other_receptor
BraA04g19650C2	RLK	lrr
BraA04g22080C2	RLK	other_receptor
BraA04g22450C2	RLK	lysm
BraA04g22830C2	RLK	lrr
BraA04g23600C2	RLK	lrr
BraA04g23610C2	RLK	lrr
BraA04g24880C2	RLK	other_receptor
BraA04g02520C2	RLK	other_receptor
BraA04g02770C2	RLK	other_receptor
BraA04g02790C2	RLK	lrr
BraA04g28900C2	RLK	lrr
BraA04g29140C2	RLK	other_receptor
BraA04g29230C2	RLK	lrr
BraA04g29690C2	RLK	other_receptor
BraA04g30520C2	RLK	other_receptor
BraA04g31460C2	RLK	other_receptor
BraA04g32130C2	RLK	lrr
BraA04g32540C2	RLK	other_receptor
BraA04g04800C2	RLK	other_receptor
BraA04g00680C2	RLK	other_receptor
BraA05g10010C2	RLK	other_receptor
BraA05g13380C2	RLK	lrr
BraA05g16200C2	RLK	other_receptor
BraA05g18940C2	RLK	lrr
BraA05g19700C2	RLK	other_receptor
BraA05g21040C2	RLK	other_receptor
BraA05g24760C2	RLK	lrr
BraA05g25580C2	RLK	lrr
BraA05g28250C2	RLK	other_receptor
BraA05g29390C2	RLK	lrr
BraA05g29790C2	RLK	other_receptor
BraA05g32370C2	RLK	lrr
BraA05g33580C2	RLK	lrr
BraA05g36170C2	RLK	other_receptor
BraA05g36970C2	RLK	lrr
BraA05g40600C2	RLK	lrr
BraA05g41160C2	RLK	lrr
BraA05g41600C2	RLK	other_receptor
BraA05g43090C2	RLK	other_receptor
BraA05g43720C2	RLK	other_receptor
BraA05g43740C2	RLK	other_receptor
BraA05g45640C2	RLK	lrr
BraA05g46980C2	RLK	other_receptor
BraA05g47320C2	RLK	lrr
BraA05g48770C2	RLK	lrr
BraA05g05750C2	RLK	other_receptor
BraA05g05760C2	RLK	other_receptor
BraA05g07960C2	RLK	other_receptor
BraA05g08720C2	RLK	other_receptor
BraA05g08880C2	RLK	other_receptor
BraA05g09000C2	RLK	other_receptor
BraA05g09380C2	RLK	other_receptor
BraA05g09440C2	RLK	other_receptor
BraA06g10730C2	RLK	other_receptor
BraA06g11570C2	RLK	lrr
BraA06g16480C2	RLK	other_receptor
BraA06g17540C2	RLK	other_receptor
BraA06g17930C2	RLK	other_receptor
BraA06g17940C2	RLK	other_receptor
BraA06g19820C2	RLK	other_receptor
BraA06g20830C2	RLK	other_receptor
BraA06g21060C2	RLK	other_receptor
BraA06g21590C2	RLK	other_receptor
BraA06g21890C2	RLK	lrr
BraA06g24420C2	RLK	lrr
BraA06g25620C2	RLK	lrr
BraA06g28110C2	RLK	other_receptor
BraA06g28340C2	RLK	other_receptor
BraA06g31150C2	RLK	lrr
BraA06g31840C2	RLK	other_receptor
BraA06g32030C2	RLK	lrr
BraA06g32240C2	RLK	lrr
BraA06g34130C2	RLK	lrr
BraA06g35280C2	RLK	other_receptor
BraA06g36640C2	RLK	other_receptor
BraA06g37420C2	RLK	other_receptor
BraA06g38170C2	RLK	other_receptor
BraA06g38480C2	RLK	other_receptor
BraA06g38750C2	RLK	other_receptor
BraA06g39400C2	RLK	other_receptor
BraA06g40620C2	RLK	lrr
BraA06g40790C2	RLK	other_receptor
BraA06g04250C2	RLK	lrr
BraA06g42690C2	RLK	lrr
BraA06g46790C2	RLK	other_receptor
BraA06g48380C2	RLK	lrr
BraA06g48530C2	RLK	lrr
BraA06g49250C2	RLK	other_receptor
BraA06g50880C2	RLK	lrr
BraA06g51550C2	RLK	lrr
BraA06g51560C2	RLK	other_receptor
BraA06g51570C2	RLK	other_receptor
BraA06g51610C2	RLK	lrr
BraA06g51640C2	RLK	lrr
BraA06g51720C2	RLK	other_receptor
BraA06g53230C2	RLK	lrr
BraA06g53770C2	RLK	lrr
BraA06g54370C2	RLK	lrr
BraA06g55900C2	RLK	lrr
BraA06g56380C2	RLK	lrr
BraA06g56460C2	RLK	other_receptor
BraA06g07860C2	RLK	lrr
BraA06g08450C2	RLK	lrr
BraA06g08470C2	RLK	other_receptor
BraA06g09270C2	RLK	lrr
BraA07g12060C2	RLK	other_receptor
BraA07g12230C2	RLK	lrr
BraA07g16030C2	RLK	other_receptor
BraA07g16040C2	RLK	other_receptor
BraA07g01730C2	RLK	other_receptor
BraA07g17570C2	RLK	lrr
BraA07g17700C2	RLK	lrr
BraA07g18140C2	RLK	other_receptor
BraA07g18800C2	RLK	lrr
BraA07g18960C2	RLK	lrr
BraA07g19660C2	RLK	other_receptor
BraA07g20750C2	RLK	other_receptor
BraA07g21520C2	RLK	lrr
BraA07g02300C2	RLK	other_receptor
BraA07g23040C2	RLK	other_receptor
BraA07g23190C2	RLK	lrr
BraA07g24720C2	RLK	other_receptor
BraA07g27410C2	RLK	other_receptor
BraA07g30300C2	RLK	lrr
BraA07g30510C2	RLK	lrr
BraA07g31470C2	RLK	other_receptor
BraA07g33390C2	RLK	lrr
BraA07g33830C2	RLK	other_receptor
BraA07g33880C2	RLK	lrr
BraA07g33930C2	RLK	other_receptor
BraA07g34250C2	RLK	lrr
BraA07g36480C2	RLK	other_receptor
BraA07g36780C2	RLK	other_receptor
BraA07g36790C2	RLK	other_receptor
BraA07g03710C2	RLK	other_receptor
BraA07g37380C2	RLK	lrr
BraA07g39680C2	RLK	lrr
BraA07g39820C2	RLK	lrr
BraA07g40690C2	RLK	lrr
BraA07g42120C2	RLK	lrr
BraA07g42340C2	RLK	lrr
BraA07g43620C2	RLK	other_receptor
BraA07g43640C2	RLK	other_receptor
BraA07g43730C2	RLK	lrr
BraA07g04990C2	RLK	lrr
BraA07g06060C2	RLK	other_receptor
BraA07g06080C2	RLK	other_receptor
BraA07g06090C2	RLK	other_receptor
BraA07g06670C2	RLK	lrr
BraA07g08680C2	RLK	other_receptor
BraA07g09390C2	RLK	lrr
BraA07g09680C2	RLK	lrr
BraA08g12730C2	RLK	other_receptor
BraA08g12740C2	RLK	other_receptor
BraA08g15020C2	RLK	other_receptor
BraA08g16260C2	RLK	lrr
BraA08g16900C2	RLK	other_receptor
BraA08g16930C2	RLK	other_receptor
BraA08g17700C2	RLK	other_receptor
BraA08g17710C2	RLK	other_receptor
BraA08g17720C2	RLK	other_receptor
BraA08g01860C2	RLK	lrr
BraA08g18640C2	RLK	other_receptor
BraA08g19820C2	RLK	other_receptor
BraA08g23480C2	RLK	other_receptor
BraA08g24590C2	RLK	lrr
BraA08g25040C2	RLK	other_receptor
BraA08g25050C2	RLK	other_receptor
BraA08g25060C2	RLK	other_receptor
BraA08g25080C2	RLK	other_receptor
BraA08g28050C2	RLK	other_receptor
BraA08g28530C2	RLK	other_receptor
BraA08g31060C2	RLK	other_receptor
BraA08g31310C2	RLK	other_receptor
BraA08g31860C2	RLK	other_receptor
BraA08g31870C2	RLK	other_receptor
BraA08g31900C2	RLK	other_receptor
BraA08g33720C2	RLK	other_receptor
BraA08g35970C2	RLK	other_receptor
BraA08g35980C2	RLK	other_receptor
BraA08g37360C2	RLK	lrr
BraA08g37970C2	RLK	lrr
BraA08g00530C2	RLK	lrr
BraA08g00590C2	RLK	other_receptor
BraA08g06270C2	RLK	lrr
BraA08g08250C2	RLK	lysm
BraA08g08510C2	RLK	other_receptor
BraA08g08530C2	RLK	other_receptor
BraA09g10040C2	RLK	other_receptor
BraA09g10060C2	RLK	other_receptor
BraA09g10070C2	RLK	other_receptor
BraA09g10470C2	RLK	other_receptor
BraA09g12690C2	RLK	other_receptor
BraA09g13000C2	RLK	other_receptor
BraA09g14150C2	RLK	lrr
BraA09g14710C2	RLK	other_receptor
BraA09g14920C2	RLK	other_receptor
BraA09g15970C2	RLK	lrr
BraA09g16720C2	RLK	other_receptor
BraA09g17110C2	RLK	lrr
BraA09g19050C2	RLK	lrr
BraA09g19250C2	RLK	other_receptor
BraA09g19520C2	RLK	other_receptor
BraA09g19670C2	RLK	other_receptor
BraA09g20750C2	RLK	lrr
BraA09g21050C2	RLK	other_receptor
BraA09g21060C2	RLK	other_receptor
BraA09g21200C2	RLK	other_receptor
BraA09g21400C2	RLK	lrr
BraA09g21410C2	RLK	lrr
BraA09g22090C2	RLK	other_receptor
BraA09g22260C2	RLK	other_receptor
BraA09g22300C2	RLK	other_receptor
BraA09g22630C2	RLK	other_receptor
BraA09g25610C2	RLK	lrr
BraA09g25870C2	RLK	other_receptor
BraA09g27910C2	RLK	lrr
BraA09g28120C2	RLK	lrr
BraA09g28210C2	RLK	other_receptor
BraA09g28300C2	RLK	other_receptor
BraA09g30210C2	RLK	other_receptor
BraA09g30240C2	RLK	other_receptor
BraA09g30390C2	RLK	lrr
BraA09g32040C2	RLK	other_receptor
BraA09g32340C2	RLK	other_receptor
BraA09g00330C2	RLK	other_receptor
BraA09g33290C2	RLK	other_receptor
BraA09g34400C2	RLK	lrr
BraA09g34480C2	RLK	other_receptor
BraA09g34910C2	RLK	other_receptor
BraA09g35740C2	RLK	lrr
BraA09g36370C2	RLK	other_receptor
BraA09g39830C2	RLK	other_receptor
BraA09g40230C2	RLK	other_receptor
BraA09g46920C2	RLK	other_receptor
BraA09g47270C2	RLK	other_receptor
BraA09g48860C2	RLK	other_receptor
BraA09g48930C2	RLK	other_receptor
BraA09g05000C2	RLK	other_receptor
BraA09g50530C2	RLK	other_receptor
BraA09g05080C2	RLK	other_receptor
BraA09g05230C2	RLK	lrr
BraA09g62110C2	RLK	other_receptor
BraA09g62230C2	RLK	other_receptor
BraA09g62400C2	RLK	lrr
BraA09g64640C2	RLK	other_receptor
BraA09g67920C2	RLK	lrr
BraA09g70970C2	RLK	lrr
BraA09g72570C2	RLK	other_receptor
BraA09g00740C2	RLK	other_receptor
BraA09g74170C2	RLK	lrr
BraA09g75910C2	RLK	lrr
BraA09g07960C2	RLK	other_receptor
BraA09g08310C2	RLK	other_receptor
BraA09g08320C2	RLK	other_receptor
BraA09g08330C2	RLK	other_receptor
BraA10g01280C2	RLK	other_receptor
BraA10g13400C2	RLK	other_receptor
BraA10g13990C2	RLK	lrr
BraA10g14320C2	RLK	other_receptor
BraA10g14530C2	RLK	other_receptor
BraA10g15020C2	RLK	other_receptor
BraA10g15730C2	RLK	other_receptor
BraA10g15940C2	RLK	lrr
BraA10g16710C2	RLK	other_receptor
BraA10g18190C2	RLK	other_receptor
BraA10g18350C2	RLK	other_receptor
BraA10g18790C2	RLK	other_receptor
BraA10g19320C2	RLK	other_receptor
BraA10g19370C2	RLK	other_receptor
BraA10g19390C2	RLK	other_receptor
BraA10g19900C2	RLK	other_receptor
BraA10g19910C2	RLK	other_receptor
BraA10g19920C2	RLK	other_receptor
BraA10g19930C2	RLK	other_receptor
BraA10g19950C2	RLK	other_receptor
BraA10g19980C2	RLK	other_receptor
BraA10g20040C2	RLK	other_receptor
BraA10g21330C2	RLK	other_receptor
BraA10g21790C2	RLK	lrr
BraA10g23970C2	RLK	lrr
BraA10g27100C2	RLK	other_receptor
BraA10g02800C2	RLK	lrr
BraA10g30040C2	RLK	other_receptor
BraA10g03260C2	RLK	lrr
BraA10g03480C2	RLK	other_receptor
BraA10g04440C2	RLK	lrr
BraA10g00500C2	RLK	other_receptor
BraA10g05150C2	RLK	other_receptor
BraA10g00560C2	RLK	other_receptor
BraA10g05810C2	RLK	other_receptor
BraA10g06770C2	RLK	other_receptor
BraA10g07530C2	RLK	lrr
BraA10g07850C2	RLK	lrr
BraA10g09130C2	RLK	other_receptor
BraA10g09220C2	RLK	lrr
BraA10g09300C2	RLK	lrr
BraA10g09390C2	RLK	other_receptor
BraA10g09680C2	RLK	lrr
BraA10g09800C2	RLK	lrr
BraU01g04160C2	RLK	lrr
BraU01g04240C2	RLK	lrr
BraU01g10950C2	RLK	lrr
BraU01g12530C2	RLK	lrr
BraU01g13090C2	RLK	lrr
BraU01g14000C2	RLK	other_receptor
BraP1g00550C2	RLK	lrr
BraP1g03470C2	RLK	other_receptor
BraP1g05200C2	RLK	other_receptor
BraP1g07960C2	RLK	other_receptor
BraP1g13230C2	RLK	other_receptor
BraP1g16470C2	RLK	other_receptor
BraP1g17060C2	RLK	other_receptor
BraP1g17480C2	RLK	other_receptor
BraP1g17850C2	RLK	other_receptor
BraP1g17980C2	RLK	other_receptor
BraP1g18110C2	RLK	lrr
BraP1g23700C2	RLK	lrr
BraP1g26260C2	RLK	other_receptor
BraP1g29890C2	RLK	other_receptor
BraP1g31860C2	RLK	other_receptor
BraP1g35820C2	RLK	other_receptor
BraP1g37970C2	RLK	other_receptor
BraP1g38930C2	RLK	other_receptor
BraP1g40050C2	RLK	other_receptor
BraP1g42880C2	RLK	other_receptor
BraP1g46680C2	RLK	other_receptor
BraP1g47440C2	RLK	other_receptor
BraP1g48340C2	RLK	other_receptor
BraP1g49050C2	RLK	other_receptor
BraP1g57020C2	RLK	other_receptor
BraP1g59330C2	RLK	other_receptor
BraP1g59850C2	RLK	other_receptor
BraP1g63340C2	RLK	other_receptor
BraP1g64740C2	RLK	other_receptor
BraP1g64750C2	RLK	other_receptor
BraP1g66560C2	RLK	other_receptor
BraP1g69380C2	RLK	other_receptor
BraP1g70310C2	RLK	other_receptor
BraP1g70960C2	RLK	other_receptor
BraP1g71060C2	RLK	other_receptor
BraP1g72350C2	RLK	other_receptor
BraP1g73580C2	RLK	other_receptor
BraP1g76320C2	RLK	other_receptor
BraP1g79530C2	RLK	other_receptor
BraP1g80650C2	RLK	other_receptor
BraP1g98140C2	RLK	other_receptor
BraP1g105900C2	RLK	other_receptor
BraP1g107570C2	RLK	other_receptor
BraP1g118230C2	RLK	other_receptor
BraP1g119350C2	RLK	other_receptor
BraP1g119540C2	RLK	other_receptor
BraP1g122820C2	RLK	other_receptor
BraP1g124960C2	RLK	other_receptor
BraP1g131100C2	RLK	other_receptor
