BraA06g08640C2	CN
BraA06g48930C2	CN
BraA06g48830C2	CN
BraP1g83870C2	CN
BraU01g12140C2	CNL
BraP1g103040C2	CNL
BraA09g32850C2	CNL
BraA01g11900C2	CNL
BraA04g20050C2	CNL
BraA05g32220C2	CNL
BraA01g12950C2	CNL
BraA09g75270C2	CNL
BraA08g15080C2	CNL
BraA06g51230C2	CNL
BraP1g70520C2	NBS
BraP1g88710C2	NBS
BraP1g49310C2	NBS
BraP1g99410C2	NBS
BraA01g10670C2	NBS
BraP1g119320C2	NBS
BraP1g44680C2	NBS
BraA05g18770C2	NBS
BraA09g75470C2	NBS
BraA07g21700C2	NBS
BraA06g09010C2	NBS
BraA06g17300C2	NBS
BraA09g50000C2	NBS
BraA01g04930C2	NBS
BraP1g111730C2	NBS
BraP1g89020C2	NBS
BraP1g25120C2	NBS
BraA09g46940C2	NBS
BraP1g85270C2	NBS
BraP1g75610C2	NBS
BraP1g103480C2	NBS
BraA10g06560C2	NBS
BraA06g36720C2	NL
BraP1g108580C2	NL
BraA01g34650C2	NL
BraA09g50310C2	NL
BraP1g104990C2	NL
BraP1g72200C2	NL
BraP1g100670C2	NL
BraA05g12630C2	NL
BraP1g89420C2	NL
BraP1g72420C2	NL
BraP1g108920C2	NL
BraP1g06090C2	NL
BraP1g54190C2	NL
BraA07g18020C2	NL
BraA03g27760C2	NL
BraP1g103450C2	NL
BraP1g61840C2	NL
BraA03g51700C2	NL
BraA07g36870C2	NL
BraP1g115830C2	NL
BraP1g113110C2	NL
BraA07g18010C2	NL
BraA03g54100C2	NL
BraA06g48920C2	NL
BraP1g108440C2	NL
BraP1g90320C2	NL
BraA05g18800C2	NL
BraP1g17150C2	NL
BraA02g40350C2	NL
BraP1g70440C2	NL
BraA10g11480C2	NL
BraP1g79230C2	NL
BraP1g89720C2	NL
BraA06g17310C2	NL
BraP1g44640C2	NL
BraU01g11020C2	NL
BraP1g61770C2	NL
BraP1g01190C2	NL
BraP1g121650C2	NL
BraP1g121840C2	NL
BraP1g31010C2	NL
BraP1g27620C2	NL
BraP1g74750C2	NL
BraA01g11930C2	NL
BraA05g39780C2	NL
BraA07g17990C2	NL
BraP1g109820C2	NL
BraA05g24670C2	NL
BraP1g127100C2	NL
BraA07g21670C2	NL
BraP1g70320C2	NL
BraP1g109050C2	NL
BraA08g14300C2	NL
BraP1g70350C2	NL
BraA05g32230C2	NL
BraP1g73170C2	NL
BraP1g90460C2	NL
BraP1g94440C2	NL
BraP1g129470C2	NL
BraP1g94340C2	NL
BraP1g122720C2	NL
BraP1g130330C2	NL
BraP1g101380C2	NL
BraP1g74340C2	NL
BraA01g10660C2	NL
BraP1g70660C2	NL
BraA08g21860C2	OTHER
BraP1g109510C2	OTHER
BraA06g07740C2	OTHER
BraA02g39130C2	OTHER
BraA04g14390C2	OTHER
BraA09g09070C2	OTHER
BraA06g07730C2	OTHER
BraA02g22330C2	OTHER
BraP1g126970C2	OTHER
BraP1g70300C2	OTHER
BraA06g07760C2	OTHER
BraA02g07940C2	OTHER
BraA09g32170C2	OTHER
BraA02g34640C2	OTHER
BraP1g71280C2	TN
BraA02g07910C2	TN
BraP1g31740C2	TN
BraA10g16150C2	TN
BraP1g08060C2	TN
BraP1g121060C2	TN
BraP1g45140C2	TN
BraP1g36180C2	TN
BraA07g30350C2	TN
BraP1g04760C2	TN
BraP1g123130C2	TN
BraP1g99400C2	TN
BraA09g69160C2	TN
BraA06g21560C2	TN
BraA02g07920C2	TN
BraP1g97040C2	TN
BraA03g08680C2	TN
BraA08g11870C2	TN
BraP1g12400C2	TN
BraP1g56830C2	TN
BraP1g105200C2	TN
BraA02g22340C2	TN
BraP1g75480C2	TN
BraP1g75470C2	TN
BraP1g65770C2	TN
BraA09g09000C2	TN
BraP1g104770C2	TN
BraA03g51380C2	TN
BraP1g54950C2	TN
BraP1g88610C2	TN
BraP1g112100C2	TN
BraP1g29220C2	TN
BraP1g80670C2	TN
BraA09g09010C2	TN
BraP1g129730C2	TN
BraA02g22390C2	TN
BraP1g100880C2	TN
BraP1g87440C2	TN
BraP1g71270C2	TN
BraA04g14360C2	TN
BraA01g47240C2	TN
BraA07g30370C2	TN
BraA08g22310C2	TN
BraA07g30340C2	TN
BraA07g41670C2	TN
BraA02g37130C2	TN
BraP1g74710C2	TN
BraP1g124940C2	TN
BraP1g70530C2	TNL
BraA02g22310C2	TNL
BraP1g00110C2	TNL
BraP1g93160C2	TNL
BraP1g03160C2	TNL
BraA08g23140C2	TNL
BraA06g09090C2	TNL
BraA09g35730C2	TNL
BraA09g70710C2	TNL
BraA03g32310C2	TNL
BraA09g09080C2	TNL
BraP1g131190C2	TNL
BraP1g89700C2	TNL
BraP1g25670C2	TNL
BraA09g69110C2	TNL
BraU01g10970C2	TNL
BraA03g08140C2	TNL
BraA09g62800C2	TNL
BraA09g61610C2	TNL
BraP1g94330C2	TNL
BraP1g110450C2	TNL
BraP1g72430C2	TNL
BraP1g16640C2	TNL
BraA02g07630C2	TNL
BraA10g01440C2	TNL
BraA08g30740C2	TNL
BraA09g61670C2	TNL
BraA03g27770C2	TNL
BraA06g07770C2	TNL
BraA06g09080C2	TNL
BraA03g50300C2	TNL
BraA09g62810C2	TNL
BraA07g33910C2	TNL
BraA02g31150C2	TNL
BraP1g03430C2	TNL
BraP1g17130C2	TNL
BraA08g22300C2	TNL
BraA09g69000C2	TNL
BraP1g94430C2	TNL
BraA04g14400C2	TNL
BraA08g33700C2	TNL
BraA09g50330C2	TNL
BraA03g47640C2	TNL
BraA02g07930C2	TNL
BraA03g49230C2	TNL
BraP1g118120C2	TNL
BraA06g15390C2	TNL
BraA03g32290C2	TNL
BraA10g01970C2	TNL
BraP1g74690C2	TNL
BraP1g35700C2	TNL
BraA03g16390C2	TNL
BraA02g07640C2	TNL
BraA06g09580C2	TNL
BraA05g18810C2	TNL
BraP1g47660C2	TNL
BraP1g129150C2	TNL
BraA01g02670C2	TNL
BraA03g32450C2	TNL
BraA10g08360C2	TNL
BraA01g44720C2	TNL
BraA09g32260C2	TNL
BraA08g30760C2	TNL
BraA09g62770C2	TNL
BraA03g51740C2	TNL
BraP1g90590C2	TNL
BraP1g111500C2	TNL
BraA04g18720C2	TNL
BraP1g24230C2	TNL
BraA07g37150C2	TNL
BraA03g49220C2	TNL
BraA08g21870C2	TNL
BraA07g21660C2	TNL
BraP1g71670C2	TNL
BraP1g130500C2	TNL
BraA07g21730C2	TNL
BraA10g01840C2	TNL
BraP1g109120C2	TNL
BraA09g69120C2	TNL
BraA09g68970C2	TNL
BraA04g11870C2	TNL
BraA07g25480C2	TNL
BraA03g09340C2	TNL
BraP1g00130C2	TNL
BraA07g31760C2	TNL
BraA03g32300C2	TNL
BraA01g10950C2	TNL
BraA01g47090C2	TNL
BraA02g08100C2	TNL
BraP1g01350C2	TNL
BraP1g05310C2	TNL
BraA03g47610C2	TNL
BraA07g30380C2	TNL
BraA04g23640C2	TNL
BraA06g07750C2	TNL
BraP1g127650C2	TNL
BraA09g69150C2	TNL
BraA04g14010C2	TNL
BraA01g02660C2	TNL
BraA09g32180C2	TNL
BraA04g00840C2	TNL
BraA09g69190C2	TNL
BraP1g66860C2	TNL
BraA02g04140C2	TNL
BraA09g61680C2	TNL
BraA05g40840C2	TX
BraA10g02970C2	TX
BraA05g10410C2	TX
BraA02g34610C2	TX
BraA01g15630C2	TX
BraA02g07620C2	TX
BraA09g65470C2	TX
BraA07g21710C2	TX
BraA01g33970C2	TX
BraA01g24110C2	TX
BraP1g47780C2	TX
BraP1g72690C2	TX
BraA06g07780C2	TX
BraP1g90210C2	TX
BraP1g72590C2	TX
BraP1g81260C2	TX
BraP1g112710C2	TX
BraA09g61430C2	TX
BraA09g66140C2	TX
BraA02g07480C2	TX
BraA03g31480C2	TX
BraP1g16680C2	TX
BraA10g20890C2	TX
BraP1g77400C2	TX
BraP1g04510C2	TX
BraA09g35710C2	TX
BraP1g112060C2	TX
BraP1g17760C2	TX
BraP1g33210C2	TX
BraA08g08780C2	TX
BraP1g85340C2	TX
BraA09g59430C2	TX
BraA09g61470C2	TX
BraP1g127660C2	TX
BraA05g18790C2	TX
BraP1g60650C2	TX
BraA02g44940C2	TX
BraP1g93150C2	TX
BraP1g102700C2	TX
BraA09g66990C2	TX
BraA06g09020C2	TX
BraA06g30830C2	TX
BraA04g27660C2	TX
BraA03g51750C2	TX
BraP1g87560C2	TX
BraP1g111660C2	TX
BraP1g75250C2	TX
BraA09g61420C2	TX
BraP1g91730C2	TX
BraA09g68090C2	TX
BraP1g01330C2	TX
BraA02g34600C2	TX
BraA08g13510C2	TX
BraA08g08770C2	TX
BraA07g21680C2	TX
BraP1g40780C2	TX
BraA05g18760C2	TX
BraA09g61590C2	TX
BraA09g69130C2	TX
BraA06g22930C2	TX
BraA03g51460C2	TX
BraA01g10490C2	TX
BraP1g77620C2	TX
BraP1g01340C2	TX
BraP1g90600C2	TX
BraA09g65450C2	TX
BraA07g36890C2	TX
BraA06g51510C2	TX
BraP1g00690C2	TX
BraP1g85260C2	TX
BraA01g21890C2	TX
BraA09g66120C2	TX
BraA02g32760C2	TX
BraP1g123330C2	TX
BraP1g129490C2	TX
BraP1g85350C2	TX
BraP1g05500C2	TX
BraA06g09100C2	TX
BraP1g122900C2	TX
BraP1g76410C2	TX
BraA03g42440C2	TX
BraP1g48650C2	TX
BraP1g91280C2	TX
BraA09g70850C2	TX
BraA03g08210C2	TX
BraA06g09070C2	TX
BraP1g122860C2	TX
BraA09g67260C2	TX
BraP1g130700C2	TX
BraA05g39790C2	TX
BraA09g61380C2	TX
BraP1g88890C2	TX
BraP1g03450C2	TX
BraP1g01320C2	TX
BraA06g51020C2	TX
BraA06g22920C2	TX
BraA07g16420C2	TX
BraA06g26150C2	TX
BraP1g54180C2	TX
BraA09g65580C2	TX
BraA09g65460C2	TX
BraP1g89510C2	TX
BraA01g25930C2	TX
BraP1g10760C2	TX
BraP1g54860C2	TX
BraP1g131450C2	TX
BraA09g66620C2	TX
BraA01g15750C2	TX
BraP1g93020C2	TX
BraP1g31180C2	TX
