BraA06g08640C2	CN
BraA06g48930C2	CN
BraA06g48830C2	CN
BraP1g83870C2	CN
BraU01g12140C2	CNL
BraP1g103040C2	CNL
BraA09g32850C2	CNL
BraA01g11900C2	CNL
BraA04g20050C2	CNL
BraA05g32220C2	CNL
BraA01g12950C2	CNL
BraA09g75270C2	CNL
BraA08g15080C2	CNL
BraA06g51230C2	CNL
BraP1g70520C2	NBS
BraP1g88710C2	NBS
BraP1g49310C2	NBS
BraP1g99410C2	NBS
BraA01g10670C2	NBS
BraP1g119320C2	NBS
BraP1g44680C2	NBS
BraA05g18770C2	NBS
BraA09g75470C2	NBS
BraA07g21700C2	NBS
BraA06g09010C2	NBS
BraA06g17300C2	NBS
BraA09g50000C2	NBS
BraA01g04930C2	NBS
BraP1g111730C2	NBS
BraP1g89020C2	NBS
BraP1g25120C2	NBS
BraA09g46940C2	NBS
BraP1g85270C2	NBS
BraP1g75610C2	NBS
BraP1g103480C2	NBS
BraA10g06560C2	NBS
BraA06g36720C2	NL
BraP1g108580C2	NL
BraA01g34650C2	NL
BraA09g50310C2	NL
BraP1g104990C2	NL
BraP1g72200C2	NL
BraP1g100670C2	NL
BraA05g12630C2	NL
BraP1g89420C2	NL
BraP1g72420C2	NL
BraP1g108920C2	NL
BraP1g06090C2	NL
BraP1g54190C2	NL
BraA07g18020C2	NL
BraA03g27760C2	NL
BraP1g103450C2	NL
BraP1g61840C2	NL
BraA03g51700C2	NL
BraA07g36870C2	NL
BraP1g115830C2	NL
BraP1g113110C2	NL
BraA07g18010C2	NL
BraA03g54100C2	NL
BraA06g48920C2	NL
BraP1g108440C2	NL
BraP1g90320C2	NL
BraA05g18800C2	NL
BraP1g17150C2	NL
BraA02g40350C2	NL
BraP1g70440C2	NL
BraA10g11480C2	NL
BraP1g79230C2	NL
BraP1g89720C2	NL
BraA06g17310C2	NL
BraP1g44640C2	NL
BraU01g11020C2	NL
BraP1g61770C2	NL
BraP1g01190C2	NL
BraP1g121650C2	NL
BraP1g121840C2	NL
BraP1g31010C2	NL
BraP1g27620C2	NL
BraP1g74750C2	NL
BraA01g11930C2	NL
BraA05g39780C2	NL
BraA07g17990C2	NL
BraP1g109820C2	NL
BraA05g24670C2	NL
BraP1g127100C2	NL
BraA07g21670C2	NL
BraP1g70320C2	NL
BraP1g109050C2	NL
BraA08g14300C2	NL
BraP1g70350C2	NL
BraA05g32230C2	NL
BraP1g73170C2	NL
BraP1g90460C2	NL
BraP1g94440C2	NL
BraP1g129470C2	NL
BraP1g94340C2	NL
BraP1g122720C2	NL
BraP1g130330C2	NL
BraP1g101380C2	NL
BraP1g74340C2	NL
BraA01g10660C2	NL
BraP1g70660C2	NL
BraA08g21860C2	OTHER
BraP1g109510C2	OTHER
BraA06g07740C2	OTHER
BraA02g39130C2	OTHER
BraA04g14390C2	OTHER
BraA09g09070C2	OTHER
BraA06g07730C2	OTHER
BraA02g22330C2	OTHER
BraP1g126970C2	OTHER
BraP1g70300C2	OTHER
BraA06g07760C2	OTHER
BraA02g07940C2	OTHER
BraA09g32170C2	OTHER
BraA02g34640C2	OTHER
BraP1g71280C2	TN
BraA02g07910C2	TN
BraP1g31740C2	TN
BraA10g16150C2	TN
BraP1g08060C2	TN
BraP1g121060C2	TN
BraP1g45140C2	TN
BraP1g36180C2	TN
BraA07g30350C2	TN
BraP1g04760C2	TN
BraP1g123130C2	TN
BraP1g99400C2	TN
BraA09g69160C2	TN
BraA06g21560C2	TN
BraA02g07920C2	TN
BraP1g97040C2	TN
BraA03g08680C2	TN
BraA08g11870C2	TN
BraP1g12400C2	TN
BraP1g56830C2	TN
BraP1g105200C2	TN
BraA02g22340C2	TN
BraP1g75480C2	TN
BraP1g75470C2	TN
BraP1g65770C2	TN
BraA09g09000C2	TN
BraP1g104770C2	TN
BraA03g51380C2	TN
BraP1g54950C2	TN
BraP1g88610C2	TN
BraP1g112100C2	TN
BraP1g29220C2	TN
BraP1g80670C2	TN
BraA09g09010C2	TN
BraP1g129730C2	TN
BraA02g22390C2	TN
BraP1g100880C2	TN
BraP1g87440C2	TN
BraP1g71270C2	TN
BraA04g14360C2	TN
BraA01g47240C2	TN
BraA07g30370C2	TN
BraA08g22310C2	TN
BraA07g30340C2	TN
BraA07g41670C2	TN
BraA02g37130C2	TN
BraP1g74710C2	TN
BraP1g124940C2	TN
BraP1g70530C2	TNL
BraA02g22310C2	TNL
BraP1g00110C2	TNL
BraP1g93160C2	TNL
BraP1g03160C2	TNL
BraA08g23140C2	TNL
BraA06g09090C2	TNL
BraA09g35730C2	TNL
BraA09g70710C2	TNL
BraA03g32310C2	TNL
BraA09g09080C2	TNL
BraP1g131190C2	TNL
BraP1g89700C2	TNL
BraP1g25670C2	TNL
BraA09g69110C2	TNL
BraU01g10970C2	TNL
BraA03g08140C2	TNL
BraA09g62800C2	TNL
BraA09g61610C2	TNL
BraP1g94330C2	TNL
BraP1g110450C2	TNL
BraP1g72430C2	TNL
BraP1g16640C2	TNL
BraA02g07630C2	TNL
BraA10g01440C2	TNL
BraA08g30740C2	TNL
BraA09g61670C2	TNL
BraA03g27770C2	TNL
BraA06g07770C2	TNL
BraA06g09080C2	TNL
BraA03g50300C2	TNL
BraA09g62810C2	TNL
BraA07g33910C2	TNL
BraA02g31150C2	TNL
BraP1g03430C2	TNL
BraP1g17130C2	TNL
BraA08g22300C2	TNL
BraA09g69000C2	TNL
BraP1g94430C2	TNL
BraA04g14400C2	TNL
BraA08g33700C2	TNL
BraA09g50330C2	TNL
BraA03g47640C2	TNL
BraA02g07930C2	TNL
BraA03g49230C2	TNL
BraP1g118120C2	TNL
BraA06g15390C2	TNL
BraA03g32290C2	TNL
BraA10g01970C2	TNL
BraP1g74690C2	TNL
BraP1g35700C2	TNL
BraA03g16390C2	TNL
BraA02g07640C2	TNL
BraA06g09580C2	TNL
BraA05g18810C2	TNL
BraP1g47660C2	TNL
BraP1g129150C2	TNL
BraA01g02670C2	TNL
BraA03g32450C2	TNL
BraA10g08360C2	TNL
BraA01g44720C2	TNL
BraA09g32260C2	TNL
BraA08g30760C2	TNL
BraA09g62770C2	TNL
BraA03g51740C2	TNL
BraP1g90590C2	TNL
BraP1g111500C2	TNL
BraA04g18720C2	TNL
BraP1g24230C2	TNL
BraA07g37150C2	TNL
BraA03g49220C2	TNL
BraA08g21870C2	TNL
BraA07g21660C2	TNL
BraP1g71670C2	TNL
BraP1g130500C2	TNL
BraA07g21730C2	TNL
BraA10g01840C2	TNL
BraP1g109120C2	TNL
BraA09g69120C2	TNL
BraA09g68970C2	TNL
BraA04g11870C2	TNL
BraA07g25480C2	TNL
BraA03g09340C2	TNL
BraP1g00130C2	TNL
BraA07g31760C2	TNL
BraA03g32300C2	TNL
BraA01g10950C2	TNL
BraA01g47090C2	TNL
BraA02g08100C2	TNL
BraP1g01350C2	TNL
BraP1g05310C2	TNL
BraA03g47610C2	TNL
BraA07g30380C2	TNL
BraA04g23640C2	TNL
BraA06g07750C2	TNL
BraP1g127650C2	TNL
BraA09g69150C2	TNL
BraA04g14010C2	TNL
BraA01g02660C2	TNL
BraA09g32180C2	TNL
BraA04g00840C2	TNL
BraA09g69190C2	TNL
BraP1g66860C2	TNL
BraA02g04140C2	TNL
BraA09g61680C2	TNL
BraA05g40840C2	TX
BraA10g02970C2	TX
BraA05g10410C2	TX
BraA02g34610C2	TX
BraA01g15630C2	TX
BraA02g07620C2	TX
BraA09g65470C2	TX
BraA07g21710C2	TX
BraA01g33970C2	TX
BraA01g24110C2	TX
BraP1g47780C2	TX
BraP1g72690C2	TX
BraA06g07780C2	TX
BraP1g90210C2	TX
BraP1g72590C2	TX
BraP1g81260C2	TX
BraP1g112710C2	TX
BraA09g61430C2	TX
BraA09g66140C2	TX
BraA02g07480C2	TX
BraA03g31480C2	TX
BraP1g16680C2	TX
BraA10g20890C2	TX
BraP1g77400C2	TX
BraP1g04510C2	TX
BraA09g35710C2	TX
BraP1g112060C2	TX
BraP1g17760C2	TX
BraP1g33210C2	TX
BraA08g08780C2	TX
BraP1g85340C2	TX
BraA09g59430C2	TX
BraA09g61470C2	TX
BraP1g127660C2	TX
BraA05g18790C2	TX
BraP1g60650C2	TX
BraA02g44940C2	TX
BraP1g93150C2	TX
BraP1g102700C2	TX
BraA09g66990C2	TX
BraA06g09020C2	TX
BraA06g30830C2	TX
BraA04g27660C2	TX
BraA03g51750C2	TX
BraP1g87560C2	TX
BraP1g111660C2	TX
BraP1g75250C2	TX
BraA09g61420C2	TX
BraP1g91730C2	TX
BraA09g68090C2	TX
BraP1g01330C2	TX
BraA02g34600C2	TX
BraA08g13510C2	TX
BraA08g08770C2	TX
BraA07g21680C2	TX
BraP1g40780C2	TX
BraA05g18760C2	TX
BraA09g61590C2	TX
BraA09g69130C2	TX
BraA06g22930C2	TX
BraA03g51460C2	TX
BraA01g10490C2	TX
BraP1g77620C2	TX
BraP1g01340C2	TX
BraP1g90600C2	TX
BraA09g65450C2	TX
BraA07g36890C2	TX
BraA06g51510C2	TX
BraP1g00690C2	TX
BraP1g85260C2	TX
BraA01g21890C2	TX
BraA09g66120C2	TX
BraA02g32760C2	TX
BraP1g123330C2	TX
BraP1g129490C2	TX
BraP1g85350C2	TX
BraP1g05500C2	TX
BraA06g09100C2	TX
BraP1g122900C2	TX
BraP1g76410C2	TX
BraA03g42440C2	TX
BraP1g48650C2	TX
BraP1g91280C2	TX
BraA09g70850C2	TX
BraA03g08210C2	TX
BraA06g09070C2	TX
BraP1g122860C2	TX
BraA09g67260C2	TX
BraP1g130700C2	TX
BraA05g39790C2	TX
BraA09g61380C2	TX
BraP1g88890C2	TX
BraP1g03450C2	TX
BraP1g01320C2	TX
BraA06g51020C2	TX
BraA06g22920C2	TX
BraA07g16420C2	TX
BraA06g26150C2	TX
BraP1g54180C2	TX
BraA09g65580C2	TX
BraA09g65460C2	TX
BraP1g89510C2	TX
BraA01g25930C2	TX
BraP1g10760C2	TX
BraP1g54860C2	TX
BraP1g131450C2	TX
BraA09g66620C2	TX
BraA01g15750C2	TX
BraP1g93020C2	TX
BraP1g31180C2	TX
BraA01g10270C2	RLK
BraA01g10330C2	RLK
BraA01g11410C2	RLK
BraA01g11670C2	RLK
BraA01g11800C2	RLK
BraA01g12490C2	RLK
BraA01g15280C2	RLK
BraA01g16720C2	RLK
BraA01g16880C2	RLK
BraA01g17470C2	RLK
BraA01g01800C2	RLK
BraA01g23640C2	RLK
BraA01g02640C2	RLK
BraA01g26690C2	RLK
BraA01g27160C2	RLK
BraA01g29090C2	RLK
BraA01g29410C2	RLK
BraA01g29880C2	RLK
BraA01g00340C2	RLK
BraA01g35560C2	RLK
BraA01g35640C2	RLK
BraA01g36680C2	RLK
BraA01g38090C2	RLK
BraA01g38830C2	RLK
BraA01g03950C2	RLK
BraA01g40620C2	RLK
BraA01g41410C2	RLK
BraA01g41840C2	RLK
BraA01g04200C2	RLK
BraA01g42430C2	RLK
BraA01g45150C2	RLK
BraA01g45240C2	RLK
BraA01g47880C2	RLK
BraA01g48020C2	RLK
BraA01g48520C2	RLK
BraA01g05810C2	RLK
BraA01g05830C2	RLK
BraA01g05920C2	RLK
BraA01g06130C2	RLK
BraA01g06810C2	RLK
BraA01g06910C2	RLK
BraA01g06950C2	RLK
BraA01g07050C2	RLK
BraA01g07300C2	RLK
BraA01g08510C2	RLK
BraA01g08940C2	RLK
BraA02g10230C2	RLK
BraA02g10320C2	RLK
BraA02g10730C2	RLK
BraA02g11470C2	RLK
BraA02g11550C2	RLK
BraA02g11560C2	RLK
BraA02g13120C2	RLK
BraA02g13870C2	RLK
BraA02g17160C2	RLK
BraA02g17860C2	RLK
BraA02g18420C2	RLK
BraA02g00190C2	RLK
BraA02g19020C2	RLK
BraA02g19780C2	RLK
BraA02g02050C2	RLK
BraA02g20550C2	RLK
BraA02g21800C2	RLK
BraA02g21810C2	RLK
BraA02g21940C2	RLK
BraA02g00240C2	RLK
BraA02g24520C2	RLK
BraA02g24530C2	RLK
BraA02g26870C2	RLK
BraA02g27050C2	RLK
BraA02g27780C2	RLK
BraA02g30740C2	RLK
BraA02g03280C2	RLK
BraA02g33200C2	RLK
BraA02g33350C2	RLK
BraA02g35870C2	RLK
BraA02g36640C2	RLK
BraA02g37730C2	RLK
BraA02g38160C2	RLK
BraA02g38970C2	RLK
BraA02g39850C2	RLK
BraA02g40740C2	RLK
BraA02g42000C2	RLK
BraA02g04320C2	RLK
BraA02g43690C2	RLK
BraA02g04650C2	RLK
BraA02g06680C2	RLK
BraA02g08420C2	RLK
BraA03g10500C2	RLK
BraA03g10510C2	RLK
BraA03g10520C2	RLK
BraA03g11460C2	RLK
BraA03g11540C2	RLK
BraA03g12300C2	RLK
BraA03g13340C2	RLK
BraA03g13460C2	RLK
BraA03g14090C2	RLK
BraA03g14890C2	RLK
BraA03g15750C2	RLK
BraA03g16570C2	RLK
BraA03g18640C2	RLK
BraA03g18760C2	RLK
BraA03g19460C2	RLK
BraA03g20500C2	RLK
BraA03g20510C2	RLK
BraA03g20620C2	RLK
BraA03g22830C2	RLK
BraA03g22840C2	RLK
BraA03g24110C2	RLK
BraA03g24770C2	RLK
BraA03g25550C2	RLK
BraA03g25990C2	RLK
BraA03g26010C2	RLK
BraA03g26640C2	RLK
BraA03g26900C2	RLK
BraA03g28390C2	RLK
BraA03g28930C2	RLK
BraA03g29190C2	RLK
BraA03g30790C2	RLK
BraA03g31500C2	RLK
BraA03g00320C2	RLK
BraA03g38590C2	RLK
BraA03g39360C2	RLK
BraA03g39450C2	RLK
BraA03g04100C2	RLK
BraA03g41390C2	RLK
BraA03g43020C2	RLK
BraA03g04330C2	RLK
BraA03g43940C2	RLK
BraA03g44560C2	RLK
BraA03g44850C2	RLK
BraA03g45760C2	RLK
BraA03g49640C2	RLK
BraA03g49710C2	RLK
BraA03g50290C2	RLK
BraA03g05160C2	RLK
BraA03g51630C2	RLK
BraA03g51760C2	RLK
BraA03g52840C2	RLK
BraA03g05620C2	RLK
BraA03g05630C2	RLK
BraA03g57140C2	RLK
BraA03g57220C2	RLK
BraA03g58130C2	RLK
BraA03g59180C2	RLK
BraA03g59490C2	RLK
BraA03g60630C2	RLK
BraA03g06070C2	RLK
BraA03g06990C2	RLK
BraA03g00080C2	RLK
BraA03g08280C2	RLK
BraA03g09160C2	RLK
BraA04g10410C2	RLK
BraA04g10650C2	RLK
BraA04g10980C2	RLK
BraA04g10990C2	RLK
BraA04g13590C2	RLK
BraA04g14330C2	RLK
BraA04g15600C2	RLK
BraA04g17260C2	RLK
BraA04g17330C2	RLK
BraA04g17390C2	RLK
BraA04g17540C2	RLK
BraA04g17720C2	RLK
BraA04g17750C2	RLK
BraA04g17930C2	RLK
BraA04g18780C2	RLK
BraA04g18800C2	RLK
BraA04g18890C2	RLK
BraA04g01940C2	RLK
BraA04g19650C2	RLK
BraA04g22080C2	RLK
BraA04g22450C2	RLK
BraA04g22830C2	RLK
BraA04g23600C2	RLK
BraA04g23610C2	RLK
BraA04g24880C2	RLK
BraA04g02520C2	RLK
BraA04g02770C2	RLK
BraA04g02790C2	RLK
BraA04g28900C2	RLK
BraA04g29140C2	RLK
BraA04g29230C2	RLK
BraA04g29690C2	RLK
BraA04g30520C2	RLK
BraA04g31460C2	RLK
BraA04g32130C2	RLK
BraA04g32540C2	RLK
BraA04g04800C2	RLK
BraA04g00680C2	RLK
BraA05g10010C2	RLK
BraA05g13380C2	RLK
BraA05g16200C2	RLK
BraA05g18940C2	RLK
BraA05g19700C2	RLK
BraA05g21040C2	RLK
BraA05g24760C2	RLK
BraA05g25580C2	RLK
BraA05g28250C2	RLK
BraA05g29390C2	RLK
BraA05g29790C2	RLK
BraA05g32370C2	RLK
BraA05g33580C2	RLK
BraA05g36170C2	RLK
BraA05g36970C2	RLK
BraA05g40600C2	RLK
BraA05g41160C2	RLK
BraA05g41600C2	RLK
BraA05g43090C2	RLK
BraA05g43720C2	RLK
BraA05g43740C2	RLK
BraA05g45640C2	RLK
BraA05g46980C2	RLK
BraA05g47320C2	RLK
BraA05g48770C2	RLK
BraA05g05750C2	RLK
BraA05g05760C2	RLK
BraA05g07960C2	RLK
BraA05g08720C2	RLK
BraA05g08880C2	RLK
BraA05g09000C2	RLK
BraA05g09380C2	RLK
BraA05g09440C2	RLK
BraA06g10730C2	RLK
BraA06g11570C2	RLK
BraA06g16480C2	RLK
BraA06g17540C2	RLK
BraA06g17930C2	RLK
BraA06g17940C2	RLK
BraA06g19820C2	RLK
BraA06g20830C2	RLK
BraA06g21060C2	RLK
BraA06g21590C2	RLK
BraA06g21890C2	RLK
BraA06g24420C2	RLK
BraA06g25620C2	RLK
BraA06g28110C2	RLK
BraA06g28340C2	RLK
BraA06g31150C2	RLK
BraA06g31840C2	RLK
BraA06g32030C2	RLK
BraA06g32240C2	RLK
BraA06g34130C2	RLK
BraA06g35280C2	RLK
BraA06g36640C2	RLK
BraA06g37420C2	RLK
BraA06g38170C2	RLK
BraA06g38480C2	RLK
BraA06g38750C2	RLK
BraA06g39400C2	RLK
BraA06g40620C2	RLK
BraA06g40790C2	RLK
BraA06g04250C2	RLK
BraA06g42690C2	RLK
BraA06g46790C2	RLK
BraA06g48380C2	RLK
BraA06g48530C2	RLK
BraA06g49250C2	RLK
BraA06g50880C2	RLK
BraA06g51550C2	RLK
BraA06g51560C2	RLK
BraA06g51570C2	RLK
BraA06g51610C2	RLK
BraA06g51640C2	RLK
BraA06g51720C2	RLK
BraA06g53230C2	RLK
BraA06g53770C2	RLK
BraA06g54370C2	RLK
BraA06g55900C2	RLK
BraA06g56380C2	RLK
BraA06g56460C2	RLK
BraA06g07860C2	RLK
BraA06g08450C2	RLK
BraA06g08470C2	RLK
BraA06g09270C2	RLK
BraA07g12060C2	RLK
BraA07g12230C2	RLK
BraA07g16030C2	RLK
BraA07g16040C2	RLK
BraA07g01730C2	RLK
BraA07g17570C2	RLK
BraA07g17700C2	RLK
BraA07g18140C2	RLK
BraA07g18800C2	RLK
BraA07g18960C2	RLK
BraA07g19660C2	RLK
BraA07g20750C2	RLK
BraA07g21520C2	RLK
BraA07g02300C2	RLK
BraA07g23040C2	RLK
BraA07g23190C2	RLK
BraA07g24720C2	RLK
BraA07g27410C2	RLK
BraA07g30300C2	RLK
BraA07g30510C2	RLK
BraA07g31470C2	RLK
BraA07g33390C2	RLK
BraA07g33830C2	RLK
BraA07g33880C2	RLK
BraA07g33930C2	RLK
BraA07g34250C2	RLK
BraA07g36480C2	RLK
BraA07g36780C2	RLK
BraA07g36790C2	RLK
BraA07g03710C2	RLK
BraA07g37380C2	RLK
BraA07g39680C2	RLK
BraA07g39820C2	RLK
BraA07g40690C2	RLK
BraA07g42120C2	RLK
BraA07g42340C2	RLK
BraA07g43620C2	RLK
BraA07g43640C2	RLK
BraA07g43730C2	RLK
BraA07g04990C2	RLK
BraA07g06060C2	RLK
BraA07g06080C2	RLK
BraA07g06090C2	RLK
BraA07g06670C2	RLK
BraA07g08680C2	RLK
BraA07g09390C2	RLK
BraA07g09680C2	RLK
BraA08g12730C2	RLK
BraA08g12740C2	RLK
BraA08g15020C2	RLK
BraA08g16260C2	RLK
BraA08g16900C2	RLK
BraA08g16930C2	RLK
BraA08g17700C2	RLK
BraA08g17710C2	RLK
BraA08g17720C2	RLK
BraA08g01860C2	RLK
BraA08g18640C2	RLK
BraA08g19820C2	RLK
BraA08g23480C2	RLK
BraA08g24590C2	RLK
BraA08g25040C2	RLK
BraA08g25050C2	RLK
BraA08g25060C2	RLK
BraA08g25080C2	RLK
BraA08g28050C2	RLK
BraA08g28530C2	RLK
BraA08g31060C2	RLK
BraA08g31310C2	RLK
BraA08g31860C2	RLK
BraA08g31870C2	RLK
BraA08g31900C2	RLK
BraA08g33720C2	RLK
BraA08g35970C2	RLK
BraA08g35980C2	RLK
BraA08g37360C2	RLK
BraA08g37970C2	RLK
BraA08g00530C2	RLK
BraA08g00590C2	RLK
BraA08g06270C2	RLK
BraA08g08250C2	RLK
BraA08g08510C2	RLK
BraA08g08530C2	RLK
BraA09g10040C2	RLK
BraA09g10060C2	RLK
BraA09g10070C2	RLK
BraA09g10470C2	RLK
BraA09g12690C2	RLK
BraA09g13000C2	RLK
BraA09g14150C2	RLK
BraA09g14710C2	RLK
BraA09g14920C2	RLK
BraA09g15970C2	RLK
BraA09g16720C2	RLK
BraA09g17110C2	RLK
BraA09g19050C2	RLK
BraA09g19250C2	RLK
BraA09g19520C2	RLK
BraA09g19670C2	RLK
BraA09g20750C2	RLK
BraA09g21050C2	RLK
BraA09g21060C2	RLK
BraA09g21200C2	RLK
BraA09g21400C2	RLK
BraA09g21410C2	RLK
BraA09g22090C2	RLK
BraA09g22260C2	RLK
BraA09g22300C2	RLK
BraA09g22630C2	RLK
BraA09g25610C2	RLK
BraA09g25870C2	RLK
BraA09g27910C2	RLK
BraA09g28120C2	RLK
BraA09g28210C2	RLK
BraA09g28300C2	RLK
BraA09g30210C2	RLK
BraA09g30240C2	RLK
BraA09g30390C2	RLK
BraA09g32040C2	RLK
BraA09g32340C2	RLK
BraA09g00330C2	RLK
BraA09g33290C2	RLK
BraA09g34400C2	RLK
BraA09g34480C2	RLK
BraA09g34910C2	RLK
BraA09g35740C2	RLK
BraA09g36370C2	RLK
BraA09g39830C2	RLK
BraA09g40230C2	RLK
BraA09g46920C2	RLK
BraA09g47270C2	RLK
BraA09g48860C2	RLK
BraA09g48930C2	RLK
BraA09g05000C2	RLK
BraA09g50530C2	RLK
BraA09g05080C2	RLK
BraA09g05230C2	RLK
BraA09g62110C2	RLK
BraA09g62230C2	RLK
BraA09g62400C2	RLK
BraA09g64640C2	RLK
BraA09g67920C2	RLK
BraA09g70970C2	RLK
BraA09g72570C2	RLK
BraA09g00740C2	RLK
BraA09g74170C2	RLK
BraA09g75910C2	RLK
BraA09g07960C2	RLK
BraA09g08310C2	RLK
BraA09g08320C2	RLK
BraA09g08330C2	RLK
BraA10g01280C2	RLK
BraA10g13400C2	RLK
BraA10g13990C2	RLK
BraA10g14320C2	RLK
BraA10g14530C2	RLK
BraA10g15020C2	RLK
BraA10g15730C2	RLK
BraA10g15940C2	RLK
BraA10g16710C2	RLK
BraA10g18190C2	RLK
BraA10g18350C2	RLK
BraA10g18790C2	RLK
BraA10g19320C2	RLK
BraA10g19370C2	RLK
BraA10g19390C2	RLK
BraA10g19900C2	RLK
BraA10g19910C2	RLK
BraA10g19920C2	RLK
BraA10g19930C2	RLK
BraA10g19950C2	RLK
BraA10g19980C2	RLK
BraA10g20040C2	RLK
BraA10g21330C2	RLK
BraA10g21790C2	RLK
BraA10g23970C2	RLK
BraA10g27100C2	RLK
BraA10g02800C2	RLK
BraA10g30040C2	RLK
BraA10g03260C2	RLK
BraA10g03480C2	RLK
BraA10g04440C2	RLK
BraA10g00500C2	RLK
BraA10g05150C2	RLK
BraA10g00560C2	RLK
BraA10g05810C2	RLK
BraA10g06770C2	RLK
BraA10g07530C2	RLK
BraA10g07850C2	RLK
BraA10g09130C2	RLK
BraA10g09220C2	RLK
BraA10g09300C2	RLK
BraA10g09390C2	RLK
BraA10g09680C2	RLK
BraA10g09800C2	RLK
BraU01g04160C2	RLK
BraU01g04240C2	RLK
BraU01g10950C2	RLK
BraU01g12530C2	RLK
BraU01g13090C2	RLK
BraU01g14000C2	RLK
BraP1g00550C2	RLK
BraP1g03470C2	RLK
BraP1g05200C2	RLK
BraP1g07960C2	RLK
BraP1g13230C2	RLK
BraP1g16470C2	RLK
BraP1g17060C2	RLK
BraP1g17480C2	RLK
BraP1g17850C2	RLK
BraP1g17980C2	RLK
BraP1g18110C2	RLK
BraP1g23700C2	RLK
BraP1g26260C2	RLK
BraP1g29890C2	RLK
BraP1g31860C2	RLK
BraP1g35820C2	RLK
BraP1g37970C2	RLK
BraP1g38930C2	RLK
BraP1g40050C2	RLK
BraP1g42880C2	RLK
BraP1g46680C2	RLK
BraP1g47440C2	RLK
BraP1g48340C2	RLK
BraP1g49050C2	RLK
BraP1g57020C2	RLK
BraP1g59330C2	RLK
BraP1g59850C2	RLK
BraP1g63340C2	RLK
BraP1g64740C2	RLK
BraP1g64750C2	RLK
BraP1g66560C2	RLK
BraP1g69380C2	RLK
BraP1g70310C2	RLK
BraP1g70960C2	RLK
BraP1g71060C2	RLK
BraP1g72350C2	RLK
BraP1g73580C2	RLK
BraP1g76320C2	RLK
BraP1g79530C2	RLK
BraP1g80650C2	RLK
BraP1g98140C2	RLK
BraP1g105900C2	RLK
BraP1g107570C2	RLK
BraP1g118230C2	RLK
BraP1g119350C2	RLK
BraP1g119540C2	RLK
BraP1g122820C2	RLK
BraP1g124960C2	RLK
BraP1g131100C2	RLK
BraA01g10370C2	RLP
BraA01g22210C2	RLP
BraA01g25380C2	RLP
BraA01g36920C2	RLP
BraA01g46250C2	RLP
BraA01g05640C2	RLP
BraA01g08990C2	RLP
BraA02g14570C2	RLP
BraA02g15070C2	RLP
BraA02g18770C2	RLP
BraA02g20490C2	RLP
BraA02g21230C2	RLP
BraA02g23280C2	RLP
BraA02g23290C2	RLP
BraA02g23300C2	RLP
BraA02g23310C2	RLP
BraA02g23320C2	RLP
BraA02g23330C2	RLP
BraA02g30950C2	RLP
BraA02g38960C2	RLP
BraA02g06760C2	RLP
BraA03g25510C2	RLP
BraA03g25540C2	RLP
BraA03g31570C2	RLP
BraA03g33460C2	RLP
BraA03g36580C2	RLP
BraA03g40170C2	RLP
BraA03g41010C2	RLP
BraA03g42700C2	RLP
BraA04g18580C2	RLP
BraA04g19000C2	RLP
BraA04g32000C2	RLP
BraA04g07340C2	RLP
BraA04g00890C2	RLP
BraA05g18200C2	RLP
BraA05g31930C2	RLP
BraA05g35450C2	RLP
BraA05g47610C2	RLP
BraA06g14340C2	RLP
BraA06g20540C2	RLP
BraA06g20550C2	RLP
BraA06g21210C2	RLP
BraA06g21880C2	RLP
BraA06g22220C2	RLP
BraA06g26740C2	RLP
BraA06g31730C2	RLP
BraA06g36830C2	RLP
BraA06g41180C2	RLP
BraA06g09260C2	RLP
BraA07g22220C2	RLP
BraA07g24400C2	RLP
BraA07g26880C2	RLP
BraA07g28940C2	RLP
BraA07g29790C2	RLP
BraA07g29800C2	RLP
BraA07g30950C2	RLP
BraA07g30960C2	RLP
BraA07g40790C2	RLP
BraA07g42640C2	RLP
BraA07g42670C2	RLP
BraA07g42680C2	RLP
BraA08g12700C2	RLP
BraA08g12790C2	RLP
BraA08g12970C2	RLP
BraA08g31690C2	RLP
BraA08g33860C2	RLP
BraA08g38310C2	RLP
BraA09g15850C2	RLP
BraA09g22360C2	RLP
BraA09g28380C2	RLP
BraA09g03270C2	RLP
BraA09g03280C2	RLP
BraA09g41930C2	RLP
BraA09g62040C2	RLP
BraA09g64050C2	RLP
BraA09g65230C2	RLP
BraA09g07310C2	RLP
BraA09g73300C2	RLP
BraA09g75800C2	RLP
BraA09g08990C2	RLP
BraA10g20680C2	RLP
BraU01g10720C2	RLP
BraU01g12370C2	RLP
BraU01g13550C2	RLP
BraP1g15220C2	RLP
BraP1g24800C2	RLP
BraP1g27300C2	RLP
BraP1g31870C2	RLP
BraP1g33040C2	RLP
BraP1g38500C2	RLP
BraP1g45810C2	RLP
BraP1g49350C2	RLP
BraP1g53610C2	RLP
BraP1g74110C2	RLP
BraP1g74370C2	RLP
BraP1g76720C2	RLP
BraP1g100660C2	RLP
BraP1g103330C2	RLP
BraP1g114670C2	RLP
BraP1g117770C2	RLP
BraP1g118340C2	RLP
BraP1g125300C2	RLP
BraP1g128730C2	RLP
BraP1g129900C2	RLP
BraP1g132040C2	RLP
BraA01g12130C2	TM-CC
BraA01g13430C2	TM-CC
BraA01g14110C2	TM-CC
BraA01g14370C2	TM-CC
BraA01g19750C2	TM-CC
BraA01g02190C2	TM-CC
BraA01g22020C2	TM-CC
BraA01g22790C2	TM-CC
BraA01g24260C2	TM-CC
BraA01g25860C2	TM-CC
BraA01g26040C2	TM-CC
BraA01g33190C2	TM-CC
BraA01g33460C2	TM-CC
BraA01g35910C2	TM-CC
BraA01g03630C2	TM-CC
BraA01g38790C2	TM-CC
BraA01g38850C2	TM-CC
BraA01g42960C2	TM-CC
BraA02g10140C2	TM-CC
BraA02g16630C2	TM-CC
BraA02g01800C2	TM-CC
BraA02g01980C2	TM-CC
BraA02g25610C2	TM-CC
BraA02g31590C2	TM-CC
BraA02g31690C2	TM-CC
BraA02g32110C2	TM-CC
BraA02g34080C2	TM-CC
BraA02g37370C2	TM-CC
BraA02g37780C2	TM-CC
BraA02g39260C2	TM-CC
BraA02g41180C2	TM-CC
BraA02g41240C2	TM-CC
BraA02g45240C2	TM-CC
BraA02g04680C2	TM-CC
BraA02g06000C2	TM-CC
BraA03g12560C2	TM-CC
BraA03g01800C2	TM-CC
BraA03g02070C2	TM-CC
BraA03g23420C2	TM-CC
BraA03g23510C2	TM-CC
BraA03g02450C2	TM-CC
BraA03g25210C2	TM-CC
BraA03g25780C2	TM-CC
BraA03g25860C2	TM-CC
BraA03g26330C2	TM-CC
BraA03g28080C2	TM-CC
BraA03g28090C2	TM-CC
BraA03g30200C2	TM-CC
BraA03g03180C2	TM-CC
BraA03g32890C2	TM-CC
BraA03g33730C2	TM-CC
BraA03g35640C2	TM-CC
BraA03g36130C2	TM-CC
BraA03g36160C2	TM-CC
BraA03g41680C2	TM-CC
BraA03g43250C2	TM-CC
BraA03g44760C2	TM-CC
BraA03g45060C2	TM-CC
BraA03g45070C2	TM-CC
BraA03g46850C2	TM-CC
BraA03g47310C2	TM-CC
BraA03g49330C2	TM-CC
BraA03g52050C2	TM-CC
BraA03g52960C2	TM-CC
BraA03g57440C2	TM-CC
BraA03g59280C2	TM-CC
BraA03g09430C2	TM-CC
BraA03g09690C2	TM-CC
BraA03g09850C2	TM-CC
BraA04g12370C2	TM-CC
BraA04g17940C2	TM-CC
BraA04g19160C2	TM-CC
BraA04g23790C2	TM-CC
BraA04g28260C2	TM-CC
BraA04g31180C2	TM-CC
BraA04g32060C2	TM-CC
BraA04g04600C2	TM-CC
BraA04g05250C2	TM-CC
BraA04g05300C2	TM-CC
BraA04g05540C2	TM-CC
BraA04g08310C2	TM-CC
BraA05g11170C2	TM-CC
BraA05g16810C2	TM-CC
BraA05g17180C2	TM-CC
BraA05g17460C2	TM-CC
BraA05g17480C2	TM-CC
BraA05g01810C2	TM-CC
BraA05g18560C2	TM-CC
BraA05g20400C2	TM-CC
BraA05g22740C2	TM-CC
BraA05g23030C2	TM-CC
BraA05g25900C2	TM-CC
BraA05g30380C2	TM-CC
BraA05g30560C2	TM-CC
BraA05g32590C2	TM-CC
BraA05g33610C2	TM-CC
BraA05g34870C2	TM-CC
BraA05g35330C2	TM-CC
BraA05g35850C2	TM-CC
BraA05g37140C2	TM-CC
BraA05g37590C2	TM-CC
BraA05g39870C2	TM-CC
BraA05g41370C2	TM-CC
BraA05g42330C2	TM-CC
BraA05g42510C2	TM-CC
BraA05g44260C2	TM-CC
BraA05g46890C2	TM-CC
BraA05g47230C2	TM-CC
BraA05g48070C2	TM-CC
BraA06g15450C2	TM-CC
BraA06g16630C2	TM-CC
BraA06g16770C2	TM-CC
BraA06g19800C2	TM-CC
BraA06g22980C2	TM-CC
BraA06g24080C2	TM-CC
BraA06g25230C2	TM-CC
BraA06g30270C2	TM-CC
BraA06g32260C2	TM-CC
BraA06g34870C2	TM-CC
BraA06g37380C2	TM-CC
BraA06g37390C2	TM-CC
BraA06g41790C2	TM-CC
BraA06g43980C2	TM-CC
BraA06g44120C2	TM-CC
BraA06g48320C2	TM-CC
BraA06g49850C2	TM-CC
BraA06g50380C2	TM-CC
BraA06g51080C2	TM-CC
BraA06g52520C2	TM-CC
BraA06g52580C2	TM-CC
BraA06g55390C2	TM-CC
BraA07g15050C2	TM-CC
BraA07g17170C2	TM-CC
BraA07g18330C2	TM-CC
BraA07g19050C2	TM-CC
BraA07g02030C2	TM-CC
BraA07g21950C2	TM-CC
BraA07g24180C2	TM-CC
BraA07g02430C2	TM-CC
BraA07g25080C2	TM-CC
BraA07g02530C2	TM-CC
BraA07g25350C2	TM-CC
BraA07g25470C2	TM-CC
BraA07g25490C2	TM-CC
BraA07g25640C2	TM-CC
BraA07g30330C2	TM-CC
BraA07g33110C2	TM-CC
BraA07g39210C2	TM-CC
BraA07g41200C2	TM-CC
BraA07g43610C2	TM-CC
BraA07g04860C2	TM-CC
BraA07g04910C2	TM-CC
BraA07g05310C2	TM-CC
BraA07g06070C2	TM-CC
BraA07g00660C2	TM-CC
BraA07g07920C2	TM-CC
BraA07g08720C2	TM-CC
BraA08g10100C2	TM-CC
BraA08g10110C2	TM-CC
BraA08g11350C2	TM-CC
BraA08g15180C2	TM-CC
BraA08g15690C2	TM-CC
BraA08g01600C2	TM-CC
BraA08g02500C2	TM-CC
BraA08g26260C2	TM-CC
BraA08g34060C2	TM-CC
BraA08g34080C2	TM-CC
BraA08g35290C2	TM-CC
BraA08g37480C2	TM-CC
BraA08g38660C2	TM-CC
BraA08g09090C2	TM-CC
BraA08g09340C2	TM-CC
BraA09g10620C2	TM-CC
BraA09g11130C2	TM-CC
BraA09g01240C2	TM-CC
BraA09g15860C2	TM-CC
BraA09g18550C2	TM-CC
BraA09g18710C2	TM-CC
BraA09g21240C2	TM-CC
BraA09g22690C2	TM-CC
BraA09g23230C2	TM-CC
BraA09g30890C2	TM-CC
BraA09g32740C2	TM-CC
BraA09g33460C2	TM-CC
BraA09g33470C2	TM-CC
BraA09g33770C2	TM-CC
BraA09g35820C2	TM-CC
BraA09g38370C2	TM-CC
BraA09g04060C2	TM-CC
BraA09g40890C2	TM-CC
BraA09g43330C2	TM-CC
BraA09g46820C2	TM-CC
BraA09g48820C2	TM-CC
BraA09g49500C2	TM-CC
BraA09g51140C2	TM-CC
BraA09g05170C2	TM-CC
BraA09g05290C2	TM-CC
BraA09g60660C2	TM-CC
BraA09g60780C2	TM-CC
BraA09g62000C2	TM-CC
BraA09g62830C2	TM-CC
BraA09g64360C2	TM-CC
BraA09g67350C2	TM-CC
BraA09g68770C2	TM-CC
BraA09g70610C2	TM-CC
BraA09g72200C2	TM-CC
BraA09g72850C2	TM-CC
BraA09g72900C2	TM-CC
BraA09g75020C2	TM-CC
BraA09g09620C2	TM-CC
BraA10g11280C2	TM-CC
BraA10g12240C2	TM-CC
BraA10g12620C2	TM-CC
BraA10g14060C2	TM-CC
BraA10g18040C2	TM-CC
BraA10g22120C2	TM-CC
BraA10g22590C2	TM-CC
BraA10g26290C2	TM-CC
BraA10g26300C2	TM-CC
BraA10g28860C2	TM-CC
BraA10g29900C2	TM-CC
BraA10g03950C2	TM-CC
BraA10g03960C2	TM-CC
BraA10g06880C2	TM-CC
BraA10g07060C2	TM-CC
BraA10g07070C2	TM-CC
BraA10g09890C2	TM-CC
BraU01g03700C2	TM-CC
BraU01g03780C2	TM-CC
BraU01g04770C2	TM-CC
BraU01g05020C2	TM-CC
BraU01g06490C2	TM-CC
BraU01g08340C2	TM-CC
BraU01g10920C2	TM-CC
BraU01g12100C2	TM-CC
BraP1g16070C2	TM-CC
BraP1g26540C2	TM-CC
BraP1g54370C2	TM-CC
BraP1g54870C2	TM-CC
BraP1g70650C2	TM-CC
BraP1g84390C2	TM-CC
BraP1g86500C2	TM-CC
BraP1g97480C2	TM-CC
BraP1g114100C2	TM-CC
BraP1g118560C2	TM-CC
BraP1g130030C2	TM-CC
