evm.model.A06.864	CN
evm.model.A06.4893	CN
evm.model.A06.4883	CN
evm.model.jcf7180003269696.1	CN
evm.model.Scaffold000888.1	CNL
evm.model.jcf7180003381061.1	CNL
evm.model.A09.3285	CNL
evm.model.A01.1190	CNL
evm.model.A04.2005	CNL
evm.model.A05.3222	CNL
evm.model.A01.1295	CNL
evm.model.A09.7527	CNL
evm.model.A08.1508	CNL
evm.model.A06.5123	CNL
evm.model.jcf7180003219313.2	NBS
evm.model.jcf7180003289603.1	NBS
evm.model.jcf7180001740817_firstRound.1	NBS
evm.model.jcf7180003349821.1	NBS
evm.model.A01.1067	NBS
evm.model.jcf7180003426670.1	NBS
evm.model.jcf7180001739562_firstRound.1	NBS
evm.model.A05.1877	NBS
evm.model.A09.7547	NBS
evm.model.A07.2170	NBS
evm.model.A06.901	NBS
evm.model.A06.1730	NBS
evm.model.A09.5000	NBS
evm.model.A01.493	NBS
evm.model.jcf7180003413073.1	NBS
evm.model.jcf7180003291430.1	NBS
evm.model.jcf7180001716923_firstRound.1	NBS
evm.model.A09.4694	NBS
evm.model.jcf7180003281336.3	NBS
evm.model.jcf7180003231765.1	NBS
evm.model.jcf7180003384378.1	NBS
evm.model.A10.656	NBS
evm.model.A06.3672	NL
evm.model.jcf7180003410090.1	NL
evm.model.A01.3465	NL
evm.model.A09.5031	NL
evm.model.jcf7180003399685.1	NL
evm.model.jcf7180003222736.1	NL
evm.model.jcf7180003357634.1	NL
evm.model.A05.1263	NL
evm.model.jcf7180003293214.1	NL
evm.model.jcf7180003223678.1	NL
evm.model.jcf7180003410616.1	NL
evm.model.jcf7180001691829_firstRound.1	NL
evm.model.jcf7180001742013_firstRound.2	NL
evm.model.A07.1802	NL
evm.model.A03.2776	NL
evm.model.jcf7180003384247.1	NL
evm.model.jcf7180001743789_firstRound.1	NL
evm.model.A03.5170	NL
evm.model.A07.3687	NL
evm.model.jcf7180003419498.1	NL
evm.model.jcf7180003414640.1	NL
evm.model.A07.1801	NL
evm.model.A03.5410	NL
evm.model.A06.4892	NL
evm.model.jcf7180003409982.1	NL
evm.model.jcf7180003298734.1	NL
evm.model.A05.1880	NL
evm.model.jcf7180001706626_firstRound.1	NL
evm.model.A02.4035	NL
evm.model.jcf7180003219211.1	NL
evm.model.A10.1148	NL
evm.model.jcf7180003251176.1	NL
evm.model.jcf7180003294638.1	NL
evm.model.A06.1731	NL
evm.model.jcf7180001739546_firstRound.1	NL
evm.model.Scaffold000659.1	NL
evm.model.jcf7180001743785_firstRound.1	NL
evm.model.jcf7180001688160_firstRound.2	NL
evm.model.jcf7180003435835.1	NL
evm.model.jcf7180003438159.1	NL
evm.model.jcf7180001728372_firstRound.1	NL
evm.model.jcf7180001724915_firstRound.1	NL
evm.model.jcf7180003230596.1	NL
evm.model.A01.1193	NL
evm.model.A05.3978	NL
evm.model.A07.1799	NL
evm.model.jcf7180003411298.1	NL
evm.model.A05.2467	NL
evm.model.jcf7180003450294.1	NL
evm.model.A07.2167	NL
evm.model.jcf7180003219091.1	NL
evm.model.jcf7180003410693.1	NL
evm.model.A08.1430	NL
evm.model.jcf7180003219091.4	NL
evm.model.A05.3223	NL
evm.model.jcf7180003226070.1	NL
evm.model.jcf7180003299574.1	NL
evm.model.jcf7180003335958.2	NL
evm.model.jcf7180003453191.1	NL
evm.model.jcf7180003335879.2	NL
evm.model.jcf7180003443027.2	NL
evm.model.jcf7180003453795.1	NL
evm.model.jcf7180003364002.1	NL
evm.model.jcf7180003230127.1	NL
evm.model.A01.1066	NL
evm.model.jcf7180003219531.2	NL
evm.model.A08.2186	OTHER
evm.model.jcf7180003411060.2	OTHER
evm.model.A06.774	OTHER
evm.model.A02.3913	OTHER
evm.model.A04.1439	OTHER
evm.model.A09.907	OTHER
evm.model.A06.773	OTHER
evm.model.A02.2233	OTHER
evm.model.jcf7180003450183.1	OTHER
evm.model.jcf7180003219020.1	OTHER
evm.model.A06.776	OTHER
evm.model.A02.794	OTHER
evm.model.A09.3217	OTHER
evm.model.A02.3464	OTHER
evm.model.jcf7180003221123.3	TN
evm.model.A02.791	TN
evm.model.jcf7180001729249_firstRound.1	TN
evm.model.A10.1615	TN
evm.model.jcf7180001695485_firstRound.3	TN
evm.model.jcf7180003432641.2	TN
evm.model.jcf7180001739738_firstRound.1	TN
evm.model.jcf7180001736912_firstRound.1	TN
evm.model.A07.3035	TN
evm.model.jcf7180001691326_firstRound.1	TN
evm.model.jcf7180003443476.1	TN
evm.model.jcf7180003349809.1	TN
evm.model.A09.6916	TN
evm.model.A06.2156	TN
evm.model.A02.792	TN
evm.model.jcf7180003340643.1	TN
evm.model.A03.868	TN
evm.model.A08.1187	TN
evm.model.jcf7180001698487_firstRound.1	TN
evm.model.jcf7180001742687_firstRound.1	TN
evm.model.jcf7180003401624.4	TN
evm.model.A02.2234	TN
evm.model.jcf7180003231581.2	TN
evm.model.jcf7180003231581.1	TN
evm.model.jcf7180001744365_firstRound.1	TN
evm.model.A09.900	TN
evm.model.jcf7180003397045.2	TN
evm.model.A03.5138	TN
evm.model.jcf7180001742219_firstRound.1	TN
evm.model.jcf7180003289055.1	TN
evm.model.jcf7180003413361.1	TN
evm.model.jcf7180001727143_firstRound.3	TN
evm.model.jcf7180003253369.1	TN
evm.model.A09.901	TN
evm.model.jcf7180003453350.1	TN
evm.model.A02.2239	TN
evm.model.jcf7180003359138.1	TN
evm.model.jcf7180003285304.1	TN
evm.model.jcf7180003221123.2	TN
evm.model.A04.1436	TN
evm.model.A01.4724	TN
evm.model.A07.3037	TN
evm.model.A08.2231	TN
evm.model.A07.3034	TN
evm.model.A07.4167	TN
evm.model.A02.3713	TN
evm.model.jcf7180003230511.1	TN
evm.model.jcf7180003446292.1	TN
evm.model.jcf7180003219314.1	TNL
evm.model.A02.2231	TNL
evm.model.jcf7180001687777_firstRound.1	TNL
evm.model.jcf7180003326010.2	TNL
evm.model.jcf7180001689632_firstRound.1	TNL
evm.model.A08.2314	TNL
evm.model.A06.909	TNL
evm.model.A09.3573	TNL
evm.model.A09.7071	TNL
evm.model.A03.3231	TNL
evm.model.A09.908	TNL
evm.model.jcf7180003454547.1	TNL
evm.model.jcf7180003294589.1	TNL
evm.model.jcf7180001718241_firstRound.1	TNL
evm.model.A09.6911	TNL
evm.model.Scaffold000647.1	TNL
evm.model.A03.814	TNL
evm.model.A09.6280	TNL
evm.model.A09.6161	TNL
evm.model.jcf7180003335879.1	TNL
evm.model.jcf7180003411881.1	TNL
evm.model.jcf7180003223686.1	TNL
evm.model.jcf7180001706313_firstRound.1	TNL
evm.model.A02.763	TNL
evm.model.A10.144	TNL
evm.model.A08.3074	TNL
evm.model.A09.6167	TNL
evm.model.A03.2777	TNL
evm.model.A06.777	TNL
evm.model.A06.908	TNL
evm.model.A03.5030	TNL
evm.model.A09.6281	TNL
evm.model.A07.3391	TNL
evm.model.A02.3115	TNL
evm.model.jcf7180001689747_firstRound.1	TNL
evm.model.jcf7180001706622_firstRound.1	TNL
evm.model.A08.2230	TNL
evm.model.A09.6900	TNL
evm.model.jcf7180003335958.1	TNL
evm.model.A04.1440	TNL
evm.model.A08.3370	TNL
evm.model.A09.5033	TNL
evm.model.A03.4764	TNL
evm.model.A02.793	TNL
evm.model.A03.4923	TNL
evm.model.jcf7180003423969.1	TNL
evm.model.A06.1539	TNL
evm.model.A03.3229	TNL
evm.model.A10.197	TNL
evm.model.jcf7180003230451.1	TNL
evm.model.jcf7180001736817_firstRound.1	TNL
evm.model.A03.1639	TNL
evm.model.A02.764	TNL
evm.model.A06.958	TNL
evm.model.A05.1881	TNL
evm.model.jcf7180001740416_firstRound.3	TNL
evm.model.jcf7180003452887.1	TNL
evm.model.A01.267	TNL
evm.model.A03.3245	TNL
evm.model.A10.836	TNL
evm.model.A01.4472	TNL
evm.model.A09.3226	TNL
evm.model.A08.3076	TNL
evm.model.A09.6277	TNL
evm.model.A03.5174	TNL
evm.model.jcf7180003300785.1	TNL
evm.model.jcf7180003412944.1	TNL
evm.model.A04.1872	TNL
evm.model.jcf7180001715052_firstRound.1	TNL
evm.model.A07.3715	TNL
evm.model.A03.4922	TNL
evm.model.A08.2187	TNL
evm.model.A07.2166	TNL
evm.model.jcf7180003222117.1	TNL
evm.model.jcf7180003453964.1	TNL
evm.model.A07.2173	TNL
evm.model.A10.184	TNL
evm.model.jcf7180003410751.2	TNL
evm.model.A09.6912	TNL
evm.model.A09.6897	TNL
evm.model.A04.1187	TNL
evm.model.A07.2548	TNL
evm.model.A03.934	TNL
evm.model.jcf7180001687777_firstRound.3	TNL
evm.model.A07.3176	TNL
evm.model.A03.3230	TNL
evm.model.A01.1095	TNL
evm.model.A01.4709	TNL
evm.model.A02.810	TNL
evm.model.jcf7180001688271_firstRound.1	TNL
evm.model.jcf7180001691515_firstRound.1	TNL
evm.model.A03.4761	TNL
evm.model.A07.3038	TNL
evm.model.A04.2364	TNL
evm.model.A06.775	TNL
evm.model.jcf7180003450700.1	TNL
evm.model.A09.6915	TNL
evm.model.A04.1401	TNL
evm.model.A01.266	TNL
evm.model.A09.3218	TNL
evm.model.A04.84	TNL
evm.model.A09.6919	TNL
evm.model.jcf7180001744476_firstRound.1	TNL
evm.model.A02.414	TNL
evm.model.A09.6168	TNL
evm.model.A05.4084	TX
evm.model.A10.297	TX
evm.model.A05.1041	TX
evm.model.A02.3461	TX
evm.model.A01.1563	TX
evm.model.A02.762	TX
evm.model.A09.6547	TX
evm.model.A07.2171	TX
evm.model.A01.3397	TX
evm.model.A01.2411	TX
evm.model.jcf7180001740436_firstRound.1	TX
evm.model.jcf7180003224164.1	TX
evm.model.A06.778	TX
evm.model.jcf7180003297738.2	TX
evm.model.jcf7180003223902.1	TX
evm.model.jcf7180003254760.1	TX
evm.model.jcf7180003414267.1	TX
evm.model.A09.6143	TX
evm.model.A09.6614	TX
evm.model.A02.748	TX
evm.model.A03.3148	TX
evm.model.jcf7180001706332_firstRound.2	TX
evm.model.A10.2089	TX
evm.model.jcf7180003239026.1	TX
evm.model.jcf7180001690555_firstRound.1	TX
evm.model.A09.3571	TX
evm.model.jcf7180003413331.1	TX
evm.model.jcf7180001706964_firstRound.1	TX
evm.model.jcf7180001731524_firstRound.1	TX
evm.model.A08.878	TX
evm.model.jcf7180003281476.1	TX
evm.model.A09.5943	TX
evm.model.A09.6147	TX
evm.model.jcf7180003450700.2	TX
evm.model.A05.1879	TX
evm.model.jcf7180001743552_firstRound.1	TX
evm.model.A02.4494	TX
evm.model.jcf7180003326010.1	TX
evm.model.jcf7180003377199.1	TX
evm.model.A09.6699	TX
evm.model.A06.902	TX
evm.model.A06.3083	TX
evm.model.A04.2766	TX
evm.model.A03.5175	TX
evm.model.jcf7180003285482.1	TX
evm.model.jcf7180003413040.2	TX
evm.model.jcf7180003231256.1	TX
evm.model.A09.6142	TX
evm.model.jcf7180003308878.1	TX
evm.model.A09.6809	TX
evm.model.jcf7180001688270_firstRound.1	TX
evm.model.A02.3460	TX
evm.model.A08.1351	TX
evm.model.A08.877	TX
evm.model.A07.2168	TX
evm.model.jcf7180001738341_firstRound.1	TX
evm.model.A05.1876	TX
evm.model.A09.6159	TX
evm.model.A09.6913	TX
evm.model.A06.2293	TX
evm.model.A03.5146	TX
evm.model.A01.1049	TX
evm.model.jcf7180003239404.2	TX
evm.model.jcf7180001688270_firstRound.2	TX
evm.model.jcf7180003300785.2	TX
evm.model.A09.6545	TX
evm.model.A07.3689	TX
evm.model.A06.5151	TX
evm.model.jcf7180001687977_firstRound.1	TX
evm.model.jcf7180003281336.2	TX
evm.model.A01.2189	TX
evm.model.A09.6612	TX
evm.model.A02.3276	TX
evm.model.jcf7180003443790.1	TX
evm.model.jcf7180003453193.2	TX
evm.model.jcf7180003281476.2	TX
evm.model.jcf7180001691623_firstRound.2	TX
evm.model.A06.910	TX
evm.model.jcf7180003443234.1	TX
evm.model.jcf7180003235868.1	TX
evm.model.A03.4244	TX
evm.model.jcf7180001740656_firstRound.2	TX
evm.model.jcf7180003305422.2	TX
evm.model.A09.7085	TX
evm.model.A03.821	TX
evm.model.A06.907	TX
evm.model.jcf7180003443167.1	TX
evm.model.A09.6726	TX
evm.model.jcf7180003454146.1	TX
evm.model.A05.3979	TX
evm.model.A09.6138	TX
evm.model.jcf7180003290734.1	TX
evm.model.jcf7180001689753_firstRound.1	TX
evm.model.jcf7180001688268_firstRound.1	TX
evm.model.A06.5102	TX
evm.model.A06.2292	TX
evm.model.A07.1642	TX
evm.model.A06.2615	TX
evm.model.jcf7180001742013_firstRound.1	TX
evm.model.A09.6558	TX
evm.model.A09.6546	TX
evm.model.jcf7180003293647.1	TX
evm.model.A01.2593	TX
evm.model.jcf7180001697002_firstRound.1	TX
evm.model.jcf7180001742198_firstRound.1	TX
evm.model.jcf7180003454782.1	TX
evm.model.A09.6662	TX
evm.model.A01.1575	TX
evm.model.jcf7180003323613.1	TX
evm.model.jcf7180001728555_firstRound.1	TX
