evm.model.A06.864	CN
evm.model.A06.4893	CN
evm.model.A06.4883	CN
evm.model.jcf7180003269696.1	CN
evm.model.Scaffold000888.1	CNL
evm.model.jcf7180003381061.1	CNL
evm.model.A09.3285	CNL
evm.model.A01.1190	CNL
evm.model.A04.2005	CNL
evm.model.A05.3222	CNL
evm.model.A01.1295	CNL
evm.model.A09.7527	CNL
evm.model.A08.1508	CNL
evm.model.A06.5123	CNL
evm.model.jcf7180003219313.2	NBS
evm.model.jcf7180003289603.1	NBS
evm.model.jcf7180001740817_firstRound.1	NBS
evm.model.jcf7180003349821.1	NBS
evm.model.A01.1067	NBS
evm.model.jcf7180003426670.1	NBS
evm.model.jcf7180001739562_firstRound.1	NBS
evm.model.A05.1877	NBS
evm.model.A09.7547	NBS
evm.model.A07.2170	NBS
evm.model.A06.901	NBS
evm.model.A06.1730	NBS
evm.model.A09.5000	NBS
evm.model.A01.493	NBS
evm.model.jcf7180003413073.1	NBS
evm.model.jcf7180003291430.1	NBS
evm.model.jcf7180001716923_firstRound.1	NBS
evm.model.A09.4694	NBS
evm.model.jcf7180003281336.3	NBS
evm.model.jcf7180003231765.1	NBS
evm.model.jcf7180003384378.1	NBS
evm.model.A10.656	NBS
evm.model.A06.3672	NL
evm.model.jcf7180003410090.1	NL
evm.model.A01.3465	NL
evm.model.A09.5031	NL
evm.model.jcf7180003399685.1	NL
evm.model.jcf7180003222736.1	NL
evm.model.jcf7180003357634.1	NL
evm.model.A05.1263	NL
evm.model.jcf7180003293214.1	NL
evm.model.jcf7180003223678.1	NL
evm.model.jcf7180003410616.1	NL
evm.model.jcf7180001691829_firstRound.1	NL
evm.model.jcf7180001742013_firstRound.2	NL
evm.model.A07.1802	NL
evm.model.A03.2776	NL
evm.model.jcf7180003384247.1	NL
evm.model.jcf7180001743789_firstRound.1	NL
evm.model.A03.5170	NL
evm.model.A07.3687	NL
evm.model.jcf7180003419498.1	NL
evm.model.jcf7180003414640.1	NL
evm.model.A07.1801	NL
evm.model.A03.5410	NL
evm.model.A06.4892	NL
evm.model.jcf7180003409982.1	NL
evm.model.jcf7180003298734.1	NL
evm.model.A05.1880	NL
evm.model.jcf7180001706626_firstRound.1	NL
evm.model.A02.4035	NL
evm.model.jcf7180003219211.1	NL
evm.model.A10.1148	NL
evm.model.jcf7180003251176.1	NL
evm.model.jcf7180003294638.1	NL
evm.model.A06.1731	NL
evm.model.jcf7180001739546_firstRound.1	NL
evm.model.Scaffold000659.1	NL
evm.model.jcf7180001743785_firstRound.1	NL
evm.model.jcf7180001688160_firstRound.2	NL
evm.model.jcf7180003435835.1	NL
evm.model.jcf7180003438159.1	NL
evm.model.jcf7180001728372_firstRound.1	NL
evm.model.jcf7180001724915_firstRound.1	NL
evm.model.jcf7180003230596.1	NL
evm.model.A01.1193	NL
evm.model.A05.3978	NL
evm.model.A07.1799	NL
evm.model.jcf7180003411298.1	NL
evm.model.A05.2467	NL
evm.model.jcf7180003450294.1	NL
evm.model.A07.2167	NL
evm.model.jcf7180003219091.1	NL
evm.model.jcf7180003410693.1	NL
evm.model.A08.1430	NL
evm.model.jcf7180003219091.4	NL
evm.model.A05.3223	NL
evm.model.jcf7180003226070.1	NL
evm.model.jcf7180003299574.1	NL
evm.model.jcf7180003335958.2	NL
evm.model.jcf7180003453191.1	NL
evm.model.jcf7180003335879.2	NL
evm.model.jcf7180003443027.2	NL
evm.model.jcf7180003453795.1	NL
evm.model.jcf7180003364002.1	NL
evm.model.jcf7180003230127.1	NL
evm.model.A01.1066	NL
evm.model.jcf7180003219531.2	NL
evm.model.A08.2186	OTHER
evm.model.jcf7180003411060.2	OTHER
evm.model.A06.774	OTHER
evm.model.A02.3913	OTHER
evm.model.A04.1439	OTHER
evm.model.A09.907	OTHER
evm.model.A06.773	OTHER
evm.model.A02.2233	OTHER
evm.model.jcf7180003450183.1	OTHER
evm.model.jcf7180003219020.1	OTHER
evm.model.A06.776	OTHER
evm.model.A02.794	OTHER
evm.model.A09.3217	OTHER
evm.model.A02.3464	OTHER
evm.model.jcf7180003221123.3	TN
evm.model.A02.791	TN
evm.model.jcf7180001729249_firstRound.1	TN
evm.model.A10.1615	TN
evm.model.jcf7180001695485_firstRound.3	TN
evm.model.jcf7180003432641.2	TN
evm.model.jcf7180001739738_firstRound.1	TN
evm.model.jcf7180001736912_firstRound.1	TN
evm.model.A07.3035	TN
evm.model.jcf7180001691326_firstRound.1	TN
evm.model.jcf7180003443476.1	TN
evm.model.jcf7180003349809.1	TN
evm.model.A09.6916	TN
evm.model.A06.2156	TN
evm.model.A02.792	TN
evm.model.jcf7180003340643.1	TN
evm.model.A03.868	TN
evm.model.A08.1187	TN
evm.model.jcf7180001698487_firstRound.1	TN
evm.model.jcf7180001742687_firstRound.1	TN
evm.model.jcf7180003401624.4	TN
evm.model.A02.2234	TN
evm.model.jcf7180003231581.2	TN
evm.model.jcf7180003231581.1	TN
evm.model.jcf7180001744365_firstRound.1	TN
evm.model.A09.900	TN
evm.model.jcf7180003397045.2	TN
evm.model.A03.5138	TN
evm.model.jcf7180001742219_firstRound.1	TN
evm.model.jcf7180003289055.1	TN
evm.model.jcf7180003413361.1	TN
evm.model.jcf7180001727143_firstRound.3	TN
evm.model.jcf7180003253369.1	TN
evm.model.A09.901	TN
evm.model.jcf7180003453350.1	TN
evm.model.A02.2239	TN
evm.model.jcf7180003359138.1	TN
evm.model.jcf7180003285304.1	TN
evm.model.jcf7180003221123.2	TN
evm.model.A04.1436	TN
evm.model.A01.4724	TN
evm.model.A07.3037	TN
evm.model.A08.2231	TN
evm.model.A07.3034	TN
evm.model.A07.4167	TN
evm.model.A02.3713	TN
evm.model.jcf7180003230511.1	TN
evm.model.jcf7180003446292.1	TN
evm.model.jcf7180003219314.1	TNL
evm.model.A02.2231	TNL
evm.model.jcf7180001687777_firstRound.1	TNL
evm.model.jcf7180003326010.2	TNL
evm.model.jcf7180001689632_firstRound.1	TNL
evm.model.A08.2314	TNL
evm.model.A06.909	TNL
evm.model.A09.3573	TNL
evm.model.A09.7071	TNL
evm.model.A03.3231	TNL
evm.model.A09.908	TNL
evm.model.jcf7180003454547.1	TNL
evm.model.jcf7180003294589.1	TNL
evm.model.jcf7180001718241_firstRound.1	TNL
evm.model.A09.6911	TNL
evm.model.Scaffold000647.1	TNL
evm.model.A03.814	TNL
evm.model.A09.6280	TNL
evm.model.A09.6161	TNL
evm.model.jcf7180003335879.1	TNL
evm.model.jcf7180003411881.1	TNL
evm.model.jcf7180003223686.1	TNL
evm.model.jcf7180001706313_firstRound.1	TNL
evm.model.A02.763	TNL
evm.model.A10.144	TNL
evm.model.A08.3074	TNL
evm.model.A09.6167	TNL
evm.model.A03.2777	TNL
evm.model.A06.777	TNL
evm.model.A06.908	TNL
evm.model.A03.5030	TNL
evm.model.A09.6281	TNL
evm.model.A07.3391	TNL
evm.model.A02.3115	TNL
evm.model.jcf7180001689747_firstRound.1	TNL
evm.model.jcf7180001706622_firstRound.1	TNL
evm.model.A08.2230	TNL
evm.model.A09.6900	TNL
evm.model.jcf7180003335958.1	TNL
evm.model.A04.1440	TNL
evm.model.A08.3370	TNL
evm.model.A09.5033	TNL
evm.model.A03.4764	TNL
evm.model.A02.793	TNL
evm.model.A03.4923	TNL
evm.model.jcf7180003423969.1	TNL
evm.model.A06.1539	TNL
evm.model.A03.3229	TNL
evm.model.A10.197	TNL
evm.model.jcf7180003230451.1	TNL
evm.model.jcf7180001736817_firstRound.1	TNL
evm.model.A03.1639	TNL
evm.model.A02.764	TNL
evm.model.A06.958	TNL
evm.model.A05.1881	TNL
evm.model.jcf7180001740416_firstRound.3	TNL
evm.model.jcf7180003452887.1	TNL
evm.model.A01.267	TNL
evm.model.A03.3245	TNL
evm.model.A10.836	TNL
evm.model.A01.4472	TNL
evm.model.A09.3226	TNL
evm.model.A08.3076	TNL
evm.model.A09.6277	TNL
evm.model.A03.5174	TNL
evm.model.jcf7180003300785.1	TNL
evm.model.jcf7180003412944.1	TNL
evm.model.A04.1872	TNL
evm.model.jcf7180001715052_firstRound.1	TNL
evm.model.A07.3715	TNL
evm.model.A03.4922	TNL
evm.model.A08.2187	TNL
evm.model.A07.2166	TNL
evm.model.jcf7180003222117.1	TNL
evm.model.jcf7180003453964.1	TNL
evm.model.A07.2173	TNL
evm.model.A10.184	TNL
evm.model.jcf7180003410751.2	TNL
evm.model.A09.6912	TNL
evm.model.A09.6897	TNL
evm.model.A04.1187	TNL
evm.model.A07.2548	TNL
evm.model.A03.934	TNL
evm.model.jcf7180001687777_firstRound.3	TNL
evm.model.A07.3176	TNL
evm.model.A03.3230	TNL
evm.model.A01.1095	TNL
evm.model.A01.4709	TNL
evm.model.A02.810	TNL
evm.model.jcf7180001688271_firstRound.1	TNL
evm.model.jcf7180001691515_firstRound.1	TNL
evm.model.A03.4761	TNL
evm.model.A07.3038	TNL
evm.model.A04.2364	TNL
evm.model.A06.775	TNL
evm.model.jcf7180003450700.1	TNL
evm.model.A09.6915	TNL
evm.model.A04.1401	TNL
evm.model.A01.266	TNL
evm.model.A09.3218	TNL
evm.model.A04.84	TNL
evm.model.A09.6919	TNL
evm.model.jcf7180001744476_firstRound.1	TNL
evm.model.A02.414	TNL
evm.model.A09.6168	TNL
evm.model.A05.4084	TX
evm.model.A10.297	TX
evm.model.A05.1041	TX
evm.model.A02.3461	TX
evm.model.A01.1563	TX
evm.model.A02.762	TX
evm.model.A09.6547	TX
evm.model.A07.2171	TX
evm.model.A01.3397	TX
evm.model.A01.2411	TX
evm.model.jcf7180001740436_firstRound.1	TX
evm.model.jcf7180003224164.1	TX
evm.model.A06.778	TX
evm.model.jcf7180003297738.2	TX
evm.model.jcf7180003223902.1	TX
evm.model.jcf7180003254760.1	TX
evm.model.jcf7180003414267.1	TX
evm.model.A09.6143	TX
evm.model.A09.6614	TX
evm.model.A02.748	TX
evm.model.A03.3148	TX
evm.model.jcf7180001706332_firstRound.2	TX
evm.model.A10.2089	TX
evm.model.jcf7180003239026.1	TX
evm.model.jcf7180001690555_firstRound.1	TX
evm.model.A09.3571	TX
evm.model.jcf7180003413331.1	TX
evm.model.jcf7180001706964_firstRound.1	TX
evm.model.jcf7180001731524_firstRound.1	TX
evm.model.A08.878	TX
evm.model.jcf7180003281476.1	TX
evm.model.A09.5943	TX
evm.model.A09.6147	TX
evm.model.jcf7180003450700.2	TX
evm.model.A05.1879	TX
evm.model.jcf7180001743552_firstRound.1	TX
evm.model.A02.4494	TX
evm.model.jcf7180003326010.1	TX
evm.model.jcf7180003377199.1	TX
evm.model.A09.6699	TX
evm.model.A06.902	TX
evm.model.A06.3083	TX
evm.model.A04.2766	TX
evm.model.A03.5175	TX
evm.model.jcf7180003285482.1	TX
evm.model.jcf7180003413040.2	TX
evm.model.jcf7180003231256.1	TX
evm.model.A09.6142	TX
evm.model.jcf7180003308878.1	TX
evm.model.A09.6809	TX
evm.model.jcf7180001688270_firstRound.1	TX
evm.model.A02.3460	TX
evm.model.A08.1351	TX
evm.model.A08.877	TX
evm.model.A07.2168	TX
evm.model.jcf7180001738341_firstRound.1	TX
evm.model.A05.1876	TX
evm.model.A09.6159	TX
evm.model.A09.6913	TX
evm.model.A06.2293	TX
evm.model.A03.5146	TX
evm.model.A01.1049	TX
evm.model.jcf7180003239404.2	TX
evm.model.jcf7180001688270_firstRound.2	TX
evm.model.jcf7180003300785.2	TX
evm.model.A09.6545	TX
evm.model.A07.3689	TX
evm.model.A06.5151	TX
evm.model.jcf7180001687977_firstRound.1	TX
evm.model.jcf7180003281336.2	TX
evm.model.A01.2189	TX
evm.model.A09.6612	TX
evm.model.A02.3276	TX
evm.model.jcf7180003443790.1	TX
evm.model.jcf7180003453193.2	TX
evm.model.jcf7180003281476.2	TX
evm.model.jcf7180001691623_firstRound.2	TX
evm.model.A06.910	TX
evm.model.jcf7180003443234.1	TX
evm.model.jcf7180003235868.1	TX
evm.model.A03.4244	TX
evm.model.jcf7180001740656_firstRound.2	TX
evm.model.jcf7180003305422.2	TX
evm.model.A09.7085	TX
evm.model.A03.821	TX
evm.model.A06.907	TX
evm.model.jcf7180003443167.1	TX
evm.model.A09.6726	TX
evm.model.jcf7180003454146.1	TX
evm.model.A05.3979	TX
evm.model.A09.6138	TX
evm.model.jcf7180003290734.1	TX
evm.model.jcf7180001689753_firstRound.1	TX
evm.model.jcf7180001688268_firstRound.1	TX
evm.model.A06.5102	TX
evm.model.A06.2292	TX
evm.model.A07.1642	TX
evm.model.A06.2615	TX
evm.model.jcf7180001742013_firstRound.1	TX
evm.model.A09.6558	TX
evm.model.A09.6546	TX
evm.model.jcf7180003293647.1	TX
evm.model.A01.2593	TX
evm.model.jcf7180001697002_firstRound.1	TX
evm.model.jcf7180001742198_firstRound.1	TX
evm.model.jcf7180003454782.1	TX
evm.model.A09.6662	TX
evm.model.A01.1575	TX
evm.model.jcf7180003323613.1	TX
evm.model.jcf7180001728555_firstRound.1	TX
evm.model.A01.1027	RLK
evm.model.A01.1033	RLK
evm.model.A01.1141	RLK
evm.model.A01.1167	RLK
evm.model.A01.1180	RLK
evm.model.A01.1249	RLK
evm.model.A01.1528	RLK
evm.model.A01.1672	RLK
evm.model.A01.1688	RLK
evm.model.A01.1747	RLK
evm.model.A01.180	RLK
evm.model.A01.2364	RLK
evm.model.A01.264	RLK
evm.model.A01.2669	RLK
evm.model.A01.2716	RLK
evm.model.A01.2909	RLK
evm.model.A01.2941	RLK
evm.model.A01.2988	RLK
evm.model.A01.34	RLK
evm.model.A01.3556	RLK
evm.model.A01.3564	RLK
evm.model.A01.3668	RLK
evm.model.A01.3809	RLK
evm.model.A01.3883	RLK
evm.model.A01.395	RLK
evm.model.A01.4062	RLK
evm.model.A01.4141	RLK
evm.model.A01.4184	RLK
evm.model.A01.420	RLK
evm.model.A01.4243	RLK
evm.model.A01.4515	RLK
evm.model.A01.4524	RLK
evm.model.A01.4788	RLK
evm.model.A01.4802	RLK
evm.model.A01.4852	RLK
evm.model.A01.581	RLK
evm.model.A01.583	RLK
evm.model.A01.592	RLK
evm.model.A01.613	RLK
evm.model.A01.681	RLK
evm.model.A01.691	RLK
evm.model.A01.695	RLK
evm.model.A01.705	RLK
evm.model.A01.730	RLK
evm.model.A01.851	RLK
evm.model.A01.894	RLK
evm.model.A02.1023	RLK
evm.model.A02.1032	RLK
evm.model.A02.1073	RLK
evm.model.A02.1147	RLK
evm.model.A02.1155	RLK
evm.model.A02.1156	RLK
evm.model.A02.1312	RLK
evm.model.A02.1387	RLK
evm.model.A02.1716	RLK
evm.model.A02.1786	RLK
evm.model.A02.1842	RLK
evm.model.A02.19	RLK
evm.model.A02.1902	RLK
evm.model.A02.1978	RLK
evm.model.A02.205	RLK
evm.model.A02.2055	RLK
evm.model.A02.2180	RLK
evm.model.A02.2181	RLK
evm.model.A02.2194	RLK
evm.model.A02.24	RLK
evm.model.A02.2452	RLK
evm.model.A02.2453	RLK
evm.model.A02.2687	RLK
evm.model.A02.2705	RLK
evm.model.A02.2778	RLK
evm.model.A02.3074	RLK
evm.model.A02.328	RLK
evm.model.A02.3320	RLK
evm.model.A02.3335	RLK
evm.model.A02.3587	RLK
evm.model.A02.3664	RLK
evm.model.A02.3773	RLK
evm.model.A02.3816	RLK
evm.model.A02.3897	RLK
evm.model.A02.3985	RLK
evm.model.A02.4074	RLK
evm.model.A02.4200	RLK
evm.model.A02.432	RLK
evm.model.A02.4369	RLK
evm.model.A02.465	RLK
evm.model.A02.668	RLK
evm.model.A02.842	RLK
evm.model.A03.1050	RLK
evm.model.A03.1051	RLK
evm.model.A03.1052	RLK
evm.model.A03.1146	RLK
evm.model.A03.1154	RLK
evm.model.A03.1230	RLK
evm.model.A03.1334	RLK
evm.model.A03.1346	RLK
evm.model.A03.1409	RLK
evm.model.A03.1489	RLK
evm.model.A03.1575	RLK
evm.model.A03.1657	RLK
evm.model.A03.1864	RLK
evm.model.A03.1876	RLK
evm.model.A03.1946	RLK
evm.model.A03.2050	RLK
evm.model.A03.2051	RLK
evm.model.A03.2062	RLK
evm.model.A03.2283	RLK
evm.model.A03.2284	RLK
evm.model.A03.2411	RLK
evm.model.A03.2477	RLK
evm.model.A03.2555	RLK
evm.model.A03.2599	RLK
evm.model.A03.2601	RLK
evm.model.A03.2664	RLK
evm.model.A03.2690	RLK
evm.model.A03.2839	RLK
evm.model.A03.2893	RLK
evm.model.A03.2919	RLK
evm.model.A03.3079	RLK
evm.model.A03.3150	RLK
evm.model.A03.32	RLK
evm.model.A03.3859	RLK
evm.model.A03.3936	RLK
evm.model.A03.3945	RLK
evm.model.A03.410	RLK
evm.model.A03.4139	RLK
evm.model.A03.4302	RLK
evm.model.A03.433	RLK
evm.model.A03.4394	RLK
evm.model.A03.4456	RLK
evm.model.A03.4485	RLK
evm.model.A03.4576	RLK
evm.model.A03.4964	RLK
evm.model.A03.4971	RLK
evm.model.A03.5029	RLK
evm.model.A03.516	RLK
evm.model.A03.5163	RLK
evm.model.A03.5176	RLK
evm.model.A03.5284	RLK
evm.model.A03.562	RLK
evm.model.A03.563	RLK
evm.model.A03.5714	RLK
evm.model.A03.5722	RLK
evm.model.A03.5813	RLK
evm.model.A03.5918	RLK
evm.model.A03.5949	RLK
evm.model.A03.6063	RLK
evm.model.A03.607	RLK
evm.model.A03.699	RLK
evm.model.A03.8	RLK
evm.model.A03.828	RLK
evm.model.A03.916	RLK
evm.model.A04.1041	RLK
evm.model.A04.1065	RLK
evm.model.A04.1098	RLK
evm.model.A04.1099	RLK
evm.model.A04.1359	RLK
evm.model.A04.1433	RLK
evm.model.A04.1560	RLK
evm.model.A04.1726	RLK
evm.model.A04.1733	RLK
evm.model.A04.1739	RLK
evm.model.A04.1754	RLK
evm.model.A04.1772	RLK
evm.model.A04.1775	RLK
evm.model.A04.1793	RLK
evm.model.A04.1878	RLK
evm.model.A04.1880	RLK
evm.model.A04.1889	RLK
evm.model.A04.194	RLK
evm.model.A04.1965	RLK
evm.model.A04.2208	RLK
evm.model.A04.2245	RLK
evm.model.A04.2283	RLK
evm.model.A04.2360	RLK
evm.model.A04.2361	RLK
evm.model.A04.2488	RLK
evm.model.A04.252	RLK
evm.model.A04.277	RLK
evm.model.A04.279	RLK
evm.model.A04.2890	RLK
evm.model.A04.2914	RLK
evm.model.A04.2923	RLK
evm.model.A04.2969	RLK
evm.model.A04.3052	RLK
evm.model.A04.3146	RLK
evm.model.A04.3213	RLK
evm.model.A04.3254	RLK
evm.model.A04.480	RLK
evm.model.A04.68	RLK
evm.model.A05.1001	RLK
evm.model.A05.1338	RLK
evm.model.A05.1620	RLK
evm.model.A05.1894	RLK
evm.model.A05.1970	RLK
evm.model.A05.2104	RLK
evm.model.A05.2476	RLK
evm.model.A05.2558	RLK
evm.model.A05.2825	RLK
evm.model.A05.2939	RLK
evm.model.A05.2979	RLK
evm.model.A05.3237	RLK
evm.model.A05.3358	RLK
evm.model.A05.3617	RLK
evm.model.A05.3697	RLK
evm.model.A05.4060	RLK
evm.model.A05.4116	RLK
evm.model.A05.4160	RLK
evm.model.A05.4309	RLK
evm.model.A05.4372	RLK
evm.model.A05.4374	RLK
evm.model.A05.4564	RLK
evm.model.A05.4698	RLK
evm.model.A05.4732	RLK
evm.model.A05.4877	RLK
evm.model.A05.575	RLK
evm.model.A05.576	RLK
evm.model.A05.796	RLK
evm.model.A05.872	RLK
evm.model.A05.888	RLK
evm.model.A05.900	RLK
evm.model.A05.938	RLK
evm.model.A05.944	RLK
evm.model.A06.1073	RLK
evm.model.A06.1157	RLK
evm.model.A06.1648	RLK
evm.model.A06.1754	RLK
evm.model.A06.1793	RLK
evm.model.A06.1794	RLK
evm.model.A06.1982	RLK
evm.model.A06.2083	RLK
evm.model.A06.2106	RLK
evm.model.A06.2159	RLK
evm.model.A06.2189	RLK
evm.model.A06.2442	RLK
evm.model.A06.2562	RLK
evm.model.A06.2811	RLK
evm.model.A06.2834	RLK
evm.model.A06.3115	RLK
evm.model.A06.3184	RLK
evm.model.A06.3203	RLK
evm.model.A06.3224	RLK
evm.model.A06.3413	RLK
evm.model.A06.3528	RLK
evm.model.A06.3664	RLK
evm.model.A06.3742	RLK
evm.model.A06.3817	RLK
evm.model.A06.3848	RLK
evm.model.A06.3875	RLK
evm.model.A06.3940	RLK
evm.model.A06.4062	RLK
evm.model.A06.4079	RLK
evm.model.A06.425	RLK
evm.model.A06.4269	RLK
evm.model.A06.4679	RLK
evm.model.A06.4838	RLK
evm.model.A06.4853	RLK
evm.model.A06.4925	RLK
evm.model.A06.5088	RLK
evm.model.A06.5155	RLK
evm.model.A06.5156	RLK
evm.model.A06.5157	RLK
evm.model.A06.5161	RLK
evm.model.A06.5164	RLK
evm.model.A06.5172	RLK
evm.model.A06.5323	RLK
evm.model.A06.5377	RLK
evm.model.A06.5437	RLK
evm.model.A06.5590	RLK
evm.model.A06.5638	RLK
evm.model.A06.5646	RLK
evm.model.A06.786	RLK
evm.model.A06.845	RLK
evm.model.A06.847	RLK
evm.model.A06.927	RLK
evm.model.A07.1206	RLK
evm.model.A07.1223	RLK
evm.model.A07.1603	RLK
evm.model.A07.1604	RLK
evm.model.A07.173	RLK
evm.model.A07.1757	RLK
evm.model.A07.1770	RLK
evm.model.A07.1814	RLK
evm.model.A07.1880	RLK
evm.model.A07.1896	RLK
evm.model.A07.1966	RLK
evm.model.A07.2075	RLK
evm.model.A07.2152	RLK
evm.model.A07.230	RLK
evm.model.A07.2304	RLK
evm.model.A07.2319	RLK
evm.model.A07.2472	RLK
evm.model.A07.2741	RLK
evm.model.A07.3030	RLK
evm.model.A07.3051	RLK
evm.model.A07.3147	RLK
evm.model.A07.3339	RLK
evm.model.A07.3383	RLK
evm.model.A07.3388	RLK
evm.model.A07.3393	RLK
evm.model.A07.3425	RLK
evm.model.A07.3648	RLK
evm.model.A07.3678	RLK
evm.model.A07.3679	RLK
evm.model.A07.371	RLK
evm.model.A07.3738	RLK
evm.model.A07.3968	RLK
evm.model.A07.3982	RLK
evm.model.A07.4069	RLK
evm.model.A07.4212	RLK
evm.model.A07.4234	RLK
evm.model.A07.4362	RLK
evm.model.A07.4364	RLK
evm.model.A07.4373	RLK
evm.model.A07.499	RLK
evm.model.A07.606	RLK
evm.model.A07.608	RLK
evm.model.A07.609	RLK
evm.model.A07.667	RLK
evm.model.A07.868	RLK
evm.model.A07.939	RLK
evm.model.A07.968	RLK
evm.model.A08.1273	RLK
evm.model.A08.1274	RLK
evm.model.A08.1502	RLK
evm.model.A08.1626	RLK
evm.model.A08.1690	RLK
evm.model.A08.1693	RLK
evm.model.A08.1770	RLK
evm.model.A08.1771	RLK
evm.model.A08.1772	RLK
evm.model.A08.186	RLK
evm.model.A08.1864	RLK
evm.model.A08.1982	RLK
evm.model.A08.2348	RLK
evm.model.A08.2459	RLK
evm.model.A08.2504	RLK
evm.model.A08.2505	RLK
evm.model.A08.2506	RLK
evm.model.A08.2508	RLK
evm.model.A08.2805	RLK
evm.model.A08.2853	RLK
evm.model.A08.3106	RLK
evm.model.A08.3131	RLK
evm.model.A08.3186	RLK
evm.model.A08.3187	RLK
evm.model.A08.3190	RLK
evm.model.A08.3372	RLK
evm.model.A08.3597	RLK
evm.model.A08.3598	RLK
evm.model.A08.3736	RLK
evm.model.A08.3797	RLK
evm.model.A08.53	RLK
evm.model.A08.59	RLK
evm.model.A08.627	RLK
evm.model.A08.825	RLK
evm.model.A08.851	RLK
evm.model.A08.853	RLK
evm.model.A09.1004	RLK
evm.model.A09.1006	RLK
evm.model.A09.1007	RLK
evm.model.A09.1047	RLK
evm.model.A09.1269	RLK
evm.model.A09.1300	RLK
evm.model.A09.1415	RLK
evm.model.A09.1471	RLK
evm.model.A09.1492	RLK
evm.model.A09.1597	RLK
evm.model.A09.1672	RLK
evm.model.A09.1711	RLK
evm.model.A09.1905	RLK
evm.model.A09.1925	RLK
evm.model.A09.1952	RLK
evm.model.A09.1967	RLK
evm.model.A09.2075	RLK
evm.model.A09.2105	RLK
evm.model.A09.2106	RLK
evm.model.A09.2120	RLK
evm.model.A09.2140	RLK
evm.model.A09.2141	RLK
evm.model.A09.2209	RLK
evm.model.A09.2226	RLK
evm.model.A09.2230	RLK
evm.model.A09.2263	RLK
evm.model.A09.2561	RLK
evm.model.A09.2587	RLK
evm.model.A09.2791	RLK
evm.model.A09.2812	RLK
evm.model.A09.2821	RLK
evm.model.A09.2830	RLK
evm.model.A09.3021	RLK
evm.model.A09.3024	RLK
evm.model.A09.3039	RLK
evm.model.A09.3204	RLK
evm.model.A09.3234	RLK
evm.model.A09.33	RLK
evm.model.A09.3329	RLK
evm.model.A09.3440	RLK
evm.model.A09.3448	RLK
evm.model.A09.3491	RLK
evm.model.A09.3574	RLK
evm.model.A09.3637	RLK
evm.model.A09.3983	RLK
evm.model.A09.4023	RLK
evm.model.A09.4692	RLK
evm.model.A09.4727	RLK
evm.model.A09.4886	RLK
evm.model.A09.4893	RLK
evm.model.A09.500	RLK
evm.model.A09.5053	RLK
evm.model.A09.508	RLK
evm.model.A09.523	RLK
evm.model.A09.6211	RLK
evm.model.A09.6223	RLK
evm.model.A09.6240	RLK
evm.model.A09.6464	RLK
evm.model.A09.6792	RLK
evm.model.A09.7097	RLK
evm.model.A09.7257	RLK
evm.model.A09.74	RLK
evm.model.A09.7417	RLK
evm.model.A09.7591	RLK
evm.model.A09.796	RLK
evm.model.A09.831	RLK
evm.model.A09.832	RLK
evm.model.A09.833	RLK
evm.model.A10.128	RLK
evm.model.A10.1340	RLK
evm.model.A10.1399	RLK
evm.model.A10.1432	RLK
evm.model.A10.1453	RLK
evm.model.A10.1502	RLK
evm.model.A10.1573	RLK
evm.model.A10.1594	RLK
evm.model.A10.1671	RLK
evm.model.A10.1819	RLK
evm.model.A10.1835	RLK
evm.model.A10.1879	RLK
evm.model.A10.1932	RLK
evm.model.A10.1937	RLK
evm.model.A10.1939	RLK
evm.model.A10.1990	RLK
evm.model.A10.1991	RLK
evm.model.A10.1992	RLK
evm.model.A10.1993	RLK
evm.model.A10.1995	RLK
evm.model.A10.1998	RLK
evm.model.A10.2004	RLK
evm.model.A10.2133	RLK
evm.model.A10.2179	RLK
evm.model.A10.2397	RLK
evm.model.A10.2710	RLK
evm.model.A10.280	RLK
evm.model.A10.3004	RLK
evm.model.A10.326	RLK
evm.model.A10.348	RLK
evm.model.A10.444	RLK
evm.model.A10.50	RLK
evm.model.A10.515	RLK
evm.model.A10.56	RLK
evm.model.A10.581	RLK
evm.model.A10.677	RLK
evm.model.A10.753	RLK
evm.model.A10.785	RLK
evm.model.A10.913	RLK
evm.model.A10.922	RLK
evm.model.A10.930	RLK
evm.model.A10.939	RLK
evm.model.A10.968	RLK
evm.model.A10.980	RLK
evm.model.Scaffold000089.58	RLK
evm.model.Scaffold000089.66	RLK
evm.model.Scaffold000638.2	RLK
evm.model.Scaffold001007.1	RLK
evm.model.Scaffold001278.1	RLK
evm.model.Scaffold002361.1	RLK
evm.model.jcf7180001687948_firstRound.1	RLK
evm.model.jcf7180001689755_firstRound.1	RLK
evm.model.jcf7180001691482_firstRound.1	RLK
evm.model.jcf7180001695460_firstRound.1	RLK
evm.model.jcf7180001699780_firstRound.1	RLK
evm.model.jcf7180001706211_firstRound.1	RLK
evm.model.jcf7180001706576_firstRound.1	RLK
evm.model.jcf7180001706794_firstRound.1	RLK
evm.model.jcf7180001706998_firstRound.1	RLK
evm.model.jcf7180001707058_firstRound.1	RLK
evm.model.jcf7180001707166_firstRound.1	RLK
evm.model.jcf7180001713808_firstRound.1	RLK
evm.model.jcf7180001720286_firstRound.1	RLK
evm.model.jcf7180001727589_firstRound.1	RLK
evm.model.jcf7180001729349_firstRound.1	RLK
evm.model.jcf7180001736852_firstRound.1	RLK
evm.model.jcf7180001737467_firstRound.1	RLK
evm.model.jcf7180001737817_firstRound.1	RLK
evm.model.jcf7180001738152_firstRound.1	RLK
evm.model.jcf7180001738997_firstRound.1	RLK
evm.model.jcf7180001740144_firstRound.1	RLK
evm.model.jcf7180001740362_firstRound.1	RLK
evm.model.jcf7180001740585_firstRound.2	RLK
evm.model.jcf7180001740750_firstRound.1	RLK
evm.model.jcf7180001742723_firstRound.2	RLK
evm.model.jcf7180001743235_firstRound.1	RLK
evm.model.jcf7180001743395_firstRound.3	RLK
evm.model.jcf7180001744042_firstRound.1	RLK
evm.model.jcf7180001744236_firstRound.1	RLK
evm.model.jcf7180001744238_firstRound.1	RLK
evm.model.jcf7180001744448_firstRound.3	RLK
evm.model.jcf7180001744753_firstRound.1	RLK
evm.model.jcf7180003219039.1	RLK
evm.model.jcf7180003220429.1	RLK
evm.model.jcf7180003220503.1	RLK
evm.model.jcf7180003223011.1	RLK
evm.model.jcf7180003226749.1	RLK
evm.model.jcf7180003233764.1	RLK
evm.model.jcf7180003251449.1	RLK
evm.model.jcf7180003253337.1	RLK
evm.model.jcf7180003344293.1	RLK
evm.model.jcf7180003404641.1	RLK
evm.model.jcf7180003407347.1	RLK
evm.model.jcf7180003424202.1	RLK
evm.model.jcf7180003426713.1	RLK
evm.model.jcf7180003426870.1	RLK
evm.model.jcf7180003443135.1	RLK
evm.model.jcf7180003446319.1	RLK
evm.model.jcf7180003454482.1	RLK
evm.model.A01.1037	RLP
evm.model.A01.2221	RLP
evm.model.A01.2538	RLP
evm.model.A01.3692	RLP
evm.model.A01.4625	RLP
evm.model.A01.564	RLP
evm.model.A01.899	RLP
evm.model.A02.1457	RLP
evm.model.A02.1507	RLP
evm.model.A02.1877	RLP
evm.model.A02.2049	RLP
evm.model.A02.2123	RLP
evm.model.A02.2328	RLP
evm.model.A02.2329	RLP
evm.model.A02.2330	RLP
evm.model.A02.2331	RLP
evm.model.A02.2332	RLP
evm.model.A02.2333	RLP
evm.model.A02.3095	RLP
evm.model.A02.3896	RLP
evm.model.A02.676	RLP
evm.model.A03.2551	RLP
evm.model.A03.2554	RLP
evm.model.A03.3157	RLP
evm.model.A03.3346	RLP
evm.model.A03.3658	RLP
evm.model.A03.4017	RLP
evm.model.A03.4101	RLP
evm.model.A03.4270	RLP
evm.model.A04.1858	RLP
evm.model.A04.1900	RLP
evm.model.A04.3200	RLP
evm.model.A04.734	RLP
evm.model.A04.89	RLP
evm.model.A05.1820	RLP
evm.model.A05.3193	RLP
evm.model.A05.3545	RLP
evm.model.A05.4761	RLP
evm.model.A06.1434	RLP
evm.model.A06.2054	RLP
evm.model.A06.2055	RLP
evm.model.A06.2121	RLP
evm.model.A06.2188	RLP
evm.model.A06.2222	RLP
evm.model.A06.2674	RLP
evm.model.A06.3173	RLP
evm.model.A06.3683	RLP
evm.model.A06.4118	RLP
evm.model.A06.926	RLP
evm.model.A07.2222	RLP
evm.model.A07.2440	RLP
evm.model.A07.2688	RLP
evm.model.A07.2894	RLP
evm.model.A07.2979	RLP
evm.model.A07.2980	RLP
evm.model.A07.3095	RLP
evm.model.A07.3096	RLP
evm.model.A07.4079	RLP
evm.model.A07.4264	RLP
evm.model.A07.4267	RLP
evm.model.A07.4268	RLP
evm.model.A08.1270	RLP
evm.model.A08.1279	RLP
evm.model.A08.1297	RLP
evm.model.A08.3169	RLP
evm.model.A08.3386	RLP
evm.model.A08.3831	RLP
evm.model.A09.1585	RLP
evm.model.A09.2236	RLP
evm.model.A09.2838	RLP
evm.model.A09.327	RLP
evm.model.A09.328	RLP
evm.model.A09.4193	RLP
evm.model.A09.6204	RLP
evm.model.A09.6405	RLP
evm.model.A09.6523	RLP
evm.model.A09.731	RLP
evm.model.A09.7330	RLP
evm.model.A09.7580	RLP
evm.model.A09.899	RLP
evm.model.A10.2068	RLP
evm.model.Scaffold000594.1	RLP
evm.model.Scaffold000955.1	RLP
evm.model.Scaffold001722.1	RLP
evm.model.jcf7180001703443_firstRound.1	RLP
evm.model.jcf7180001716279_firstRound.1	RLP
evm.model.jcf7180001723740_firstRound.1	RLP
evm.model.jcf7180001729362_firstRound.1	RLP
evm.model.jcf7180001731212_firstRound.1	RLP
evm.model.jcf7180001737626_firstRound.1	RLP
evm.model.jcf7180001739917_firstRound.1	RLP
evm.model.jcf7180001740828_firstRound.1	RLP
evm.model.jcf7180001741936_firstRound.1	RLP
evm.model.jcf7180003227897.1	RLP
evm.model.jcf7180003230141.1	RLP
evm.model.jcf7180003237751.1	RLP
evm.model.jcf7180003357611.1	RLP
evm.model.jcf7180003383285.1	RLP
evm.model.jcf7180003417454.1	RLP
evm.model.jcf7180003423448.1	RLP
evm.model.jcf7180003424395.1	RLP
evm.model.jcf7180003447056.1	RLP
evm.model.jcf7180003452020.1	RLP
evm.model.jcf7180003453444.1	RLP
evm.model.jcf7180003455373.1	RLP
evm.model.A01.1213	TM-CC
evm.model.A01.1343	TM-CC
evm.model.A01.1411	TM-CC
evm.model.A01.1437	TM-CC
evm.model.A01.1975	TM-CC
evm.model.A01.219	TM-CC
evm.model.A01.2202	TM-CC
evm.model.A01.2279	TM-CC
evm.model.A01.2426	TM-CC
evm.model.A01.2586	TM-CC
evm.model.A01.2604	TM-CC
evm.model.A01.3319	TM-CC
evm.model.A01.3346	TM-CC
evm.model.A01.3591	TM-CC
evm.model.A01.363	TM-CC
evm.model.A01.3879	TM-CC
evm.model.A01.3885	TM-CC
evm.model.A01.4296	TM-CC
evm.model.A02.1014	TM-CC
evm.model.A02.1663	TM-CC
evm.model.A02.180	TM-CC
evm.model.A02.198	TM-CC
evm.model.A02.2561	TM-CC
evm.model.A02.3159	TM-CC
evm.model.A02.3169	TM-CC
evm.model.A02.3211	TM-CC
evm.model.A02.3408	TM-CC
evm.model.A02.3737	TM-CC
evm.model.A02.3778	TM-CC
evm.model.A02.3926	TM-CC
evm.model.A02.4118	TM-CC
evm.model.A02.4124	TM-CC
evm.model.A02.4524	TM-CC
evm.model.A02.468	TM-CC
evm.model.A02.600	TM-CC
evm.model.A03.1256	TM-CC
evm.model.A03.180	TM-CC
evm.model.A03.207	TM-CC
evm.model.A03.2342	TM-CC
evm.model.A03.2351	TM-CC
evm.model.A03.245	TM-CC
evm.model.A03.2521	TM-CC
evm.model.A03.2578	TM-CC
evm.model.A03.2586	TM-CC
evm.model.A03.2633	TM-CC
evm.model.A03.2808	TM-CC
evm.model.A03.2809	TM-CC
evm.model.A03.3020	TM-CC
evm.model.A03.318	TM-CC
evm.model.A03.3289	TM-CC
evm.model.A03.3373	TM-CC
evm.model.A03.3564	TM-CC
evm.model.A03.3613	TM-CC
evm.model.A03.3616	TM-CC
evm.model.A03.4168	TM-CC
evm.model.A03.4325	TM-CC
evm.model.A03.4476	TM-CC
evm.model.A03.4506	TM-CC
evm.model.A03.4507	TM-CC
evm.model.A03.4685	TM-CC
evm.model.A03.4731	TM-CC
evm.model.A03.4933	TM-CC
evm.model.A03.5205	TM-CC
evm.model.A03.5296	TM-CC
evm.model.A03.5744	TM-CC
evm.model.A03.5928	TM-CC
evm.model.A03.943	TM-CC
evm.model.A03.969	TM-CC
evm.model.A03.985	TM-CC
evm.model.A04.1237	TM-CC
evm.model.A04.1794	TM-CC
evm.model.A04.1916	TM-CC
evm.model.A04.2379	TM-CC
evm.model.A04.2826	TM-CC
evm.model.A04.3118	TM-CC
evm.model.A04.3206	TM-CC
evm.model.A04.460	TM-CC
evm.model.A04.525	TM-CC
evm.model.A04.530	TM-CC
evm.model.A04.554	TM-CC
evm.model.A04.831	TM-CC
evm.model.A05.1117	TM-CC
evm.model.A05.1681	TM-CC
evm.model.A05.1718	TM-CC
evm.model.A05.1746	TM-CC
evm.model.A05.1748	TM-CC
evm.model.A05.181	TM-CC
evm.model.A05.1856	TM-CC
evm.model.A05.2040	TM-CC
evm.model.A05.2274	TM-CC
evm.model.A05.2303	TM-CC
evm.model.A05.2590	TM-CC
evm.model.A05.3038	TM-CC
evm.model.A05.3056	TM-CC
evm.model.A05.3259	TM-CC
evm.model.A05.3361	TM-CC
evm.model.A05.3487	TM-CC
evm.model.A05.3533	TM-CC
evm.model.A05.3585	TM-CC
evm.model.A05.3714	TM-CC
evm.model.A05.3759	TM-CC
evm.model.A05.3987	TM-CC
evm.model.A05.4137	TM-CC
evm.model.A05.4233	TM-CC
evm.model.A05.4251	TM-CC
evm.model.A05.4426	TM-CC
evm.model.A05.4689	TM-CC
evm.model.A05.4723	TM-CC
evm.model.A05.4807	TM-CC
evm.model.A06.1545	TM-CC
evm.model.A06.1663	TM-CC
evm.model.A06.1677	TM-CC
evm.model.A06.1980	TM-CC
evm.model.A06.2298	TM-CC
evm.model.A06.2408	TM-CC
evm.model.A06.2523	TM-CC
evm.model.A06.3027	TM-CC
evm.model.A06.3226	TM-CC
evm.model.A06.3487	TM-CC
evm.model.A06.3738	TM-CC
evm.model.A06.3739	TM-CC
evm.model.A06.4179	TM-CC
evm.model.A06.4398	TM-CC
evm.model.A06.4412	TM-CC
evm.model.A06.4832	TM-CC
evm.model.A06.4985	TM-CC
evm.model.A06.5038	TM-CC
evm.model.A06.5108	TM-CC
evm.model.A06.5252	TM-CC
evm.model.A06.5258	TM-CC
evm.model.A06.5539	TM-CC
evm.model.A07.1505	TM-CC
evm.model.A07.1717	TM-CC
evm.model.A07.1833	TM-CC
evm.model.A07.1905	TM-CC
evm.model.A07.203	TM-CC
evm.model.A07.2195	TM-CC
evm.model.A07.2418	TM-CC
evm.model.A07.243	TM-CC
evm.model.A07.2508	TM-CC
evm.model.A07.253	TM-CC
evm.model.A07.2535	TM-CC
evm.model.A07.2547	TM-CC
evm.model.A07.2549	TM-CC
evm.model.A07.2564	TM-CC
evm.model.A07.3033	TM-CC
evm.model.A07.3311	TM-CC
evm.model.A07.3921	TM-CC
evm.model.A07.4120	TM-CC
evm.model.A07.4361	TM-CC
evm.model.A07.486	TM-CC
evm.model.A07.491	TM-CC
evm.model.A07.531	TM-CC
evm.model.A07.607	TM-CC
evm.model.A07.66	TM-CC
evm.model.A07.792	TM-CC
evm.model.A07.872	TM-CC
evm.model.A08.1010	TM-CC
evm.model.A08.1011	TM-CC
evm.model.A08.1135	TM-CC
evm.model.A08.1518	TM-CC
evm.model.A08.1569	TM-CC
evm.model.A08.160	TM-CC
evm.model.A08.250	TM-CC
evm.model.A08.2626	TM-CC
evm.model.A08.3406	TM-CC
evm.model.A08.3408	TM-CC
evm.model.A08.3529	TM-CC
evm.model.A08.3748	TM-CC
evm.model.A08.3866	TM-CC
evm.model.A08.909	TM-CC
evm.model.A08.934	TM-CC
evm.model.A09.1062	TM-CC
evm.model.A09.1113	TM-CC
evm.model.A09.124	TM-CC
evm.model.A09.1586	TM-CC
evm.model.A09.1855	TM-CC
evm.model.A09.1871	TM-CC
evm.model.A09.2124	TM-CC
evm.model.A09.2269	TM-CC
evm.model.A09.2323	TM-CC
evm.model.A09.3089	TM-CC
evm.model.A09.3274	TM-CC
evm.model.A09.3346	TM-CC
evm.model.A09.3347	TM-CC
evm.model.A09.3377	TM-CC
evm.model.A09.3582	TM-CC
evm.model.A09.3837	TM-CC
evm.model.A09.406	TM-CC
evm.model.A09.4089	TM-CC
evm.model.A09.4333	TM-CC
evm.model.A09.4682	TM-CC
evm.model.A09.4882	TM-CC
evm.model.A09.4950	TM-CC
evm.model.A09.5114	TM-CC
evm.model.A09.517	TM-CC
evm.model.A09.529	TM-CC
evm.model.A09.6066	TM-CC
evm.model.A09.6078	TM-CC
evm.model.A09.6200	TM-CC
evm.model.A09.6283	TM-CC
evm.model.A09.6436	TM-CC
evm.model.A09.6735	TM-CC
evm.model.A09.6877	TM-CC
evm.model.A09.7061	TM-CC
evm.model.A09.7220	TM-CC
evm.model.A09.7285	TM-CC
evm.model.A09.7290	TM-CC
evm.model.A09.7502	TM-CC
evm.model.A09.962	TM-CC
evm.model.A10.1128	TM-CC
evm.model.A10.1224	TM-CC
evm.model.A10.1262	TM-CC
evm.model.A10.1406	TM-CC
evm.model.A10.1804	TM-CC
evm.model.A10.2212	TM-CC
evm.model.A10.2259	TM-CC
evm.model.A10.2629	TM-CC
evm.model.A10.2630	TM-CC
evm.model.A10.2886	TM-CC
evm.model.A10.2990	TM-CC
evm.model.A10.395	TM-CC
evm.model.A10.396	TM-CC
evm.model.A10.688	TM-CC
evm.model.A10.706	TM-CC
evm.model.A10.707	TM-CC
evm.model.A10.989	TM-CC
evm.model.Scaffold000089.12	TM-CC
evm.model.Scaffold000089.20	TM-CC
evm.model.Scaffold000095.45	TM-CC
evm.model.Scaffold000100.18	TM-CC
evm.model.Scaffold000102.64	TM-CC
evm.model.Scaffold000163.16	TM-CC
evm.model.Scaffold000632.2	TM-CC
evm.model.Scaffold000879.1	TM-CC
evm.model.jcf7180001705979_firstRound.1	TM-CC
evm.model.jcf7180001721038_firstRound.1	TM-CC
evm.model.jcf7180001742040_firstRound.1	TM-CC
evm.model.jcf7180001742199_firstRound.1	TM-CC
evm.model.jcf7180003219531.1	TM-CC
evm.model.jcf7180003280594.1	TM-CC
evm.model.jcf7180003283277.1	TM-CC
evm.model.jcf7180003342043.1	TM-CC
evm.model.jcf7180003416389.1	TM-CC
evm.model.jcf7180003424771.1	TM-CC
evm.model.jcf7180003453605.1	TM-CC
